------------------------------------------------------------------------------------------------------------------------

[2021-04-29 13:19:33 #1 store] 
Database 'C:\Users\julen\eclipse-workspace\Bets21-master\src\main\resources\bets.temp' is opened by 9544@DESKTOP-OT7AHR9

[2021-04-29 13:19:34 #2 type.registry] 
New type domain.Question

[2021-04-29 13:19:34 #3 type] 
Type domain.Question is not enhanced.

[2021-04-29 13:19:34 #4 type.registry] 
New type domain.Event

[2021-04-29 13:19:34 #5 type.registry] 
New type java.util.HashMap<java.lang.String,java.lang.Double>

[2021-04-29 13:19:34 #6 type.registry] 
New type domain.Pertsona

[2021-04-29 13:19:34 #7 type.registry] 
New type domain.User

[2021-04-29 13:19:34 #8 type.registry] 
New type java.util.ArrayList<domain.User>

[2021-04-29 13:19:34 #9 type] 
Type domain.Event is not enhanced.

[2021-04-29 13:19:34 #10 type.registry] 
New type java.util.Vector<domain.Question>

[2021-04-29 13:19:34 #11 type] 
Type domain.Pertsona is not enhanced.

[2021-04-29 13:19:34 #12 type] 
Type domain.User is not enhanced.

[2021-04-29 13:19:34 #13 type.registry] 
New type java.util.ArrayList<java.lang.String>

[2021-04-29 13:19:34 #14 type.registry] 
New type java.util.HashMap<domain.User,java.lang.Double>

[2021-04-29 13:19:34 #15 type.registry] 
New type domain.Apostua

[2021-04-29 13:19:34 #16 type.registry] 
New type java.util.ArrayList<domain.Apostua>

[2021-04-29 13:19:34 #17 type] 
Type domain.Apostua is not enhanced.

[2021-04-29 13:19:34 #18 type.registry] 
New type domain.Langile

[2021-04-29 13:19:34 #19 type] 
Type domain.Langile is not enhanced.

[2021-04-29 13:19:34 #20 type.registry] 
New type java.util.ArrayList<java.lang.Object>

[2021-04-29 13:19:34 #21 type.registry] 
New type java.util.Vector<java.lang.Object>

[2021-04-29 13:19:34 #22 type.registry] 
New type java.util.HashMap<java.lang.Object,java.lang.Object>

------------------------------------------------------------------------------------------------------------------------

[2021-04-29 13:23:34 #1 store] 
Database 'C:\Users\julen\eclipse-workspace\Bets21-master\src\main\resources\bets.temp' is opened by 11724@DESKTOP-OT7AHR9

[2021-04-29 13:23:34 #2 type.registry] 
New type domain.Question

[2021-04-29 13:23:34 #3 type] 
Type domain.Question is not enhanced.

[2021-04-29 13:23:34 #4 type.registry] 
New type domain.Event

[2021-04-29 13:23:34 #5 type.registry] 
New type java.util.HashMap<java.lang.String,java.lang.Double>

[2021-04-29 13:23:34 #6 type.registry] 
New type domain.Pertsona

[2021-04-29 13:23:34 #7 type.registry] 
New type domain.User

[2021-04-29 13:23:34 #8 type.registry] 
New type java.util.ArrayList<domain.User>

[2021-04-29 13:23:34 #9 type] 
Type domain.Event is not enhanced.

[2021-04-29 13:23:34 #10 type.registry] 
New type java.util.Vector<domain.Question>

[2021-04-29 13:23:34 #11 type] 
Type domain.Pertsona is not enhanced.

[2021-04-29 13:23:34 #12 type] 
Type domain.User is not enhanced.

[2021-04-29 13:23:34 #13 type.registry] 
New type java.util.ArrayList<java.lang.String>

[2021-04-29 13:23:34 #14 type.registry] 
New type java.util.HashMap<domain.User,java.lang.Double>

[2021-04-29 13:23:34 #15 type.registry] 
New type domain.Apostua

[2021-04-29 13:23:34 #16 type.registry] 
New type java.util.ArrayList<domain.Apostua>

[2021-04-29 13:23:34 #17 type] 
Type domain.Apostua is not enhanced.

[2021-04-29 13:23:34 #18 type.registry] 
New type domain.Langile

[2021-04-29 13:23:34 #19 type] 
Type domain.Langile is not enhanced.

[2021-04-29 13:23:34 #20 type.registry] 
New type java.util.ArrayList<java.lang.Object>

[2021-04-29 13:23:34 #21 type.registry] 
New type java.util.Vector<java.lang.Object>

[2021-04-29 13:23:34 #22 type.registry] 
New type java.util.HashMap<java.lang.Object,java.lang.Object>

------------------------------------------------------------------------------------------------------------------------

[2021-04-29 13:24:10 #1 store] 
Database 'C:\Users\julen\eclipse-workspace\Bets21-master\src\main\resources\bets.temp' is opened by 11840@DESKTOP-OT7AHR9

[2021-04-29 13:24:10 #2 type.registry] 
New type domain.Question

[2021-04-29 13:24:10 #3 type] 
Type domain.Question is not enhanced.

[2021-04-29 13:24:10 #4 type.registry] 
New type domain.Event

[2021-04-29 13:24:10 #5 type.registry] 
New type java.util.HashMap<java.lang.String,java.lang.Double>

[2021-04-29 13:24:10 #6 type.registry] 
New type domain.Pertsona

[2021-04-29 13:24:10 #7 type.registry] 
New type domain.User

[2021-04-29 13:24:10 #8 type.registry] 
New type java.util.ArrayList<domain.User>

[2021-04-29 13:24:10 #9 type] 
Type domain.Event is not enhanced.

[2021-04-29 13:24:10 #10 type.registry] 
New type java.util.Vector<domain.Question>

[2021-04-29 13:24:10 #11 type] 
Type domain.Pertsona is not enhanced.

[2021-04-29 13:24:10 #12 type] 
Type domain.User is not enhanced.

[2021-04-29 13:24:10 #13 type.registry] 
New type java.util.ArrayList<java.lang.String>

[2021-04-29 13:24:10 #14 type.registry] 
New type java.util.HashMap<domain.User,java.lang.Double>

[2021-04-29 13:24:10 #15 type.registry] 
New type domain.Apostua

[2021-04-29 13:24:10 #16 type.registry] 
New type java.util.ArrayList<domain.Apostua>

[2021-04-29 13:24:10 #17 type] 
Type domain.Apostua is not enhanced.

[2021-04-29 13:24:10 #18 type.registry] 
New type domain.Langile

[2021-04-29 13:24:10 #19 type] 
Type domain.Langile is not enhanced.

[2021-04-29 13:24:10 #20 type.registry] 
New type java.util.ArrayList<java.lang.Object>

[2021-04-29 13:24:10 #21 type.registry] 
New type java.util.Vector<java.lang.Object>

[2021-04-29 13:24:10 #22 type.registry] 
New type java.util.HashMap<java.lang.Object,java.lang.Object>

------------------------------------------------------------------------------------------------------------------------

[2021-04-29 13:33:27 #1 store] 
Database 'C:\Users\julen\eclipse-workspace\Bets21-master\src\main\resources\bets.temp' is opened by 3608@DESKTOP-OT7AHR9

[2021-04-29 13:33:27 #2 type.registry] 
New type domain.Question

[2021-04-29 13:33:27 #3 type] 
Type domain.Question is not enhanced.

[2021-04-29 13:33:27 #4 type.registry] 
New type domain.Event

[2021-04-29 13:33:27 #5 type.registry] 
New type java.util.HashMap<java.lang.String,java.lang.Double>

[2021-04-29 13:33:27 #6 type.registry] 
New type domain.Pertsona

[2021-04-29 13:33:27 #7 type.registry] 
New type domain.User

[2021-04-29 13:33:27 #8 type.registry] 
New type java.util.ArrayList<domain.User>

[2021-04-29 13:33:27 #9 type] 
Type domain.Event is not enhanced.

[2021-04-29 13:33:27 #10 type.registry] 
New type java.util.Vector<domain.Question>

[2021-04-29 13:33:27 #11 type] 
Type domain.Pertsona is not enhanced.

[2021-04-29 13:33:27 #12 type] 
Type domain.User is not enhanced.

[2021-04-29 13:33:27 #13 type.registry] 
New type java.util.ArrayList<java.lang.String>

[2021-04-29 13:33:27 #14 type.registry] 
New type java.util.HashMap<domain.User,java.lang.Double>

[2021-04-29 13:33:27 #15 type.registry] 
New type domain.Apostua

[2021-04-29 13:33:27 #16 type.registry] 
New type java.util.ArrayList<domain.Apostua>

[2021-04-29 13:33:27 #17 type] 
Type domain.Apostua is not enhanced.

[2021-04-29 13:33:27 #18 type.registry] 
New type domain.Langile

[2021-04-29 13:33:27 #19 type] 
Type domain.Langile is not enhanced.

[2021-04-29 13:33:27 #20 type.registry] 
New type java.util.ArrayList<java.lang.Object>

[2021-04-29 13:33:27 #21 type.registry] 
New type java.util.Vector<java.lang.Object>

[2021-04-29 13:33:27 #22 type.registry] 
New type java.util.HashMap<java.lang.Object,java.lang.Object>

------------------------------------------------------------------------------------------------------------------------

[2021-04-29 13:34:46 #1 store] 
Database 'C:\Users\julen\eclipse-workspace\Bets21-master\src\main\resources\bets.temp' is opened by 11516@DESKTOP-OT7AHR9

[2021-04-29 13:34:46 #2 type.registry] 
New type domain.Question

[2021-04-29 13:34:46 #3 type] 
Type domain.Question is not enhanced.

[2021-04-29 13:34:46 #4 type.registry] 
New type domain.Event

[2021-04-29 13:34:46 #5 type.registry] 
New type java.util.HashMap<java.lang.String,java.lang.Double>

[2021-04-29 13:34:46 #6 type.registry] 
New type domain.Pertsona

[2021-04-29 13:34:46 #7 type.registry] 
New type domain.User

[2021-04-29 13:34:46 #8 type.registry] 
New type java.util.ArrayList<domain.User>

[2021-04-29 13:34:46 #9 type] 
Type domain.Event is not enhanced.

[2021-04-29 13:34:46 #10 type.registry] 
New type java.util.Vector<domain.Question>

[2021-04-29 13:34:46 #11 type] 
Type domain.Pertsona is not enhanced.

[2021-04-29 13:34:46 #12 type] 
Type domain.User is not enhanced.

[2021-04-29 13:34:46 #13 type.registry] 
New type java.util.ArrayList<java.lang.String>

[2021-04-29 13:34:46 #14 type.registry] 
New type java.util.HashMap<domain.User,java.lang.Double>

[2021-04-29 13:34:46 #15 type.registry] 
New type domain.Apostua

[2021-04-29 13:34:46 #16 type.registry] 
New type java.util.ArrayList<domain.Apostua>

[2021-04-29 13:34:46 #17 type] 
Type domain.Apostua is not enhanced.

[2021-04-29 13:34:46 #18 type.registry] 
New type domain.Langile

[2021-04-29 13:34:46 #19 type] 
Type domain.Langile is not enhanced.

[2021-04-29 13:34:46 #20 type.registry] 
New type java.util.ArrayList<java.lang.Object>

[2021-04-29 13:34:46 #21 type.registry] 
New type java.util.Vector<java.lang.Object>

[2021-04-29 13:34:46 #22 type.registry] 
New type java.util.HashMap<java.lang.Object,java.lang.Object>

------------------------------------------------------------------------------------------------------------------------

[2021-04-29 13:35:27 #1 store] 
Database 'C:\Users\julen\eclipse-workspace\Bets21-master\src\main\resources\bets.temp' is opened by 2464@DESKTOP-OT7AHR9

[2021-04-29 13:35:28 #2 type.registry] 
New type domain.Question

[2021-04-29 13:35:28 #3 type] 
Type domain.Question is not enhanced.

[2021-04-29 13:35:28 #4 type.registry] 
New type domain.Event

[2021-04-29 13:35:28 #5 type.registry] 
New type java.util.HashMap<java.lang.String,java.lang.Double>

[2021-04-29 13:35:28 #6 type.registry] 
New type domain.Pertsona

[2021-04-29 13:35:28 #7 type.registry] 
New type domain.User

[2021-04-29 13:35:28 #8 type.registry] 
New type java.util.ArrayList<domain.User>

[2021-04-29 13:35:28 #9 type] 
Type domain.Event is not enhanced.

[2021-04-29 13:35:28 #10 type.registry] 
New type java.util.Vector<domain.Question>

[2021-04-29 13:35:28 #11 type] 
Type domain.Pertsona is not enhanced.

[2021-04-29 13:35:28 #12 type] 
Type domain.User is not enhanced.

[2021-04-29 13:35:28 #13 type.registry] 
New type java.util.ArrayList<java.lang.String>

[2021-04-29 13:35:28 #14 type.registry] 
New type java.util.HashMap<domain.User,java.lang.Double>

[2021-04-29 13:35:28 #15 type.registry] 
New type domain.Apostua

[2021-04-29 13:35:28 #16 type.registry] 
New type java.util.ArrayList<domain.Apostua>

[2021-04-29 13:35:28 #17 type] 
Type domain.Apostua is not enhanced.

[2021-04-29 13:35:28 #18 type.registry] 
New type domain.Langile

[2021-04-29 13:35:28 #19 type] 
Type domain.Langile is not enhanced.

[2021-04-29 13:35:28 #20 type.registry] 
New type java.util.ArrayList<java.lang.Object>

[2021-04-29 13:35:28 #21 type.registry] 
New type java.util.Vector<java.lang.Object>

[2021-04-29 13:35:28 #22 type.registry] 
New type java.util.HashMap<java.lang.Object,java.lang.Object>

------------------------------------------------------------------------------------------------------------------------

[2021-04-29 13:41:37 #1 store] 
Database 'C:\Users\julen\eclipse-workspace\Bets21-master\src\main\resources\bets.temp' is opened by 7788@DESKTOP-OT7AHR9

[2021-04-29 13:41:38 #2 type.registry] 
New type domain.Question

[2021-04-29 13:41:38 #3 type] 
Type domain.Question is not enhanced.

[2021-04-29 13:41:38 #4 type.registry] 
New type domain.Event

[2021-04-29 13:41:38 #5 type.registry] 
New type java.util.HashMap<java.lang.String,java.lang.Double>

[2021-04-29 13:41:38 #6 type.registry] 
New type domain.Pertsona

[2021-04-29 13:41:38 #7 type.registry] 
New type domain.User

[2021-04-29 13:41:38 #8 type.registry] 
New type java.util.ArrayList<domain.User>

[2021-04-29 13:41:38 #9 type] 
Type domain.Event is not enhanced.

[2021-04-29 13:41:38 #10 type.registry] 
New type java.util.Vector<domain.Question>

[2021-04-29 13:41:38 #11 type] 
Type domain.Pertsona is not enhanced.

[2021-04-29 13:41:38 #12 type] 
Type domain.User is not enhanced.

[2021-04-29 13:41:38 #13 type.registry] 
New type java.util.ArrayList<java.lang.String>

[2021-04-29 13:41:38 #14 type.registry] 
New type java.util.HashMap<domain.User,java.lang.Double>

[2021-04-29 13:41:38 #15 type.registry] 
New type domain.Apostua

[2021-04-29 13:41:38 #16 type.registry] 
New type java.util.ArrayList<domain.Apostua>

[2021-04-29 13:41:38 #17 type] 
Type domain.Apostua is not enhanced.

[2021-04-29 13:41:38 #18 type.registry] 
New type domain.Langile

[2021-04-29 13:41:38 #19 type] 
Type domain.Langile is not enhanced.

[2021-04-29 13:41:38 #20 type.registry] 
New type java.util.ArrayList<java.lang.Object>

[2021-04-29 13:41:38 #21 type.registry] 
New type java.util.Vector<java.lang.Object>

[2021-04-29 13:41:38 #22 type.registry] 
New type java.util.HashMap<java.lang.Object,java.lang.Object>

------------------------------------------------------------------------------------------------------------------------

[2021-04-29 13:43:53 #1 store] 
Database 'C:\Users\julen\eclipse-workspace\Bets21-master\src\main\resources\bets.temp' is opened by 10912@DESKTOP-OT7AHR9

[2021-04-29 13:43:54 #2 type.registry] 
New type domain.Question

[2021-04-29 13:43:54 #3 type] 
Type domain.Question is not enhanced.

[2021-04-29 13:43:54 #4 type.registry] 
New type domain.Event

[2021-04-29 13:43:54 #5 type.registry] 
New type java.util.HashMap<java.lang.String,java.lang.Double>

[2021-04-29 13:43:54 #6 type.registry] 
New type domain.Pertsona

[2021-04-29 13:43:54 #7 type.registry] 
New type domain.User

[2021-04-29 13:43:54 #8 type.registry] 
New type java.util.ArrayList<domain.User>

[2021-04-29 13:43:54 #9 type] 
Type domain.Event is not enhanced.

[2021-04-29 13:43:54 #10 type.registry] 
New type java.util.Vector<domain.Question>

[2021-04-29 13:43:54 #11 type] 
Type domain.Pertsona is not enhanced.

[2021-04-29 13:43:54 #12 type] 
Type domain.User is not enhanced.

[2021-04-29 13:43:54 #13 type.registry] 
New type java.util.ArrayList<java.lang.String>

[2021-04-29 13:43:54 #14 type.registry] 
New type java.util.HashMap<domain.User,java.lang.Double>

[2021-04-29 13:43:54 #15 type.registry] 
New type domain.Apostua

[2021-04-29 13:43:54 #16 type.registry] 
New type java.util.ArrayList<domain.Apostua>

[2021-04-29 13:43:54 #17 type] 
Type domain.Apostua is not enhanced.

[2021-04-29 13:43:54 #18 type.registry] 
New type domain.Langile

[2021-04-29 13:43:54 #19 type] 
Type domain.Langile is not enhanced.

[2021-04-29 13:43:54 #20 type.registry] 
New type java.util.ArrayList<java.lang.Object>

[2021-04-29 13:43:54 #21 type.registry] 
New type java.util.Vector<java.lang.Object>

[2021-04-29 13:43:54 #22 type.registry] 
New type java.util.HashMap<java.lang.Object,java.lang.Object>

------------------------------------------------------------------------------------------------------------------------

[2021-04-29 13:45:30 #1 store] 
Database 'C:\Users\julen\eclipse-workspace\Bets21-master\src\main\resources\bets.temp' is opened by 7160@DESKTOP-OT7AHR9

[2021-04-29 13:45:31 #2 type.registry] 
New type domain.Question

[2021-04-29 13:45:31 #3 type] 
Type domain.Question is not enhanced.

[2021-04-29 13:45:31 #4 type.registry] 
New type domain.Event

[2021-04-29 13:45:31 #5 type.registry] 
New type java.util.HashMap<java.lang.String,java.lang.Double>

[2021-04-29 13:45:31 #6 type.registry] 
New type domain.Pertsona

[2021-04-29 13:45:31 #7 type.registry] 
New type domain.User

[2021-04-29 13:45:31 #8 type.registry] 
New type java.util.ArrayList<domain.User>

[2021-04-29 13:45:31 #9 type] 
Type domain.Event is not enhanced.

[2021-04-29 13:45:31 #10 type.registry] 
New type java.util.Vector<domain.Question>

[2021-04-29 13:45:31 #11 type] 
Type domain.Pertsona is not enhanced.

[2021-04-29 13:45:31 #12 type] 
Type domain.User is not enhanced.

[2021-04-29 13:45:31 #13 type.registry] 
New type java.util.ArrayList<java.lang.String>

[2021-04-29 13:45:31 #14 type.registry] 
New type java.util.HashMap<domain.User,java.lang.Double>

[2021-04-29 13:45:31 #15 type.registry] 
New type domain.Apostua

[2021-04-29 13:45:31 #16 type.registry] 
New type java.util.ArrayList<domain.Apostua>

[2021-04-29 13:45:31 #17 type] 
Type domain.Apostua is not enhanced.

[2021-04-29 13:45:31 #18 type.registry] 
New type domain.Langile

[2021-04-29 13:45:31 #19 type] 
Type domain.Langile is not enhanced.

[2021-04-29 13:45:31 #20 type.registry] 
New type java.util.ArrayList<java.lang.Object>

[2021-04-29 13:45:31 #21 type.registry] 
New type java.util.Vector<java.lang.Object>

[2021-04-29 13:45:31 #22 type.registry] 
New type java.util.HashMap<java.lang.Object,java.lang.Object>

------------------------------------------------------------------------------------------------------------------------

[2021-04-29 13:48:45 #1 store] 
Database 'C:\Users\julen\eclipse-workspace\Bets21-master\src\main\resources\bets.temp' is opened by 10064@DESKTOP-OT7AHR9

[2021-04-29 13:48:46 #2 type.registry] 
New type domain.Question

[2021-04-29 13:48:46 #3 type] 
Type domain.Question is not enhanced.

[2021-04-29 13:48:46 #4 type.registry] 
New type domain.Event

[2021-04-29 13:48:46 #5 type.registry] 
New type java.util.HashMap<java.lang.String,java.lang.Double>

[2021-04-29 13:48:46 #6 type.registry] 
New type domain.Pertsona

[2021-04-29 13:48:46 #7 type.registry] 
New type domain.User

[2021-04-29 13:48:46 #8 type.registry] 
New type java.util.ArrayList<domain.User>

[2021-04-29 13:48:46 #9 type] 
Type domain.Event is not enhanced.

[2021-04-29 13:48:46 #10 type.registry] 
New type java.util.Vector<domain.Question>

[2021-04-29 13:48:46 #11 type] 
Type domain.Pertsona is not enhanced.

[2021-04-29 13:48:46 #12 type] 
Type domain.User is not enhanced.

[2021-04-29 13:48:46 #13 type.registry] 
New type java.util.ArrayList<java.lang.String>

[2021-04-29 13:48:46 #14 type.registry] 
New type java.util.HashMap<domain.User,java.lang.Double>

[2021-04-29 13:48:46 #15 type.registry] 
New type domain.Apostua

[2021-04-29 13:48:46 #16 type.registry] 
New type java.util.ArrayList<domain.Apostua>

[2021-04-29 13:48:46 #17 type] 
Type domain.Apostua is not enhanced.

[2021-04-29 13:48:46 #18 type.registry] 
New type domain.Langile

[2021-04-29 13:48:46 #19 type] 
Type domain.Langile is not enhanced.

[2021-04-29 13:48:46 #20 type.registry] 
New type java.util.ArrayList<java.lang.Object>

[2021-04-29 13:48:46 #21 type.registry] 
New type java.util.Vector<java.lang.Object>

[2021-04-29 13:48:46 #22 type.registry] 
New type java.util.HashMap<java.lang.Object,java.lang.Object>

------------------------------------------------------------------------------------------------------------------------

[2021-04-29 13:50:18 #1 store] 
Database 'C:\Users\julen\eclipse-workspace\Bets21-master\src\main\resources\bets.temp' is opened by 12936@DESKTOP-OT7AHR9

[2021-04-29 13:50:18 #2 type.registry] 
New type domain.Question

[2021-04-29 13:50:18 #3 type] 
Type domain.Question is not enhanced.

[2021-04-29 13:50:18 #4 type.registry] 
New type domain.Event

[2021-04-29 13:50:18 #5 type.registry] 
New type java.util.HashMap<java.lang.String,java.lang.Double>

[2021-04-29 13:50:18 #6 type.registry] 
New type domain.Pertsona

[2021-04-29 13:50:18 #7 type.registry] 
New type domain.User

[2021-04-29 13:50:18 #8 type.registry] 
New type java.util.ArrayList<domain.User>

[2021-04-29 13:50:18 #9 type] 
Type domain.Event is not enhanced.

[2021-04-29 13:50:18 #10 type.registry] 
New type java.util.Vector<domain.Question>

[2021-04-29 13:50:18 #11 type] 
Type domain.Pertsona is not enhanced.

[2021-04-29 13:50:18 #12 type] 
Type domain.User is not enhanced.

[2021-04-29 13:50:18 #13 type.registry] 
New type java.util.ArrayList<java.lang.String>

[2021-04-29 13:50:18 #14 type.registry] 
New type java.util.HashMap<domain.User,java.lang.Double>

[2021-04-29 13:50:18 #15 type.registry] 
New type domain.Apostua

[2021-04-29 13:50:18 #16 type.registry] 
New type java.util.ArrayList<domain.Apostua>

[2021-04-29 13:50:18 #17 type] 
Type domain.Apostua is not enhanced.

[2021-04-29 13:50:18 #18 type.registry] 
New type domain.Langile

[2021-04-29 13:50:18 #19 type] 
Type domain.Langile is not enhanced.

[2021-04-29 13:50:18 #20 type.registry] 
New type java.util.ArrayList<java.lang.Object>

[2021-04-29 13:50:18 #21 type.registry] 
New type java.util.Vector<java.lang.Object>

[2021-04-29 13:50:18 #22 type.registry] 
New type java.util.HashMap<java.lang.Object,java.lang.Object>

