------------------------------------------------------------------------------------------------------------------------

[2021-02-27 11:36:10 #1 store] 
Database 'C:\Users\Jon Gonzalez\Desktop\Bets21-masterONA\src\main\resources\bets.temp' is opened by 19500@DESKTOP-BOOM0A2

[2021-02-27 11:36:10 #2 type] 
Type domain.Question is not enhanced.

[2021-02-27 11:36:10 #3 type] 
Type domain.Event is not enhanced.

[2021-02-27 11:36:10 #4 type] 
Type domain.Pertsona is not enhanced.

[2021-02-27 11:36:10 #5 type] 
Type domain.Langile is not enhanced.

[2021-02-27 11:36:10 #6 type] 
Type domain.User is not enhanced.

------------------------------------------------------------------------------------------------------------------------

[2021-02-27 11:38:31 #1 store] 
Database 'C:\Users\Jon Gonzalez\Desktop\Bets21-masterONA\src\main\resources\bets.temp' is opened by 19400@DESKTOP-BOOM0A2

[2021-02-27 11:38:31 #2 type] 
Type domain.Question is not enhanced.

[2021-02-27 11:38:31 #3 type] 
Type domain.Event is not enhanced.

[2021-02-27 11:38:31 #4 type] 
Type domain.Pertsona is not enhanced.

[2021-02-27 11:38:31 #5 type] 
Type domain.Langile is not enhanced.

[2021-02-27 11:38:31 #6 type] 
Type domain.User is not enhanced.

------------------------------------------------------------------------------------------------------------------------

[2021-02-27 11:48:39 #1 store] 
Database 'C:\Users\Jon Gonzalez\Desktop\Bets21-masterONA\src\main\resources\bets.temp' is opened by 6748@DESKTOP-BOOM0A2

[2021-02-27 11:48:39 #2 type] 
Type domain.Question is not enhanced.

[2021-02-27 11:48:39 #3 type] 
Type domain.Event is not enhanced.

[2021-02-27 11:48:39 #4 type] 
Type domain.Pertsona is not enhanced.

[2021-02-27 11:48:39 #5 type] 
Type domain.Langile is not enhanced.

[2021-02-27 11:48:39 #6 type] 
Type domain.User is not enhanced.

------------------------------------------------------------------------------------------------------------------------

[2021-02-27 11:50:04 #1 store] 
Database 'C:\Users\Jon Gonzalez\Desktop\Bets21-masterONA\src\main\resources\bets.temp' is opened by 14920@DESKTOP-BOOM0A2

[2021-02-27 11:50:04 #2 type] 
Type domain.Question is not enhanced.

[2021-02-27 11:50:04 #3 type] 
Type domain.Event is not enhanced.

[2021-02-27 11:50:04 #4 type] 
Type domain.Pertsona is not enhanced.

[2021-02-27 11:50:04 #5 type] 
Type domain.Langile is not enhanced.

[2021-02-27 11:50:04 #6 type] 
Type domain.User is not enhanced.

------------------------------------------------------------------------------------------------------------------------

[2021-02-27 11:56:21 #1 store] 
Database 'C:\Users\Jon Gonzalez\Desktop\Bets21-masterONA\src\main\resources\bets.temp' is opened by 18976@DESKTOP-BOOM0A2

[2021-02-27 11:56:21 #2 type] 
Type domain.Question is not enhanced.

[2021-02-27 11:56:21 #3 type] 
Type domain.Event is not enhanced.

[2021-02-27 11:56:21 #4 type] 
Type domain.Pertsona is not enhanced.

[2021-02-27 11:56:21 #5 type] 
Type domain.Langile is not enhanced.

[2021-02-27 11:56:21 #6 type] 
Type domain.User is not enhanced.

------------------------------------------------------------------------------------------------------------------------

[2021-02-27 12:00:28 #1 store] 
Database 'C:\Users\Jon Gonzalez\Desktop\Bets21-masterONA\src\main\resources\bets.temp' is opened by 7128@DESKTOP-BOOM0A2

[2021-02-27 12:00:28 #2 type] 
Type domain.Question is not enhanced.

[2021-02-27 12:00:28 #3 type] 
Type domain.Event is not enhanced.

[2021-02-27 12:00:28 #4 type] 
Type domain.Pertsona is not enhanced.

[2021-02-27 12:00:28 #5 type] 
Type domain.Langile is not enhanced.

[2021-02-27 12:00:28 #6 type] 
Type domain.User is not enhanced.

------------------------------------------------------------------------------------------------------------------------

[2021-02-27 12:05:06 #1 store] 
Database 'C:\Users\Jon Gonzalez\Desktop\Bets21-masterONA\src\main\resources\bets.temp' is opened by 17656@DESKTOP-BOOM0A2

[2021-02-27 12:05:06 #2 type] 
Type domain.Question is not enhanced.

[2021-02-27 12:05:06 #3 type] 
Type domain.Event is not enhanced.

[2021-02-27 12:05:06 #4 type] 
Type domain.Pertsona is not enhanced.

[2021-02-27 12:05:06 #5 type] 
Type domain.Langile is not enhanced.

[2021-02-27 12:05:06 #6 type] 
Type domain.User is not enhanced.

------------------------------------------------------------------------------------------------------------------------

[2021-02-27 12:08:21 #1 store] 
Database 'C:\Users\Jon Gonzalez\Desktop\Bets21-masterONA\src\main\resources\bets.temp' is opened by 17880@DESKTOP-BOOM0A2

[2021-02-27 12:08:21 #2 type] 
Type domain.Question is not enhanced.

[2021-02-27 12:08:21 #3 type] 
Type domain.Event is not enhanced.

[2021-02-27 12:08:21 #4 type] 
Type domain.Pertsona is not enhanced.

[2021-02-27 12:08:21 #5 type] 
Type domain.Langile is not enhanced.

[2021-02-27 12:08:21 #6 type] 
Type domain.User is not enhanced.

------------------------------------------------------------------------------------------------------------------------

[2021-02-27 12:09:19 #1 store] 
Database 'C:\Users\Jon Gonzalez\Desktop\Bets21-masterONA\src\main\resources\bets.temp' is opened by 10404@DESKTOP-BOOM0A2

[2021-02-27 12:09:19 #2 type] 
Type domain.Question is not enhanced.

[2021-02-27 12:09:19 #3 type] 
Type domain.Event is not enhanced.

[2021-02-27 12:09:19 #4 type] 
Type domain.Pertsona is not enhanced.

[2021-02-27 12:09:19 #5 type] 
Type domain.Langile is not enhanced.

[2021-02-27 12:09:19 #6 type] 
Type domain.User is not enhanced.

------------------------------------------------------------------------------------------------------------------------

[2021-02-27 12:15:00 #1 store] 
Database 'C:\Users\Jon Gonzalez\Desktop\Bets21-masterONA\src\main\resources\bets.temp' is opened by 8268@DESKTOP-BOOM0A2

[2021-02-27 12:15:00 #2 type] 
Type domain.Question is not enhanced.

[2021-02-27 12:15:00 #3 type] 
Type domain.Event is not enhanced.

[2021-02-27 12:15:00 #4 type] 
Type domain.Pertsona is not enhanced.

[2021-02-27 12:15:00 #5 type] 
Type domain.Langile is not enhanced.

[2021-02-27 12:15:00 #6 type] 
Type domain.User is not enhanced.

------------------------------------------------------------------------------------------------------------------------

[2021-02-27 12:15:56 #1 store] 
Database 'C:\Users\Jon Gonzalez\Desktop\Bets21-masterONA\src\main\resources\bets.temp' is opened by 14276@DESKTOP-BOOM0A2

[2021-02-27 12:15:56 #2 type] 
Type domain.Question is not enhanced.

[2021-02-27 12:15:56 #3 type] 
Type domain.Event is not enhanced.

[2021-02-27 12:15:56 #4 type] 
Type domain.Pertsona is not enhanced.

[2021-02-27 12:15:56 #5 type] 
Type domain.Langile is not enhanced.

[2021-02-27 12:15:56 #6 type] 
Type domain.User is not enhanced.

------------------------------------------------------------------------------------------------------------------------

[2021-02-27 12:16:49 #1 store] 
Database 'C:\Users\Jon Gonzalez\Desktop\Bets21-masterONA\src\main\resources\bets.temp' is opened by 980@DESKTOP-BOOM0A2

[2021-02-27 12:16:49 #2 type] 
Type domain.Question is not enhanced.

[2021-02-27 12:16:49 #3 type] 
Type domain.Event is not enhanced.

[2021-02-27 12:16:49 #4 type] 
Type domain.Pertsona is not enhanced.

[2021-02-27 12:16:49 #5 type] 
Type domain.Langile is not enhanced.

[2021-02-27 12:16:49 #6 type] 
Type domain.User is not enhanced.

------------------------------------------------------------------------------------------------------------------------

[2021-02-27 12:18:05 #1 store] 
Database 'C:\Users\Jon Gonzalez\Desktop\Bets21-masterONA\src\main\resources\bets.temp' is opened by 12968@DESKTOP-BOOM0A2

[2021-02-27 12:18:05 #2 type] 
Type domain.Question is not enhanced.

[2021-02-27 12:18:05 #3 type] 
Type domain.Event is not enhanced.

[2021-02-27 12:18:05 #4 type] 
Type domain.Pertsona is not enhanced.

[2021-02-27 12:18:05 #5 type] 
Type domain.Langile is not enhanced.

[2021-02-27 12:18:05 #6 type] 
Type domain.User is not enhanced.

------------------------------------------------------------------------------------------------------------------------

[2021-02-27 12:20:25 #1 store] 
Database 'C:\Users\Jon Gonzalez\Desktop\Bets21-masterONA\src\main\resources\bets.temp' is opened by 9608@DESKTOP-BOOM0A2

[2021-02-27 12:20:25 #2 type] 
Type domain.Question is not enhanced.

[2021-02-27 12:20:25 #3 type] 
Type domain.Event is not enhanced.

[2021-02-27 12:20:25 #4 type] 
Type domain.Pertsona is not enhanced.

[2021-02-27 12:20:25 #5 type] 
Type domain.Langile is not enhanced.

[2021-02-27 12:20:25 #6 type] 
Type domain.User is not enhanced.

------------------------------------------------------------------------------------------------------------------------

[2021-02-27 12:27:03 #1 store] 
Database 'C:\Users\Jon Gonzalez\Desktop\Bets21-masterONA\src\main\resources\bets.temp' is opened by 22360@DESKTOP-BOOM0A2

[2021-02-27 12:27:03 #2 type] 
Type domain.Question is not enhanced.

[2021-02-27 12:27:03 #3 type] 
Type domain.Event is not enhanced.

[2021-02-27 12:27:03 #4 type] 
Type domain.Pertsona is not enhanced.

[2021-02-27 12:27:03 #5 type] 
Type domain.Langile is not enhanced.

[2021-02-27 12:27:03 #6 type] 
Type domain.User is not enhanced.

------------------------------------------------------------------------------------------------------------------------

[2021-02-27 12:27:22 #1 store] 
Database 'C:\Users\Jon Gonzalez\Desktop\Bets21-masterONA\src\main\resources\bets.temp' is opened by 7504@DESKTOP-BOOM0A2

[2021-02-27 12:27:22 #2 type] 
Type domain.Question is not enhanced.

[2021-02-27 12:27:22 #3 type] 
Type domain.Event is not enhanced.

[2021-02-27 12:27:22 #4 type] 
Type domain.Pertsona is not enhanced.

[2021-02-27 12:27:22 #5 type] 
Type domain.Langile is not enhanced.

[2021-02-27 12:27:22 #6 type] 
Type domain.User is not enhanced.

------------------------------------------------------------------------------------------------------------------------

[2021-02-27 12:28:35 #1 store] 
Database 'C:\Users\Jon Gonzalez\Desktop\Bets21-masterONA\src\main\resources\bets.temp' is opened by 15080@DESKTOP-BOOM0A2

[2021-02-27 12:28:35 #2 type] 
Type domain.Question is not enhanced.

[2021-02-27 12:28:35 #3 type] 
Type domain.Event is not enhanced.

[2021-02-27 12:28:35 #4 type] 
Type domain.Pertsona is not enhanced.

[2021-02-27 12:28:35 #5 type] 
Type domain.Langile is not enhanced.

[2021-02-27 12:28:35 #6 type] 
Type domain.User is not enhanced.

------------------------------------------------------------------------------------------------------------------------

[2021-02-27 12:30:19 #1 store] 
Database 'C:\Users\Jon Gonzalez\Desktop\Bets21-masterONA\src\main\resources\bets.temp' is opened by 3060@DESKTOP-BOOM0A2

[2021-02-27 12:30:19 #2 type] 
Type domain.Question is not enhanced.

[2021-02-27 12:30:19 #3 type] 
Type domain.Event is not enhanced.

[2021-02-27 12:30:19 #4 type] 
Type domain.Pertsona is not enhanced.

[2021-02-27 12:30:19 #5 type] 
Type domain.Langile is not enhanced.

[2021-02-27 12:30:19 #6 type] 
Type domain.User is not enhanced.

------------------------------------------------------------------------------------------------------------------------

[2021-02-27 13:37:31 #1 store] 
Database 'C:\Users\Jon Gonzalez\Desktop\Bets21-masterONA\src\main\resources\bets.temp' is opened by 13360@DESKTOP-BOOM0A2

[2021-02-27 13:37:31 #2 type] 
Type domain.Question is not enhanced.

[2021-02-27 13:37:31 #3 type] 
Type domain.Event is not enhanced.

[2021-02-27 13:37:31 #4 type] 
Type domain.Pertsona is not enhanced.

[2021-02-27 13:37:31 #5 type] 
Type domain.Langile is not enhanced.

[2021-02-27 13:37:31 #6 type] 
Type domain.User is not enhanced.

------------------------------------------------------------------------------------------------------------------------

[2021-02-27 13:43:46 #1 store] 
Database 'C:\Users\Jon Gonzalez\Desktop\Bets21-masterONA\src\main\resources\bets.temp' is opened by 19476@DESKTOP-BOOM0A2

[2021-02-27 13:43:47 #2 type] 
Type domain.Question is not enhanced.

[2021-02-27 13:43:47 #3 type] 
Type domain.Event is not enhanced.

[2021-02-27 13:43:47 #4 type] 
Type domain.Pertsona is not enhanced.

[2021-02-27 13:43:47 #5 type] 
Type domain.Langile is not enhanced.

[2021-02-27 13:43:47 #6 type] 
Type domain.User is not enhanced.

------------------------------------------------------------------------------------------------------------------------

[2021-02-27 13:44:00 #1 store] 
Database 'C:\Users\Jon Gonzalez\Desktop\Bets21-masterONA\src\main\resources\bets.temp' is opened by 16496@DESKTOP-BOOM0A2

[2021-02-27 13:44:00 #2 type] 
Type domain.Question is not enhanced.

[2021-02-27 13:44:00 #3 type] 
Type domain.Event is not enhanced.

[2021-02-27 13:44:00 #4 type] 
Type domain.Pertsona is not enhanced.

[2021-02-27 13:44:00 #5 type] 
Type domain.Langile is not enhanced.

[2021-02-27 13:44:00 #6 type] 
Type domain.User is not enhanced.

------------------------------------------------------------------------------------------------------------------------

[2021-02-27 13:45:45 #1 store] 
Database 'C:\Users\Jon Gonzalez\Desktop\Bets21-masterONA\src\main\resources\bets.temp' is opened by 5188@DESKTOP-BOOM0A2

[2021-02-27 13:45:45 #2 type] 
Type domain.Question is not enhanced.

[2021-02-27 13:45:45 #3 type] 
Type domain.Event is not enhanced.

[2021-02-27 13:45:45 #4 type] 
Type domain.Pertsona is not enhanced.

[2021-02-27 13:45:45 #5 type] 
Type domain.Langile is not enhanced.

[2021-02-27 13:45:45 #6 type] 
Type domain.User is not enhanced.

