------------------------------------------------------------------------------------------------------------------------

[2021-04-27 10:09:02 #1 store] 
Database 'C:\Users\julen\eclipse-workspace\Bets21-master\src\main\resources\bets.temp' is opened by 2756@DESKTOP-OT7AHR9

[2021-04-27 10:09:02 #2 type.registry] 
New type domain.Question

[2021-04-27 10:09:02 #3 type] 
Type domain.Question is not enhanced.

[2021-04-27 10:09:02 #4 type.registry] 
New type domain.Event

[2021-04-27 10:09:02 #5 type.registry] 
New type java.util.HashMap<java.lang.String,java.lang.Double>

[2021-04-27 10:09:02 #6 type.registry] 
New type domain.Pertsona

[2021-04-27 10:09:02 #7 type.registry] 
New type domain.User

[2021-04-27 10:09:02 #8 type.registry] 
New type java.util.ArrayList<domain.User>

[2021-04-27 10:09:02 #9 type] 
Type domain.Event is not enhanced.

[2021-04-27 10:09:02 #10 type.registry] 
New type java.util.Vector<domain.Question>

[2021-04-27 10:09:02 #11 type] 
Type domain.Pertsona is not enhanced.

[2021-04-27 10:09:02 #12 type] 
Type domain.User is not enhanced.

[2021-04-27 10:09:02 #13 type.registry] 
New type java.util.ArrayList<java.lang.String>

[2021-04-27 10:09:02 #14 type.registry] 
New type domain.KopiatutakoApostua

[2021-04-27 10:09:02 #15 type.registry] 
New type java.util.ArrayList<domain.KopiatutakoApostua>

[2021-04-27 10:09:02 #16 type.registry] 
New type domain.Apostua

[2021-04-27 10:09:02 #17 type.registry] 
New type java.util.ArrayList<domain.Apostua>

[2021-04-27 10:09:02 #18 type] 
Type domain.Apostua is not enhanced.

[2021-04-27 10:09:02 #19 type.registry] 
New type domain.Langile

[2021-04-27 10:09:02 #20 type] 
Type domain.Langile is not enhanced.

[2021-04-27 10:09:02 #21 type.registry] 
New type java.util.ArrayList<java.lang.Object>

[2021-04-27 10:09:02 #22 type.registry] 
New type java.util.Vector<java.lang.Object>

[2021-04-27 10:09:02 #23 type.registry] 
New type java.util.HashMap<java.lang.Object,java.lang.Object>

------------------------------------------------------------------------------------------------------------------------

[2021-04-27 15:12:11 #1 store] 
Database 'C:\Users\julen\eclipse-workspace\Bets21-master\src\main\resources\bets.temp' is opened by 9780@DESKTOP-OT7AHR9

[2021-04-27 15:12:12 #2 type.registry] 
New type domain.Question

[2021-04-27 15:12:12 #3 type] 
Type domain.Question is not enhanced.

[2021-04-27 15:12:12 #4 type.registry] 
New type domain.Event

[2021-04-27 15:12:12 #5 type.registry] 
New type java.util.HashMap<java.lang.String,java.lang.Double>

[2021-04-27 15:12:12 #6 type.registry] 
New type domain.Pertsona

[2021-04-27 15:12:12 #7 type.registry] 
New type domain.User

[2021-04-27 15:12:12 #8 type.registry] 
New type java.util.ArrayList<domain.User>

[2021-04-27 15:12:12 #9 type] 
Type domain.Event is not enhanced.

[2021-04-27 15:12:12 #10 type.registry] 
New type java.util.Vector<domain.Question>

[2021-04-27 15:12:12 #11 type] 
Type domain.Pertsona is not enhanced.

[2021-04-27 15:12:12 #12 type] 
Type domain.User is not enhanced.

[2021-04-27 15:12:12 #13 type.registry] 
New type java.util.ArrayList<java.lang.String>

[2021-04-27 15:12:12 #14 type.registry] 
New type domain.Apostua

[2021-04-27 15:12:12 #15 type.registry] 
New type java.util.ArrayList<domain.Apostua>

[2021-04-27 15:12:12 #16 type] 
Type domain.Apostua is not enhanced.

[2021-04-27 15:12:12 #17 type.registry] 
New type domain.Langile

[2021-04-27 15:12:12 #18 type] 
Type domain.Langile is not enhanced.

[2021-04-27 15:12:12 #19 type.registry] 
New type java.util.ArrayList<java.lang.Object>

[2021-04-27 15:12:12 #20 type.registry] 
New type java.util.Vector<java.lang.Object>

[2021-04-27 15:12:12 #21 type.registry] 
New type java.util.HashMap<java.lang.Object,java.lang.Object>

