------------------------------------------------------------------------------------------------------------------------

[2021-02-25 15:15:35 #1 store] 
Database 'C:\Users\julen\eclipse-workspace\Bets21-master\src\main\resources\bets.temp' is opened by 15176@DESKTOP-OT7AHR9

[2021-02-25 15:15:35 #2 type] 
Type domain.Question is not enhanced.

[2021-02-25 15:15:35 #3 type] 
Type domain.Event is not enhanced.

[2021-02-25 15:15:35 #4 type] 
Type domain.Pertsona is not enhanced.

[2021-02-25 15:15:35 #5 type] 
Type domain.Admin is not enhanced.

[2021-02-25 15:15:35 #6 type] 
Type domain.User is not enhanced.

------------------------------------------------------------------------------------------------------------------------

[2021-02-25 15:16:08 #1 store] 
Database 'C:\Users\julen\eclipse-workspace\Bets21-master\src\main\resources\bets.temp' is opened by 8688@DESKTOP-OT7AHR9

[2021-02-25 15:16:08 #2 type] 
Type domain.Question is not enhanced.

[2021-02-25 15:16:08 #3 type] 
Type domain.Event is not enhanced.

[2021-02-25 15:16:08 #4 type] 
Type domain.Pertsona is not enhanced.

[2021-02-25 15:16:08 #5 type] 
Type domain.Admin is not enhanced.

[2021-02-25 15:16:08 #6 type] 
Type domain.User is not enhanced.

------------------------------------------------------------------------------------------------------------------------

[2021-02-25 15:17:42 #1 store] 
Database 'C:\Users\julen\eclipse-workspace\Bets21-master\src\main\resources\bets.temp' has been recovered (tr. 12-12)

[2021-02-25 15:17:42 #2 store] 
Database 'C:\Users\julen\eclipse-workspace\Bets21-master\src\main\resources\bets.temp' is opened by 9000@DESKTOP-OT7AHR9

[2021-02-25 15:17:42 #3 type] 
Type domain.Question is not enhanced.

[2021-02-25 15:17:42 #4 type] 
Type domain.Event is not enhanced.

[2021-02-25 15:17:42 #5 type] 
Type domain.Pertsona is not enhanced.

[2021-02-25 15:17:42 #6 type] 
Type domain.Admin is not enhanced.

[2021-02-25 15:17:42 #7 type] 
Type domain.User is not enhanced.

------------------------------------------------------------------------------------------------------------------------

[2021-02-25 15:19:40 #1 store] 
Database 'C:\Users\julen\eclipse-workspace\Bets21-master\src\main\resources\bets.temp' is opened by 14864@DESKTOP-OT7AHR9

[2021-02-25 15:19:40 #2 type.registry] 
New type domain.Question

[2021-02-25 15:19:40 #3 type] 
Type domain.Question is not enhanced.

[2021-02-25 15:19:40 #4 type.registry] 
New type domain.Event

[2021-02-25 15:19:40 #5 type] 
Type domain.Event is not enhanced.

[2021-02-25 15:19:40 #6 type.registry] 
New type java.util.Vector<domain.Question>

[2021-02-25 15:19:40 #7 type.registry] 
New type domain.Pertsona

[2021-02-25 15:19:40 #8 type.registry] 
New type domain.Admin

[2021-02-25 15:19:40 #9 type] 
Type domain.Pertsona is not enhanced.

[2021-02-25 15:19:40 #10 type] 
Type domain.Admin is not enhanced.

[2021-02-25 15:19:40 #11 type.registry] 
New type domain.User

[2021-02-25 15:19:40 #12 type] 
Type domain.User is not enhanced.

[2021-02-25 15:19:40 #13 type.registry] 
New type java.util.Vector<java.lang.Object>

------------------------------------------------------------------------------------------------------------------------

[2021-02-25 15:20:37 #1 store] 
Database 'C:\Users\julen\eclipse-workspace\Bets21-master\src\main\resources\bets.temp' is opened by 7400@DESKTOP-OT7AHR9

[2021-02-25 15:20:37 #2 type.registry] 
New type domain.Question

[2021-02-25 15:20:37 #3 type] 
Type domain.Question is not enhanced.

[2021-02-25 15:20:37 #4 type.registry] 
New type domain.Event

[2021-02-25 15:20:37 #5 type] 
Type domain.Event is not enhanced.

[2021-02-25 15:20:37 #6 type.registry] 
New type java.util.Vector<domain.Question>

[2021-02-25 15:20:37 #7 type.registry] 
New type domain.Pertsona

[2021-02-25 15:20:37 #8 type.registry] 
New type domain.Admin

[2021-02-25 15:20:37 #9 type] 
Type domain.Pertsona is not enhanced.

[2021-02-25 15:20:37 #10 type] 
Type domain.Admin is not enhanced.

[2021-02-25 15:20:37 #11 type.registry] 
New type domain.User

[2021-02-25 15:20:37 #12 type] 
Type domain.User is not enhanced.

[2021-02-25 15:20:37 #13 type.registry] 
New type java.util.Vector<java.lang.Object>

------------------------------------------------------------------------------------------------------------------------

[2021-02-25 15:23:21 #1 store] 
Database 'C:\Users\julen\eclipse-workspace\Bets21-master\src\main\resources\bets.temp' is opened by 6296@DESKTOP-OT7AHR9

[2021-02-25 15:23:21 #2 type.registry] 
New type domain.Question

[2021-02-25 15:23:21 #3 type] 
Type domain.Question is not enhanced.

[2021-02-25 15:23:21 #4 type.registry] 
New type domain.Event

[2021-02-25 15:23:21 #5 type] 
Type domain.Event is not enhanced.

[2021-02-25 15:23:21 #6 type.registry] 
New type java.util.Vector<domain.Question>

[2021-02-25 15:23:21 #7 type.registry] 
New type domain.Pertsona

[2021-02-25 15:23:21 #8 type.registry] 
New type domain.Admin

[2021-02-25 15:23:21 #9 type] 
Type domain.Pertsona is not enhanced.

[2021-02-25 15:23:21 #10 type] 
Type domain.Admin is not enhanced.

[2021-02-25 15:23:21 #11 type.registry] 
New type domain.User

[2021-02-25 15:23:21 #12 type] 
Type domain.User is not enhanced.

[2021-02-25 15:23:21 #13 type.registry] 
New type java.util.Vector<java.lang.Object>

------------------------------------------------------------------------------------------------------------------------

[2021-02-25 15:28:39 #1 store] 
Database 'C:\Users\julen\eclipse-workspace\Bets21-master\src\main\resources\bets.temp' is opened by 6968@DESKTOP-OT7AHR9

[2021-02-25 15:28:39 #2 type.registry] 
New type domain.Question

[2021-02-25 15:28:39 #3 type] 
Type domain.Question is not enhanced.

[2021-02-25 15:28:39 #4 type.registry] 
New type domain.Event

[2021-02-25 15:28:39 #5 type] 
Type domain.Event is not enhanced.

[2021-02-25 15:28:39 #6 type.registry] 
New type java.util.Vector<domain.Question>

[2021-02-25 15:28:39 #7 type.registry] 
New type domain.Pertsona

[2021-02-25 15:28:39 #8 type.registry] 
New type domain.Admin

[2021-02-25 15:28:39 #9 type] 
Type domain.Pertsona is not enhanced.

[2021-02-25 15:28:39 #10 type] 
Type domain.Admin is not enhanced.

[2021-02-25 15:28:39 #11 type.registry] 
New type domain.User

[2021-02-25 15:28:39 #12 type] 
Type domain.User is not enhanced.

[2021-02-25 15:28:39 #13 type.registry] 
New type java.util.Vector<java.lang.Object>

------------------------------------------------------------------------------------------------------------------------

[2021-02-25 15:29:07 #1 store] 
Database 'C:\Users\julen\eclipse-workspace\Bets21-master\src\main\resources\bets.temp' is opened by 6388@DESKTOP-OT7AHR9

[2021-02-25 15:29:07 #2 type.registry] 
New type domain.Question

[2021-02-25 15:29:07 #3 type] 
Type domain.Question is not enhanced.

[2021-02-25 15:29:07 #4 type.registry] 
New type domain.Event

[2021-02-25 15:29:07 #5 type] 
Type domain.Event is not enhanced.

[2021-02-25 15:29:07 #6 type.registry] 
New type java.util.Vector<domain.Question>

[2021-02-25 15:29:07 #7 type.registry] 
New type domain.Pertsona

[2021-02-25 15:29:07 #8 type.registry] 
New type domain.Admin

[2021-02-25 15:29:07 #9 type] 
Type domain.Pertsona is not enhanced.

[2021-02-25 15:29:07 #10 type] 
Type domain.Admin is not enhanced.

[2021-02-25 15:29:07 #11 type.registry] 
New type domain.User

[2021-02-25 15:29:07 #12 type] 
Type domain.User is not enhanced.

[2021-02-25 15:29:07 #13 type.registry] 
New type java.util.Vector<java.lang.Object>

------------------------------------------------------------------------------------------------------------------------

[2021-02-25 15:31:40 #1 store] 
Database 'C:\Users\julen\eclipse-workspace\Bets21-master\src\main\resources\bets.temp' is opened by 5008@DESKTOP-OT7AHR9

[2021-02-25 15:31:40 #2 type.registry] 
New type domain.Question

[2021-02-25 15:31:40 #3 type] 
Type domain.Question is not enhanced.

[2021-02-25 15:31:40 #4 type.registry] 
New type domain.Event

[2021-02-25 15:31:40 #5 type] 
Type domain.Event is not enhanced.

[2021-02-25 15:31:41 #6 type.registry] 
New type java.util.Vector<domain.Question>

[2021-02-25 15:31:41 #7 type.registry] 
New type domain.Pertsona

[2021-02-25 15:31:41 #8 type.registry] 
New type domain.Admin

[2021-02-25 15:31:41 #9 type] 
Type domain.Pertsona is not enhanced.

[2021-02-25 15:31:41 #10 type] 
Type domain.Admin is not enhanced.

[2021-02-25 15:31:41 #11 type.registry] 
New type domain.User

[2021-02-25 15:31:41 #12 type] 
Type domain.User is not enhanced.

[2021-02-25 15:31:41 #13 type.registry] 
New type java.util.Vector<java.lang.Object>

------------------------------------------------------------------------------------------------------------------------

[2021-02-25 15:32:29 #1 store] 
Database 'C:\Users\julen\eclipse-workspace\Bets21-master\src\main\resources\bets.temp' is opened by 9484@DESKTOP-OT7AHR9

[2021-02-25 15:32:29 #2 type.registry] 
New type domain.Question

[2021-02-25 15:32:29 #3 type] 
Type domain.Question is not enhanced.

[2021-02-25 15:32:29 #4 type.registry] 
New type domain.Event

[2021-02-25 15:32:29 #5 type] 
Type domain.Event is not enhanced.

[2021-02-25 15:32:29 #6 type.registry] 
New type java.util.Vector<domain.Question>

[2021-02-25 15:32:29 #7 type.registry] 
New type domain.Pertsona

[2021-02-25 15:32:29 #8 type.registry] 
New type domain.Admin

[2021-02-25 15:32:29 #9 type] 
Type domain.Pertsona is not enhanced.

[2021-02-25 15:32:29 #10 type] 
Type domain.Admin is not enhanced.

[2021-02-25 15:32:29 #11 type.registry] 
New type domain.User

[2021-02-25 15:32:29 #12 type] 
Type domain.User is not enhanced.

[2021-02-25 15:32:29 #13 type.registry] 
New type java.util.Vector<java.lang.Object>

------------------------------------------------------------------------------------------------------------------------

[2021-02-25 15:34:12 #1 store] 
Database 'C:\Users\julen\eclipse-workspace\Bets21-master\src\main\resources\bets.temp' is opened by 2480@DESKTOP-OT7AHR9

[2021-02-25 15:34:12 #2 type.registry] 
New type domain.Question

[2021-02-25 15:34:12 #3 type] 
Type domain.Question is not enhanced.

[2021-02-25 15:34:12 #4 type.registry] 
New type domain.Event

[2021-02-25 15:34:12 #5 type] 
Type domain.Event is not enhanced.

[2021-02-25 15:34:12 #6 type.registry] 
New type java.util.Vector<domain.Question>

[2021-02-25 15:34:12 #7 type.registry] 
New type domain.Pertsona

[2021-02-25 15:34:12 #8 type.registry] 
New type domain.Admin

[2021-02-25 15:34:12 #9 type] 
Type domain.Pertsona is not enhanced.

[2021-02-25 15:34:12 #10 type] 
Type domain.Admin is not enhanced.

[2021-02-25 15:34:12 #11 type.registry] 
New type domain.User

[2021-02-25 15:34:12 #12 type] 
Type domain.User is not enhanced.

[2021-02-25 15:34:12 #13 type.registry] 
New type java.util.Vector<java.lang.Object>

------------------------------------------------------------------------------------------------------------------------

[2021-02-25 15:35:06 #1 store] 
Database 'C:\Users\julen\eclipse-workspace\Bets21-master\src\main\resources\bets.temp' is opened by 12832@DESKTOP-OT7AHR9

[2021-02-25 15:35:07 #2 type.registry] 
New type domain.Question

[2021-02-25 15:35:07 #3 type] 
Type domain.Question is not enhanced.

[2021-02-25 15:35:07 #4 type.registry] 
New type domain.Event

[2021-02-25 15:35:07 #5 type] 
Type domain.Event is not enhanced.

[2021-02-25 15:35:07 #6 type.registry] 
New type java.util.Vector<domain.Question>

[2021-02-25 15:35:07 #7 type.registry] 
New type domain.Pertsona

[2021-02-25 15:35:07 #8 type.registry] 
New type domain.Admin

[2021-02-25 15:35:07 #9 type] 
Type domain.Pertsona is not enhanced.

[2021-02-25 15:35:07 #10 type] 
Type domain.Admin is not enhanced.

[2021-02-25 15:35:07 #11 type.registry] 
New type domain.User

[2021-02-25 15:35:07 #12 type] 
Type domain.User is not enhanced.

[2021-02-25 15:35:07 #13 type.registry] 
New type java.util.Vector<java.lang.Object>

------------------------------------------------------------------------------------------------------------------------

[2021-02-25 15:37:06 #1 store] 
Database 'C:\Users\julen\eclipse-workspace\Bets21-master\src\main\resources\bets.temp' is opened by 15308@DESKTOP-OT7AHR9

[2021-02-25 15:37:06 #2 type.registry] 
New type domain.Question

[2021-02-25 15:37:06 #3 type] 
Type domain.Question is not enhanced.

[2021-02-25 15:37:06 #4 type.registry] 
New type domain.Event

[2021-02-25 15:37:06 #5 type] 
Type domain.Event is not enhanced.

[2021-02-25 15:37:06 #6 type.registry] 
New type java.util.Vector<domain.Question>

[2021-02-25 15:37:06 #7 type.registry] 
New type domain.Pertsona

[2021-02-25 15:37:06 #8 type.registry] 
New type domain.Admin

[2021-02-25 15:37:06 #9 type] 
Type domain.Pertsona is not enhanced.

[2021-02-25 15:37:06 #10 type] 
Type domain.Admin is not enhanced.

[2021-02-25 15:37:06 #11 type.registry] 
New type domain.User

[2021-02-25 15:37:06 #12 type] 
Type domain.User is not enhanced.

[2021-02-25 15:37:06 #13 type.registry] 
New type java.util.Vector<java.lang.Object>

------------------------------------------------------------------------------------------------------------------------

[2021-02-25 15:37:38 #1 store] 
Database 'C:\Users\julen\eclipse-workspace\Bets21-master\src\main\resources\bets.temp' is opened by 11344@DESKTOP-OT7AHR9

[2021-02-25 15:37:38 #2 type.registry] 
New type domain.Question

[2021-02-25 15:37:38 #3 type] 
Type domain.Question is not enhanced.

[2021-02-25 15:37:38 #4 type.registry] 
New type domain.Event

[2021-02-25 15:37:38 #5 type] 
Type domain.Event is not enhanced.

[2021-02-25 15:37:38 #6 type.registry] 
New type java.util.Vector<domain.Question>

[2021-02-25 15:37:38 #7 type.registry] 
New type domain.Pertsona

[2021-02-25 15:37:38 #8 type.registry] 
New type domain.Admin

[2021-02-25 15:37:38 #9 type] 
Type domain.Pertsona is not enhanced.

[2021-02-25 15:37:38 #10 type] 
Type domain.Admin is not enhanced.

[2021-02-25 15:37:38 #11 type.registry] 
New type domain.User

[2021-02-25 15:37:38 #12 type] 
Type domain.User is not enhanced.

[2021-02-25 15:37:38 #13 type.registry] 
New type java.util.Vector<java.lang.Object>

------------------------------------------------------------------------------------------------------------------------

[2021-02-25 15:40:19 #1 store] 
Database 'C:\Users\julen\eclipse-workspace\Bets21-master\src\main\resources\bets.temp' is opened by 5356@DESKTOP-OT7AHR9

[2021-02-25 15:40:19 #2 type.registry] 
New type domain.Question

[2021-02-25 15:40:19 #3 type] 
Type domain.Question is not enhanced.

[2021-02-25 15:40:19 #4 type.registry] 
New type domain.Event

[2021-02-25 15:40:19 #5 type] 
Type domain.Event is not enhanced.

[2021-02-25 15:40:19 #6 type.registry] 
New type java.util.Vector<domain.Question>

[2021-02-25 15:40:19 #7 type.registry] 
New type domain.Pertsona

[2021-02-25 15:40:19 #8 type.registry] 
New type domain.Admin

[2021-02-25 15:40:19 #9 type] 
Type domain.Pertsona is not enhanced.

[2021-02-25 15:40:19 #10 type] 
Type domain.Admin is not enhanced.

[2021-02-25 15:40:19 #11 type.registry] 
New type domain.User

[2021-02-25 15:40:19 #12 type] 
Type domain.User is not enhanced.

[2021-02-25 15:40:19 #13 type.registry] 
New type java.util.Vector<java.lang.Object>

------------------------------------------------------------------------------------------------------------------------

[2021-02-25 15:44:14 #1 store] 
Database 'C:\Users\julen\eclipse-workspace\Bets21-master\src\main\resources\bets.temp' is opened by 12084@DESKTOP-OT7AHR9

[2021-02-25 15:44:14 #2 type.registry] 
New type domain.Question

[2021-02-25 15:44:14 #3 type] 
Type domain.Question is not enhanced.

[2021-02-25 15:44:14 #4 type.registry] 
New type domain.Event

[2021-02-25 15:44:14 #5 type] 
Type domain.Event is not enhanced.

[2021-02-25 15:44:15 #6 type.registry] 
New type java.util.Vector<domain.Question>

[2021-02-25 15:44:15 #7 type.registry] 
New type domain.Pertsona

[2021-02-25 15:44:15 #8 type.registry] 
New type domain.Admin

[2021-02-25 15:44:15 #9 type] 
Type domain.Pertsona is not enhanced.

[2021-02-25 15:44:15 #10 type] 
Type domain.Admin is not enhanced.

[2021-02-25 15:44:15 #11 type.registry] 
New type domain.User

[2021-02-25 15:44:15 #12 type] 
Type domain.User is not enhanced.

[2021-02-25 15:44:15 #13 type.registry] 
New type java.util.Vector<java.lang.Object>

------------------------------------------------------------------------------------------------------------------------

[2021-02-25 15:44:58 #1 store] 
Database 'C:\Users\julen\eclipse-workspace\Bets21-master\src\main\resources\bets.temp' is opened by 15148@DESKTOP-OT7AHR9

[2021-02-25 15:44:58 #2 type.registry] 
New type domain.Question

[2021-02-25 15:44:58 #3 type] 
Type domain.Question is not enhanced.

[2021-02-25 15:44:58 #4 type.registry] 
New type domain.Event

[2021-02-25 15:44:58 #5 type] 
Type domain.Event is not enhanced.

[2021-02-25 15:44:58 #6 type.registry] 
New type java.util.Vector<domain.Question>

[2021-02-25 15:44:58 #7 type.registry] 
New type domain.Pertsona

[2021-02-25 15:44:58 #8 type.registry] 
New type domain.Admin

[2021-02-25 15:44:58 #9 type] 
Type domain.Pertsona is not enhanced.

[2021-02-25 15:44:58 #10 type] 
Type domain.Admin is not enhanced.

[2021-02-25 15:44:58 #11 type.registry] 
New type domain.User

[2021-02-25 15:44:58 #12 type] 
Type domain.User is not enhanced.

[2021-02-25 15:44:58 #13 type.registry] 
New type java.util.Vector<java.lang.Object>

------------------------------------------------------------------------------------------------------------------------

[2021-02-25 15:45:58 #1 store] 
Database 'C:\Users\julen\eclipse-workspace\Bets21-master\src\main\resources\bets.temp' is opened by 7280@DESKTOP-OT7AHR9

[2021-02-25 15:45:58 #2 type.registry] 
New type domain.Question

[2021-02-25 15:45:58 #3 type] 
Type domain.Question is not enhanced.

[2021-02-25 15:45:58 #4 type.registry] 
New type domain.Event

[2021-02-25 15:45:58 #5 type] 
Type domain.Event is not enhanced.

[2021-02-25 15:45:58 #6 type.registry] 
New type java.util.Vector<domain.Question>

[2021-02-25 15:45:58 #7 type.registry] 
New type domain.Pertsona

[2021-02-25 15:45:58 #8 type.registry] 
New type domain.Admin

[2021-02-25 15:45:58 #9 type] 
Type domain.Pertsona is not enhanced.

[2021-02-25 15:45:58 #10 type] 
Type domain.Admin is not enhanced.

[2021-02-25 15:45:58 #11 type.registry] 
New type domain.User

[2021-02-25 15:45:58 #12 type] 
Type domain.User is not enhanced.

[2021-02-25 15:45:58 #13 type.registry] 
New type java.util.Vector<java.lang.Object>

------------------------------------------------------------------------------------------------------------------------

[2021-02-25 15:46:34 #1 store] 
Database 'C:\Users\julen\eclipse-workspace\Bets21-master\src\main\resources\bets.temp' is opened by 7040@DESKTOP-OT7AHR9

[2021-02-25 15:46:35 #2 type.registry] 
New type domain.Question

[2021-02-25 15:46:35 #3 type] 
Type domain.Question is not enhanced.

[2021-02-25 15:46:35 #4 type.registry] 
New type domain.Event

[2021-02-25 15:46:35 #5 type] 
Type domain.Event is not enhanced.

[2021-02-25 15:46:35 #6 type.registry] 
New type java.util.Vector<domain.Question>

[2021-02-25 15:46:35 #7 type.registry] 
New type domain.Pertsona

[2021-02-25 15:46:35 #8 type.registry] 
New type domain.Admin

[2021-02-25 15:46:35 #9 type] 
Type domain.Pertsona is not enhanced.

[2021-02-25 15:46:35 #10 type] 
Type domain.Admin is not enhanced.

[2021-02-25 15:46:35 #11 type.registry] 
New type domain.User

[2021-02-25 15:46:35 #12 type] 
Type domain.User is not enhanced.

[2021-02-25 15:46:35 #13 type.registry] 
New type java.util.Vector<java.lang.Object>

------------------------------------------------------------------------------------------------------------------------

[2021-02-25 15:50:07 #1 store] 
Database 'C:\Users\julen\eclipse-workspace\Bets21-master\src\main\resources\bets.temp' is opened by 15140@DESKTOP-OT7AHR9

[2021-02-25 15:50:07 #2 type.registry] 
New type domain.Question

[2021-02-25 15:50:07 #3 type] 
Type domain.Question is not enhanced.

[2021-02-25 15:50:07 #4 type.registry] 
New type domain.Event

[2021-02-25 15:50:07 #5 type] 
Type domain.Event is not enhanced.

[2021-02-25 15:50:07 #6 type.registry] 
New type java.util.Vector<domain.Question>

[2021-02-25 15:50:07 #7 type.registry] 
New type domain.Pertsona

[2021-02-25 15:50:07 #8 type.registry] 
New type domain.Admin

[2021-02-25 15:50:07 #9 type] 
Type domain.Pertsona is not enhanced.

[2021-02-25 15:50:07 #10 type] 
Type domain.Admin is not enhanced.

[2021-02-25 15:50:07 #11 type.registry] 
New type domain.User

[2021-02-25 15:50:07 #12 type] 
Type domain.User is not enhanced.

[2021-02-25 15:50:07 #13 type.registry] 
New type java.util.Vector<java.lang.Object>

------------------------------------------------------------------------------------------------------------------------

[2021-02-25 15:54:25 #1 store] 
Database 'C:\Users\julen\eclipse-workspace\Bets21-master\src\main\resources\bets.temp' is opened by 516@DESKTOP-OT7AHR9

[2021-02-25 15:54:25 #2 type.registry] 
New type domain.Question

[2021-02-25 15:54:25 #3 type] 
Type domain.Question is not enhanced.

[2021-02-25 15:54:25 #4 type.registry] 
New type domain.Event

[2021-02-25 15:54:25 #5 type] 
Type domain.Event is not enhanced.

[2021-02-25 15:54:25 #6 type.registry] 
New type java.util.Vector<domain.Question>

[2021-02-25 15:54:25 #7 type.registry] 
New type domain.Pertsona

[2021-02-25 15:54:25 #8 type.registry] 
New type domain.Admin

[2021-02-25 15:54:25 #9 type] 
Type domain.Pertsona is not enhanced.

[2021-02-25 15:54:25 #10 type] 
Type domain.Admin is not enhanced.

[2021-02-25 15:54:25 #11 type.registry] 
New type domain.User

[2021-02-25 15:54:25 #12 type] 
Type domain.User is not enhanced.

[2021-02-25 15:54:25 #13 type.registry] 
New type java.util.Vector<java.lang.Object>

------------------------------------------------------------------------------------------------------------------------

[2021-02-25 15:55:20 #1 store] 
Database 'C:\Users\julen\eclipse-workspace\Bets21-master\src\main\resources\bets.temp' is opened by 3196@DESKTOP-OT7AHR9

[2021-02-25 15:55:20 #2 type.registry] 
New type domain.Question

[2021-02-25 15:55:20 #3 type] 
Type domain.Question is not enhanced.

[2021-02-25 15:55:20 #4 type.registry] 
New type domain.Event

[2021-02-25 15:55:20 #5 type] 
Type domain.Event is not enhanced.

[2021-02-25 15:55:20 #6 type.registry] 
New type java.util.Vector<domain.Question>

[2021-02-25 15:55:20 #7 type.registry] 
New type domain.Pertsona

[2021-02-25 15:55:20 #8 type.registry] 
New type domain.Admin

[2021-02-25 15:55:20 #9 type] 
Type domain.Pertsona is not enhanced.

[2021-02-25 15:55:20 #10 type] 
Type domain.Admin is not enhanced.

[2021-02-25 15:55:20 #11 type.registry] 
New type domain.User

[2021-02-25 15:55:20 #12 type] 
Type domain.User is not enhanced.

[2021-02-25 15:55:20 #13 type.registry] 
New type java.util.Vector<java.lang.Object>

------------------------------------------------------------------------------------------------------------------------

[2021-02-25 15:55:56 #1 store] 
Database 'C:\Users\julen\eclipse-workspace\Bets21-master\src\main\resources\bets.temp' is opened by 13588@DESKTOP-OT7AHR9

[2021-02-25 15:55:56 #2 type.registry] 
New type domain.Question

[2021-02-25 15:55:56 #3 type] 
Type domain.Question is not enhanced.

[2021-02-25 15:55:56 #4 type.registry] 
New type domain.Event

[2021-02-25 15:55:56 #5 type] 
Type domain.Event is not enhanced.

[2021-02-25 15:55:56 #6 type.registry] 
New type java.util.Vector<domain.Question>

[2021-02-25 15:55:56 #7 type.registry] 
New type domain.Pertsona

[2021-02-25 15:55:56 #8 type.registry] 
New type domain.Admin

[2021-02-25 15:55:56 #9 type] 
Type domain.Pertsona is not enhanced.

[2021-02-25 15:55:56 #10 type] 
Type domain.Admin is not enhanced.

[2021-02-25 15:55:56 #11 type.registry] 
New type domain.User

[2021-02-25 15:55:56 #12 type] 
Type domain.User is not enhanced.

[2021-02-25 15:55:56 #13 type.registry] 
New type java.util.Vector<java.lang.Object>

------------------------------------------------------------------------------------------------------------------------

[2021-02-25 15:56:27 #1 store] 
Database 'C:\Users\julen\eclipse-workspace\Bets21-master\src\main\resources\bets.temp' is opened by 3896@DESKTOP-OT7AHR9

[2021-02-25 15:56:28 #2 type.registry] 
New type domain.Question

[2021-02-25 15:56:28 #3 type] 
Type domain.Question is not enhanced.

[2021-02-25 15:56:28 #4 type.registry] 
New type domain.Event

[2021-02-25 15:56:28 #5 type] 
Type domain.Event is not enhanced.

[2021-02-25 15:56:28 #6 type.registry] 
New type java.util.Vector<domain.Question>

[2021-02-25 15:56:28 #7 type.registry] 
New type domain.Pertsona

[2021-02-25 15:56:28 #8 type.registry] 
New type domain.Admin

[2021-02-25 15:56:28 #9 type] 
Type domain.Pertsona is not enhanced.

[2021-02-25 15:56:28 #10 type] 
Type domain.Admin is not enhanced.

[2021-02-25 15:56:28 #11 type.registry] 
New type domain.User

[2021-02-25 15:56:28 #12 type] 
Type domain.User is not enhanced.

[2021-02-25 15:56:28 #13 type.registry] 
New type java.util.Vector<java.lang.Object>

------------------------------------------------------------------------------------------------------------------------

[2021-02-25 15:58:24 #1 store] 
Database 'C:\Users\julen\eclipse-workspace\Bets21-master\src\main\resources\bets.temp' is opened by 12824@DESKTOP-OT7AHR9

[2021-02-25 15:58:24 #2 type.registry] 
New type domain.Question

[2021-02-25 15:58:24 #3 type] 
Type domain.Question is not enhanced.

[2021-02-25 15:58:24 #4 type.registry] 
New type domain.Event

[2021-02-25 15:58:24 #5 type] 
Type domain.Event is not enhanced.

[2021-02-25 15:58:24 #6 type.registry] 
New type java.util.Vector<domain.Question>

[2021-02-25 15:58:24 #7 type.registry] 
New type domain.Pertsona

[2021-02-25 15:58:24 #8 type.registry] 
New type domain.Admin

[2021-02-25 15:58:24 #9 type] 
Type domain.Pertsona is not enhanced.

[2021-02-25 15:58:24 #10 type] 
Type domain.Admin is not enhanced.

[2021-02-25 15:58:24 #11 type.registry] 
New type domain.User

[2021-02-25 15:58:24 #12 type] 
Type domain.User is not enhanced.

[2021-02-25 15:58:24 #13 type.registry] 
New type java.util.Vector<java.lang.Object>

------------------------------------------------------------------------------------------------------------------------

[2021-02-25 16:00:27 #1 store] 
Database 'C:\Users\julen\eclipse-workspace\Bets21-master\src\main\resources\bets.temp' is opened by 4264@DESKTOP-OT7AHR9

[2021-02-25 16:00:27 #2 type.registry] 
New type domain.Question

[2021-02-25 16:00:27 #3 type] 
Type domain.Question is not enhanced.

[2021-02-25 16:00:27 #4 type.registry] 
New type domain.Event

[2021-02-25 16:00:27 #5 type] 
Type domain.Event is not enhanced.

[2021-02-25 16:00:27 #6 type.registry] 
New type java.util.Vector<domain.Question>

[2021-02-25 16:00:27 #7 type.registry] 
New type domain.Pertsona

[2021-02-25 16:00:27 #8 type.registry] 
New type domain.Admin

[2021-02-25 16:00:27 #9 type] 
Type domain.Pertsona is not enhanced.

[2021-02-25 16:00:27 #10 type] 
Type domain.Admin is not enhanced.

[2021-02-25 16:00:27 #11 type.registry] 
New type domain.User

[2021-02-25 16:00:27 #12 type] 
Type domain.User is not enhanced.

[2021-02-25 16:00:27 #13 type.registry] 
New type java.util.Vector<java.lang.Object>

------------------------------------------------------------------------------------------------------------------------

[2021-02-25 16:01:02 #1 store] 
Database 'C:\Users\julen\eclipse-workspace\Bets21-master\src\main\resources\bets.temp' is opened by 4776@DESKTOP-OT7AHR9

[2021-02-25 16:01:02 #2 type.registry] 
New type domain.Question

[2021-02-25 16:01:02 #3 type] 
Type domain.Question is not enhanced.

[2021-02-25 16:01:02 #4 type.registry] 
New type domain.Event

[2021-02-25 16:01:02 #5 type] 
Type domain.Event is not enhanced.

[2021-02-25 16:01:02 #6 type.registry] 
New type java.util.Vector<domain.Question>

[2021-02-25 16:01:02 #7 type.registry] 
New type domain.Pertsona

[2021-02-25 16:01:02 #8 type.registry] 
New type domain.Admin

[2021-02-25 16:01:02 #9 type] 
Type domain.Pertsona is not enhanced.

[2021-02-25 16:01:02 #10 type] 
Type domain.Admin is not enhanced.

[2021-02-25 16:01:02 #11 type.registry] 
New type domain.User

[2021-02-25 16:01:02 #12 type] 
Type domain.User is not enhanced.

[2021-02-25 16:01:02 #13 type.registry] 
New type java.util.Vector<java.lang.Object>

------------------------------------------------------------------------------------------------------------------------

[2021-02-25 16:11:33 #1 store] 
Database 'C:\Users\julen\eclipse-workspace\Bets21-master\src\main\resources\bets.temp' is opened by 8216@DESKTOP-OT7AHR9

[2021-02-25 16:11:33 #2 type.registry] 
New type domain.Question

[2021-02-25 16:11:33 #3 type] 
Type domain.Question is not enhanced.

[2021-02-25 16:11:33 #4 type.registry] 
New type domain.Event

[2021-02-25 16:11:33 #5 type] 
Type domain.Event is not enhanced.

[2021-02-25 16:11:33 #6 type.registry] 
New type java.util.Vector<domain.Question>

[2021-02-25 16:11:33 #7 type.registry] 
New type domain.Pertsona

[2021-02-25 16:11:33 #8 type.registry] 
New type domain.Admin

[2021-02-25 16:11:33 #9 type] 
Type domain.Pertsona is not enhanced.

[2021-02-25 16:11:33 #10 type] 
Type domain.Admin is not enhanced.

[2021-02-25 16:11:33 #11 type.registry] 
New type domain.User

[2021-02-25 16:11:33 #12 type] 
Type domain.User is not enhanced.

[2021-02-25 16:11:33 #13 type.registry] 
New type java.util.Vector<java.lang.Object>

------------------------------------------------------------------------------------------------------------------------

[2021-02-25 16:13:31 #1 store] 
Database 'C:\Users\julen\eclipse-workspace\Bets21-master\src\main\resources\bets.temp' is opened by 10820@DESKTOP-OT7AHR9

[2021-02-25 16:13:32 #2 type.registry] 
New type domain.Question

[2021-02-25 16:13:32 #3 type] 
Type domain.Question is not enhanced.

[2021-02-25 16:13:32 #4 type.registry] 
New type domain.Event

[2021-02-25 16:13:32 #5 type] 
Type domain.Event is not enhanced.

[2021-02-25 16:13:32 #6 type.registry] 
New type java.util.Vector<domain.Question>

[2021-02-25 16:13:32 #7 type.registry] 
New type domain.Pertsona

[2021-02-25 16:13:32 #8 type.registry] 
New type domain.Admin

[2021-02-25 16:13:32 #9 type] 
Type domain.Pertsona is not enhanced.

[2021-02-25 16:13:32 #10 type] 
Type domain.Admin is not enhanced.

[2021-02-25 16:13:32 #11 type.registry] 
New type domain.User

[2021-02-25 16:13:32 #12 type] 
Type domain.User is not enhanced.

[2021-02-25 16:13:32 #13 type.registry] 
New type java.util.Vector<java.lang.Object>

------------------------------------------------------------------------------------------------------------------------

[2021-02-25 16:14:14 #1 store] 
Database 'C:\Users\julen\eclipse-workspace\Bets21-master\src\main\resources\bets.temp' is opened by 2420@DESKTOP-OT7AHR9

[2021-02-25 16:14:14 #2 type.registry] 
New type domain.Question

[2021-02-25 16:14:14 #3 type] 
Type domain.Question is not enhanced.

[2021-02-25 16:14:14 #4 type.registry] 
New type domain.Event

[2021-02-25 16:14:14 #5 type] 
Type domain.Event is not enhanced.

[2021-02-25 16:14:14 #6 type.registry] 
New type java.util.Vector<domain.Question>

[2021-02-25 16:14:14 #7 type.registry] 
New type domain.Pertsona

[2021-02-25 16:14:14 #8 type.registry] 
New type domain.Admin

[2021-02-25 16:14:14 #9 type] 
Type domain.Pertsona is not enhanced.

[2021-02-25 16:14:14 #10 type] 
Type domain.Admin is not enhanced.

[2021-02-25 16:14:14 #11 type.registry] 
New type domain.User

[2021-02-25 16:14:14 #12 type] 
Type domain.User is not enhanced.

[2021-02-25 16:14:14 #13 type.registry] 
New type java.util.Vector<java.lang.Object>

------------------------------------------------------------------------------------------------------------------------

[2021-02-25 16:14:23 #1 store] 
Database 'C:\Users\julen\eclipse-workspace\Bets21-master\src\main\resources\bets.temp' is opened by 3252@DESKTOP-OT7AHR9

[2021-02-25 16:14:23 #2 type.registry] 
New type domain.Question

[2021-02-25 16:14:23 #3 type] 
Type domain.Question is not enhanced.

[2021-02-25 16:14:23 #4 type.registry] 
New type domain.Event

[2021-02-25 16:14:23 #5 type] 
Type domain.Event is not enhanced.

[2021-02-25 16:14:23 #6 type.registry] 
New type java.util.Vector<domain.Question>

[2021-02-25 16:14:23 #7 type.registry] 
New type domain.Pertsona

[2021-02-25 16:14:23 #8 type.registry] 
New type domain.Admin

[2021-02-25 16:14:23 #9 type] 
Type domain.Pertsona is not enhanced.

[2021-02-25 16:14:23 #10 type] 
Type domain.Admin is not enhanced.

[2021-02-25 16:14:23 #11 type.registry] 
New type domain.User

[2021-02-25 16:14:23 #12 type] 
Type domain.User is not enhanced.

[2021-02-25 16:14:23 #13 type.registry] 
New type java.util.Vector<java.lang.Object>

------------------------------------------------------------------------------------------------------------------------

[2021-02-25 16:15:06 #1 store] 
Database 'C:\Users\julen\eclipse-workspace\Bets21-master\src\main\resources\bets.temp' is opened by 13060@DESKTOP-OT7AHR9

[2021-02-25 16:15:06 #2 type.registry] 
New type domain.Question

[2021-02-25 16:15:06 #3 type] 
Type domain.Question is not enhanced.

[2021-02-25 16:15:06 #4 type.registry] 
New type domain.Event

[2021-02-25 16:15:06 #5 type] 
Type domain.Event is not enhanced.

[2021-02-25 16:15:06 #6 type.registry] 
New type java.util.Vector<domain.Question>

[2021-02-25 16:15:06 #7 type.registry] 
New type domain.Pertsona

[2021-02-25 16:15:06 #8 type.registry] 
New type domain.Admin

[2021-02-25 16:15:06 #9 type] 
Type domain.Pertsona is not enhanced.

[2021-02-25 16:15:06 #10 type] 
Type domain.Admin is not enhanced.

[2021-02-25 16:15:06 #11 type.registry] 
New type domain.User

[2021-02-25 16:15:06 #12 type] 
Type domain.User is not enhanced.

[2021-02-25 16:15:06 #13 type.registry] 
New type java.util.Vector<java.lang.Object>

------------------------------------------------------------------------------------------------------------------------

[2021-02-25 16:16:17 #1 store] 
Database 'C:\Users\julen\eclipse-workspace\Bets21-master\src\main\resources\bets.temp' is opened by 9012@DESKTOP-OT7AHR9

[2021-02-25 16:16:17 #2 type.registry] 
New type domain.Question

[2021-02-25 16:16:17 #3 type] 
Type domain.Question is not enhanced.

[2021-02-25 16:16:17 #4 type.registry] 
New type domain.Event

[2021-02-25 16:16:17 #5 type] 
Type domain.Event is not enhanced.

[2021-02-25 16:16:17 #6 type.registry] 
New type java.util.Vector<domain.Question>

[2021-02-25 16:16:17 #7 type.registry] 
New type domain.Pertsona

[2021-02-25 16:16:17 #8 type.registry] 
New type domain.Admin

[2021-02-25 16:16:17 #9 type] 
Type domain.Pertsona is not enhanced.

[2021-02-25 16:16:17 #10 type] 
Type domain.Admin is not enhanced.

[2021-02-25 16:16:17 #11 type.registry] 
New type domain.User

[2021-02-25 16:16:17 #12 type] 
Type domain.User is not enhanced.

[2021-02-25 16:16:17 #13 type.registry] 
New type java.util.Vector<java.lang.Object>

------------------------------------------------------------------------------------------------------------------------

[2021-02-25 16:19:07 #1 store] 
Database 'C:\Users\julen\eclipse-workspace\Bets21-master\src\main\resources\bets.temp' is opened by 4272@DESKTOP-OT7AHR9

[2021-02-25 16:19:07 #2 type.registry] 
New type domain.Question

[2021-02-25 16:19:07 #3 type] 
Type domain.Question is not enhanced.

[2021-02-25 16:19:07 #4 type.registry] 
New type domain.Event

[2021-02-25 16:19:07 #5 type] 
Type domain.Event is not enhanced.

[2021-02-25 16:19:07 #6 type.registry] 
New type java.util.Vector<domain.Question>

[2021-02-25 16:19:07 #7 type.registry] 
New type domain.Pertsona

[2021-02-25 16:19:07 #8 type.registry] 
New type domain.Admin

[2021-02-25 16:19:07 #9 type] 
Type domain.Pertsona is not enhanced.

[2021-02-25 16:19:07 #10 type] 
Type domain.Admin is not enhanced.

[2021-02-25 16:19:07 #11 type.registry] 
New type domain.User

[2021-02-25 16:19:07 #12 type] 
Type domain.User is not enhanced.

[2021-02-25 16:19:07 #13 type.registry] 
New type java.util.Vector<java.lang.Object>

------------------------------------------------------------------------------------------------------------------------

[2021-02-25 16:20:06 #1 store] 
Database 'C:\Users\julen\eclipse-workspace\Bets21-master\src\main\resources\bets.temp' is opened by 6800@DESKTOP-OT7AHR9

[2021-02-25 16:20:06 #2 type.registry] 
New type domain.Question

[2021-02-25 16:20:06 #3 type] 
Type domain.Question is not enhanced.

[2021-02-25 16:20:06 #4 type.registry] 
New type domain.Event

[2021-02-25 16:20:06 #5 type] 
Type domain.Event is not enhanced.

[2021-02-25 16:20:06 #6 type.registry] 
New type java.util.Vector<domain.Question>

[2021-02-25 16:20:06 #7 type.registry] 
New type domain.Pertsona

[2021-02-25 16:20:06 #8 type.registry] 
New type domain.Admin

[2021-02-25 16:20:06 #9 type] 
Type domain.Pertsona is not enhanced.

[2021-02-25 16:20:06 #10 type] 
Type domain.Admin is not enhanced.

[2021-02-25 16:20:06 #11 type.registry] 
New type domain.User

[2021-02-25 16:20:06 #12 type] 
Type domain.User is not enhanced.

[2021-02-25 16:20:06 #13 type.registry] 
New type java.util.Vector<java.lang.Object>

