------------------------------------------------------------------------------------------------------------------------

[2021-03-30 10:17:53 #1 store] 
Database 'C:\Users\julen\eclipse-workspace\Bets21-master\src\main\resources\bets.temp' is opened by 8952@DESKTOP-OT7AHR9

[2021-03-30 10:17:53 #2 type.registry] 
New type domain.Question

[2021-03-30 10:17:53 #3 type] 
Type domain.Question is not enhanced.

[2021-03-30 10:17:53 #4 type.registry] 
New type domain.Event

[2021-03-30 10:17:53 #5 type.registry] 
New type java.util.HashMap<java.lang.String,java.lang.Double>

[2021-03-30 10:17:53 #6 type] 
Type domain.Event is not enhanced.

[2021-03-30 10:17:53 #7 type.registry] 
New type java.util.Vector<domain.Question>

[2021-03-30 10:17:53 #8 type.registry] 
New type domain.Pertsona

[2021-03-30 10:17:53 #9 type.registry] 
New type domain.Langile

[2021-03-30 10:17:53 #10 type] 
Type domain.Pertsona is not enhanced.

[2021-03-30 10:17:53 #11 type] 
Type domain.Langile is not enhanced.

[2021-03-30 10:17:53 #12 type.registry] 
New type domain.User

[2021-03-30 10:17:53 #13 type] 
Type domain.User is not enhanced.

[2021-03-30 10:17:53 #14 type.registry] 
New type java.util.ArrayList<java.lang.String>

[2021-03-30 10:17:53 #15 type.registry] 
New type java.util.Vector<java.lang.Object>

[2021-03-30 10:17:53 #16 type.registry] 
New type java.util.HashMap<java.lang.Object,java.lang.Object>

[2021-03-30 10:17:53 #17 type.registry] 
New type java.util.ArrayList<java.lang.Object>

------------------------------------------------------------------------------------------------------------------------

[2021-03-30 10:19:15 #1 store] 
Database 'C:\Users\julen\eclipse-workspace\Bets21-master\src\main\resources\bets.temp' is opened by 10444@DESKTOP-OT7AHR9

[2021-03-30 10:19:15 #2 type.registry] 
New type domain.Question

[2021-03-30 10:19:15 #3 type] 
Type domain.Question is not enhanced.

[2021-03-30 10:19:15 #4 type.registry] 
New type domain.Event

[2021-03-30 10:19:15 #5 type.registry] 
New type java.util.HashMap<java.lang.String,java.lang.Double>

[2021-03-30 10:19:15 #6 type] 
Type domain.Event is not enhanced.

[2021-03-30 10:19:15 #7 type.registry] 
New type java.util.Vector<domain.Question>

[2021-03-30 10:19:15 #8 type.registry] 
New type domain.Pertsona

[2021-03-30 10:19:15 #9 type.registry] 
New type domain.Langile

[2021-03-30 10:19:15 #10 type] 
Type domain.Pertsona is not enhanced.

[2021-03-30 10:19:15 #11 type] 
Type domain.Langile is not enhanced.

[2021-03-30 10:19:15 #12 type.registry] 
New type domain.User

[2021-03-30 10:19:15 #13 type] 
Type domain.User is not enhanced.

[2021-03-30 10:19:15 #14 type.registry] 
New type java.util.ArrayList<java.lang.String>

[2021-03-30 10:19:15 #15 type.registry] 
New type java.util.Vector<java.lang.Object>

[2021-03-30 10:19:15 #16 type.registry] 
New type java.util.HashMap<java.lang.Object,java.lang.Object>

[2021-03-30 10:19:15 #17 type.registry] 
New type java.util.ArrayList<java.lang.Object>

------------------------------------------------------------------------------------------------------------------------

[2021-03-30 10:27:23 #1 store] 
Database 'C:\Users\julen\eclipse-workspace\Bets21-master\src\main\resources\bets.temp' is opened by 9616@DESKTOP-OT7AHR9

[2021-03-30 10:27:23 #2 type.registry] 
New type domain.Question

[2021-03-30 10:27:23 #3 type] 
Type domain.Question is not enhanced.

[2021-03-30 10:27:23 #4 type.registry] 
New type domain.Event

[2021-03-30 10:27:23 #5 type.registry] 
New type java.util.HashMap<java.lang.String,java.lang.Double>

[2021-03-30 10:27:23 #6 type] 
Type domain.Event is not enhanced.

[2021-03-30 10:27:23 #7 type.registry] 
New type java.util.Vector<domain.Question>

[2021-03-30 10:27:23 #8 type.registry] 
New type domain.Pertsona

[2021-03-30 10:27:23 #9 type.registry] 
New type domain.Langile

[2021-03-30 10:27:23 #10 type] 
Type domain.Pertsona is not enhanced.

[2021-03-30 10:27:23 #11 type] 
Type domain.Langile is not enhanced.

[2021-03-30 10:27:23 #12 type.registry] 
New type domain.User

[2021-03-30 10:27:23 #13 type] 
Type domain.User is not enhanced.

[2021-03-30 10:27:23 #14 type.registry] 
New type java.util.ArrayList<java.lang.String>

[2021-03-30 10:27:23 #15 type.registry] 
New type java.util.Vector<java.lang.Object>

[2021-03-30 10:27:23 #16 type.registry] 
New type java.util.HashMap<java.lang.Object,java.lang.Object>

[2021-03-30 10:27:23 #17 type.registry] 
New type java.util.ArrayList<java.lang.Object>

------------------------------------------------------------------------------------------------------------------------

[2021-03-30 10:28:54 #1 store] 
Database 'C:\Users\julen\eclipse-workspace\Bets21-master\src\main\resources\bets.temp' is opened by 6804@DESKTOP-OT7AHR9

[2021-03-30 10:28:54 #2 type.registry] 
New type domain.Question

[2021-03-30 10:28:54 #3 type] 
Type domain.Question is not enhanced.

[2021-03-30 10:28:54 #4 type.registry] 
New type domain.Event

[2021-03-30 10:28:54 #5 type.registry] 
New type java.util.HashMap<java.lang.String,java.lang.Double>

[2021-03-30 10:28:54 #6 type] 
Type domain.Event is not enhanced.

[2021-03-30 10:28:54 #7 type.registry] 
New type java.util.Vector<domain.Question>

[2021-03-30 10:28:54 #8 type.registry] 
New type domain.Pertsona

[2021-03-30 10:28:54 #9 type.registry] 
New type domain.Langile

[2021-03-30 10:28:54 #10 type] 
Type domain.Pertsona is not enhanced.

[2021-03-30 10:28:54 #11 type] 
Type domain.Langile is not enhanced.

[2021-03-30 10:28:54 #12 type.registry] 
New type domain.User

[2021-03-30 10:28:54 #13 type] 
Type domain.User is not enhanced.

[2021-03-30 10:28:54 #14 type.registry] 
New type java.util.ArrayList<java.lang.String>

[2021-03-30 10:28:54 #15 type.registry] 
New type java.util.Vector<java.lang.Object>

[2021-03-30 10:28:54 #16 type.registry] 
New type java.util.HashMap<java.lang.Object,java.lang.Object>

[2021-03-30 10:28:54 #17 type.registry] 
New type java.util.ArrayList<java.lang.Object>

------------------------------------------------------------------------------------------------------------------------

[2021-03-30 10:31:28 #1 store] 
Database 'C:\Users\julen\eclipse-workspace\Bets21-master\src\main\resources\bets.temp' is opened by 11436@DESKTOP-OT7AHR9

[2021-03-30 10:31:28 #2 type.registry] 
New type domain.Question

[2021-03-30 10:31:28 #3 type] 
Type domain.Question is not enhanced.

[2021-03-30 10:31:28 #4 type.registry] 
New type domain.Event

[2021-03-30 10:31:28 #5 type.registry] 
New type java.util.HashMap<java.lang.String,java.lang.Double>

[2021-03-30 10:31:28 #6 type] 
Type domain.Event is not enhanced.

[2021-03-30 10:31:28 #7 type.registry] 
New type java.util.Vector<domain.Question>

[2021-03-30 10:31:28 #8 type.registry] 
New type domain.Pertsona

[2021-03-30 10:31:28 #9 type.registry] 
New type domain.Langile

[2021-03-30 10:31:28 #10 type] 
Type domain.Pertsona is not enhanced.

[2021-03-30 10:31:28 #11 type] 
Type domain.Langile is not enhanced.

[2021-03-30 10:31:28 #12 type.registry] 
New type domain.User

[2021-03-30 10:31:28 #13 type] 
Type domain.User is not enhanced.

[2021-03-30 10:31:28 #14 type.registry] 
New type java.util.ArrayList<java.lang.String>

[2021-03-30 10:31:28 #15 type.registry] 
New type java.util.Vector<java.lang.Object>

[2021-03-30 10:31:28 #16 type.registry] 
New type java.util.HashMap<java.lang.Object,java.lang.Object>

[2021-03-30 10:31:28 #17 type.registry] 
New type java.util.ArrayList<java.lang.Object>

------------------------------------------------------------------------------------------------------------------------

[2021-03-30 10:32:17 #1 store] 
Database 'C:\Users\julen\eclipse-workspace\Bets21-master\src\main\resources\bets.temp' is opened by 13288@DESKTOP-OT7AHR9

[2021-03-30 10:32:17 #2 type.registry] 
New type domain.Question

[2021-03-30 10:32:17 #3 type] 
Type domain.Question is not enhanced.

[2021-03-30 10:32:17 #4 type.registry] 
New type domain.Event

[2021-03-30 10:32:17 #5 type.registry] 
New type java.util.HashMap<java.lang.String,java.lang.Double>

[2021-03-30 10:32:17 #6 type] 
Type domain.Event is not enhanced.

[2021-03-30 10:32:17 #7 type.registry] 
New type java.util.Vector<domain.Question>

[2021-03-30 10:32:17 #8 type.registry] 
New type domain.Pertsona

[2021-03-30 10:32:17 #9 type.registry] 
New type domain.Langile

[2021-03-30 10:32:17 #10 type] 
Type domain.Pertsona is not enhanced.

[2021-03-30 10:32:17 #11 type] 
Type domain.Langile is not enhanced.

[2021-03-30 10:32:17 #12 type.registry] 
New type domain.User

[2021-03-30 10:32:17 #13 type] 
Type domain.User is not enhanced.

[2021-03-30 10:32:17 #14 type.registry] 
New type java.util.ArrayList<java.lang.String>

[2021-03-30 10:32:17 #15 type.registry] 
New type java.util.Vector<java.lang.Object>

[2021-03-30 10:32:17 #16 type.registry] 
New type java.util.HashMap<java.lang.Object,java.lang.Object>

[2021-03-30 10:32:17 #17 type.registry] 
New type java.util.ArrayList<java.lang.Object>

------------------------------------------------------------------------------------------------------------------------

[2021-03-30 10:34:16 #1 store] 
Database 'C:\Users\julen\eclipse-workspace\Bets21-master\src\main\resources\bets.temp' is opened by 3124@DESKTOP-OT7AHR9

[2021-03-30 10:34:16 #2 type.registry] 
New type domain.Question

[2021-03-30 10:34:16 #3 type] 
Type domain.Question is not enhanced.

[2021-03-30 10:34:16 #4 type.registry] 
New type domain.Event

[2021-03-30 10:34:16 #5 type.registry] 
New type java.util.HashMap<java.lang.String,java.lang.Double>

[2021-03-30 10:34:16 #6 type] 
Type domain.Event is not enhanced.

[2021-03-30 10:34:16 #7 type.registry] 
New type java.util.Vector<domain.Question>

[2021-03-30 10:34:16 #8 type.registry] 
New type domain.Pertsona

[2021-03-30 10:34:16 #9 type.registry] 
New type domain.Langile

[2021-03-30 10:34:16 #10 type] 
Type domain.Pertsona is not enhanced.

[2021-03-30 10:34:16 #11 type] 
Type domain.Langile is not enhanced.

[2021-03-30 10:34:16 #12 type.registry] 
New type domain.User

[2021-03-30 10:34:16 #13 type] 
Type domain.User is not enhanced.

[2021-03-30 10:34:16 #14 type.registry] 
New type java.util.ArrayList<java.lang.String>

[2021-03-30 10:34:16 #15 type.registry] 
New type java.util.Vector<java.lang.Object>

[2021-03-30 10:34:16 #16 type.registry] 
New type java.util.HashMap<java.lang.Object,java.lang.Object>

[2021-03-30 10:34:16 #17 type.registry] 
New type java.util.ArrayList<java.lang.Object>

------------------------------------------------------------------------------------------------------------------------

[2021-03-30 12:35:49 #1 store] 
Database 'C:\Users\julen\eclipse-workspace\Bets21-master\src\main\resources\bets.temp' is opened by 6996@DESKTOP-OT7AHR9

[2021-03-30 12:35:49 #2 type.registry] 
New type domain.Question

[2021-03-30 12:35:49 #3 type] 
Type domain.Question is not enhanced.

[2021-03-30 12:35:49 #4 type.registry] 
New type domain.Event

[2021-03-30 12:35:49 #5 type.registry] 
New type java.util.HashMap<java.lang.String,java.lang.Double>

[2021-03-30 12:35:49 #6 type] 
Type domain.Event is not enhanced.

[2021-03-30 12:35:49 #7 type.registry] 
New type java.util.Vector<domain.Question>

[2021-03-30 12:35:49 #8 type.registry] 
New type domain.Pertsona

[2021-03-30 12:35:49 #9 type.registry] 
New type domain.Langile

[2021-03-30 12:35:49 #10 type] 
Type domain.Pertsona is not enhanced.

[2021-03-30 12:35:49 #11 type] 
Type domain.Langile is not enhanced.

[2021-03-30 12:35:49 #12 type.registry] 
New type domain.User

[2021-03-30 12:35:49 #13 type] 
Type domain.User is not enhanced.

[2021-03-30 12:35:49 #14 type.registry] 
New type java.util.ArrayList<java.lang.String>

[2021-03-30 12:35:49 #15 type.registry] 
New type java.util.Vector<java.lang.Object>

[2021-03-30 12:35:49 #16 type.registry] 
New type java.util.HashMap<java.lang.Object,java.lang.Object>

[2021-03-30 12:35:49 #17 type.registry] 
New type java.util.ArrayList<java.lang.Object>

------------------------------------------------------------------------------------------------------------------------

[2021-03-30 12:36:14 #1 store] 
Database 'C:\Users\julen\eclipse-workspace\Bets21-master\src\main\resources\bets.temp' is opened by 10612@DESKTOP-OT7AHR9

[2021-03-30 12:36:14 #2 type.registry] 
New type domain.Question

[2021-03-30 12:36:14 #3 type] 
Type domain.Question is not enhanced.

[2021-03-30 12:36:14 #4 type.registry] 
New type domain.Event

[2021-03-30 12:36:14 #5 type.registry] 
New type java.util.HashMap<java.lang.String,java.lang.Double>

[2021-03-30 12:36:14 #6 type] 
Type domain.Event is not enhanced.

[2021-03-30 12:36:14 #7 type.registry] 
New type java.util.Vector<domain.Question>

[2021-03-30 12:36:14 #8 type.registry] 
New type domain.Pertsona

[2021-03-30 12:36:14 #9 type.registry] 
New type domain.Langile

[2021-03-30 12:36:14 #10 type] 
Type domain.Pertsona is not enhanced.

[2021-03-30 12:36:14 #11 type] 
Type domain.Langile is not enhanced.

[2021-03-30 12:36:14 #12 type.registry] 
New type domain.User

[2021-03-30 12:36:14 #13 type] 
Type domain.User is not enhanced.

[2021-03-30 12:36:14 #14 type.registry] 
New type java.util.ArrayList<java.lang.String>

[2021-03-30 12:36:14 #15 type.registry] 
New type java.util.Vector<java.lang.Object>

[2021-03-30 12:36:14 #16 type.registry] 
New type java.util.HashMap<java.lang.Object,java.lang.Object>

[2021-03-30 12:36:14 #17 type.registry] 
New type java.util.ArrayList<java.lang.Object>

------------------------------------------------------------------------------------------------------------------------

[2021-03-30 12:36:47 #1 store] 
Database 'C:\Users\julen\eclipse-workspace\Bets21-master\src\main\resources\bets.temp' is opened by 7064@DESKTOP-OT7AHR9

[2021-03-30 12:36:48 #2 type.registry] 
New type domain.Question

[2021-03-30 12:36:48 #3 type] 
Type domain.Question is not enhanced.

[2021-03-30 12:36:48 #4 type.registry] 
New type domain.Event

[2021-03-30 12:36:48 #5 type.registry] 
New type java.util.HashMap<java.lang.String,java.lang.Double>

[2021-03-30 12:36:48 #6 type] 
Type domain.Event is not enhanced.

[2021-03-30 12:36:48 #7 type.registry] 
New type java.util.Vector<domain.Question>

[2021-03-30 12:36:48 #8 type.registry] 
New type domain.Pertsona

[2021-03-30 12:36:48 #9 type.registry] 
New type domain.Langile

[2021-03-30 12:36:48 #10 type] 
Type domain.Pertsona is not enhanced.

[2021-03-30 12:36:48 #11 type] 
Type domain.Langile is not enhanced.

[2021-03-30 12:36:48 #12 type.registry] 
New type domain.User

[2021-03-30 12:36:48 #13 type] 
Type domain.User is not enhanced.

[2021-03-30 12:36:48 #14 type.registry] 
New type java.util.ArrayList<java.lang.String>

[2021-03-30 12:36:48 #15 type.registry] 
New type java.util.Vector<java.lang.Object>

[2021-03-30 12:36:48 #16 type.registry] 
New type java.util.HashMap<java.lang.Object,java.lang.Object>

[2021-03-30 12:36:48 #17 type.registry] 
New type java.util.ArrayList<java.lang.Object>

------------------------------------------------------------------------------------------------------------------------

[2021-03-30 12:37:30 #1 store] 
Database 'C:\Users\julen\eclipse-workspace\Bets21-master\src\main\resources\bets.temp' is opened by 12612@DESKTOP-OT7AHR9

[2021-03-30 12:37:31 #2 type.registry] 
New type domain.Question

[2021-03-30 12:37:31 #3 type] 
Type domain.Question is not enhanced.

[2021-03-30 12:37:31 #4 type.registry] 
New type domain.Event

[2021-03-30 12:37:31 #5 type.registry] 
New type java.util.HashMap<java.lang.String,java.lang.Double>

[2021-03-30 12:37:31 #6 type] 
Type domain.Event is not enhanced.

[2021-03-30 12:37:31 #7 type.registry] 
New type java.util.Vector<domain.Question>

[2021-03-30 12:37:31 #8 type.registry] 
New type domain.Pertsona

[2021-03-30 12:37:31 #9 type.registry] 
New type domain.Langile

[2021-03-30 12:37:31 #10 type] 
Type domain.Pertsona is not enhanced.

[2021-03-30 12:37:31 #11 type] 
Type domain.Langile is not enhanced.

[2021-03-30 12:37:31 #12 type.registry] 
New type domain.User

[2021-03-30 12:37:31 #13 type] 
Type domain.User is not enhanced.

[2021-03-30 12:37:31 #14 type.registry] 
New type java.util.ArrayList<java.lang.String>

[2021-03-30 12:37:31 #15 type.registry] 
New type java.util.Vector<java.lang.Object>

[2021-03-30 12:37:31 #16 type.registry] 
New type java.util.HashMap<java.lang.Object,java.lang.Object>

[2021-03-30 12:37:31 #17 type.registry] 
New type java.util.ArrayList<java.lang.Object>

------------------------------------------------------------------------------------------------------------------------

[2021-03-30 12:38:01 #1 store] 
Database 'C:\Users\julen\eclipse-workspace\Bets21-master\src\main\resources\bets.temp' is opened by 14012@DESKTOP-OT7AHR9

[2021-03-30 12:38:01 #2 type.registry] 
New type domain.Question

[2021-03-30 12:38:01 #3 type] 
Type domain.Question is not enhanced.

[2021-03-30 12:38:01 #4 type.registry] 
New type domain.Event

[2021-03-30 12:38:02 #5 type.registry] 
New type java.util.HashMap<java.lang.String,java.lang.Double>

[2021-03-30 12:38:02 #6 type] 
Type domain.Event is not enhanced.

[2021-03-30 12:38:02 #7 type.registry] 
New type java.util.Vector<domain.Question>

[2021-03-30 12:38:02 #8 type.registry] 
New type domain.Pertsona

[2021-03-30 12:38:02 #9 type.registry] 
New type domain.Langile

[2021-03-30 12:38:02 #10 type] 
Type domain.Pertsona is not enhanced.

[2021-03-30 12:38:02 #11 type] 
Type domain.Langile is not enhanced.

[2021-03-30 12:38:02 #12 type.registry] 
New type domain.User

[2021-03-30 12:38:02 #13 type] 
Type domain.User is not enhanced.

[2021-03-30 12:38:02 #14 type.registry] 
New type java.util.ArrayList<java.lang.String>

[2021-03-30 12:38:02 #15 type.registry] 
New type java.util.Vector<java.lang.Object>

[2021-03-30 12:38:02 #16 type.registry] 
New type java.util.HashMap<java.lang.Object,java.lang.Object>

[2021-03-30 12:38:02 #17 type.registry] 
New type java.util.ArrayList<java.lang.Object>

------------------------------------------------------------------------------------------------------------------------

[2021-03-30 12:38:22 #1 store] 
Database 'C:\Users\julen\eclipse-workspace\Bets21-master\src\main\resources\bets.temp' is opened by 13228@DESKTOP-OT7AHR9

[2021-03-30 12:38:23 #2 type.registry] 
New type domain.Question

[2021-03-30 12:38:23 #3 type] 
Type domain.Question is not enhanced.

[2021-03-30 12:38:23 #4 type.registry] 
New type domain.Event

[2021-03-30 12:38:23 #5 type.registry] 
New type java.util.HashMap<java.lang.String,java.lang.Double>

[2021-03-30 12:38:23 #6 type] 
Type domain.Event is not enhanced.

[2021-03-30 12:38:23 #7 type.registry] 
New type java.util.Vector<domain.Question>

[2021-03-30 12:38:23 #8 type.registry] 
New type domain.Pertsona

[2021-03-30 12:38:23 #9 type.registry] 
New type domain.Langile

[2021-03-30 12:38:23 #10 type] 
Type domain.Pertsona is not enhanced.

[2021-03-30 12:38:23 #11 type] 
Type domain.Langile is not enhanced.

[2021-03-30 12:38:23 #12 type.registry] 
New type domain.User

[2021-03-30 12:38:23 #13 type] 
Type domain.User is not enhanced.

[2021-03-30 12:38:23 #14 type.registry] 
New type java.util.ArrayList<java.lang.String>

[2021-03-30 12:38:23 #15 type.registry] 
New type java.util.Vector<java.lang.Object>

[2021-03-30 12:38:23 #16 type.registry] 
New type java.util.HashMap<java.lang.Object,java.lang.Object>

[2021-03-30 12:38:23 #17 type.registry] 
New type java.util.ArrayList<java.lang.Object>

------------------------------------------------------------------------------------------------------------------------

[2021-03-30 12:38:52 #1 store] 
Database 'C:\Users\julen\eclipse-workspace\Bets21-master\src\main\resources\bets.temp' is opened by 8648@DESKTOP-OT7AHR9

[2021-03-30 12:38:52 #2 type.registry] 
New type domain.Question

[2021-03-30 12:38:52 #3 type] 
Type domain.Question is not enhanced.

[2021-03-30 12:38:52 #4 type.registry] 
New type domain.Event

[2021-03-30 12:38:53 #5 type.registry] 
New type java.util.HashMap<java.lang.String,java.lang.Double>

[2021-03-30 12:38:53 #6 type] 
Type domain.Event is not enhanced.

[2021-03-30 12:38:53 #7 type.registry] 
New type java.util.Vector<domain.Question>

[2021-03-30 12:38:53 #8 type.registry] 
New type domain.Pertsona

[2021-03-30 12:38:53 #9 type.registry] 
New type domain.Langile

[2021-03-30 12:38:53 #10 type] 
Type domain.Pertsona is not enhanced.

[2021-03-30 12:38:53 #11 type] 
Type domain.Langile is not enhanced.

[2021-03-30 12:38:53 #12 type.registry] 
New type domain.User

[2021-03-30 12:38:53 #13 type] 
Type domain.User is not enhanced.

[2021-03-30 12:38:53 #14 type.registry] 
New type java.util.ArrayList<java.lang.String>

[2021-03-30 12:38:53 #15 type.registry] 
New type java.util.Vector<java.lang.Object>

[2021-03-30 12:38:53 #16 type.registry] 
New type java.util.HashMap<java.lang.Object,java.lang.Object>

[2021-03-30 12:38:53 #17 type.registry] 
New type java.util.ArrayList<java.lang.Object>

------------------------------------------------------------------------------------------------------------------------

[2021-03-30 12:39:27 #1 store] 
Database 'C:\Users\julen\eclipse-workspace\Bets21-master\src\main\resources\bets.temp' is opened by 5688@DESKTOP-OT7AHR9

[2021-03-30 12:39:27 #2 type.registry] 
New type domain.Question

[2021-03-30 12:39:27 #3 type] 
Type domain.Question is not enhanced.

[2021-03-30 12:39:27 #4 type.registry] 
New type domain.Event

[2021-03-30 12:39:27 #5 type.registry] 
New type java.util.HashMap<java.lang.String,java.lang.Double>

[2021-03-30 12:39:27 #6 type] 
Type domain.Event is not enhanced.

[2021-03-30 12:39:27 #7 type.registry] 
New type java.util.Vector<domain.Question>

[2021-03-30 12:39:27 #8 type.registry] 
New type domain.Pertsona

[2021-03-30 12:39:27 #9 type.registry] 
New type domain.Langile

[2021-03-30 12:39:27 #10 type] 
Type domain.Pertsona is not enhanced.

[2021-03-30 12:39:27 #11 type] 
Type domain.Langile is not enhanced.

[2021-03-30 12:39:27 #12 type.registry] 
New type domain.User

[2021-03-30 12:39:27 #13 type] 
Type domain.User is not enhanced.

[2021-03-30 12:39:27 #14 type.registry] 
New type java.util.ArrayList<java.lang.String>

[2021-03-30 12:39:27 #15 type.registry] 
New type java.util.Vector<java.lang.Object>

[2021-03-30 12:39:27 #16 type.registry] 
New type java.util.HashMap<java.lang.Object,java.lang.Object>

[2021-03-30 12:39:27 #17 type.registry] 
New type java.util.ArrayList<java.lang.Object>

------------------------------------------------------------------------------------------------------------------------

[2021-03-30 12:40:00 #1 store] 
Database 'C:\Users\julen\eclipse-workspace\Bets21-master\src\main\resources\bets.temp' is opened by 7952@DESKTOP-OT7AHR9

[2021-03-30 12:40:00 #2 type.registry] 
New type domain.Question

[2021-03-30 12:40:00 #3 type] 
Type domain.Question is not enhanced.

[2021-03-30 12:40:00 #4 type.registry] 
New type domain.Event

[2021-03-30 12:40:00 #5 type.registry] 
New type java.util.HashMap<java.lang.String,java.lang.Double>

[2021-03-30 12:40:00 #6 type] 
Type domain.Event is not enhanced.

[2021-03-30 12:40:00 #7 type.registry] 
New type java.util.Vector<domain.Question>

[2021-03-30 12:40:00 #8 type.registry] 
New type domain.Pertsona

[2021-03-30 12:40:00 #9 type.registry] 
New type domain.Langile

[2021-03-30 12:40:00 #10 type] 
Type domain.Pertsona is not enhanced.

[2021-03-30 12:40:00 #11 type] 
Type domain.Langile is not enhanced.

[2021-03-30 12:40:00 #12 type.registry] 
New type domain.User

[2021-03-30 12:40:00 #13 type] 
Type domain.User is not enhanced.

[2021-03-30 12:40:00 #14 type.registry] 
New type java.util.ArrayList<java.lang.String>

[2021-03-30 12:40:00 #15 type.registry] 
New type java.util.Vector<java.lang.Object>

[2021-03-30 12:40:00 #16 type.registry] 
New type java.util.HashMap<java.lang.Object,java.lang.Object>

[2021-03-30 12:40:00 #17 type.registry] 
New type java.util.ArrayList<java.lang.Object>

------------------------------------------------------------------------------------------------------------------------

[2021-03-30 12:40:24 #1 store] 
Database 'C:\Users\julen\eclipse-workspace\Bets21-master\src\main\resources\bets.temp' is opened by 6484@DESKTOP-OT7AHR9

[2021-03-30 12:40:24 #2 type.registry] 
New type domain.Question

[2021-03-30 12:40:24 #3 type] 
Type domain.Question is not enhanced.

[2021-03-30 12:40:24 #4 type.registry] 
New type domain.Event

[2021-03-30 12:40:24 #5 type.registry] 
New type java.util.HashMap<java.lang.String,java.lang.Double>

[2021-03-30 12:40:24 #6 type] 
Type domain.Event is not enhanced.

[2021-03-30 12:40:24 #7 type.registry] 
New type java.util.Vector<domain.Question>

[2021-03-30 12:40:24 #8 type.registry] 
New type domain.Pertsona

[2021-03-30 12:40:24 #9 type.registry] 
New type domain.Langile

[2021-03-30 12:40:24 #10 type] 
Type domain.Pertsona is not enhanced.

[2021-03-30 12:40:24 #11 type] 
Type domain.Langile is not enhanced.

[2021-03-30 12:40:24 #12 type.registry] 
New type domain.User

[2021-03-30 12:40:24 #13 type] 
Type domain.User is not enhanced.

[2021-03-30 12:40:25 #14 type.registry] 
New type java.util.ArrayList<java.lang.String>

[2021-03-30 12:40:25 #15 type.registry] 
New type java.util.Vector<java.lang.Object>

[2021-03-30 12:40:25 #16 type.registry] 
New type java.util.HashMap<java.lang.Object,java.lang.Object>

[2021-03-30 12:40:25 #17 type.registry] 
New type java.util.ArrayList<java.lang.Object>

------------------------------------------------------------------------------------------------------------------------

[2021-03-30 12:40:49 #1 store] 
Database 'C:\Users\julen\eclipse-workspace\Bets21-master\src\main\resources\bets.temp' is opened by 15076@DESKTOP-OT7AHR9

[2021-03-30 12:40:49 #2 type.registry] 
New type domain.Question

[2021-03-30 12:40:49 #3 type] 
Type domain.Question is not enhanced.

[2021-03-30 12:40:49 #4 type.registry] 
New type domain.Event

[2021-03-30 12:40:50 #5 type.registry] 
New type java.util.HashMap<java.lang.String,java.lang.Double>

[2021-03-30 12:40:50 #6 type] 
Type domain.Event is not enhanced.

[2021-03-30 12:40:50 #7 type.registry] 
New type java.util.Vector<domain.Question>

[2021-03-30 12:40:50 #8 type.registry] 
New type domain.Pertsona

[2021-03-30 12:40:50 #9 type.registry] 
New type domain.Langile

[2021-03-30 12:40:50 #10 type] 
Type domain.Pertsona is not enhanced.

[2021-03-30 12:40:50 #11 type] 
Type domain.Langile is not enhanced.

[2021-03-30 12:40:50 #12 type.registry] 
New type domain.User

[2021-03-30 12:40:50 #13 type] 
Type domain.User is not enhanced.

[2021-03-30 12:40:50 #14 type.registry] 
New type java.util.ArrayList<java.lang.String>

[2021-03-30 12:40:50 #15 type.registry] 
New type java.util.Vector<java.lang.Object>

[2021-03-30 12:40:50 #16 type.registry] 
New type java.util.HashMap<java.lang.Object,java.lang.Object>

[2021-03-30 12:40:50 #17 type.registry] 
New type java.util.ArrayList<java.lang.Object>

------------------------------------------------------------------------------------------------------------------------

[2021-03-30 12:41:35 #1 store] 
Database 'C:\Users\julen\eclipse-workspace\Bets21-master\src\main\resources\bets.temp' is opened by 10024@DESKTOP-OT7AHR9

[2021-03-30 12:41:36 #2 type.registry] 
New type domain.Question

[2021-03-30 12:41:36 #3 type] 
Type domain.Question is not enhanced.

[2021-03-30 12:41:36 #4 type.registry] 
New type domain.Event

[2021-03-30 12:41:36 #5 type.registry] 
New type java.util.HashMap<java.lang.String,java.lang.Double>

[2021-03-30 12:41:36 #6 type] 
Type domain.Event is not enhanced.

[2021-03-30 12:41:36 #7 type.registry] 
New type java.util.Vector<domain.Question>

[2021-03-30 12:41:36 #8 type.registry] 
New type domain.Pertsona

[2021-03-30 12:41:36 #9 type.registry] 
New type domain.Langile

[2021-03-30 12:41:36 #10 type] 
Type domain.Pertsona is not enhanced.

[2021-03-30 12:41:36 #11 type] 
Type domain.Langile is not enhanced.

[2021-03-30 12:41:36 #12 type.registry] 
New type domain.User

[2021-03-30 12:41:36 #13 type] 
Type domain.User is not enhanced.

[2021-03-30 12:41:36 #14 type.registry] 
New type java.util.ArrayList<java.lang.String>

[2021-03-30 12:41:36 #15 type.registry] 
New type java.util.Vector<java.lang.Object>

[2021-03-30 12:41:36 #16 type.registry] 
New type java.util.HashMap<java.lang.Object,java.lang.Object>

[2021-03-30 12:41:36 #17 type.registry] 
New type java.util.ArrayList<java.lang.Object>

------------------------------------------------------------------------------------------------------------------------

[2021-03-30 12:41:58 #1 store] 
Database 'C:\Users\julen\eclipse-workspace\Bets21-master\src\main\resources\bets.temp' is opened by 14420@DESKTOP-OT7AHR9

[2021-03-30 12:41:59 #2 type.registry] 
New type domain.Question

[2021-03-30 12:41:59 #3 type] 
Type domain.Question is not enhanced.

[2021-03-30 12:41:59 #4 type.registry] 
New type domain.Event

[2021-03-30 12:41:59 #5 type.registry] 
New type java.util.HashMap<java.lang.String,java.lang.Double>

[2021-03-30 12:41:59 #6 type] 
Type domain.Event is not enhanced.

[2021-03-30 12:41:59 #7 type.registry] 
New type java.util.Vector<domain.Question>

[2021-03-30 12:41:59 #8 type.registry] 
New type domain.Pertsona

[2021-03-30 12:41:59 #9 type.registry] 
New type domain.Langile

[2021-03-30 12:41:59 #10 type] 
Type domain.Pertsona is not enhanced.

[2021-03-30 12:41:59 #11 type] 
Type domain.Langile is not enhanced.

[2021-03-30 12:41:59 #12 type.registry] 
New type domain.User

[2021-03-30 12:41:59 #13 type] 
Type domain.User is not enhanced.

[2021-03-30 12:41:59 #14 type.registry] 
New type java.util.ArrayList<java.lang.String>

[2021-03-30 12:41:59 #15 type.registry] 
New type java.util.Vector<java.lang.Object>

[2021-03-30 12:41:59 #16 type.registry] 
New type java.util.HashMap<java.lang.Object,java.lang.Object>

[2021-03-30 12:41:59 #17 type.registry] 
New type java.util.ArrayList<java.lang.Object>

------------------------------------------------------------------------------------------------------------------------

[2021-03-30 12:44:13 #1 store] 
Database 'C:\Users\julen\eclipse-workspace\Bets21-master\src\main\resources\bets.temp' is opened by 2224@DESKTOP-OT7AHR9

[2021-03-30 12:44:13 #2 type.registry] 
New type domain.Question

[2021-03-30 12:44:13 #3 type] 
Type domain.Question is not enhanced.

[2021-03-30 12:44:13 #4 type.registry] 
New type domain.Event

[2021-03-30 12:44:13 #5 type.registry] 
New type java.util.HashMap<java.lang.String,java.lang.Double>

[2021-03-30 12:44:13 #6 type] 
Type domain.Event is not enhanced.

[2021-03-30 12:44:13 #7 type.registry] 
New type java.util.Vector<domain.Question>

[2021-03-30 12:44:13 #8 type.registry] 
New type domain.Pertsona

[2021-03-30 12:44:13 #9 type.registry] 
New type domain.Langile

[2021-03-30 12:44:13 #10 type] 
Type domain.Pertsona is not enhanced.

[2021-03-30 12:44:13 #11 type] 
Type domain.Langile is not enhanced.

[2021-03-30 12:44:13 #12 type.registry] 
New type domain.User

[2021-03-30 12:44:13 #13 type] 
Type domain.User is not enhanced.

[2021-03-30 12:44:13 #14 type.registry] 
New type java.util.ArrayList<java.lang.String>

[2021-03-30 12:44:13 #15 type.registry] 
New type java.util.Vector<java.lang.Object>

[2021-03-30 12:44:13 #16 type.registry] 
New type java.util.HashMap<java.lang.Object,java.lang.Object>

[2021-03-30 12:44:13 #17 type.registry] 
New type java.util.ArrayList<java.lang.Object>

------------------------------------------------------------------------------------------------------------------------

[2021-03-30 12:46:42 #1 store] 
Database 'C:\Users\julen\eclipse-workspace\Bets21-master\src\main\resources\bets.temp' is opened by 12040@DESKTOP-OT7AHR9

[2021-03-30 12:46:42 #2 type.registry] 
New type domain.Question

[2021-03-30 12:46:42 #3 type] 
Type domain.Question is not enhanced.

[2021-03-30 12:46:42 #4 type.registry] 
New type domain.Event

[2021-03-30 12:46:42 #5 type.registry] 
New type java.util.HashMap<java.lang.String,java.lang.Double>

[2021-03-30 12:46:42 #6 type] 
Type domain.Event is not enhanced.

[2021-03-30 12:46:42 #7 type.registry] 
New type java.util.Vector<domain.Question>

[2021-03-30 12:46:42 #8 type.registry] 
New type domain.Pertsona

[2021-03-30 12:46:42 #9 type.registry] 
New type domain.Langile

[2021-03-30 12:46:42 #10 type] 
Type domain.Pertsona is not enhanced.

[2021-03-30 12:46:42 #11 type] 
Type domain.Langile is not enhanced.

[2021-03-30 12:46:42 #12 type.registry] 
New type domain.User

[2021-03-30 12:46:42 #13 type] 
Type domain.User is not enhanced.

[2021-03-30 12:46:42 #14 type.registry] 
New type java.util.ArrayList<java.lang.String>

[2021-03-30 12:46:42 #15 type.registry] 
New type java.util.Vector<java.lang.Object>

[2021-03-30 12:46:42 #16 type.registry] 
New type java.util.HashMap<java.lang.Object,java.lang.Object>

[2021-03-30 12:46:42 #17 type.registry] 
New type java.util.ArrayList<java.lang.Object>

------------------------------------------------------------------------------------------------------------------------

[2021-03-30 12:48:18 #1 store] 
Database 'C:\Users\julen\eclipse-workspace\Bets21-master\src\main\resources\bets.temp' is opened by 4940@DESKTOP-OT7AHR9

[2021-03-30 12:48:18 #2 type.registry] 
New type domain.Question

[2021-03-30 12:48:18 #3 type] 
Type domain.Question is not enhanced.

[2021-03-30 12:48:18 #4 type.registry] 
New type domain.Event

[2021-03-30 12:48:18 #5 type.registry] 
New type java.util.HashMap<java.lang.String,java.lang.Double>

[2021-03-30 12:48:18 #6 type] 
Type domain.Event is not enhanced.

[2021-03-30 12:48:18 #7 type.registry] 
New type java.util.Vector<domain.Question>

[2021-03-30 12:48:18 #8 type.registry] 
New type domain.Pertsona

[2021-03-30 12:48:18 #9 type.registry] 
New type domain.Langile

[2021-03-30 12:48:18 #10 type] 
Type domain.Pertsona is not enhanced.

[2021-03-30 12:48:18 #11 type] 
Type domain.Langile is not enhanced.

[2021-03-30 12:48:18 #12 type.registry] 
New type domain.User

[2021-03-30 12:48:18 #13 type] 
Type domain.User is not enhanced.

[2021-03-30 12:48:18 #14 type.registry] 
New type java.util.ArrayList<java.lang.String>

[2021-03-30 12:48:18 #15 type.registry] 
New type java.util.Vector<java.lang.Object>

[2021-03-30 12:48:18 #16 type.registry] 
New type java.util.HashMap<java.lang.Object,java.lang.Object>

[2021-03-30 12:48:18 #17 type.registry] 
New type java.util.ArrayList<java.lang.Object>

------------------------------------------------------------------------------------------------------------------------

[2021-03-30 12:50:52 #1 store] 
Database 'C:\Users\julen\eclipse-workspace\Bets21-master\src\main\resources\bets.temp' is opened by 12732@DESKTOP-OT7AHR9

[2021-03-30 12:50:53 #2 type.registry] 
New type domain.Question

[2021-03-30 12:50:53 #3 type] 
Type domain.Question is not enhanced.

[2021-03-30 12:50:53 #4 type.registry] 
New type domain.Event

[2021-03-30 12:50:53 #5 type.registry] 
New type java.util.HashMap<java.lang.String,java.lang.Double>

[2021-03-30 12:50:53 #6 type] 
Type domain.Event is not enhanced.

[2021-03-30 12:50:53 #7 type.registry] 
New type java.util.Vector<domain.Question>

[2021-03-30 12:50:53 #8 type.registry] 
New type domain.Pertsona

[2021-03-30 12:50:53 #9 type.registry] 
New type domain.Langile

[2021-03-30 12:50:53 #10 type] 
Type domain.Pertsona is not enhanced.

[2021-03-30 12:50:53 #11 type] 
Type domain.Langile is not enhanced.

[2021-03-30 12:50:53 #12 type.registry] 
New type domain.User

[2021-03-30 12:50:53 #13 type] 
Type domain.User is not enhanced.

[2021-03-30 12:50:53 #14 type.registry] 
New type java.util.ArrayList<java.lang.String>

[2021-03-30 12:50:53 #15 type.registry] 
New type java.util.Vector<java.lang.Object>

[2021-03-30 12:50:53 #16 type.registry] 
New type java.util.HashMap<java.lang.Object,java.lang.Object>

[2021-03-30 12:50:53 #17 type.registry] 
New type java.util.ArrayList<java.lang.Object>

------------------------------------------------------------------------------------------------------------------------

[2021-03-30 12:52:26 #1 store] 
Database 'C:\Users\julen\eclipse-workspace\Bets21-master\src\main\resources\bets.temp' is opened by 152@DESKTOP-OT7AHR9

[2021-03-30 12:52:26 #2 type.registry] 
New type domain.Question

[2021-03-30 12:52:26 #3 type] 
Type domain.Question is not enhanced.

[2021-03-30 12:52:26 #4 type.registry] 
New type domain.Event

[2021-03-30 12:52:26 #5 type.registry] 
New type java.util.HashMap<java.lang.String,java.lang.Double>

[2021-03-30 12:52:26 #6 type] 
Type domain.Event is not enhanced.

[2021-03-30 12:52:26 #7 type.registry] 
New type java.util.Vector<domain.Question>

[2021-03-30 12:52:26 #8 type.registry] 
New type domain.Pertsona

[2021-03-30 12:52:26 #9 type.registry] 
New type domain.Langile

[2021-03-30 12:52:26 #10 type] 
Type domain.Pertsona is not enhanced.

[2021-03-30 12:52:26 #11 type] 
Type domain.Langile is not enhanced.

[2021-03-30 12:52:26 #12 type.registry] 
New type domain.User

[2021-03-30 12:52:26 #13 type] 
Type domain.User is not enhanced.

[2021-03-30 12:52:26 #14 type.registry] 
New type java.util.ArrayList<java.lang.String>

[2021-03-30 12:52:26 #15 type.registry] 
New type java.util.Vector<java.lang.Object>

[2021-03-30 12:52:26 #16 type.registry] 
New type java.util.HashMap<java.lang.Object,java.lang.Object>

[2021-03-30 12:52:26 #17 type.registry] 
New type java.util.ArrayList<java.lang.Object>

------------------------------------------------------------------------------------------------------------------------

[2021-03-30 12:53:36 #1 store] 
Database 'C:\Users\julen\eclipse-workspace\Bets21-master\src\main\resources\bets.temp' is opened by 9264@DESKTOP-OT7AHR9

[2021-03-30 12:53:37 #2 type.registry] 
New type domain.Question

[2021-03-30 12:53:37 #3 type] 
Type domain.Question is not enhanced.

[2021-03-30 12:53:37 #4 type.registry] 
New type domain.Event

[2021-03-30 12:53:37 #5 type.registry] 
New type java.util.HashMap<java.lang.String,java.lang.Double>

[2021-03-30 12:53:37 #6 type] 
Type domain.Event is not enhanced.

[2021-03-30 12:53:37 #7 type.registry] 
New type java.util.Vector<domain.Question>

[2021-03-30 12:53:37 #8 type.registry] 
New type domain.Pertsona

[2021-03-30 12:53:37 #9 type.registry] 
New type domain.Langile

[2021-03-30 12:53:37 #10 type] 
Type domain.Pertsona is not enhanced.

[2021-03-30 12:53:37 #11 type] 
Type domain.Langile is not enhanced.

[2021-03-30 12:53:37 #12 type.registry] 
New type domain.User

[2021-03-30 12:53:37 #13 type] 
Type domain.User is not enhanced.

[2021-03-30 12:53:37 #14 type.registry] 
New type java.util.ArrayList<java.lang.String>

[2021-03-30 12:53:37 #15 type.registry] 
New type java.util.Vector<java.lang.Object>

[2021-03-30 12:53:37 #16 type.registry] 
New type java.util.HashMap<java.lang.Object,java.lang.Object>

[2021-03-30 12:53:37 #17 type.registry] 
New type java.util.ArrayList<java.lang.Object>

------------------------------------------------------------------------------------------------------------------------

[2021-03-30 12:53:52 #1 store] 
Database 'C:\Users\julen\eclipse-workspace\Bets21-master\src\main\resources\bets.temp' is opened by 3856@DESKTOP-OT7AHR9

[2021-03-30 12:53:52 #2 type.registry] 
New type domain.Question

[2021-03-30 12:53:52 #3 type] 
Type domain.Question is not enhanced.

[2021-03-30 12:53:52 #4 type.registry] 
New type domain.Event

[2021-03-30 12:53:52 #5 type.registry] 
New type java.util.HashMap<java.lang.String,java.lang.Double>

[2021-03-30 12:53:52 #6 type] 
Type domain.Event is not enhanced.

[2021-03-30 12:53:52 #7 type.registry] 
New type java.util.Vector<domain.Question>

[2021-03-30 12:53:52 #8 type.registry] 
New type domain.Pertsona

[2021-03-30 12:53:52 #9 type.registry] 
New type domain.Langile

[2021-03-30 12:53:52 #10 type] 
Type domain.Pertsona is not enhanced.

[2021-03-30 12:53:52 #11 type] 
Type domain.Langile is not enhanced.

[2021-03-30 12:53:52 #12 type.registry] 
New type domain.User

[2021-03-30 12:53:52 #13 type] 
Type domain.User is not enhanced.

[2021-03-30 12:53:52 #14 type.registry] 
New type java.util.ArrayList<java.lang.String>

[2021-03-30 12:53:52 #15 type.registry] 
New type java.util.Vector<java.lang.Object>

[2021-03-30 12:53:52 #16 type.registry] 
New type java.util.HashMap<java.lang.Object,java.lang.Object>

[2021-03-30 12:53:52 #17 type.registry] 
New type java.util.ArrayList<java.lang.Object>

------------------------------------------------------------------------------------------------------------------------

[2021-03-30 12:57:32 #1 store] 
Database 'C:\Users\julen\eclipse-workspace\Bets21-master\src\main\resources\bets.temp' is opened by 6884@DESKTOP-OT7AHR9

[2021-03-30 12:57:32 #2 type.registry] 
New type domain.Question

[2021-03-30 12:57:32 #3 type] 
Type domain.Question is not enhanced.

[2021-03-30 12:57:32 #4 type.registry] 
New type domain.Event

[2021-03-30 12:57:32 #5 type.registry] 
New type java.util.HashMap<java.lang.String,java.lang.Double>

[2021-03-30 12:57:32 #6 type] 
Type domain.Event is not enhanced.

[2021-03-30 12:57:32 #7 type.registry] 
New type java.util.Vector<domain.Question>

[2021-03-30 12:57:32 #8 type.registry] 
New type domain.Pertsona

[2021-03-30 12:57:32 #9 type.registry] 
New type domain.Langile

[2021-03-30 12:57:32 #10 type] 
Type domain.Pertsona is not enhanced.

[2021-03-30 12:57:32 #11 type] 
Type domain.Langile is not enhanced.

[2021-03-30 12:57:32 #12 type.registry] 
New type domain.User

[2021-03-30 12:57:32 #13 type] 
Type domain.User is not enhanced.

[2021-03-30 12:57:32 #14 type.registry] 
New type java.util.ArrayList<java.lang.String>

[2021-03-30 12:57:32 #15 type.registry] 
New type java.util.Vector<java.lang.Object>

[2021-03-30 12:57:32 #16 type.registry] 
New type java.util.HashMap<java.lang.Object,java.lang.Object>

[2021-03-30 12:57:32 #17 type.registry] 
New type java.util.ArrayList<java.lang.Object>

------------------------------------------------------------------------------------------------------------------------

[2021-03-30 13:01:29 #1 store] 
Database 'C:\Users\julen\eclipse-workspace\Bets21-master\src\main\resources\bets.temp' is opened by 10500@DESKTOP-OT7AHR9

[2021-03-30 13:01:29 #2 type.registry] 
New type domain.Question

[2021-03-30 13:01:29 #3 type] 
Type domain.Question is not enhanced.

[2021-03-30 13:01:29 #4 type.registry] 
New type domain.Event

[2021-03-30 13:01:29 #5 type.registry] 
New type java.util.HashMap<java.lang.String,java.lang.Double>

[2021-03-30 13:01:29 #6 type] 
Type domain.Event is not enhanced.

[2021-03-30 13:01:29 #7 type.registry] 
New type java.util.Vector<domain.Question>

[2021-03-30 13:01:29 #8 type.registry] 
New type domain.Pertsona

[2021-03-30 13:01:29 #9 type.registry] 
New type domain.Langile

[2021-03-30 13:01:29 #10 type] 
Type domain.Pertsona is not enhanced.

[2021-03-30 13:01:29 #11 type] 
Type domain.Langile is not enhanced.

[2021-03-30 13:01:29 #12 type.registry] 
New type domain.User

[2021-03-30 13:01:29 #13 type] 
Type domain.User is not enhanced.

[2021-03-30 13:01:29 #14 type.registry] 
New type java.util.ArrayList<java.lang.String>

[2021-03-30 13:01:29 #15 type.registry] 
New type java.util.Vector<java.lang.Object>

[2021-03-30 13:01:29 #16 type.registry] 
New type java.util.HashMap<java.lang.Object,java.lang.Object>

[2021-03-30 13:01:29 #17 type.registry] 
New type java.util.ArrayList<java.lang.Object>

------------------------------------------------------------------------------------------------------------------------

[2021-03-30 13:04:22 #1 store] 
Database 'C:\Users\julen\eclipse-workspace\Bets21-master\src\main\resources\bets.temp' is opened by 4560@DESKTOP-OT7AHR9

[2021-03-30 13:04:23 #2 type.registry] 
New type domain.Question

[2021-03-30 13:04:23 #3 type] 
Type domain.Question is not enhanced.

[2021-03-30 13:04:23 #4 type.registry] 
New type domain.Event

[2021-03-30 13:04:23 #5 type.registry] 
New type java.util.HashMap<java.lang.String,java.lang.Double>

[2021-03-30 13:04:23 #6 type] 
Type domain.Event is not enhanced.

[2021-03-30 13:04:23 #7 type.registry] 
New type java.util.Vector<domain.Question>

[2021-03-30 13:04:23 #8 type.registry] 
New type domain.Pertsona

[2021-03-30 13:04:23 #9 type.registry] 
New type domain.Langile

[2021-03-30 13:04:23 #10 type] 
Type domain.Pertsona is not enhanced.

[2021-03-30 13:04:23 #11 type] 
Type domain.Langile is not enhanced.

[2021-03-30 13:04:23 #12 type.registry] 
New type domain.User

[2021-03-30 13:04:23 #13 type] 
Type domain.User is not enhanced.

[2021-03-30 13:04:23 #14 type.registry] 
New type java.util.ArrayList<java.lang.String>

[2021-03-30 13:04:23 #15 type.registry] 
New type java.util.Vector<java.lang.Object>

[2021-03-30 13:04:23 #16 type.registry] 
New type java.util.HashMap<java.lang.Object,java.lang.Object>

[2021-03-30 13:04:23 #17 type.registry] 
New type java.util.ArrayList<java.lang.Object>

------------------------------------------------------------------------------------------------------------------------

[2021-03-30 13:06:28 #1 store] 
Database 'C:\Users\julen\eclipse-workspace\Bets21-master\src\main\resources\bets.temp' is opened by 15144@DESKTOP-OT7AHR9

[2021-03-30 13:06:28 #2 type.registry] 
New type domain.Question

[2021-03-30 13:06:28 #3 type] 
Type domain.Question is not enhanced.

[2021-03-30 13:06:28 #4 type.registry] 
New type domain.Event

[2021-03-30 13:06:28 #5 type.registry] 
New type java.util.HashMap<java.lang.String,java.lang.Double>

[2021-03-30 13:06:28 #6 type] 
Type domain.Event is not enhanced.

[2021-03-30 13:06:28 #7 type.registry] 
New type java.util.Vector<domain.Question>

[2021-03-30 13:06:28 #8 type.registry] 
New type domain.Pertsona

[2021-03-30 13:06:28 #9 type.registry] 
New type domain.Langile

[2021-03-30 13:06:28 #10 type] 
Type domain.Pertsona is not enhanced.

[2021-03-30 13:06:28 #11 type] 
Type domain.Langile is not enhanced.

[2021-03-30 13:06:28 #12 type.registry] 
New type domain.User

[2021-03-30 13:06:28 #13 type] 
Type domain.User is not enhanced.

[2021-03-30 13:06:29 #14 type.registry] 
New type java.util.ArrayList<java.lang.String>

[2021-03-30 13:06:29 #15 type.registry] 
New type java.util.Vector<java.lang.Object>

[2021-03-30 13:06:29 #16 type.registry] 
New type java.util.HashMap<java.lang.Object,java.lang.Object>

[2021-03-30 13:06:29 #17 type.registry] 
New type java.util.ArrayList<java.lang.Object>

------------------------------------------------------------------------------------------------------------------------

[2021-03-30 13:07:07 #1 store] 
Database 'C:\Users\julen\eclipse-workspace\Bets21-master\src\main\resources\bets.temp' is opened by 12420@DESKTOP-OT7AHR9

[2021-03-30 13:07:07 #2 type.registry] 
New type domain.Question

[2021-03-30 13:07:07 #3 type] 
Type domain.Question is not enhanced.

[2021-03-30 13:07:07 #4 type.registry] 
New type domain.Event

[2021-03-30 13:07:07 #5 type.registry] 
New type java.util.HashMap<java.lang.String,java.lang.Double>

[2021-03-30 13:07:07 #6 type] 
Type domain.Event is not enhanced.

[2021-03-30 13:07:07 #7 type.registry] 
New type java.util.Vector<domain.Question>

[2021-03-30 13:07:07 #8 type.registry] 
New type domain.Pertsona

[2021-03-30 13:07:07 #9 type.registry] 
New type domain.Langile

[2021-03-30 13:07:07 #10 type] 
Type domain.Pertsona is not enhanced.

[2021-03-30 13:07:07 #11 type] 
Type domain.Langile is not enhanced.

[2021-03-30 13:07:07 #12 type.registry] 
New type domain.User

[2021-03-30 13:07:07 #13 type] 
Type domain.User is not enhanced.

[2021-03-30 13:07:07 #14 type.registry] 
New type java.util.ArrayList<java.lang.String>

[2021-03-30 13:07:07 #15 type.registry] 
New type java.util.Vector<java.lang.Object>

[2021-03-30 13:07:07 #16 type.registry] 
New type java.util.HashMap<java.lang.Object,java.lang.Object>

[2021-03-30 13:07:07 #17 type.registry] 
New type java.util.ArrayList<java.lang.Object>

------------------------------------------------------------------------------------------------------------------------

[2021-03-30 13:08:03 #1 store] 
Database 'C:\Users\julen\eclipse-workspace\Bets21-master\src\main\resources\bets.temp' is opened by 11632@DESKTOP-OT7AHR9

[2021-03-30 13:08:03 #2 type.registry] 
New type domain.Question

[2021-03-30 13:08:03 #3 type] 
Type domain.Question is not enhanced.

[2021-03-30 13:08:03 #4 type.registry] 
New type domain.Event

[2021-03-30 13:08:03 #5 type.registry] 
New type java.util.HashMap<java.lang.String,java.lang.Double>

[2021-03-30 13:08:03 #6 type] 
Type domain.Event is not enhanced.

[2021-03-30 13:08:03 #7 type.registry] 
New type java.util.Vector<domain.Question>

[2021-03-30 13:08:03 #8 type.registry] 
New type domain.Pertsona

[2021-03-30 13:08:03 #9 type.registry] 
New type domain.Langile

[2021-03-30 13:08:03 #10 type] 
Type domain.Pertsona is not enhanced.

[2021-03-30 13:08:03 #11 type] 
Type domain.Langile is not enhanced.

[2021-03-30 13:08:03 #12 type.registry] 
New type domain.User

[2021-03-30 13:08:03 #13 type] 
Type domain.User is not enhanced.

[2021-03-30 13:08:03 #14 type.registry] 
New type java.util.ArrayList<java.lang.String>

[2021-03-30 13:08:03 #15 type.registry] 
New type java.util.Vector<java.lang.Object>

[2021-03-30 13:08:03 #16 type.registry] 
New type java.util.HashMap<java.lang.Object,java.lang.Object>

[2021-03-30 13:08:03 #17 type.registry] 
New type java.util.ArrayList<java.lang.Object>

------------------------------------------------------------------------------------------------------------------------

[2021-03-30 13:08:49 #1 store] 
Database 'C:\Users\julen\eclipse-workspace\Bets21-master\src\main\resources\bets.temp' is opened by 4624@DESKTOP-OT7AHR9

[2021-03-30 13:08:50 #2 type.registry] 
New type domain.Question

[2021-03-30 13:08:50 #3 type] 
Type domain.Question is not enhanced.

[2021-03-30 13:08:50 #4 type.registry] 
New type domain.Event

[2021-03-30 13:08:50 #5 type.registry] 
New type java.util.HashMap<java.lang.String,java.lang.Double>

[2021-03-30 13:08:50 #6 type] 
Type domain.Event is not enhanced.

[2021-03-30 13:08:50 #7 type.registry] 
New type java.util.Vector<domain.Question>

[2021-03-30 13:08:50 #8 type.registry] 
New type domain.Pertsona

[2021-03-30 13:08:50 #9 type.registry] 
New type domain.Langile

[2021-03-30 13:08:50 #10 type] 
Type domain.Pertsona is not enhanced.

[2021-03-30 13:08:50 #11 type] 
Type domain.Langile is not enhanced.

[2021-03-30 13:08:50 #12 type.registry] 
New type domain.User

[2021-03-30 13:08:50 #13 type] 
Type domain.User is not enhanced.

[2021-03-30 13:08:50 #14 type.registry] 
New type java.util.ArrayList<java.lang.String>

[2021-03-30 13:08:50 #15 type.registry] 
New type java.util.Vector<java.lang.Object>

[2021-03-30 13:08:50 #16 type.registry] 
New type java.util.HashMap<java.lang.Object,java.lang.Object>

[2021-03-30 13:08:50 #17 type.registry] 
New type java.util.ArrayList<java.lang.Object>

------------------------------------------------------------------------------------------------------------------------

[2021-03-30 13:11:26 #1 store] 
Database 'C:\Users\julen\eclipse-workspace\Bets21-master\src\main\resources\bets.temp' is opened by 8604@DESKTOP-OT7AHR9

[2021-03-30 13:11:26 #2 type.registry] 
New type domain.Question

[2021-03-30 13:11:26 #3 type] 
Type domain.Question is not enhanced.

[2021-03-30 13:11:26 #4 type.registry] 
New type domain.Event

[2021-03-30 13:11:26 #5 type.registry] 
New type java.util.HashMap<java.lang.String,java.lang.Double>

[2021-03-30 13:11:26 #6 type] 
Type domain.Event is not enhanced.

[2021-03-30 13:11:26 #7 type.registry] 
New type java.util.Vector<domain.Question>

[2021-03-30 13:11:26 #8 type.registry] 
New type domain.Pertsona

[2021-03-30 13:11:26 #9 type.registry] 
New type domain.Langile

[2021-03-30 13:11:26 #10 type] 
Type domain.Pertsona is not enhanced.

[2021-03-30 13:11:26 #11 type] 
Type domain.Langile is not enhanced.

[2021-03-30 13:11:27 #12 type.registry] 
New type domain.User

[2021-03-30 13:11:27 #13 type] 
Type domain.User is not enhanced.

[2021-03-30 13:11:27 #14 type.registry] 
New type java.util.ArrayList<java.lang.String>

[2021-03-30 13:11:27 #15 type.registry] 
New type java.util.Vector<java.lang.Object>

[2021-03-30 13:11:27 #16 type.registry] 
New type java.util.HashMap<java.lang.Object,java.lang.Object>

[2021-03-30 13:11:27 #17 type.registry] 
New type java.util.ArrayList<java.lang.Object>

------------------------------------------------------------------------------------------------------------------------

[2021-03-30 13:13:04 #1 store] 
Database 'C:\Users\julen\eclipse-workspace\Bets21-master\src\main\resources\bets.temp' is opened by 5408@DESKTOP-OT7AHR9

[2021-03-30 13:13:05 #2 type.registry] 
New type domain.Question

[2021-03-30 13:13:05 #3 type] 
Type domain.Question is not enhanced.

[2021-03-30 13:13:05 #4 type.registry] 
New type domain.Event

[2021-03-30 13:13:05 #5 type.registry] 
New type java.util.HashMap<java.lang.String,java.lang.Double>

[2021-03-30 13:13:05 #6 type] 
Type domain.Event is not enhanced.

[2021-03-30 13:13:05 #7 type.registry] 
New type java.util.Vector<domain.Question>

[2021-03-30 13:13:05 #8 type.registry] 
New type domain.Pertsona

[2021-03-30 13:13:05 #9 type.registry] 
New type domain.Langile

[2021-03-30 13:13:05 #10 type] 
Type domain.Pertsona is not enhanced.

[2021-03-30 13:13:05 #11 type] 
Type domain.Langile is not enhanced.

[2021-03-30 13:13:05 #12 type.registry] 
New type domain.User

[2021-03-30 13:13:05 #13 type] 
Type domain.User is not enhanced.

[2021-03-30 13:13:05 #14 type.registry] 
New type java.util.ArrayList<java.lang.String>

[2021-03-30 13:13:05 #15 type.registry] 
New type java.util.Vector<java.lang.Object>

[2021-03-30 13:13:05 #16 type.registry] 
New type java.util.HashMap<java.lang.Object,java.lang.Object>

[2021-03-30 13:13:05 #17 type.registry] 
New type java.util.ArrayList<java.lang.Object>

------------------------------------------------------------------------------------------------------------------------

[2021-03-30 13:13:58 #1 store] 
Database 'C:\Users\julen\eclipse-workspace\Bets21-master\src\main\resources\bets.temp' is opened by 9664@DESKTOP-OT7AHR9

[2021-03-30 13:13:58 #2 type.registry] 
New type domain.Question

[2021-03-30 13:13:58 #3 type] 
Type domain.Question is not enhanced.

[2021-03-30 13:13:58 #4 type.registry] 
New type domain.Event

[2021-03-30 13:13:58 #5 type.registry] 
New type java.util.HashMap<java.lang.String,java.lang.Double>

[2021-03-30 13:13:58 #6 type] 
Type domain.Event is not enhanced.

[2021-03-30 13:13:58 #7 type.registry] 
New type java.util.Vector<domain.Question>

[2021-03-30 13:13:58 #8 type.registry] 
New type domain.Pertsona

[2021-03-30 13:13:58 #9 type.registry] 
New type domain.Langile

[2021-03-30 13:13:58 #10 type] 
Type domain.Pertsona is not enhanced.

[2021-03-30 13:13:58 #11 type] 
Type domain.Langile is not enhanced.

[2021-03-30 13:13:58 #12 type.registry] 
New type domain.User

[2021-03-30 13:13:58 #13 type] 
Type domain.User is not enhanced.

[2021-03-30 13:13:58 #14 type.registry] 
New type java.util.ArrayList<java.lang.String>

[2021-03-30 13:13:58 #15 type.registry] 
New type java.util.Vector<java.lang.Object>

[2021-03-30 13:13:58 #16 type.registry] 
New type java.util.HashMap<java.lang.Object,java.lang.Object>

[2021-03-30 13:13:58 #17 type.registry] 
New type java.util.ArrayList<java.lang.Object>

------------------------------------------------------------------------------------------------------------------------

[2021-03-30 13:14:22 #1 store] 
Database 'C:\Users\julen\eclipse-workspace\Bets21-master\src\main\resources\bets.temp' is opened by 9132@DESKTOP-OT7AHR9

[2021-03-30 13:14:22 #2 type.registry] 
New type domain.Question

[2021-03-30 13:14:22 #3 type] 
Type domain.Question is not enhanced.

[2021-03-30 13:14:22 #4 type.registry] 
New type domain.Event

[2021-03-30 13:14:22 #5 type.registry] 
New type java.util.HashMap<java.lang.String,java.lang.Double>

[2021-03-30 13:14:22 #6 type] 
Type domain.Event is not enhanced.

[2021-03-30 13:14:22 #7 type.registry] 
New type java.util.Vector<domain.Question>

[2021-03-30 13:14:22 #8 type.registry] 
New type domain.Pertsona

[2021-03-30 13:14:22 #9 type.registry] 
New type domain.Langile

[2021-03-30 13:14:22 #10 type] 
Type domain.Pertsona is not enhanced.

[2021-03-30 13:14:22 #11 type] 
Type domain.Langile is not enhanced.

[2021-03-30 13:14:22 #12 type.registry] 
New type domain.User

[2021-03-30 13:14:22 #13 type] 
Type domain.User is not enhanced.

[2021-03-30 13:14:22 #14 type.registry] 
New type java.util.ArrayList<java.lang.String>

[2021-03-30 13:14:22 #15 type.registry] 
New type java.util.Vector<java.lang.Object>

[2021-03-30 13:14:22 #16 type.registry] 
New type java.util.HashMap<java.lang.Object,java.lang.Object>

[2021-03-30 13:14:22 #17 type.registry] 
New type java.util.ArrayList<java.lang.Object>

------------------------------------------------------------------------------------------------------------------------

[2021-03-30 13:15:14 #1 store] 
Database 'C:\Users\julen\eclipse-workspace\Bets21-master\src\main\resources\bets.temp' is opened by 10188@DESKTOP-OT7AHR9

[2021-03-30 13:15:14 #2 type.registry] 
New type domain.Question

[2021-03-30 13:15:14 #3 type] 
Type domain.Question is not enhanced.

[2021-03-30 13:15:14 #4 type.registry] 
New type domain.Event

[2021-03-30 13:15:14 #5 type.registry] 
New type java.util.HashMap<java.lang.String,java.lang.Double>

[2021-03-30 13:15:14 #6 type] 
Type domain.Event is not enhanced.

[2021-03-30 13:15:14 #7 type.registry] 
New type java.util.Vector<domain.Question>

[2021-03-30 13:15:14 #8 type.registry] 
New type domain.Pertsona

[2021-03-30 13:15:14 #9 type.registry] 
New type domain.Langile

[2021-03-30 13:15:14 #10 type] 
Type domain.Pertsona is not enhanced.

[2021-03-30 13:15:14 #11 type] 
Type domain.Langile is not enhanced.

[2021-03-30 13:15:14 #12 type.registry] 
New type domain.User

[2021-03-30 13:15:14 #13 type] 
Type domain.User is not enhanced.

[2021-03-30 13:15:14 #14 type.registry] 
New type java.util.ArrayList<java.lang.String>

[2021-03-30 13:15:14 #15 type.registry] 
New type java.util.Vector<java.lang.Object>

[2021-03-30 13:15:14 #16 type.registry] 
New type java.util.HashMap<java.lang.Object,java.lang.Object>

[2021-03-30 13:15:14 #17 type.registry] 
New type java.util.ArrayList<java.lang.Object>

------------------------------------------------------------------------------------------------------------------------

[2021-03-30 15:07:48 #1 store] 
Database 'C:\Users\julen\eclipse-workspace\Bets21-master\src\main\resources\bets.temp' is opened by 15252@DESKTOP-OT7AHR9

[2021-03-30 15:07:48 #2 type.registry] 
New type domain.Question

[2021-03-30 15:07:48 #3 type] 
Type domain.Question is not enhanced.

[2021-03-30 15:07:48 #4 type.registry] 
New type domain.Event

[2021-03-30 15:07:48 #5 type.registry] 
New type java.util.HashMap<java.lang.String,java.lang.Double>

[2021-03-30 15:07:48 #6 type] 
Type domain.Event is not enhanced.

[2021-03-30 15:07:48 #7 type.registry] 
New type java.util.Vector<domain.Question>

[2021-03-30 15:07:48 #8 type.registry] 
New type domain.Pertsona

[2021-03-30 15:07:48 #9 type.registry] 
New type domain.Langile

[2021-03-30 15:07:48 #10 type] 
Type domain.Pertsona is not enhanced.

[2021-03-30 15:07:48 #11 type] 
Type domain.Langile is not enhanced.

[2021-03-30 15:07:48 #12 type.registry] 
New type domain.User

[2021-03-30 15:07:48 #13 type] 
Type domain.User is not enhanced.

[2021-03-30 15:07:48 #14 type.registry] 
New type java.util.ArrayList<java.lang.String>

[2021-03-30 15:07:48 #15 type.registry] 
New type java.util.Vector<java.lang.Object>

[2021-03-30 15:07:48 #16 type.registry] 
New type java.util.HashMap<java.lang.Object,java.lang.Object>

[2021-03-30 15:07:48 #17 type.registry] 
New type java.util.ArrayList<java.lang.Object>

------------------------------------------------------------------------------------------------------------------------

[2021-03-30 15:11:09 #1 store] 
Database 'C:\Users\julen\eclipse-workspace\Bets21-master\src\main\resources\bets.temp' is opened by 7300@DESKTOP-OT7AHR9

[2021-03-30 15:11:09 #2 type.registry] 
New type domain.Question

[2021-03-30 15:11:09 #3 type] 
Type domain.Question is not enhanced.

[2021-03-30 15:11:09 #4 type.registry] 
New type domain.Event

[2021-03-30 15:11:09 #5 type.registry] 
New type java.util.HashMap<java.lang.String,java.lang.Double>

[2021-03-30 15:11:09 #6 type] 
Type domain.Event is not enhanced.

[2021-03-30 15:11:09 #7 type.registry] 
New type java.util.Vector<domain.Question>

[2021-03-30 15:11:09 #8 type.registry] 
New type domain.Pertsona

[2021-03-30 15:11:09 #9 type.registry] 
New type domain.Langile

[2021-03-30 15:11:09 #10 type] 
Type domain.Pertsona is not enhanced.

[2021-03-30 15:11:09 #11 type] 
Type domain.Langile is not enhanced.

[2021-03-30 15:11:09 #12 type.registry] 
New type domain.User

[2021-03-30 15:11:09 #13 type] 
Type domain.User is not enhanced.

[2021-03-30 15:11:09 #14 type.registry] 
New type java.util.ArrayList<java.lang.String>

[2021-03-30 15:11:09 #15 type.registry] 
New type java.util.Vector<java.lang.Object>

[2021-03-30 15:11:09 #16 type.registry] 
New type java.util.HashMap<java.lang.Object,java.lang.Object>

[2021-03-30 15:11:09 #17 type.registry] 
New type java.util.ArrayList<java.lang.Object>

------------------------------------------------------------------------------------------------------------------------

[2021-03-30 15:11:41 #1 store] 
Database 'C:\Users\julen\eclipse-workspace\Bets21-master\src\main\resources\bets.temp' is opened by 10700@DESKTOP-OT7AHR9

[2021-03-30 15:11:42 #2 type.registry] 
New type domain.Question

[2021-03-30 15:11:42 #3 type] 
Type domain.Question is not enhanced.

[2021-03-30 15:11:42 #4 type.registry] 
New type domain.Event

[2021-03-30 15:11:42 #5 type.registry] 
New type java.util.HashMap<java.lang.String,java.lang.Double>

[2021-03-30 15:11:42 #6 type] 
Type domain.Event is not enhanced.

[2021-03-30 15:11:42 #7 type.registry] 
New type java.util.Vector<domain.Question>

[2021-03-30 15:11:42 #8 type.registry] 
New type domain.Pertsona

[2021-03-30 15:11:42 #9 type.registry] 
New type domain.Langile

[2021-03-30 15:11:42 #10 type] 
Type domain.Pertsona is not enhanced.

[2021-03-30 15:11:42 #11 type] 
Type domain.Langile is not enhanced.

[2021-03-30 15:11:42 #12 type.registry] 
New type domain.User

[2021-03-30 15:11:42 #13 type] 
Type domain.User is not enhanced.

[2021-03-30 15:11:42 #14 type.registry] 
New type java.util.ArrayList<java.lang.String>

[2021-03-30 15:11:42 #15 type.registry] 
New type java.util.Vector<java.lang.Object>

[2021-03-30 15:11:42 #16 type.registry] 
New type java.util.HashMap<java.lang.Object,java.lang.Object>

[2021-03-30 15:11:42 #17 type.registry] 
New type java.util.ArrayList<java.lang.Object>

------------------------------------------------------------------------------------------------------------------------

[2021-03-30 15:15:58 #1 store] 
Database 'C:\Users\julen\eclipse-workspace\Bets21-master\src\main\resources\bets.temp' is opened by 508@DESKTOP-OT7AHR9

[2021-03-30 15:15:59 #2 type.registry] 
New type domain.Question

[2021-03-30 15:15:59 #3 type] 
Type domain.Question is not enhanced.

[2021-03-30 15:15:59 #4 type.registry] 
New type domain.Event

[2021-03-30 15:15:59 #5 type.registry] 
New type java.util.HashMap<java.lang.String,java.lang.Double>

[2021-03-30 15:15:59 #6 type] 
Type domain.Event is not enhanced.

[2021-03-30 15:15:59 #7 type.registry] 
New type java.util.Vector<domain.Question>

[2021-03-30 15:15:59 #8 type.registry] 
New type domain.Pertsona

[2021-03-30 15:15:59 #9 type.registry] 
New type domain.Langile

[2021-03-30 15:15:59 #10 type] 
Type domain.Pertsona is not enhanced.

[2021-03-30 15:15:59 #11 type] 
Type domain.Langile is not enhanced.

[2021-03-30 15:15:59 #12 type.registry] 
New type domain.User

[2021-03-30 15:15:59 #13 type] 
Type domain.User is not enhanced.

[2021-03-30 15:15:59 #14 type.registry] 
New type java.util.ArrayList<java.lang.String>

[2021-03-30 15:15:59 #15 type.registry] 
New type java.util.Vector<java.lang.Object>

[2021-03-30 15:15:59 #16 type.registry] 
New type java.util.HashMap<java.lang.Object,java.lang.Object>

[2021-03-30 15:15:59 #17 type.registry] 
New type java.util.ArrayList<java.lang.Object>

------------------------------------------------------------------------------------------------------------------------

[2021-03-30 15:19:27 #1 store] 
Database 'C:\Users\julen\eclipse-workspace\Bets21-master\src\main\resources\bets.temp' is opened by 12232@DESKTOP-OT7AHR9

[2021-03-30 15:19:27 #2 type.registry] 
New type domain.Question

[2021-03-30 15:19:27 #3 type] 
Type domain.Question is not enhanced.

[2021-03-30 15:19:27 #4 type.registry] 
New type domain.Event

[2021-03-30 15:19:27 #5 type.registry] 
New type java.util.HashMap<java.lang.String,java.lang.Double>

[2021-03-30 15:19:27 #6 type] 
Type domain.Event is not enhanced.

[2021-03-30 15:19:27 #7 type.registry] 
New type java.util.Vector<domain.Question>

[2021-03-30 15:19:27 #8 type.registry] 
New type domain.Pertsona

[2021-03-30 15:19:27 #9 type.registry] 
New type domain.Langile

[2021-03-30 15:19:27 #10 type] 
Type domain.Pertsona is not enhanced.

[2021-03-30 15:19:27 #11 type] 
Type domain.Langile is not enhanced.

[2021-03-30 15:19:27 #12 type.registry] 
New type domain.User

[2021-03-30 15:19:27 #13 type] 
Type domain.User is not enhanced.

[2021-03-30 15:19:27 #14 type.registry] 
New type java.util.ArrayList<java.lang.String>

[2021-03-30 15:19:27 #15 type.registry] 
New type java.util.Vector<java.lang.Object>

[2021-03-30 15:19:27 #16 type.registry] 
New type java.util.HashMap<java.lang.Object,java.lang.Object>

[2021-03-30 15:19:27 #17 type.registry] 
New type java.util.ArrayList<java.lang.Object>

------------------------------------------------------------------------------------------------------------------------

[2021-03-30 15:20:40 #1 store] 
Database 'C:\Users\julen\eclipse-workspace\Bets21-master\src\main\resources\bets.temp' is opened by 2984@DESKTOP-OT7AHR9

[2021-03-30 15:20:40 #2 type.registry] 
New type domain.Question

[2021-03-30 15:20:40 #3 type] 
Type domain.Question is not enhanced.

[2021-03-30 15:20:40 #4 type.registry] 
New type domain.Event

[2021-03-30 15:20:40 #5 type.registry] 
New type java.util.HashMap<java.lang.String,java.lang.Double>

[2021-03-30 15:20:40 #6 type] 
Type domain.Event is not enhanced.

[2021-03-30 15:20:40 #7 type.registry] 
New type java.util.Vector<domain.Question>

[2021-03-30 15:20:40 #8 type.registry] 
New type domain.Pertsona

[2021-03-30 15:20:40 #9 type.registry] 
New type domain.Langile

[2021-03-30 15:20:40 #10 type] 
Type domain.Pertsona is not enhanced.

[2021-03-30 15:20:40 #11 type] 
Type domain.Langile is not enhanced.

[2021-03-30 15:20:40 #12 type.registry] 
New type domain.User

[2021-03-30 15:20:40 #13 type] 
Type domain.User is not enhanced.

[2021-03-30 15:20:40 #14 type.registry] 
New type java.util.ArrayList<java.lang.String>

[2021-03-30 15:20:40 #15 type.registry] 
New type java.util.Vector<java.lang.Object>

[2021-03-30 15:20:40 #16 type.registry] 
New type java.util.HashMap<java.lang.Object,java.lang.Object>

[2021-03-30 15:20:40 #17 type.registry] 
New type java.util.ArrayList<java.lang.Object>

------------------------------------------------------------------------------------------------------------------------

[2021-03-30 15:22:51 #1 store] 
Database 'C:\Users\julen\eclipse-workspace\Bets21-master\src\main\resources\bets.temp' is opened by 15212@DESKTOP-OT7AHR9

[2021-03-30 15:22:51 #2 type.registry] 
New type domain.Question

[2021-03-30 15:22:51 #3 type] 
Type domain.Question is not enhanced.

[2021-03-30 15:22:51 #4 type.registry] 
New type domain.Event

[2021-03-30 15:22:51 #5 type.registry] 
New type java.util.HashMap<java.lang.String,java.lang.Double>

[2021-03-30 15:22:51 #6 type] 
Type domain.Event is not enhanced.

[2021-03-30 15:22:51 #7 type.registry] 
New type java.util.Vector<domain.Question>

[2021-03-30 15:22:51 #8 type.registry] 
New type domain.Pertsona

[2021-03-30 15:22:51 #9 type.registry] 
New type domain.Langile

[2021-03-30 15:22:51 #10 type] 
Type domain.Pertsona is not enhanced.

[2021-03-30 15:22:51 #11 type] 
Type domain.Langile is not enhanced.

[2021-03-30 15:22:51 #12 type.registry] 
New type domain.User

[2021-03-30 15:22:51 #13 type] 
Type domain.User is not enhanced.

[2021-03-30 15:22:51 #14 type.registry] 
New type java.util.ArrayList<java.lang.String>

[2021-03-30 15:22:51 #15 type.registry] 
New type java.util.Vector<java.lang.Object>

[2021-03-30 15:22:51 #16 type.registry] 
New type java.util.HashMap<java.lang.Object,java.lang.Object>

[2021-03-30 15:22:51 #17 type.registry] 
New type java.util.ArrayList<java.lang.Object>

------------------------------------------------------------------------------------------------------------------------

[2021-03-30 15:24:31 #1 store] 
Database 'C:\Users\julen\eclipse-workspace\Bets21-master\src\main\resources\bets.temp' is opened by 9416@DESKTOP-OT7AHR9

[2021-03-30 15:24:31 #2 type.registry] 
New type domain.Question

[2021-03-30 15:24:31 #3 type] 
Type domain.Question is not enhanced.

[2021-03-30 15:24:31 #4 type.registry] 
New type domain.Event

[2021-03-30 15:24:31 #5 type.registry] 
New type java.util.HashMap<java.lang.String,java.lang.Double>

[2021-03-30 15:24:31 #6 type] 
Type domain.Event is not enhanced.

[2021-03-30 15:24:31 #7 type.registry] 
New type java.util.Vector<domain.Question>

[2021-03-30 15:24:31 #8 type.registry] 
New type domain.Pertsona

[2021-03-30 15:24:31 #9 type.registry] 
New type domain.Langile

[2021-03-30 15:24:31 #10 type] 
Type domain.Pertsona is not enhanced.

[2021-03-30 15:24:31 #11 type] 
Type domain.Langile is not enhanced.

[2021-03-30 15:24:31 #12 type.registry] 
New type domain.User

[2021-03-30 15:24:31 #13 type] 
Type domain.User is not enhanced.

[2021-03-30 15:24:31 #14 type.registry] 
New type java.util.ArrayList<java.lang.String>

[2021-03-30 15:24:31 #15 type.registry] 
New type java.util.Vector<java.lang.Object>

[2021-03-30 15:24:31 #16 type.registry] 
New type java.util.HashMap<java.lang.Object,java.lang.Object>

[2021-03-30 15:24:31 #17 type.registry] 
New type java.util.ArrayList<java.lang.Object>

------------------------------------------------------------------------------------------------------------------------

[2021-03-30 15:25:03 #1 store] 
Database 'C:\Users\julen\eclipse-workspace\Bets21-master\src\main\resources\bets.temp' is opened by 7260@DESKTOP-OT7AHR9

[2021-03-30 15:25:04 #2 type.registry] 
New type domain.Question

[2021-03-30 15:25:04 #3 type] 
Type domain.Question is not enhanced.

[2021-03-30 15:25:04 #4 type.registry] 
New type domain.Event

[2021-03-30 15:25:04 #5 type.registry] 
New type java.util.HashMap<java.lang.String,java.lang.Double>

[2021-03-30 15:25:04 #6 type] 
Type domain.Event is not enhanced.

[2021-03-30 15:25:04 #7 type.registry] 
New type java.util.Vector<domain.Question>

[2021-03-30 15:25:04 #8 type.registry] 
New type domain.Pertsona

[2021-03-30 15:25:04 #9 type.registry] 
New type domain.Langile

[2021-03-30 15:25:04 #10 type] 
Type domain.Pertsona is not enhanced.

[2021-03-30 15:25:04 #11 type] 
Type domain.Langile is not enhanced.

[2021-03-30 15:25:04 #12 type.registry] 
New type domain.User

[2021-03-30 15:25:04 #13 type] 
Type domain.User is not enhanced.

[2021-03-30 15:25:04 #14 type.registry] 
New type java.util.ArrayList<java.lang.String>

[2021-03-30 15:25:04 #15 type.registry] 
New type java.util.Vector<java.lang.Object>

[2021-03-30 15:25:04 #16 type.registry] 
New type java.util.HashMap<java.lang.Object,java.lang.Object>

[2021-03-30 15:25:04 #17 type.registry] 
New type java.util.ArrayList<java.lang.Object>

------------------------------------------------------------------------------------------------------------------------

[2021-03-30 15:34:16 #1 store] 
Database 'C:\Users\julen\eclipse-workspace\Bets21-master\src\main\resources\bets.temp' is opened by 4424@DESKTOP-OT7AHR9

[2021-03-30 15:34:16 #2 type.registry] 
New type domain.Question

[2021-03-30 15:34:16 #3 type] 
Type domain.Question is not enhanced.

[2021-03-30 15:34:16 #4 type.registry] 
New type domain.Event

[2021-03-30 15:34:16 #5 type.registry] 
New type java.util.HashMap<java.lang.String,java.lang.Double>

[2021-03-30 15:34:16 #6 type] 
Type domain.Event is not enhanced.

[2021-03-30 15:34:16 #7 type.registry] 
New type java.util.Vector<domain.Question>

[2021-03-30 15:34:16 #8 type.registry] 
New type domain.Pertsona

[2021-03-30 15:34:16 #9 type.registry] 
New type domain.Langile

[2021-03-30 15:34:16 #10 type] 
Type domain.Pertsona is not enhanced.

[2021-03-30 15:34:16 #11 type] 
Type domain.Langile is not enhanced.

[2021-03-30 15:34:16 #12 type.registry] 
New type domain.User

[2021-03-30 15:34:16 #13 type] 
Type domain.User is not enhanced.

[2021-03-30 15:34:16 #14 type.registry] 
New type java.util.ArrayList<java.lang.String>

[2021-03-30 15:34:16 #15 type.registry] 
New type java.util.Vector<java.lang.Object>

[2021-03-30 15:34:16 #16 type.registry] 
New type java.util.HashMap<java.lang.Object,java.lang.Object>

[2021-03-30 15:34:16 #17 type.registry] 
New type java.util.ArrayList<java.lang.Object>

------------------------------------------------------------------------------------------------------------------------

[2021-03-30 15:44:27 #1 store] 
Database 'C:\Users\julen\eclipse-workspace\Bets21-master\src\main\resources\bets.temp' is opened by 2008@DESKTOP-OT7AHR9

[2021-03-30 15:44:27 #2 type.registry] 
New type domain.Question

[2021-03-30 15:44:27 #3 type] 
Type domain.Question is not enhanced.

[2021-03-30 15:44:27 #4 type.registry] 
New type domain.Event

[2021-03-30 15:44:27 #5 type.registry] 
New type java.util.HashMap<java.lang.String,java.lang.Double>

[2021-03-30 15:44:27 #6 type] 
Type domain.Event is not enhanced.

[2021-03-30 15:44:27 #7 type.registry] 
New type java.util.Vector<domain.Question>

[2021-03-30 15:44:27 #8 type.registry] 
New type domain.Pertsona

[2021-03-30 15:44:27 #9 type.registry] 
New type domain.Langile

[2021-03-30 15:44:27 #10 type] 
Type domain.Pertsona is not enhanced.

[2021-03-30 15:44:27 #11 type] 
Type domain.Langile is not enhanced.

[2021-03-30 15:44:27 #12 type.registry] 
New type domain.User

[2021-03-30 15:44:27 #13 type] 
Type domain.User is not enhanced.

[2021-03-30 15:44:27 #14 type.registry] 
New type java.util.ArrayList<java.lang.String>

[2021-03-30 15:44:27 #15 type.registry] 
New type java.util.Vector<java.lang.Object>

[2021-03-30 15:44:27 #16 type.registry] 
New type java.util.HashMap<java.lang.Object,java.lang.Object>

[2021-03-30 15:44:27 #17 type.registry] 
New type java.util.ArrayList<java.lang.Object>

------------------------------------------------------------------------------------------------------------------------

[2021-03-30 15:50:56 #1 store] 
Database 'C:\Users\julen\eclipse-workspace\Bets21-master\src\main\resources\bets.temp' is opened by 3280@DESKTOP-OT7AHR9

[2021-03-30 15:50:56 #2 type.registry] 
New type domain.Question

[2021-03-30 15:50:56 #3 type] 
Type domain.Question is not enhanced.

[2021-03-30 15:50:56 #4 type.registry] 
New type domain.Event

[2021-03-30 15:50:56 #5 type.registry] 
New type java.util.HashMap<java.lang.String,java.lang.Double>

[2021-03-30 15:50:56 #6 type] 
Type domain.Event is not enhanced.

[2021-03-30 15:50:56 #7 type.registry] 
New type java.util.Vector<domain.Question>

[2021-03-30 15:50:56 #8 type.registry] 
New type domain.Pertsona

[2021-03-30 15:50:56 #9 type.registry] 
New type domain.Langile

[2021-03-30 15:50:56 #10 type] 
Type domain.Pertsona is not enhanced.

[2021-03-30 15:50:56 #11 type] 
Type domain.Langile is not enhanced.

[2021-03-30 15:50:56 #12 type.registry] 
New type domain.User

[2021-03-30 15:50:56 #13 type] 
Type domain.User is not enhanced.

[2021-03-30 15:50:56 #14 type.registry] 
New type java.util.ArrayList<java.lang.String>

[2021-03-30 15:50:56 #15 type.registry] 
New type java.util.Vector<java.lang.Object>

[2021-03-30 15:50:56 #16 type.registry] 
New type java.util.HashMap<java.lang.Object,java.lang.Object>

[2021-03-30 15:50:56 #17 type.registry] 
New type java.util.ArrayList<java.lang.Object>

------------------------------------------------------------------------------------------------------------------------

[2021-03-30 15:51:11 #1 store] 
Database 'C:\Users\julen\eclipse-workspace\Bets21-master\src\main\resources\bets.temp' is opened by 10400@DESKTOP-OT7AHR9

[2021-03-30 15:51:11 #2 type.registry] 
New type domain.Question

[2021-03-30 15:51:11 #3 type] 
Type domain.Question is not enhanced.

[2021-03-30 15:51:11 #4 type.registry] 
New type domain.Event

[2021-03-30 15:51:11 #5 type.registry] 
New type java.util.HashMap<java.lang.String,java.lang.Double>

[2021-03-30 15:51:11 #6 type] 
Type domain.Event is not enhanced.

[2021-03-30 15:51:11 #7 type.registry] 
New type java.util.Vector<domain.Question>

[2021-03-30 15:51:11 #8 type.registry] 
New type domain.Pertsona

[2021-03-30 15:51:11 #9 type.registry] 
New type domain.Langile

[2021-03-30 15:51:11 #10 type] 
Type domain.Pertsona is not enhanced.

[2021-03-30 15:51:11 #11 type] 
Type domain.Langile is not enhanced.

[2021-03-30 15:51:11 #12 type.registry] 
New type domain.User

[2021-03-30 15:51:11 #13 type] 
Type domain.User is not enhanced.

[2021-03-30 15:51:11 #14 type.registry] 
New type java.util.ArrayList<java.lang.String>

[2021-03-30 15:51:11 #15 type.registry] 
New type java.util.Vector<java.lang.Object>

[2021-03-30 15:51:11 #16 type.registry] 
New type java.util.HashMap<java.lang.Object,java.lang.Object>

[2021-03-30 15:51:11 #17 type.registry] 
New type java.util.ArrayList<java.lang.Object>

------------------------------------------------------------------------------------------------------------------------

[2021-03-30 15:51:41 #1 store] 
Database 'C:\Users\julen\eclipse-workspace\Bets21-master\src\main\resources\bets.temp' is opened by 4564@DESKTOP-OT7AHR9

[2021-03-30 15:51:41 #2 type.registry] 
New type domain.Question

[2021-03-30 15:51:41 #3 type] 
Type domain.Question is not enhanced.

[2021-03-30 15:51:41 #4 type.registry] 
New type domain.Event

[2021-03-30 15:51:41 #5 type.registry] 
New type java.util.HashMap<java.lang.String,java.lang.Double>

[2021-03-30 15:51:41 #6 type] 
Type domain.Event is not enhanced.

[2021-03-30 15:51:41 #7 type.registry] 
New type java.util.Vector<domain.Question>

[2021-03-30 15:51:41 #8 type.registry] 
New type domain.Pertsona

[2021-03-30 15:51:41 #9 type.registry] 
New type domain.Langile

[2021-03-30 15:51:41 #10 type] 
Type domain.Pertsona is not enhanced.

[2021-03-30 15:51:41 #11 type] 
Type domain.Langile is not enhanced.

[2021-03-30 15:51:41 #12 type.registry] 
New type domain.User

[2021-03-30 15:51:41 #13 type] 
Type domain.User is not enhanced.

[2021-03-30 15:51:41 #14 type.registry] 
New type java.util.ArrayList<java.lang.String>

[2021-03-30 15:51:41 #15 type.registry] 
New type java.util.Vector<java.lang.Object>

[2021-03-30 15:51:41 #16 type.registry] 
New type java.util.HashMap<java.lang.Object,java.lang.Object>

[2021-03-30 15:51:41 #17 type.registry] 
New type java.util.ArrayList<java.lang.Object>

------------------------------------------------------------------------------------------------------------------------

[2021-03-30 15:52:20 #1 store] 
Database 'C:\Users\julen\eclipse-workspace\Bets21-master\src\main\resources\bets.temp' is opened by 14200@DESKTOP-OT7AHR9

[2021-03-30 15:52:21 #2 type.registry] 
New type domain.Question

[2021-03-30 15:52:21 #3 type] 
Type domain.Question is not enhanced.

[2021-03-30 15:52:21 #4 type.registry] 
New type domain.Event

[2021-03-30 15:52:21 #5 type.registry] 
New type java.util.HashMap<java.lang.String,java.lang.Double>

[2021-03-30 15:52:21 #6 type] 
Type domain.Event is not enhanced.

[2021-03-30 15:52:21 #7 type.registry] 
New type java.util.Vector<domain.Question>

[2021-03-30 15:52:21 #8 type.registry] 
New type domain.Pertsona

[2021-03-30 15:52:21 #9 type.registry] 
New type domain.Langile

[2021-03-30 15:52:21 #10 type] 
Type domain.Pertsona is not enhanced.

[2021-03-30 15:52:21 #11 type] 
Type domain.Langile is not enhanced.

[2021-03-30 15:52:21 #12 type.registry] 
New type domain.User

[2021-03-30 15:52:21 #13 type] 
Type domain.User is not enhanced.

[2021-03-30 15:52:21 #14 type.registry] 
New type java.util.ArrayList<java.lang.String>

[2021-03-30 15:52:21 #15 type.registry] 
New type java.util.Vector<java.lang.Object>

[2021-03-30 15:52:21 #16 type.registry] 
New type java.util.HashMap<java.lang.Object,java.lang.Object>

[2021-03-30 15:52:21 #17 type.registry] 
New type java.util.ArrayList<java.lang.Object>

------------------------------------------------------------------------------------------------------------------------

[2021-03-30 16:01:29 #1 store] 
Database 'C:\Users\julen\eclipse-workspace\Bets21-master\src\main\resources\bets.temp' is opened by 11456@DESKTOP-OT7AHR9

[2021-03-30 16:01:29 #2 type.registry] 
New type domain.Question

[2021-03-30 16:01:29 #3 type] 
Type domain.Question is not enhanced.

[2021-03-30 16:01:29 #4 type.registry] 
New type domain.Event

[2021-03-30 16:01:29 #5 type.registry] 
New type java.util.HashMap<java.lang.String,java.lang.Double>

[2021-03-30 16:01:29 #6 type] 
Type domain.Event is not enhanced.

[2021-03-30 16:01:29 #7 type.registry] 
New type java.util.Vector<domain.Question>

[2021-03-30 16:01:29 #8 type.registry] 
New type domain.Pertsona

[2021-03-30 16:01:29 #9 type.registry] 
New type domain.Langile

[2021-03-30 16:01:29 #10 type] 
Type domain.Pertsona is not enhanced.

[2021-03-30 16:01:29 #11 type] 
Type domain.Langile is not enhanced.

[2021-03-30 16:01:29 #12 type.registry] 
New type domain.User

[2021-03-30 16:01:29 #13 type] 
Type domain.User is not enhanced.

[2021-03-30 16:01:29 #14 type.registry] 
New type java.util.ArrayList<java.lang.String>

[2021-03-30 16:01:29 #15 type.registry] 
New type java.util.Vector<java.lang.Object>

[2021-03-30 16:01:29 #16 type.registry] 
New type java.util.HashMap<java.lang.Object,java.lang.Object>

[2021-03-30 16:01:29 #17 type.registry] 
New type java.util.ArrayList<java.lang.Object>

------------------------------------------------------------------------------------------------------------------------

[2021-03-30 16:02:06 #1 store] 
Database 'C:\Users\julen\eclipse-workspace\Bets21-master\src\main\resources\bets.temp' is opened by 8108@DESKTOP-OT7AHR9

[2021-03-30 16:02:06 #2 type.registry] 
New type domain.Question

[2021-03-30 16:02:06 #3 type] 
Type domain.Question is not enhanced.

[2021-03-30 16:02:06 #4 type.registry] 
New type domain.Event

[2021-03-30 16:02:06 #5 type.registry] 
New type java.util.HashMap<java.lang.String,java.lang.Double>

[2021-03-30 16:02:06 #6 type] 
Type domain.Event is not enhanced.

[2021-03-30 16:02:06 #7 type.registry] 
New type java.util.Vector<domain.Question>

[2021-03-30 16:02:06 #8 type.registry] 
New type domain.Pertsona

[2021-03-30 16:02:06 #9 type.registry] 
New type domain.Langile

[2021-03-30 16:02:06 #10 type] 
Type domain.Pertsona is not enhanced.

[2021-03-30 16:02:06 #11 type] 
Type domain.Langile is not enhanced.

[2021-03-30 16:02:06 #12 type.registry] 
New type domain.User

[2021-03-30 16:02:06 #13 type] 
Type domain.User is not enhanced.

[2021-03-30 16:02:06 #14 type.registry] 
New type java.util.ArrayList<java.lang.String>

[2021-03-30 16:02:06 #15 type.registry] 
New type java.util.Vector<java.lang.Object>

[2021-03-30 16:02:06 #16 type.registry] 
New type java.util.HashMap<java.lang.Object,java.lang.Object>

[2021-03-30 16:02:06 #17 type.registry] 
New type java.util.ArrayList<java.lang.Object>

------------------------------------------------------------------------------------------------------------------------

[2021-03-30 16:03:00 #1 store] 
Database 'C:\Users\julen\eclipse-workspace\Bets21-master\src\main\resources\bets.temp' is opened by 9784@DESKTOP-OT7AHR9

[2021-03-30 16:03:00 #2 type.registry] 
New type domain.Question

[2021-03-30 16:03:00 #3 type] 
Type domain.Question is not enhanced.

[2021-03-30 16:03:00 #4 type.registry] 
New type domain.Event

[2021-03-30 16:03:00 #5 type.registry] 
New type java.util.HashMap<java.lang.String,java.lang.Double>

[2021-03-30 16:03:00 #6 type] 
Type domain.Event is not enhanced.

[2021-03-30 16:03:00 #7 type.registry] 
New type java.util.Vector<domain.Question>

[2021-03-30 16:03:00 #8 type.registry] 
New type domain.Pertsona

[2021-03-30 16:03:00 #9 type.registry] 
New type domain.Langile

[2021-03-30 16:03:00 #10 type] 
Type domain.Pertsona is not enhanced.

[2021-03-30 16:03:00 #11 type] 
Type domain.Langile is not enhanced.

[2021-03-30 16:03:00 #12 type.registry] 
New type domain.User

[2021-03-30 16:03:00 #13 type] 
Type domain.User is not enhanced.

[2021-03-30 16:03:00 #14 type.registry] 
New type java.util.ArrayList<java.lang.String>

[2021-03-30 16:03:00 #15 type.registry] 
New type java.util.Vector<java.lang.Object>

[2021-03-30 16:03:00 #16 type.registry] 
New type java.util.HashMap<java.lang.Object,java.lang.Object>

[2021-03-30 16:03:00 #17 type.registry] 
New type java.util.ArrayList<java.lang.Object>

------------------------------------------------------------------------------------------------------------------------

[2021-03-30 16:10:50 #1 store] 
Database 'C:\Users\julen\eclipse-workspace\Bets21-master\src\main\resources\bets.temp' is opened by 1640@DESKTOP-OT7AHR9

[2021-03-30 16:10:51 #2 type.registry] 
New type domain.Question

[2021-03-30 16:10:51 #3 type] 
Type domain.Question is not enhanced.

[2021-03-30 16:10:51 #4 type.registry] 
New type domain.Event

[2021-03-30 16:10:51 #5 type.registry] 
New type java.util.HashMap<java.lang.String,java.lang.Double>

[2021-03-30 16:10:51 #6 type] 
Type domain.Event is not enhanced.

[2021-03-30 16:10:51 #7 type.registry] 
New type java.util.Vector<domain.Question>

[2021-03-30 16:10:51 #8 type.registry] 
New type domain.Pertsona

[2021-03-30 16:10:51 #9 type.registry] 
New type domain.Langile

[2021-03-30 16:10:51 #10 type] 
Type domain.Pertsona is not enhanced.

[2021-03-30 16:10:51 #11 type] 
Type domain.Langile is not enhanced.

[2021-03-30 16:10:51 #12 type.registry] 
New type domain.User

[2021-03-30 16:10:51 #13 type] 
Type domain.User is not enhanced.

[2021-03-30 16:10:51 #14 type.registry] 
New type java.util.ArrayList<java.lang.String>

[2021-03-30 16:10:51 #15 type.registry] 
New type java.util.Vector<java.lang.Object>

[2021-03-30 16:10:51 #16 type.registry] 
New type java.util.HashMap<java.lang.Object,java.lang.Object>

[2021-03-30 16:10:51 #17 type.registry] 
New type java.util.ArrayList<java.lang.Object>

------------------------------------------------------------------------------------------------------------------------

[2021-03-30 16:11:02 #1 store] 
Database 'C:\Users\julen\eclipse-workspace\Bets21-master\src\main\resources\bets.temp' is opened by 6420@DESKTOP-OT7AHR9

[2021-03-30 16:11:03 #2 type.registry] 
New type domain.Question

[2021-03-30 16:11:03 #3 type] 
Type domain.Question is not enhanced.

[2021-03-30 16:11:03 #4 type.registry] 
New type domain.Event

[2021-03-30 16:11:03 #5 type.registry] 
New type java.util.HashMap<java.lang.String,java.lang.Double>

[2021-03-30 16:11:03 #6 type] 
Type domain.Event is not enhanced.

[2021-03-30 16:11:03 #7 type.registry] 
New type java.util.Vector<domain.Question>

[2021-03-30 16:11:03 #8 type.registry] 
New type domain.Pertsona

[2021-03-30 16:11:03 #9 type.registry] 
New type domain.Langile

[2021-03-30 16:11:03 #10 type] 
Type domain.Pertsona is not enhanced.

[2021-03-30 16:11:03 #11 type] 
Type domain.Langile is not enhanced.

[2021-03-30 16:11:03 #12 type.registry] 
New type domain.User

[2021-03-30 16:11:03 #13 type] 
Type domain.User is not enhanced.

[2021-03-30 16:11:03 #14 type.registry] 
New type java.util.ArrayList<java.lang.String>

[2021-03-30 16:11:03 #15 type.registry] 
New type java.util.Vector<java.lang.Object>

[2021-03-30 16:11:03 #16 type.registry] 
New type java.util.HashMap<java.lang.Object,java.lang.Object>

[2021-03-30 16:11:03 #17 type.registry] 
New type java.util.ArrayList<java.lang.Object>

------------------------------------------------------------------------------------------------------------------------

[2021-03-30 16:17:54 #1 store] 
Database 'C:\Users\julen\eclipse-workspace\Bets21-master\src\main\resources\bets.temp' is opened by 5248@DESKTOP-OT7AHR9

[2021-03-30 16:17:54 #2 type.registry] 
New type domain.Question

[2021-03-30 16:17:54 #3 type] 
Type domain.Question is not enhanced.

[2021-03-30 16:17:54 #4 type.registry] 
New type domain.Event

[2021-03-30 16:17:54 #5 type.registry] 
New type java.util.HashMap<java.lang.String,java.lang.Double>

[2021-03-30 16:17:54 #6 type] 
Type domain.Event is not enhanced.

[2021-03-30 16:17:54 #7 type.registry] 
New type java.util.Vector<domain.Question>

[2021-03-30 16:17:54 #8 type.registry] 
New type domain.Pertsona

[2021-03-30 16:17:54 #9 type.registry] 
New type domain.Langile

[2021-03-30 16:17:54 #10 type] 
Type domain.Pertsona is not enhanced.

[2021-03-30 16:17:54 #11 type] 
Type domain.Langile is not enhanced.

[2021-03-30 16:17:54 #12 type.registry] 
New type domain.User

[2021-03-30 16:17:54 #13 type] 
Type domain.User is not enhanced.

[2021-03-30 16:17:54 #14 type.registry] 
New type java.util.ArrayList<java.lang.String>

[2021-03-30 16:17:54 #15 type.registry] 
New type java.util.Vector<java.lang.Object>

[2021-03-30 16:17:54 #16 type.registry] 
New type java.util.HashMap<java.lang.Object,java.lang.Object>

[2021-03-30 16:17:54 #17 type.registry] 
New type java.util.ArrayList<java.lang.Object>

