------------------------------------------------------------------------------------------------------------------------

[2021-02-28 18:36:43 #1 store] 
Database 'C:\Users\julen\eclipse-workspace\Bets21-master\src\main\resources\bets.temp' is opened by 7260@DESKTOP-OT7AHR9

[2021-02-28 18:36:43 #2 type] 
Type domain.Question is not enhanced.

[2021-02-28 18:36:43 #3 type] 
Type domain.Event is not enhanced.

[2021-02-28 18:36:43 #4 type] 
Type domain.Pertsona is not enhanced.

[2021-02-28 18:36:43 #5 type] 
Type domain.Langile is not enhanced.

[2021-02-28 18:36:43 #6 type] 
Type domain.User is not enhanced.

------------------------------------------------------------------------------------------------------------------------

[2021-02-28 18:38:52 #1 store] 
Database 'C:\Users\julen\eclipse-workspace\Bets21-master\src\main\resources\bets.temp' is opened by 16088@DESKTOP-OT7AHR9

[2021-02-28 18:38:53 #2 type] 
Type domain.Question is not enhanced.

[2021-02-28 18:38:53 #3 type] 
Type domain.Event is not enhanced.

[2021-02-28 18:38:53 #4 type] 
Type domain.Pertsona is not enhanced.

[2021-02-28 18:38:53 #5 type] 
Type domain.Langile is not enhanced.

[2021-02-28 18:38:53 #6 type] 
Type domain.User is not enhanced.

------------------------------------------------------------------------------------------------------------------------

[2021-02-28 18:39:26 #1 store] 
Database 'C:\Users\julen\eclipse-workspace\Bets21-master\src\main\resources\bets.temp' is opened by 1688@DESKTOP-OT7AHR9

[2021-02-28 18:39:26 #2 type] 
Type domain.Question is not enhanced.

[2021-02-28 18:39:26 #3 type] 
Type domain.Event is not enhanced.

[2021-02-28 18:39:26 #4 type] 
Type domain.Pertsona is not enhanced.

[2021-02-28 18:39:26 #5 type] 
Type domain.Langile is not enhanced.

[2021-02-28 18:39:26 #6 type] 
Type domain.User is not enhanced.

------------------------------------------------------------------------------------------------------------------------

[2021-02-28 18:40:35 #1 store] 
Database 'C:\Users\julen\eclipse-workspace\Bets21-master\src\main\resources\bets.temp' is opened by 14736@DESKTOP-OT7AHR9

[2021-02-28 18:40:35 #2 type] 
Type domain.Question is not enhanced.

[2021-02-28 18:40:35 #3 type] 
Type domain.Event is not enhanced.

[2021-02-28 18:40:35 #4 type] 
Type domain.Pertsona is not enhanced.

[2021-02-28 18:40:35 #5 type] 
Type domain.Langile is not enhanced.

[2021-02-28 18:40:35 #6 type] 
Type domain.User is not enhanced.

------------------------------------------------------------------------------------------------------------------------

[2021-02-28 18:42:20 #1 store] 
Database 'C:\Users\julen\eclipse-workspace\Bets21-master\src\main\resources\bets.temp' is opened by 8048@DESKTOP-OT7AHR9

[2021-02-28 18:42:21 #2 type] 
Type domain.Question is not enhanced.

[2021-02-28 18:42:21 #3 type] 
Type domain.Event is not enhanced.

[2021-02-28 18:42:21 #4 type] 
Type domain.Pertsona is not enhanced.

[2021-02-28 18:42:21 #5 type] 
Type domain.Langile is not enhanced.

[2021-02-28 18:42:21 #6 type] 
Type domain.User is not enhanced.

------------------------------------------------------------------------------------------------------------------------

[2021-02-28 18:43:34 #1 store] 
Database 'C:\Users\julen\eclipse-workspace\Bets21-master\src\main\resources\bets.temp' is opened by 15176@DESKTOP-OT7AHR9

[2021-02-28 18:43:34 #2 type] 
Type domain.Question is not enhanced.

[2021-02-28 18:43:34 #3 type] 
Type domain.Event is not enhanced.

[2021-02-28 18:43:34 #4 type] 
Type domain.Pertsona is not enhanced.

[2021-02-28 18:43:34 #5 type] 
Type domain.Langile is not enhanced.

[2021-02-28 18:43:34 #6 type] 
Type domain.User is not enhanced.

------------------------------------------------------------------------------------------------------------------------

[2021-02-28 18:43:47 #1 store] 
Database 'C:\Users\julen\eclipse-workspace\Bets21-master\src\main\resources\bets.temp' is opened by 8856@DESKTOP-OT7AHR9

[2021-02-28 18:43:47 #2 type] 
Type domain.Question is not enhanced.

[2021-02-28 18:43:47 #3 type] 
Type domain.Event is not enhanced.

[2021-02-28 18:43:47 #4 type] 
Type domain.Pertsona is not enhanced.

[2021-02-28 18:43:47 #5 type] 
Type domain.Langile is not enhanced.

[2021-02-28 18:43:47 #6 type] 
Type domain.User is not enhanced.

