------------------------------------------------------------------------------------------------------------------------

[2021-03-02 19:26:20 #1 store] 
Database 'C:\Users\julen\eclipse-workspace\Bets21-master\src\main\resources\bets.temp' is opened by 15396@DESKTOP-OT7AHR9

[2021-03-02 19:26:20 #2 type.registry] 
New type domain.Question

[2021-03-02 19:26:20 #3 type] 
Type domain.Question is not enhanced.

[2021-03-02 19:26:20 #4 type.registry] 
New type domain.Event

[2021-03-02 19:26:20 #5 type] 
Type domain.Event is not enhanced.

[2021-03-02 19:26:20 #6 type.registry] 
New type java.util.Vector<domain.Question>

[2021-03-02 19:26:20 #7 type.registry] 
New type domain.Pertsona

[2021-03-02 19:26:20 #8 type.registry] 
New type domain.Langile

[2021-03-02 19:26:20 #9 type] 
Type domain.Pertsona is not enhanced.

[2021-03-02 19:26:20 #10 type] 
Type domain.Langile is not enhanced.

[2021-03-02 19:26:20 #11 type.registry] 
New type domain.User

[2021-03-02 19:26:20 #12 type] 
Type domain.User is not enhanced.

[2021-03-02 19:26:20 #13 type.registry] 
New type java.util.Vector<java.lang.Object>

