------------------------------------------------------------------------------------------------------------------------

[2021-03-24 16:13:35 #1 store] 
Database 'C:\Users\julen\eclipse-workspace\Bets21-master\src\main\resources\bets.temp' is opened by 14488@DESKTOP-OT7AHR9

[2021-03-24 16:13:35 #2 type.registry] 
New type domain.Question

[2021-03-24 16:13:35 #3 type] 
Type domain.Question is not enhanced.

[2021-03-24 16:13:35 #4 type.registry] 
New type domain.Event

[2021-03-24 16:13:35 #5 type] 
Type domain.Event is not enhanced.

[2021-03-24 16:13:35 #6 type.registry] 
New type java.util.Vector<domain.Question>

[2021-03-24 16:13:35 #7 type.registry] 
New type domain.Pertsona

[2021-03-24 16:13:35 #8 type.registry] 
New type domain.Langile

[2021-03-24 16:13:35 #9 type] 
Type domain.Pertsona is not enhanced.

[2021-03-24 16:13:35 #10 type] 
Type domain.Langile is not enhanced.

[2021-03-24 16:13:35 #11 type.registry] 
New type domain.User

[2021-03-24 16:13:35 #12 type] 
Type domain.User is not enhanced.

[2021-03-24 16:13:35 #13 type.registry] 
New type java.util.Vector<java.lang.Object>

------------------------------------------------------------------------------------------------------------------------

[2021-03-24 16:16:21 #1 store] 
Database 'C:\Users\julen\eclipse-workspace\Bets21-master\src\main\resources\bets.temp' is opened by 2500@DESKTOP-OT7AHR9

[2021-03-24 16:16:21 #2 type.registry] 
New type domain.Question

[2021-03-24 16:16:21 #3 type] 
Type domain.Question is not enhanced.

[2021-03-24 16:16:21 #4 type.registry] 
New type domain.Event

[2021-03-24 16:16:21 #5 type] 
Type domain.Event is not enhanced.

[2021-03-24 16:16:21 #6 type.registry] 
New type java.util.Vector<domain.Question>

[2021-03-24 16:16:21 #7 type.registry] 
New type domain.Pertsona

[2021-03-24 16:16:21 #8 type.registry] 
New type domain.Langile

[2021-03-24 16:16:21 #9 type] 
Type domain.Pertsona is not enhanced.

[2021-03-24 16:16:21 #10 type] 
Type domain.Langile is not enhanced.

[2021-03-24 16:16:21 #11 type.registry] 
New type domain.User

[2021-03-24 16:16:21 #12 type] 
Type domain.User is not enhanced.

[2021-03-24 16:16:21 #13 type.registry] 
New type java.util.Vector<java.lang.Object>

------------------------------------------------------------------------------------------------------------------------

[2021-03-24 16:16:47 #1 store] 
Database 'C:\Users\julen\eclipse-workspace\Bets21-master\src\main\resources\bets.temp' is opened by 9328@DESKTOP-OT7AHR9

[2021-03-24 16:16:48 #2 type.registry] 
New type domain.Question

[2021-03-24 16:16:48 #3 type] 
Type domain.Question is not enhanced.

[2021-03-24 16:16:48 #4 type.registry] 
New type domain.Event

[2021-03-24 16:16:48 #5 type] 
Type domain.Event is not enhanced.

[2021-03-24 16:16:48 #6 type.registry] 
New type java.util.Vector<domain.Question>

[2021-03-24 16:16:48 #7 type.registry] 
New type domain.Pertsona

[2021-03-24 16:16:48 #8 type.registry] 
New type domain.Langile

[2021-03-24 16:16:48 #9 type] 
Type domain.Pertsona is not enhanced.

[2021-03-24 16:16:48 #10 type] 
Type domain.Langile is not enhanced.

[2021-03-24 16:16:48 #11 type.registry] 
New type domain.User

[2021-03-24 16:16:48 #12 type] 
Type domain.User is not enhanced.

[2021-03-24 16:16:48 #13 type.registry] 
New type java.util.Vector<java.lang.Object>

