------------------------------------------------------------------------------------------------------------------------

[2021-03-25 12:48:35 #1 store] 
Database 'C:\Users\julen\eclipse-workspace\Bets21-master\src\main\resources\bets.temp' is opened by 12548@DESKTOP-OT7AHR9

[2021-03-25 12:48:35 #2 type.registry] 
New type domain.Question

[2021-03-25 12:48:35 #3 type] 
Type domain.Question is not enhanced.

[2021-03-25 12:48:35 #4 type.registry] 
New type domain.Event

[2021-03-25 12:48:35 #5 type] 
Type domain.Event is not enhanced.

[2021-03-25 12:48:35 #6 type.registry] 
New type java.util.Vector<domain.Question>

[2021-03-25 12:48:35 #7 type.registry] 
New type domain.Pertsona

[2021-03-25 12:48:35 #8 type.registry] 
New type domain.Langile

[2021-03-25 12:48:35 #9 type] 
Type domain.Pertsona is not enhanced.

[2021-03-25 12:48:35 #10 type] 
Type domain.Langile is not enhanced.

[2021-03-25 12:48:35 #11 type.registry] 
New type domain.User

[2021-03-25 12:48:35 #12 type] 
Type domain.User is not enhanced.

[2021-03-25 12:48:35 #13 type.registry] 
New type java.util.Vector<java.lang.Object>

------------------------------------------------------------------------------------------------------------------------

[2021-03-25 12:51:01 #1 store] 
Database 'C:\Users\julen\eclipse-workspace\Bets21-master\src\main\resources\bets.temp' is opened by 13064@DESKTOP-OT7AHR9

[2021-03-25 12:51:01 #2 type.registry] 
New type domain.Question

[2021-03-25 12:51:01 #3 type] 
Type domain.Question is not enhanced.

[2021-03-25 12:51:01 #4 type.registry] 
New type domain.Event

[2021-03-25 12:51:01 #5 type] 
Type domain.Event is not enhanced.

[2021-03-25 12:51:01 #6 type.registry] 
New type java.util.Vector<domain.Question>

[2021-03-25 12:51:01 #7 type.registry] 
New type domain.Pertsona

[2021-03-25 12:51:01 #8 type.registry] 
New type domain.Langile

[2021-03-25 12:51:01 #9 type] 
Type domain.Pertsona is not enhanced.

[2021-03-25 12:51:01 #10 type] 
Type domain.Langile is not enhanced.

[2021-03-25 12:51:01 #11 type.registry] 
New type domain.User

[2021-03-25 12:51:01 #12 type] 
Type domain.User is not enhanced.

[2021-03-25 12:51:01 #13 type.registry] 
New type java.util.Vector<java.lang.Object>

------------------------------------------------------------------------------------------------------------------------

[2021-03-25 12:51:46 #1 store] 
Database 'C:\Users\julen\eclipse-workspace\Bets21-master\src\main\resources\bets.temp' is opened by 11936@DESKTOP-OT7AHR9

[2021-03-25 12:51:46 #2 type.registry] 
New type domain.Question

[2021-03-25 12:51:46 #3 type] 
Type domain.Question is not enhanced.

[2021-03-25 12:51:46 #4 type.registry] 
New type domain.Event

[2021-03-25 12:51:46 #5 type] 
Type domain.Event is not enhanced.

[2021-03-25 12:51:46 #6 type.registry] 
New type java.util.Vector<domain.Question>

[2021-03-25 12:51:46 #7 type.registry] 
New type domain.Pertsona

[2021-03-25 12:51:46 #8 type.registry] 
New type domain.Langile

[2021-03-25 12:51:46 #9 type] 
Type domain.Pertsona is not enhanced.

[2021-03-25 12:51:46 #10 type] 
Type domain.Langile is not enhanced.

[2021-03-25 12:51:46 #11 type.registry] 
New type domain.User

[2021-03-25 12:51:46 #12 type] 
Type domain.User is not enhanced.

[2021-03-25 12:51:46 #13 type.registry] 
New type java.util.Vector<java.lang.Object>

------------------------------------------------------------------------------------------------------------------------

[2021-03-25 12:52:10 #1 store] 
Database 'C:\Users\julen\eclipse-workspace\Bets21-master\src\main\resources\bets.temp' is opened by 848@DESKTOP-OT7AHR9

[2021-03-25 12:52:11 #2 type.registry] 
New type domain.Question

[2021-03-25 12:52:11 #3 type] 
Type domain.Question is not enhanced.

[2021-03-25 12:52:11 #4 type.registry] 
New type domain.Event

[2021-03-25 12:52:11 #5 type] 
Type domain.Event is not enhanced.

[2021-03-25 12:52:11 #6 type.registry] 
New type java.util.Vector<domain.Question>

[2021-03-25 12:52:11 #7 type.registry] 
New type domain.Pertsona

[2021-03-25 12:52:11 #8 type.registry] 
New type domain.Langile

[2021-03-25 12:52:11 #9 type] 
Type domain.Pertsona is not enhanced.

[2021-03-25 12:52:11 #10 type] 
Type domain.Langile is not enhanced.

[2021-03-25 12:52:11 #11 type.registry] 
New type domain.User

[2021-03-25 12:52:11 #12 type] 
Type domain.User is not enhanced.

[2021-03-25 12:52:11 #13 type.registry] 
New type java.util.Vector<java.lang.Object>

------------------------------------------------------------------------------------------------------------------------

[2021-03-25 12:53:23 #1 store] 
Database 'C:\Users\julen\eclipse-workspace\Bets21-master\src\main\resources\bets.temp' is opened by 10180@DESKTOP-OT7AHR9

[2021-03-25 12:53:24 #2 type.registry] 
New type domain.Question

[2021-03-25 12:53:24 #3 type] 
Type domain.Question is not enhanced.

[2021-03-25 12:53:24 #4 type.registry] 
New type domain.Event

[2021-03-25 12:53:24 #5 type] 
Type domain.Event is not enhanced.

[2021-03-25 12:53:24 #6 type.registry] 
New type java.util.Vector<domain.Question>

[2021-03-25 12:53:24 #7 type.registry] 
New type domain.Pertsona

[2021-03-25 12:53:24 #8 type.registry] 
New type domain.Langile

[2021-03-25 12:53:24 #9 type] 
Type domain.Pertsona is not enhanced.

[2021-03-25 12:53:24 #10 type] 
Type domain.Langile is not enhanced.

[2021-03-25 12:53:24 #11 type.registry] 
New type domain.User

[2021-03-25 12:53:24 #12 type] 
Type domain.User is not enhanced.

[2021-03-25 12:53:24 #13 type.registry] 
New type java.util.Vector<java.lang.Object>

------------------------------------------------------------------------------------------------------------------------

[2021-03-25 12:53:50 #1 store] 
Database 'C:\Users\julen\eclipse-workspace\Bets21-master\src\main\resources\bets.temp' is opened by 13196@DESKTOP-OT7AHR9

[2021-03-25 12:53:50 #2 type.registry] 
New type domain.Question

[2021-03-25 12:53:50 #3 type] 
Type domain.Question is not enhanced.

[2021-03-25 12:53:50 #4 type.registry] 
New type domain.Event

[2021-03-25 12:53:50 #5 type] 
Type domain.Event is not enhanced.

[2021-03-25 12:53:50 #6 type.registry] 
New type java.util.Vector<domain.Question>

[2021-03-25 12:53:50 #7 type.registry] 
New type domain.Pertsona

[2021-03-25 12:53:50 #8 type.registry] 
New type domain.Langile

[2021-03-25 12:53:50 #9 type] 
Type domain.Pertsona is not enhanced.

[2021-03-25 12:53:50 #10 type] 
Type domain.Langile is not enhanced.

[2021-03-25 12:53:50 #11 type.registry] 
New type domain.User

[2021-03-25 12:53:50 #12 type] 
Type domain.User is not enhanced.

[2021-03-25 12:53:50 #13 type.registry] 
New type java.util.Vector<java.lang.Object>

