------------------------------------------------------------------------------------------------------------------------

[2021-04-02 16:22:34 #1 store] 
Database 'C:\Users\julen\eclipse-workspace\Bets21-master\src\main\resources\bets.temp' is opened by 12400@DESKTOP-OT7AHR9

[2021-04-02 16:22:34 #2 type.registry] 
New type domain.Question

[2021-04-02 16:22:34 #3 type] 
Type domain.Question is not enhanced.

[2021-04-02 16:22:34 #4 type.registry] 
New type domain.Event

[2021-04-02 16:22:34 #5 type.registry] 
New type java.util.HashMap<java.lang.String,java.lang.Double>

[2021-04-02 16:22:34 #6 type] 
Type domain.Event is not enhanced.

[2021-04-02 16:22:34 #7 type.registry] 
New type java.util.Vector<domain.Question>

[2021-04-02 16:22:34 #8 type.registry] 
New type domain.Pertsona

[2021-04-02 16:22:34 #9 type.registry] 
New type domain.Langile

[2021-04-02 16:22:34 #10 type] 
Type domain.Pertsona is not enhanced.

[2021-04-02 16:22:34 #11 type] 
Type domain.Langile is not enhanced.

[2021-04-02 16:22:34 #12 type.registry] 
New type domain.User

[2021-04-02 16:22:34 #13 type] 
Type domain.User is not enhanced.

[2021-04-02 16:22:34 #14 type.registry] 
New type java.util.ArrayList<java.lang.String>

[2021-04-02 16:22:34 #15 type.registry] 
New type java.util.Vector<java.lang.Object>

[2021-04-02 16:22:34 #16 type.registry] 
New type java.util.HashMap<java.lang.Object,java.lang.Object>

[2021-04-02 16:22:34 #17 type.registry] 
New type java.util.ArrayList<java.lang.Object>

------------------------------------------------------------------------------------------------------------------------

[2021-04-02 16:39:36 #1 store] 
Database 'C:\Users\julen\eclipse-workspace\Bets21-master\src\main\resources\bets.temp' is opened by 6348@DESKTOP-OT7AHR9

[2021-04-02 16:39:37 #2 type.registry] 
New type domain.Question

[2021-04-02 16:39:37 #3 type] 
Type domain.Question is not enhanced.

[2021-04-02 16:39:37 #4 type.registry] 
New type domain.Event

[2021-04-02 16:39:37 #5 type.registry] 
New type java.util.HashMap<java.lang.String,java.lang.Double>

[2021-04-02 16:39:37 #6 type] 
Type domain.Event is not enhanced.

[2021-04-02 16:39:37 #7 type.registry] 
New type java.util.Vector<domain.Question>

[2021-04-02 16:39:37 #8 type.registry] 
New type domain.Pertsona

[2021-04-02 16:39:37 #9 type.registry] 
New type domain.Langile

[2021-04-02 16:39:37 #10 type] 
Type domain.Pertsona is not enhanced.

[2021-04-02 16:39:37 #11 type] 
Type domain.Langile is not enhanced.

[2021-04-02 16:39:37 #12 type.registry] 
New type domain.User

[2021-04-02 16:39:37 #13 type] 
Type domain.User is not enhanced.

[2021-04-02 16:39:37 #14 type.registry] 
New type java.util.ArrayList<java.lang.String>

[2021-04-02 16:39:37 #15 type.registry] 
New type java.util.Vector<java.lang.Object>

[2021-04-02 16:39:37 #16 type.registry] 
New type java.util.HashMap<java.lang.Object,java.lang.Object>

[2021-04-02 16:39:37 #17 type.registry] 
New type java.util.ArrayList<java.lang.Object>

------------------------------------------------------------------------------------------------------------------------

[2021-04-02 16:40:51 #1 store] 
Database 'C:\Users\julen\eclipse-workspace\Bets21-master\src\main\resources\bets.temp' is opened by 9848@DESKTOP-OT7AHR9

[2021-04-02 16:40:51 #2 type.registry] 
New type domain.Question

[2021-04-02 16:40:51 #3 type] 
Type domain.Question is not enhanced.

[2021-04-02 16:40:52 #4 type.registry] 
New type domain.Event

[2021-04-02 16:40:52 #5 type.registry] 
New type java.util.HashMap<java.lang.String,java.lang.Double>

[2021-04-02 16:40:52 #6 type] 
Type domain.Event is not enhanced.

[2021-04-02 16:40:52 #7 type.registry] 
New type java.util.Vector<domain.Question>

[2021-04-02 16:40:52 #8 type.registry] 
New type domain.Pertsona

[2021-04-02 16:40:52 #9 type.registry] 
New type domain.Langile

[2021-04-02 16:40:52 #10 type] 
Type domain.Pertsona is not enhanced.

[2021-04-02 16:40:52 #11 type] 
Type domain.Langile is not enhanced.

[2021-04-02 16:40:52 #12 type.registry] 
New type domain.User

[2021-04-02 16:40:52 #13 type] 
Type domain.User is not enhanced.

[2021-04-02 16:40:52 #14 type.registry] 
New type java.util.ArrayList<java.lang.String>

[2021-04-02 16:40:52 #15 type.registry] 
New type java.util.Vector<java.lang.Object>

[2021-04-02 16:40:52 #16 type.registry] 
New type java.util.HashMap<java.lang.Object,java.lang.Object>

[2021-04-02 16:40:52 #17 type.registry] 
New type java.util.ArrayList<java.lang.Object>

------------------------------------------------------------------------------------------------------------------------

[2021-04-02 16:42:11 #1 store] 
Database 'C:\Users\julen\eclipse-workspace\Bets21-master\src\main\resources\bets.temp' is opened by 13556@DESKTOP-OT7AHR9

[2021-04-02 16:42:11 #2 type.registry] 
New type domain.Question

[2021-04-02 16:42:11 #3 type] 
Type domain.Question is not enhanced.

[2021-04-02 16:42:11 #4 type.registry] 
New type domain.Event

[2021-04-02 16:42:11 #5 type.registry] 
New type java.util.HashMap<java.lang.String,java.lang.Double>

[2021-04-02 16:42:11 #6 type] 
Type domain.Event is not enhanced.

[2021-04-02 16:42:11 #7 type.registry] 
New type java.util.Vector<domain.Question>

[2021-04-02 16:42:11 #8 type.registry] 
New type domain.Pertsona

[2021-04-02 16:42:11 #9 type.registry] 
New type domain.Langile

[2021-04-02 16:42:11 #10 type] 
Type domain.Pertsona is not enhanced.

[2021-04-02 16:42:11 #11 type] 
Type domain.Langile is not enhanced.

[2021-04-02 16:42:11 #12 type.registry] 
New type domain.User

[2021-04-02 16:42:11 #13 type] 
Type domain.User is not enhanced.

[2021-04-02 16:42:11 #14 type.registry] 
New type java.util.ArrayList<java.lang.String>

[2021-04-02 16:42:11 #15 type.registry] 
New type java.util.Vector<java.lang.Object>

[2021-04-02 16:42:11 #16 type.registry] 
New type java.util.HashMap<java.lang.Object,java.lang.Object>

[2021-04-02 16:42:11 #17 type.registry] 
New type java.util.ArrayList<java.lang.Object>

------------------------------------------------------------------------------------------------------------------------

[2021-04-02 16:42:39 #1 store] 
Database 'C:\Users\julen\eclipse-workspace\Bets21-master\src\main\resources\bets.temp' is opened by 1368@DESKTOP-OT7AHR9

[2021-04-02 16:42:39 #2 type.registry] 
New type domain.Question

[2021-04-02 16:42:39 #3 type] 
Type domain.Question is not enhanced.

[2021-04-02 16:42:39 #4 type.registry] 
New type domain.Event

[2021-04-02 16:42:39 #5 type.registry] 
New type java.util.HashMap<java.lang.String,java.lang.Double>

[2021-04-02 16:42:39 #6 type] 
Type domain.Event is not enhanced.

[2021-04-02 16:42:39 #7 type.registry] 
New type java.util.Vector<domain.Question>

[2021-04-02 16:42:39 #8 type.registry] 
New type domain.Pertsona

[2021-04-02 16:42:39 #9 type.registry] 
New type domain.Langile

[2021-04-02 16:42:39 #10 type] 
Type domain.Pertsona is not enhanced.

[2021-04-02 16:42:39 #11 type] 
Type domain.Langile is not enhanced.

[2021-04-02 16:42:39 #12 type.registry] 
New type domain.User

[2021-04-02 16:42:39 #13 type] 
Type domain.User is not enhanced.

[2021-04-02 16:42:39 #14 type.registry] 
New type java.util.ArrayList<java.lang.String>

[2021-04-02 16:42:39 #15 type.registry] 
New type java.util.Vector<java.lang.Object>

[2021-04-02 16:42:39 #16 type.registry] 
New type java.util.HashMap<java.lang.Object,java.lang.Object>

[2021-04-02 16:42:39 #17 type.registry] 
New type java.util.ArrayList<java.lang.Object>

------------------------------------------------------------------------------------------------------------------------

[2021-04-02 16:45:30 #1 store] 
Database 'C:\Users\julen\eclipse-workspace\Bets21-master\src\main\resources\bets.temp' is opened by 8676@DESKTOP-OT7AHR9

[2021-04-02 16:45:30 #2 type.registry] 
New type domain.Question

[2021-04-02 16:45:30 #3 type] 
Type domain.Question is not enhanced.

[2021-04-02 16:45:30 #4 type.registry] 
New type domain.Event

[2021-04-02 16:45:30 #5 type.registry] 
New type java.util.HashMap<java.lang.String,java.lang.Double>

[2021-04-02 16:45:30 #6 type] 
Type domain.Event is not enhanced.

[2021-04-02 16:45:30 #7 type.registry] 
New type java.util.Vector<domain.Question>

[2021-04-02 16:45:30 #8 type.registry] 
New type domain.Pertsona

[2021-04-02 16:45:30 #9 type.registry] 
New type domain.Langile

[2021-04-02 16:45:30 #10 type] 
Type domain.Pertsona is not enhanced.

[2021-04-02 16:45:30 #11 type] 
Type domain.Langile is not enhanced.

[2021-04-02 16:45:30 #12 type.registry] 
New type domain.User

[2021-04-02 16:45:30 #13 type] 
Type domain.User is not enhanced.

[2021-04-02 16:45:30 #14 type.registry] 
New type java.util.ArrayList<java.lang.String>

[2021-04-02 16:45:30 #15 type.registry] 
New type java.util.Vector<java.lang.Object>

[2021-04-02 16:45:30 #16 type.registry] 
New type java.util.HashMap<java.lang.Object,java.lang.Object>

[2021-04-02 16:45:30 #17 type.registry] 
New type java.util.ArrayList<java.lang.Object>

------------------------------------------------------------------------------------------------------------------------

[2021-04-02 16:55:16 #1 store] 
Database 'C:\Users\julen\eclipse-workspace\Bets21-master\src\main\resources\bets.temp' is opened by 4360@DESKTOP-OT7AHR9

[2021-04-02 16:55:16 #2 type.registry] 
New type domain.Question

[2021-04-02 16:55:16 #3 type] 
Type domain.Question is not enhanced.

[2021-04-02 16:55:16 #4 type.registry] 
New type domain.Event

[2021-04-02 16:55:16 #5 type.registry] 
New type java.util.HashMap<java.lang.String,java.lang.Double>

[2021-04-02 16:55:16 #6 type] 
Type domain.Event is not enhanced.

[2021-04-02 16:55:16 #7 type.registry] 
New type java.util.Vector<domain.Question>

[2021-04-02 16:55:16 #8 type.registry] 
New type domain.Pertsona

[2021-04-02 16:55:16 #9 type.registry] 
New type domain.Langile

[2021-04-02 16:55:16 #10 type] 
Type domain.Pertsona is not enhanced.

[2021-04-02 16:55:16 #11 type] 
Type domain.Langile is not enhanced.

[2021-04-02 16:55:16 #12 type.registry] 
New type domain.User

[2021-04-02 16:55:16 #13 type] 
Type domain.User is not enhanced.

[2021-04-02 16:55:16 #14 type.registry] 
New type java.util.ArrayList<java.lang.String>

[2021-04-02 16:55:16 #15 type.registry] 
New type java.util.Vector<java.lang.Object>

[2021-04-02 16:55:16 #16 type.registry] 
New type java.util.HashMap<java.lang.Object,java.lang.Object>

[2021-04-02 16:55:16 #17 type.registry] 
New type java.util.ArrayList<java.lang.Object>

------------------------------------------------------------------------------------------------------------------------

[2021-04-02 16:56:59 #1 store] 
Database 'C:\Users\julen\eclipse-workspace\Bets21-master\src\main\resources\bets.temp' is opened by 2316@DESKTOP-OT7AHR9

[2021-04-02 16:56:59 #2 type.registry] 
New type domain.Question

[2021-04-02 16:56:59 #3 type] 
Type domain.Question is not enhanced.

[2021-04-02 16:56:59 #4 type.registry] 
New type domain.Event

[2021-04-02 16:56:59 #5 type.registry] 
New type java.util.HashMap<java.lang.String,java.lang.Double>

[2021-04-02 16:56:59 #6 type] 
Type domain.Event is not enhanced.

[2021-04-02 16:56:59 #7 type.registry] 
New type java.util.Vector<domain.Question>

[2021-04-02 16:56:59 #8 type.registry] 
New type domain.Pertsona

[2021-04-02 16:56:59 #9 type.registry] 
New type domain.Langile

[2021-04-02 16:56:59 #10 type] 
Type domain.Pertsona is not enhanced.

[2021-04-02 16:56:59 #11 type] 
Type domain.Langile is not enhanced.

[2021-04-02 16:56:59 #12 type.registry] 
New type domain.User

[2021-04-02 16:56:59 #13 type] 
Type domain.User is not enhanced.

[2021-04-02 16:56:59 #14 type.registry] 
New type java.util.ArrayList<java.lang.String>

[2021-04-02 16:56:59 #15 type.registry] 
New type java.util.Vector<java.lang.Object>

[2021-04-02 16:56:59 #16 type.registry] 
New type java.util.HashMap<java.lang.Object,java.lang.Object>

[2021-04-02 16:56:59 #17 type.registry] 
New type java.util.ArrayList<java.lang.Object>

------------------------------------------------------------------------------------------------------------------------

[2021-04-02 17:01:44 #1 store] 
Database 'C:\Users\julen\eclipse-workspace\Bets21-master\src\main\resources\bets.temp' is opened by 7220@DESKTOP-OT7AHR9

[2021-04-02 17:01:44 #2 type.registry] 
New type domain.Question

[2021-04-02 17:01:44 #3 type] 
Type domain.Question is not enhanced.

[2021-04-02 17:01:44 #4 type.registry] 
New type domain.Event

[2021-04-02 17:01:44 #5 type.registry] 
New type java.util.HashMap<java.lang.String,java.lang.Double>

[2021-04-02 17:01:44 #6 type] 
Type domain.Event is not enhanced.

[2021-04-02 17:01:44 #7 type.registry] 
New type java.util.Vector<domain.Question>

[2021-04-02 17:01:44 #8 type.registry] 
New type domain.Pertsona

[2021-04-02 17:01:44 #9 type.registry] 
New type domain.Langile

[2021-04-02 17:01:44 #10 type] 
Type domain.Pertsona is not enhanced.

[2021-04-02 17:01:44 #11 type] 
Type domain.Langile is not enhanced.

[2021-04-02 17:01:44 #12 type.registry] 
New type domain.User

[2021-04-02 17:01:44 #13 type] 
Type domain.User is not enhanced.

[2021-04-02 17:01:44 #14 type.registry] 
New type java.util.ArrayList<java.lang.String>

[2021-04-02 17:01:44 #15 type.registry] 
New type java.util.Vector<java.lang.Object>

[2021-04-02 17:01:44 #16 type.registry] 
New type java.util.HashMap<java.lang.Object,java.lang.Object>

[2021-04-02 17:01:44 #17 type.registry] 
New type java.util.ArrayList<java.lang.Object>

------------------------------------------------------------------------------------------------------------------------

[2021-04-02 17:08:13 #1 store] 
Database 'C:\Users\julen\eclipse-workspace\Bets21-master\src\main\resources\bets.temp' is opened by 9476@DESKTOP-OT7AHR9

[2021-04-02 17:08:14 #2 type.registry] 
New type domain.Question

[2021-04-02 17:08:14 #3 type] 
Type domain.Question is not enhanced.

[2021-04-02 17:08:14 #4 type.registry] 
New type domain.Event

[2021-04-02 17:08:14 #5 type.registry] 
New type java.util.HashMap<java.lang.String,java.lang.Double>

[2021-04-02 17:08:14 #6 type] 
Type domain.Event is not enhanced.

[2021-04-02 17:08:14 #7 type.registry] 
New type java.util.Vector<domain.Question>

[2021-04-02 17:08:14 #8 type.registry] 
New type domain.Pertsona

[2021-04-02 17:08:14 #9 type.registry] 
New type domain.Langile

[2021-04-02 17:08:14 #10 type] 
Type domain.Pertsona is not enhanced.

[2021-04-02 17:08:14 #11 type] 
Type domain.Langile is not enhanced.

[2021-04-02 17:08:14 #12 type.registry] 
New type domain.User

[2021-04-02 17:08:14 #13 type] 
Type domain.User is not enhanced.

[2021-04-02 17:08:14 #14 type.registry] 
New type java.util.ArrayList<java.lang.String>

[2021-04-02 17:08:14 #15 type.registry] 
New type java.util.Vector<java.lang.Object>

[2021-04-02 17:08:14 #16 type.registry] 
New type java.util.HashMap<java.lang.Object,java.lang.Object>

[2021-04-02 17:08:14 #17 type.registry] 
New type java.util.ArrayList<java.lang.Object>

------------------------------------------------------------------------------------------------------------------------

[2021-04-02 17:08:35 #1 store] 
Database 'C:\Users\julen\eclipse-workspace\Bets21-master\src\main\resources\bets.temp' is opened by 12856@DESKTOP-OT7AHR9

[2021-04-02 17:08:35 #2 type.registry] 
New type domain.Question

[2021-04-02 17:08:35 #3 type] 
Type domain.Question is not enhanced.

[2021-04-02 17:08:35 #4 type.registry] 
New type domain.Event

[2021-04-02 17:08:35 #5 type.registry] 
New type java.util.HashMap<java.lang.String,java.lang.Double>

[2021-04-02 17:08:35 #6 type] 
Type domain.Event is not enhanced.

[2021-04-02 17:08:35 #7 type.registry] 
New type java.util.Vector<domain.Question>

[2021-04-02 17:08:35 #8 type.registry] 
New type domain.Pertsona

[2021-04-02 17:08:35 #9 type.registry] 
New type domain.Langile

[2021-04-02 17:08:35 #10 type] 
Type domain.Pertsona is not enhanced.

[2021-04-02 17:08:35 #11 type] 
Type domain.Langile is not enhanced.

[2021-04-02 17:08:35 #12 type.registry] 
New type domain.User

[2021-04-02 17:08:35 #13 type] 
Type domain.User is not enhanced.

[2021-04-02 17:08:35 #14 type.registry] 
New type java.util.ArrayList<java.lang.String>

[2021-04-02 17:08:35 #15 type.registry] 
New type java.util.Vector<java.lang.Object>

[2021-04-02 17:08:35 #16 type.registry] 
New type java.util.HashMap<java.lang.Object,java.lang.Object>

[2021-04-02 17:08:35 #17 type.registry] 
New type java.util.ArrayList<java.lang.Object>

------------------------------------------------------------------------------------------------------------------------

[2021-04-02 17:10:37 #1 store] 
Database 'C:\Users\julen\eclipse-workspace\Bets21-master\src\main\resources\bets.temp' is opened by 11256@DESKTOP-OT7AHR9

[2021-04-02 17:10:37 #2 type.registry] 
New type domain.Question

[2021-04-02 17:10:37 #3 type] 
Type domain.Question is not enhanced.

[2021-04-02 17:10:37 #4 type.registry] 
New type domain.Event

[2021-04-02 17:10:37 #5 type.registry] 
New type java.util.HashMap<java.lang.String,java.lang.Double>

[2021-04-02 17:10:37 #6 type] 
Type domain.Event is not enhanced.

[2021-04-02 17:10:37 #7 type.registry] 
New type java.util.Vector<domain.Question>

[2021-04-02 17:10:37 #8 type.registry] 
New type domain.Pertsona

[2021-04-02 17:10:37 #9 type.registry] 
New type domain.Langile

[2021-04-02 17:10:37 #10 type] 
Type domain.Pertsona is not enhanced.

[2021-04-02 17:10:37 #11 type] 
Type domain.Langile is not enhanced.

[2021-04-02 17:10:37 #12 type.registry] 
New type domain.User

[2021-04-02 17:10:37 #13 type] 
Type domain.User is not enhanced.

[2021-04-02 17:10:37 #14 type.registry] 
New type java.util.ArrayList<java.lang.String>

[2021-04-02 17:10:37 #15 type.registry] 
New type java.util.Vector<java.lang.Object>

[2021-04-02 17:10:37 #16 type.registry] 
New type java.util.HashMap<java.lang.Object,java.lang.Object>

[2021-04-02 17:10:37 #17 type.registry] 
New type java.util.ArrayList<java.lang.Object>

------------------------------------------------------------------------------------------------------------------------

[2021-04-02 17:11:24 #1 store] 
Database 'C:\Users\julen\eclipse-workspace\Bets21-master\src\main\resources\bets.temp' is opened by 5204@DESKTOP-OT7AHR9

[2021-04-02 17:11:25 #2 type.registry] 
New type domain.Question

[2021-04-02 17:11:25 #3 type] 
Type domain.Question is not enhanced.

[2021-04-02 17:11:25 #4 type.registry] 
New type domain.Event

[2021-04-02 17:11:25 #5 type.registry] 
New type java.util.HashMap<java.lang.String,java.lang.Double>

[2021-04-02 17:11:25 #6 type] 
Type domain.Event is not enhanced.

[2021-04-02 17:11:25 #7 type.registry] 
New type java.util.Vector<domain.Question>

[2021-04-02 17:11:25 #8 type.registry] 
New type domain.Pertsona

[2021-04-02 17:11:25 #9 type.registry] 
New type domain.Langile

[2021-04-02 17:11:25 #10 type] 
Type domain.Pertsona is not enhanced.

[2021-04-02 17:11:25 #11 type] 
Type domain.Langile is not enhanced.

[2021-04-02 17:11:25 #12 type.registry] 
New type domain.User

[2021-04-02 17:11:25 #13 type] 
Type domain.User is not enhanced.

[2021-04-02 17:11:25 #14 type.registry] 
New type java.util.ArrayList<java.lang.String>

[2021-04-02 17:11:25 #15 type.registry] 
New type java.util.Vector<java.lang.Object>

[2021-04-02 17:11:25 #16 type.registry] 
New type java.util.HashMap<java.lang.Object,java.lang.Object>

[2021-04-02 17:11:25 #17 type.registry] 
New type java.util.ArrayList<java.lang.Object>

------------------------------------------------------------------------------------------------------------------------

[2021-04-02 17:11:38 #1 store] 
Database 'C:\Users\julen\eclipse-workspace\Bets21-master\src\main\resources\bets.temp' is opened by 5588@DESKTOP-OT7AHR9

[2021-04-02 17:11:38 #2 type.registry] 
New type domain.Question

[2021-04-02 17:11:38 #3 type] 
Type domain.Question is not enhanced.

[2021-04-02 17:11:38 #4 type.registry] 
New type domain.Event

[2021-04-02 17:11:38 #5 type.registry] 
New type java.util.HashMap<java.lang.String,java.lang.Double>

[2021-04-02 17:11:38 #6 type] 
Type domain.Event is not enhanced.

[2021-04-02 17:11:38 #7 type.registry] 
New type java.util.Vector<domain.Question>

[2021-04-02 17:11:38 #8 type.registry] 
New type domain.Pertsona

[2021-04-02 17:11:38 #9 type.registry] 
New type domain.Langile

[2021-04-02 17:11:38 #10 type] 
Type domain.Pertsona is not enhanced.

[2021-04-02 17:11:38 #11 type] 
Type domain.Langile is not enhanced.

[2021-04-02 17:11:38 #12 type.registry] 
New type domain.User

[2021-04-02 17:11:38 #13 type] 
Type domain.User is not enhanced.

[2021-04-02 17:11:38 #14 type.registry] 
New type java.util.ArrayList<java.lang.String>

[2021-04-02 17:11:38 #15 type.registry] 
New type java.util.Vector<java.lang.Object>

[2021-04-02 17:11:38 #16 type.registry] 
New type java.util.HashMap<java.lang.Object,java.lang.Object>

[2021-04-02 17:11:38 #17 type.registry] 
New type java.util.ArrayList<java.lang.Object>

------------------------------------------------------------------------------------------------------------------------

[2021-04-02 17:16:22 #1 store] 
Database 'C:\Users\julen\eclipse-workspace\Bets21-master\src\main\resources\bets.temp' is opened by 13284@DESKTOP-OT7AHR9

[2021-04-02 17:16:22 #2 type.registry] 
New type domain.Question

[2021-04-02 17:16:22 #3 type] 
Type domain.Question is not enhanced.

[2021-04-02 17:16:22 #4 type.registry] 
New type domain.Event

[2021-04-02 17:16:22 #5 type.registry] 
New type java.util.HashMap<java.lang.String,java.lang.Double>

[2021-04-02 17:16:22 #6 type] 
Type domain.Event is not enhanced.

[2021-04-02 17:16:22 #7 type.registry] 
New type java.util.Vector<domain.Question>

[2021-04-02 17:16:22 #8 type.registry] 
New type domain.Pertsona

[2021-04-02 17:16:22 #9 type.registry] 
New type domain.Langile

[2021-04-02 17:16:22 #10 type] 
Type domain.Pertsona is not enhanced.

[2021-04-02 17:16:22 #11 type] 
Type domain.Langile is not enhanced.

[2021-04-02 17:16:22 #12 type.registry] 
New type domain.User

[2021-04-02 17:16:22 #13 type] 
Type domain.User is not enhanced.

[2021-04-02 17:16:22 #14 type.registry] 
New type java.util.ArrayList<java.lang.String>

[2021-04-02 17:16:22 #15 type.registry] 
New type java.util.Vector<java.lang.Object>

[2021-04-02 17:16:22 #16 type.registry] 
New type java.util.HashMap<java.lang.Object,java.lang.Object>

[2021-04-02 17:16:22 #17 type.registry] 
New type java.util.ArrayList<java.lang.Object>

------------------------------------------------------------------------------------------------------------------------

[2021-04-02 17:17:26 #1 store] 
Database 'C:\Users\julen\eclipse-workspace\Bets21-master\src\main\resources\bets.temp' is opened by 4092@DESKTOP-OT7AHR9

[2021-04-02 17:17:27 #2 type.registry] 
New type domain.Question

[2021-04-02 17:17:27 #3 type] 
Type domain.Question is not enhanced.

[2021-04-02 17:17:27 #4 type.registry] 
New type domain.Event

[2021-04-02 17:17:27 #5 type.registry] 
New type java.util.HashMap<java.lang.String,java.lang.Double>

[2021-04-02 17:17:27 #6 type] 
Type domain.Event is not enhanced.

[2021-04-02 17:17:27 #7 type.registry] 
New type java.util.Vector<domain.Question>

[2021-04-02 17:17:27 #8 type.registry] 
New type domain.Pertsona

[2021-04-02 17:17:27 #9 type.registry] 
New type domain.Langile

[2021-04-02 17:17:27 #10 type] 
Type domain.Pertsona is not enhanced.

[2021-04-02 17:17:27 #11 type] 
Type domain.Langile is not enhanced.

[2021-04-02 17:17:27 #12 type.registry] 
New type domain.User

[2021-04-02 17:17:27 #13 type] 
Type domain.User is not enhanced.

[2021-04-02 17:17:27 #14 type.registry] 
New type java.util.ArrayList<java.lang.String>

[2021-04-02 17:17:27 #15 type.registry] 
New type java.util.Vector<java.lang.Object>

[2021-04-02 17:17:27 #16 type.registry] 
New type java.util.HashMap<java.lang.Object,java.lang.Object>

[2021-04-02 17:17:27 #17 type.registry] 
New type java.util.ArrayList<java.lang.Object>

------------------------------------------------------------------------------------------------------------------------

[2021-04-02 17:19:39 #1 store] 
Database 'C:\Users\julen\eclipse-workspace\Bets21-master\src\main\resources\bets.temp' is opened by 13220@DESKTOP-OT7AHR9

[2021-04-02 17:19:39 #2 type.registry] 
New type domain.Question

[2021-04-02 17:19:39 #3 type] 
Type domain.Question is not enhanced.

[2021-04-02 17:19:39 #4 type.registry] 
New type domain.Event

[2021-04-02 17:19:39 #5 type.registry] 
New type java.util.HashMap<java.lang.String,java.lang.Double>

[2021-04-02 17:19:39 #6 type] 
Type domain.Event is not enhanced.

[2021-04-02 17:19:39 #7 type.registry] 
New type java.util.Vector<domain.Question>

[2021-04-02 17:19:39 #8 type.registry] 
New type domain.Pertsona

[2021-04-02 17:19:39 #9 type.registry] 
New type domain.Langile

[2021-04-02 17:19:39 #10 type] 
Type domain.Pertsona is not enhanced.

[2021-04-02 17:19:39 #11 type] 
Type domain.Langile is not enhanced.

[2021-04-02 17:19:39 #12 type.registry] 
New type domain.User

[2021-04-02 17:19:39 #13 type] 
Type domain.User is not enhanced.

[2021-04-02 17:19:39 #14 type.registry] 
New type java.util.ArrayList<java.lang.String>

[2021-04-02 17:19:39 #15 type.registry] 
New type java.util.Vector<java.lang.Object>

[2021-04-02 17:19:39 #16 type.registry] 
New type java.util.HashMap<java.lang.Object,java.lang.Object>

[2021-04-02 17:19:39 #17 type.registry] 
New type java.util.ArrayList<java.lang.Object>

------------------------------------------------------------------------------------------------------------------------

[2021-04-02 17:26:03 #1 store] 
Database 'C:\Users\julen\eclipse-workspace\Bets21-master\src\main\resources\bets.temp' is opened by 5912@DESKTOP-OT7AHR9

[2021-04-02 17:26:03 #2 type.registry] 
New type domain.Question

[2021-04-02 17:26:03 #3 type] 
Type domain.Question is not enhanced.

[2021-04-02 17:26:03 #4 type.registry] 
New type domain.Event

[2021-04-02 17:26:03 #5 type.registry] 
New type java.util.HashMap<java.lang.String,java.lang.Double>

[2021-04-02 17:26:03 #6 type] 
Type domain.Event is not enhanced.

[2021-04-02 17:26:03 #7 type.registry] 
New type java.util.Vector<domain.Question>

[2021-04-02 17:26:03 #8 type.registry] 
New type domain.Pertsona

[2021-04-02 17:26:03 #9 type.registry] 
New type domain.Langile

[2021-04-02 17:26:03 #10 type] 
Type domain.Pertsona is not enhanced.

[2021-04-02 17:26:03 #11 type] 
Type domain.Langile is not enhanced.

[2021-04-02 17:26:03 #12 type.registry] 
New type domain.User

[2021-04-02 17:26:03 #13 type] 
Type domain.User is not enhanced.

[2021-04-02 17:26:03 #14 type.registry] 
New type java.util.ArrayList<java.lang.String>

[2021-04-02 17:26:03 #15 type.registry] 
New type java.util.Vector<java.lang.Object>

[2021-04-02 17:26:03 #16 type.registry] 
New type java.util.HashMap<java.lang.Object,java.lang.Object>

[2021-04-02 17:26:03 #17 type.registry] 
New type java.util.ArrayList<java.lang.Object>

------------------------------------------------------------------------------------------------------------------------

[2021-04-02 17:28:29 #1 store] 
Database 'C:\Users\julen\eclipse-workspace\Bets21-master\src\main\resources\bets.temp' is opened by 9160@DESKTOP-OT7AHR9

[2021-04-02 17:28:29 #2 type.registry] 
New type domain.Question

[2021-04-02 17:28:29 #3 type] 
Type domain.Question is not enhanced.

[2021-04-02 17:28:29 #4 type.registry] 
New type domain.Event

[2021-04-02 17:28:29 #5 type.registry] 
New type java.util.HashMap<java.lang.String,java.lang.Double>

[2021-04-02 17:28:29 #6 type] 
Type domain.Event is not enhanced.

[2021-04-02 17:28:29 #7 type.registry] 
New type java.util.Vector<domain.Question>

[2021-04-02 17:28:29 #8 type.registry] 
New type domain.Pertsona

[2021-04-02 17:28:29 #9 type.registry] 
New type domain.Langile

[2021-04-02 17:28:29 #10 type] 
Type domain.Pertsona is not enhanced.

[2021-04-02 17:28:29 #11 type] 
Type domain.Langile is not enhanced.

[2021-04-02 17:28:29 #12 type.registry] 
New type domain.User

[2021-04-02 17:28:29 #13 type] 
Type domain.User is not enhanced.

[2021-04-02 17:28:29 #14 type.registry] 
New type java.util.ArrayList<java.lang.String>

[2021-04-02 17:28:29 #15 type.registry] 
New type java.util.Vector<java.lang.Object>

[2021-04-02 17:28:29 #16 type.registry] 
New type java.util.HashMap<java.lang.Object,java.lang.Object>

[2021-04-02 17:28:29 #17 type.registry] 
New type java.util.ArrayList<java.lang.Object>

------------------------------------------------------------------------------------------------------------------------

[2021-04-02 17:41:56 #1 store] 
Database 'C:\Users\julen\eclipse-workspace\Bets21-master\src\main\resources\bets.temp' is opened by 9684@DESKTOP-OT7AHR9

[2021-04-02 17:41:56 #2 type.registry] 
New type domain.Question

[2021-04-02 17:41:56 #3 type] 
Type domain.Question is not enhanced.

[2021-04-02 17:41:56 #4 type.registry] 
New type domain.Event

[2021-04-02 17:41:56 #5 type.registry] 
New type java.util.HashMap<java.lang.String,java.lang.Double>

[2021-04-02 17:41:56 #6 type] 
Type domain.Event is not enhanced.

[2021-04-02 17:41:56 #7 type.registry] 
New type java.util.Vector<domain.Question>

[2021-04-02 17:41:56 #8 type.registry] 
New type domain.Pertsona

[2021-04-02 17:41:56 #9 type.registry] 
New type domain.Langile

[2021-04-02 17:41:56 #10 type] 
Type domain.Pertsona is not enhanced.

[2021-04-02 17:41:56 #11 type] 
Type domain.Langile is not enhanced.

[2021-04-02 17:41:56 #12 type.registry] 
New type domain.User

[2021-04-02 17:41:56 #13 type] 
Type domain.User is not enhanced.

[2021-04-02 17:41:56 #14 type.registry] 
New type java.util.ArrayList<java.lang.String>

[2021-04-02 17:41:56 #15 type.registry] 
New type java.util.Vector<java.lang.Object>

[2021-04-02 17:41:56 #16 type.registry] 
New type java.util.HashMap<java.lang.Object,java.lang.Object>

[2021-04-02 17:41:56 #17 type.registry] 
New type java.util.ArrayList<java.lang.Object>

------------------------------------------------------------------------------------------------------------------------

[2021-04-02 17:42:59 #1 store] 
Database 'C:\Users\julen\eclipse-workspace\Bets21-master\src\main\resources\bets.temp' is opened by 11800@DESKTOP-OT7AHR9

[2021-04-02 17:43:00 #2 type.registry] 
New type domain.Question

[2021-04-02 17:43:00 #3 type] 
Type domain.Question is not enhanced.

[2021-04-02 17:43:00 #4 type.registry] 
New type domain.Event

[2021-04-02 17:43:00 #5 type.registry] 
New type java.util.HashMap<java.lang.String,java.lang.Double>

[2021-04-02 17:43:00 #6 type] 
Type domain.Event is not enhanced.

[2021-04-02 17:43:00 #7 type.registry] 
New type java.util.Vector<domain.Question>

[2021-04-02 17:43:00 #8 type.registry] 
New type domain.Pertsona

[2021-04-02 17:43:00 #9 type.registry] 
New type domain.Langile

[2021-04-02 17:43:00 #10 type] 
Type domain.Pertsona is not enhanced.

[2021-04-02 17:43:00 #11 type] 
Type domain.Langile is not enhanced.

[2021-04-02 17:43:00 #12 type.registry] 
New type domain.User

[2021-04-02 17:43:00 #13 type] 
Type domain.User is not enhanced.

[2021-04-02 17:43:00 #14 type.registry] 
New type java.util.ArrayList<java.lang.String>

[2021-04-02 17:43:00 #15 type.registry] 
New type java.util.Vector<java.lang.Object>

[2021-04-02 17:43:00 #16 type.registry] 
New type java.util.HashMap<java.lang.Object,java.lang.Object>

[2021-04-02 17:43:00 #17 type.registry] 
New type java.util.ArrayList<java.lang.Object>

------------------------------------------------------------------------------------------------------------------------

[2021-04-02 17:45:04 #1 store] 
Database 'C:\Users\julen\eclipse-workspace\Bets21-master\src\main\resources\bets.temp' is opened by 11804@DESKTOP-OT7AHR9

[2021-04-02 17:45:05 #2 type.registry] 
New type domain.Question

[2021-04-02 17:45:05 #3 type] 
Type domain.Question is not enhanced.

[2021-04-02 17:45:05 #4 type.registry] 
New type domain.Event

[2021-04-02 17:45:05 #5 type.registry] 
New type java.util.HashMap<java.lang.String,java.lang.Double>

[2021-04-02 17:45:05 #6 type] 
Type domain.Event is not enhanced.

[2021-04-02 17:45:05 #7 type.registry] 
New type java.util.Vector<domain.Question>

[2021-04-02 17:45:05 #8 type.registry] 
New type domain.Pertsona

[2021-04-02 17:45:05 #9 type.registry] 
New type domain.Langile

[2021-04-02 17:45:05 #10 type] 
Type domain.Pertsona is not enhanced.

[2021-04-02 17:45:05 #11 type] 
Type domain.Langile is not enhanced.

[2021-04-02 17:45:05 #12 type.registry] 
New type domain.User

[2021-04-02 17:45:05 #13 type] 
Type domain.User is not enhanced.

[2021-04-02 17:45:05 #14 type.registry] 
New type java.util.ArrayList<java.lang.String>

[2021-04-02 17:45:05 #15 type.registry] 
New type java.util.Vector<java.lang.Object>

[2021-04-02 17:45:05 #16 type.registry] 
New type java.util.HashMap<java.lang.Object,java.lang.Object>

[2021-04-02 17:45:05 #17 type.registry] 
New type java.util.ArrayList<java.lang.Object>

------------------------------------------------------------------------------------------------------------------------

[2021-04-02 18:53:59 #1 store] 
Database 'C:\Users\julen\eclipse-workspace\Bets21-master\src\main\resources\bets.temp' is opened by 13416@DESKTOP-OT7AHR9

[2021-04-02 18:54:00 #2 type.registry] 
New type domain.Question

[2021-04-02 18:54:00 #3 type] 
Type domain.Question is not enhanced.

[2021-04-02 18:54:00 #4 type.registry] 
New type domain.Event

[2021-04-02 18:54:00 #5 type.registry] 
New type java.util.HashMap<java.lang.String,java.lang.Double>

[2021-04-02 18:54:00 #6 type] 
Type domain.Event is not enhanced.

[2021-04-02 18:54:00 #7 type.registry] 
New type java.util.Vector<domain.Question>

[2021-04-02 18:54:00 #8 type.registry] 
New type domain.Pertsona

[2021-04-02 18:54:00 #9 type.registry] 
New type domain.Langile

[2021-04-02 18:54:00 #10 type] 
Type domain.Pertsona is not enhanced.

[2021-04-02 18:54:00 #11 type] 
Type domain.Langile is not enhanced.

[2021-04-02 18:54:00 #12 type.registry] 
New type domain.User

[2021-04-02 18:54:00 #13 type] 
Type domain.User is not enhanced.

[2021-04-02 18:54:00 #14 type.registry] 
New type java.util.ArrayList<java.lang.String>

[2021-04-02 18:54:00 #15 type.registry] 
New type java.util.Vector<java.lang.Object>

[2021-04-02 18:54:00 #16 type.registry] 
New type java.util.HashMap<java.lang.Object,java.lang.Object>

[2021-04-02 18:54:00 #17 type.registry] 
New type java.util.ArrayList<java.lang.Object>

------------------------------------------------------------------------------------------------------------------------

[2021-04-02 18:55:12 #1 store] 
Database 'C:\Users\julen\eclipse-workspace\Bets21-master\src\main\resources\bets.temp' is opened by 10076@DESKTOP-OT7AHR9

[2021-04-02 18:55:12 #2 type.registry] 
New type domain.Question

[2021-04-02 18:55:12 #3 type] 
Type domain.Question is not enhanced.

[2021-04-02 18:55:12 #4 type.registry] 
New type domain.Event

[2021-04-02 18:55:12 #5 type.registry] 
New type java.util.HashMap<java.lang.String,java.lang.Double>

[2021-04-02 18:55:12 #6 type] 
Type domain.Event is not enhanced.

[2021-04-02 18:55:12 #7 type.registry] 
New type java.util.Vector<domain.Question>

[2021-04-02 18:55:12 #8 type.registry] 
New type domain.Pertsona

[2021-04-02 18:55:12 #9 type.registry] 
New type domain.Langile

[2021-04-02 18:55:12 #10 type] 
Type domain.Pertsona is not enhanced.

[2021-04-02 18:55:12 #11 type] 
Type domain.Langile is not enhanced.

[2021-04-02 18:55:12 #12 type.registry] 
New type domain.User

[2021-04-02 18:55:12 #13 type] 
Type domain.User is not enhanced.

[2021-04-02 18:55:12 #14 type.registry] 
New type java.util.ArrayList<java.lang.String>

[2021-04-02 18:55:12 #15 type.registry] 
New type java.util.Vector<java.lang.Object>

[2021-04-02 18:55:12 #16 type.registry] 
New type java.util.HashMap<java.lang.Object,java.lang.Object>

[2021-04-02 18:55:12 #17 type.registry] 
New type java.util.ArrayList<java.lang.Object>

------------------------------------------------------------------------------------------------------------------------

[2021-04-02 18:56:45 #1 store] 
Database 'C:\Users\julen\eclipse-workspace\Bets21-master\src\main\resources\bets.temp' is opened by 13132@DESKTOP-OT7AHR9

[2021-04-02 18:56:45 #2 type.registry] 
New type domain.Question

[2021-04-02 18:56:45 #3 type] 
Type domain.Question is not enhanced.

[2021-04-02 18:56:45 #4 type.registry] 
New type domain.Event

[2021-04-02 18:56:45 #5 type.registry] 
New type java.util.HashMap<java.lang.String,java.lang.Double>

[2021-04-02 18:56:45 #6 type] 
Type domain.Event is not enhanced.

[2021-04-02 18:56:45 #7 type.registry] 
New type java.util.Vector<domain.Question>

[2021-04-02 18:56:45 #8 type.registry] 
New type domain.Pertsona

[2021-04-02 18:56:45 #9 type.registry] 
New type domain.Langile

[2021-04-02 18:56:45 #10 type] 
Type domain.Pertsona is not enhanced.

[2021-04-02 18:56:45 #11 type] 
Type domain.Langile is not enhanced.

[2021-04-02 18:56:45 #12 type.registry] 
New type domain.User

[2021-04-02 18:56:45 #13 type] 
Type domain.User is not enhanced.

[2021-04-02 18:56:45 #14 type.registry] 
New type java.util.ArrayList<java.lang.String>

[2021-04-02 18:56:45 #15 type.registry] 
New type java.util.Vector<java.lang.Object>

[2021-04-02 18:56:45 #16 type.registry] 
New type java.util.HashMap<java.lang.Object,java.lang.Object>

[2021-04-02 18:56:45 #17 type.registry] 
New type java.util.ArrayList<java.lang.Object>

------------------------------------------------------------------------------------------------------------------------

[2021-04-02 18:57:04 #1 store] 
Database 'C:\Users\julen\eclipse-workspace\Bets21-master\src\main\resources\bets.temp' is opened by 10420@DESKTOP-OT7AHR9

[2021-04-02 18:57:05 #2 type.registry] 
New type domain.Question

[2021-04-02 18:57:05 #3 type] 
Type domain.Question is not enhanced.

[2021-04-02 18:57:05 #4 type.registry] 
New type domain.Event

[2021-04-02 18:57:05 #5 type.registry] 
New type java.util.HashMap<java.lang.String,java.lang.Double>

[2021-04-02 18:57:05 #6 type] 
Type domain.Event is not enhanced.

[2021-04-02 18:57:05 #7 type.registry] 
New type java.util.Vector<domain.Question>

[2021-04-02 18:57:05 #8 type.registry] 
New type domain.Pertsona

[2021-04-02 18:57:05 #9 type.registry] 
New type domain.Langile

[2021-04-02 18:57:05 #10 type] 
Type domain.Pertsona is not enhanced.

[2021-04-02 18:57:05 #11 type] 
Type domain.Langile is not enhanced.

[2021-04-02 18:57:05 #12 type.registry] 
New type domain.User

[2021-04-02 18:57:05 #13 type] 
Type domain.User is not enhanced.

[2021-04-02 18:57:05 #14 type.registry] 
New type java.util.ArrayList<java.lang.String>

[2021-04-02 18:57:05 #15 type.registry] 
New type java.util.Vector<java.lang.Object>

[2021-04-02 18:57:05 #16 type.registry] 
New type java.util.HashMap<java.lang.Object,java.lang.Object>

[2021-04-02 18:57:05 #17 type.registry] 
New type java.util.ArrayList<java.lang.Object>

------------------------------------------------------------------------------------------------------------------------

[2021-04-02 18:58:34 #1 store] 
Database 'C:\Users\julen\eclipse-workspace\Bets21-master\src\main\resources\bets.temp' is opened by 3972@DESKTOP-OT7AHR9

[2021-04-02 18:58:35 #2 type.registry] 
New type domain.Question

[2021-04-02 18:58:35 #3 type] 
Type domain.Question is not enhanced.

[2021-04-02 18:58:35 #4 type.registry] 
New type domain.Event

[2021-04-02 18:58:35 #5 type.registry] 
New type java.util.HashMap<java.lang.String,java.lang.Double>

[2021-04-02 18:58:35 #6 type] 
Type domain.Event is not enhanced.

[2021-04-02 18:58:35 #7 type.registry] 
New type java.util.Vector<domain.Question>

[2021-04-02 18:58:35 #8 type.registry] 
New type domain.Pertsona

[2021-04-02 18:58:35 #9 type.registry] 
New type domain.Langile

[2021-04-02 18:58:35 #10 type] 
Type domain.Pertsona is not enhanced.

[2021-04-02 18:58:35 #11 type] 
Type domain.Langile is not enhanced.

[2021-04-02 18:58:35 #12 type.registry] 
New type domain.User

[2021-04-02 18:58:35 #13 type] 
Type domain.User is not enhanced.

[2021-04-02 18:58:35 #14 type.registry] 
New type java.util.ArrayList<java.lang.String>

[2021-04-02 18:58:35 #15 type.registry] 
New type java.util.Vector<java.lang.Object>

[2021-04-02 18:58:35 #16 type.registry] 
New type java.util.HashMap<java.lang.Object,java.lang.Object>

[2021-04-02 18:58:35 #17 type.registry] 
New type java.util.ArrayList<java.lang.Object>

------------------------------------------------------------------------------------------------------------------------

[2021-04-02 18:59:28 #1 store] 
Database 'C:\Users\julen\eclipse-workspace\Bets21-master\src\main\resources\bets.temp' is opened by 12124@DESKTOP-OT7AHR9

[2021-04-02 18:59:28 #2 type.registry] 
New type domain.Question

[2021-04-02 18:59:28 #3 type] 
Type domain.Question is not enhanced.

[2021-04-02 18:59:28 #4 type.registry] 
New type domain.Event

[2021-04-02 18:59:28 #5 type.registry] 
New type java.util.HashMap<java.lang.String,java.lang.Double>

[2021-04-02 18:59:28 #6 type] 
Type domain.Event is not enhanced.

[2021-04-02 18:59:28 #7 type.registry] 
New type java.util.Vector<domain.Question>

[2021-04-02 18:59:28 #8 type.registry] 
New type domain.Pertsona

[2021-04-02 18:59:28 #9 type.registry] 
New type domain.Langile

[2021-04-02 18:59:28 #10 type] 
Type domain.Pertsona is not enhanced.

[2021-04-02 18:59:28 #11 type] 
Type domain.Langile is not enhanced.

[2021-04-02 18:59:28 #12 type.registry] 
New type domain.User

[2021-04-02 18:59:28 #13 type] 
Type domain.User is not enhanced.

[2021-04-02 18:59:28 #14 type.registry] 
New type java.util.ArrayList<java.lang.String>

[2021-04-02 18:59:28 #15 type.registry] 
New type java.util.Vector<java.lang.Object>

[2021-04-02 18:59:28 #16 type.registry] 
New type java.util.HashMap<java.lang.Object,java.lang.Object>

[2021-04-02 18:59:28 #17 type.registry] 
New type java.util.ArrayList<java.lang.Object>

------------------------------------------------------------------------------------------------------------------------

[2021-04-02 19:00:54 #1 store] 
Database 'C:\Users\julen\eclipse-workspace\Bets21-master\src\main\resources\bets.temp' is opened by 13456@DESKTOP-OT7AHR9

[2021-04-02 19:00:54 #2 type.registry] 
New type domain.Question

[2021-04-02 19:00:54 #3 type] 
Type domain.Question is not enhanced.

[2021-04-02 19:00:54 #4 type.registry] 
New type domain.Event

[2021-04-02 19:00:54 #5 type.registry] 
New type java.util.HashMap<java.lang.String,java.lang.Double>

[2021-04-02 19:00:54 #6 type] 
Type domain.Event is not enhanced.

[2021-04-02 19:00:54 #7 type.registry] 
New type java.util.Vector<domain.Question>

[2021-04-02 19:00:54 #8 type.registry] 
New type domain.Pertsona

[2021-04-02 19:00:54 #9 type.registry] 
New type domain.Langile

[2021-04-02 19:00:54 #10 type] 
Type domain.Pertsona is not enhanced.

[2021-04-02 19:00:54 #11 type] 
Type domain.Langile is not enhanced.

[2021-04-02 19:00:54 #12 type.registry] 
New type domain.User

[2021-04-02 19:00:54 #13 type] 
Type domain.User is not enhanced.

[2021-04-02 19:00:54 #14 type.registry] 
New type java.util.ArrayList<java.lang.String>

[2021-04-02 19:00:54 #15 type.registry] 
New type java.util.Vector<java.lang.Object>

[2021-04-02 19:00:54 #16 type.registry] 
New type java.util.HashMap<java.lang.Object,java.lang.Object>

[2021-04-02 19:00:54 #17 type.registry] 
New type java.util.ArrayList<java.lang.Object>

------------------------------------------------------------------------------------------------------------------------

[2021-04-02 19:04:15 #1 store] 
Database 'C:\Users\julen\eclipse-workspace\Bets21-master\src\main\resources\bets.temp' is opened by 10228@DESKTOP-OT7AHR9

[2021-04-02 19:04:15 #2 type.registry] 
New type domain.Question

[2021-04-02 19:04:15 #3 type] 
Type domain.Question is not enhanced.

[2021-04-02 19:04:15 #4 type.registry] 
New type domain.Event

[2021-04-02 19:04:15 #5 type.registry] 
New type java.util.HashMap<java.lang.String,java.lang.Double>

[2021-04-02 19:04:15 #6 type] 
Type domain.Event is not enhanced.

[2021-04-02 19:04:15 #7 type.registry] 
New type java.util.Vector<domain.Question>

[2021-04-02 19:04:15 #8 type.registry] 
New type domain.Pertsona

[2021-04-02 19:04:15 #9 type.registry] 
New type domain.Langile

[2021-04-02 19:04:15 #10 type] 
Type domain.Pertsona is not enhanced.

[2021-04-02 19:04:15 #11 type] 
Type domain.Langile is not enhanced.

[2021-04-02 19:04:15 #12 type.registry] 
New type domain.User

[2021-04-02 19:04:15 #13 type] 
Type domain.User is not enhanced.

[2021-04-02 19:04:15 #14 type.registry] 
New type java.util.ArrayList<java.lang.String>

[2021-04-02 19:04:15 #15 type.registry] 
New type java.util.Vector<java.lang.Object>

[2021-04-02 19:04:15 #16 type.registry] 
New type java.util.HashMap<java.lang.Object,java.lang.Object>

[2021-04-02 19:04:15 #17 type.registry] 
New type java.util.ArrayList<java.lang.Object>

------------------------------------------------------------------------------------------------------------------------

[2021-04-02 19:06:00 #1 store] 
Database 'C:\Users\julen\eclipse-workspace\Bets21-master\src\main\resources\bets.temp' is opened by 2740@DESKTOP-OT7AHR9

[2021-04-02 19:06:00 #2 type.registry] 
New type domain.Question

[2021-04-02 19:06:00 #3 type] 
Type domain.Question is not enhanced.

[2021-04-02 19:06:00 #4 type.registry] 
New type domain.Event

[2021-04-02 19:06:00 #5 type.registry] 
New type java.util.HashMap<java.lang.String,java.lang.Double>

[2021-04-02 19:06:00 #6 type] 
Type domain.Event is not enhanced.

[2021-04-02 19:06:00 #7 type.registry] 
New type java.util.Vector<domain.Question>

[2021-04-02 19:06:00 #8 type.registry] 
New type domain.Pertsona

[2021-04-02 19:06:00 #9 type.registry] 
New type domain.Langile

[2021-04-02 19:06:00 #10 type] 
Type domain.Pertsona is not enhanced.

[2021-04-02 19:06:00 #11 type] 
Type domain.Langile is not enhanced.

[2021-04-02 19:06:00 #12 type.registry] 
New type domain.User

[2021-04-02 19:06:00 #13 type] 
Type domain.User is not enhanced.

[2021-04-02 19:06:00 #14 type.registry] 
New type java.util.ArrayList<java.lang.String>

[2021-04-02 19:06:00 #15 type.registry] 
New type java.util.Vector<java.lang.Object>

[2021-04-02 19:06:00 #16 type.registry] 
New type java.util.HashMap<java.lang.Object,java.lang.Object>

[2021-04-02 19:06:00 #17 type.registry] 
New type java.util.ArrayList<java.lang.Object>

------------------------------------------------------------------------------------------------------------------------

[2021-04-02 19:07:06 #1 store] 
Database 'C:\Users\julen\eclipse-workspace\Bets21-master\src\main\resources\bets.temp' is opened by 13324@DESKTOP-OT7AHR9

[2021-04-02 19:07:06 #2 type.registry] 
New type domain.Question

[2021-04-02 19:07:06 #3 type] 
Type domain.Question is not enhanced.

[2021-04-02 19:07:06 #4 type.registry] 
New type domain.Event

[2021-04-02 19:07:06 #5 type.registry] 
New type java.util.HashMap<java.lang.String,java.lang.Double>

[2021-04-02 19:07:06 #6 type] 
Type domain.Event is not enhanced.

[2021-04-02 19:07:06 #7 type.registry] 
New type java.util.Vector<domain.Question>

[2021-04-02 19:07:06 #8 type.registry] 
New type domain.Pertsona

[2021-04-02 19:07:06 #9 type.registry] 
New type domain.Langile

[2021-04-02 19:07:06 #10 type] 
Type domain.Pertsona is not enhanced.

[2021-04-02 19:07:06 #11 type] 
Type domain.Langile is not enhanced.

[2021-04-02 19:07:06 #12 type.registry] 
New type domain.User

[2021-04-02 19:07:06 #13 type] 
Type domain.User is not enhanced.

[2021-04-02 19:07:06 #14 type.registry] 
New type java.util.ArrayList<java.lang.String>

[2021-04-02 19:07:06 #15 type.registry] 
New type java.util.Vector<java.lang.Object>

[2021-04-02 19:07:06 #16 type.registry] 
New type java.util.HashMap<java.lang.Object,java.lang.Object>

[2021-04-02 19:07:06 #17 type.registry] 
New type java.util.ArrayList<java.lang.Object>

------------------------------------------------------------------------------------------------------------------------

[2021-04-02 19:08:04 #1 store] 
Database 'C:\Users\julen\eclipse-workspace\Bets21-master\src\main\resources\bets.temp' is opened by 9492@DESKTOP-OT7AHR9

[2021-04-02 19:08:04 #2 type.registry] 
New type domain.Question

[2021-04-02 19:08:04 #3 type] 
Type domain.Question is not enhanced.

[2021-04-02 19:08:04 #4 type.registry] 
New type domain.Event

[2021-04-02 19:08:04 #5 type.registry] 
New type java.util.HashMap<java.lang.String,java.lang.Double>

[2021-04-02 19:08:04 #6 type] 
Type domain.Event is not enhanced.

[2021-04-02 19:08:04 #7 type.registry] 
New type java.util.Vector<domain.Question>

[2021-04-02 19:08:04 #8 type.registry] 
New type domain.Pertsona

[2021-04-02 19:08:04 #9 type.registry] 
New type domain.Langile

[2021-04-02 19:08:04 #10 type] 
Type domain.Pertsona is not enhanced.

[2021-04-02 19:08:04 #11 type] 
Type domain.Langile is not enhanced.

[2021-04-02 19:08:04 #12 type.registry] 
New type domain.User

[2021-04-02 19:08:04 #13 type] 
Type domain.User is not enhanced.

[2021-04-02 19:08:04 #14 type.registry] 
New type java.util.ArrayList<java.lang.String>

[2021-04-02 19:08:04 #15 type.registry] 
New type java.util.Vector<java.lang.Object>

[2021-04-02 19:08:04 #16 type.registry] 
New type java.util.HashMap<java.lang.Object,java.lang.Object>

[2021-04-02 19:08:04 #17 type.registry] 
New type java.util.ArrayList<java.lang.Object>

------------------------------------------------------------------------------------------------------------------------

[2021-04-02 19:09:47 #1 store] 
Database 'C:\Users\julen\eclipse-workspace\Bets21-master\src\main\resources\bets.temp' is opened by 1552@DESKTOP-OT7AHR9

[2021-04-02 19:09:47 #2 type.registry] 
New type domain.Question

[2021-04-02 19:09:47 #3 type] 
Type domain.Question is not enhanced.

[2021-04-02 19:09:47 #4 type.registry] 
New type domain.Event

[2021-04-02 19:09:47 #5 type.registry] 
New type java.util.HashMap<java.lang.String,java.lang.Double>

[2021-04-02 19:09:47 #6 type] 
Type domain.Event is not enhanced.

[2021-04-02 19:09:47 #7 type.registry] 
New type java.util.Vector<domain.Question>

[2021-04-02 19:09:47 #8 type.registry] 
New type domain.Pertsona

[2021-04-02 19:09:47 #9 type.registry] 
New type domain.Langile

[2021-04-02 19:09:47 #10 type] 
Type domain.Pertsona is not enhanced.

[2021-04-02 19:09:47 #11 type] 
Type domain.Langile is not enhanced.

[2021-04-02 19:09:47 #12 type.registry] 
New type domain.User

[2021-04-02 19:09:47 #13 type] 
Type domain.User is not enhanced.

[2021-04-02 19:09:47 #14 type.registry] 
New type java.util.ArrayList<java.lang.String>

[2021-04-02 19:09:47 #15 type.registry] 
New type java.util.Vector<java.lang.Object>

[2021-04-02 19:09:47 #16 type.registry] 
New type java.util.HashMap<java.lang.Object,java.lang.Object>

[2021-04-02 19:09:47 #17 type.registry] 
New type java.util.ArrayList<java.lang.Object>

------------------------------------------------------------------------------------------------------------------------

[2021-04-02 19:13:43 #1 store] 
Database 'C:\Users\julen\eclipse-workspace\Bets21-master\src\main\resources\bets.temp' is opened by 3656@DESKTOP-OT7AHR9

[2021-04-02 19:13:43 #2 type.registry] 
New type domain.Question

[2021-04-02 19:13:43 #3 type] 
Type domain.Question is not enhanced.

[2021-04-02 19:13:43 #4 type.registry] 
New type domain.Event

[2021-04-02 19:13:43 #5 type.registry] 
New type java.util.HashMap<java.lang.String,java.lang.Double>

[2021-04-02 19:13:43 #6 type] 
Type domain.Event is not enhanced.

[2021-04-02 19:13:43 #7 type.registry] 
New type java.util.Vector<domain.Question>

[2021-04-02 19:13:43 #8 type.registry] 
New type domain.Pertsona

[2021-04-02 19:13:43 #9 type.registry] 
New type domain.Langile

[2021-04-02 19:13:43 #10 type] 
Type domain.Pertsona is not enhanced.

[2021-04-02 19:13:43 #11 type] 
Type domain.Langile is not enhanced.

[2021-04-02 19:13:43 #12 type.registry] 
New type domain.User

[2021-04-02 19:13:43 #13 type] 
Type domain.User is not enhanced.

[2021-04-02 19:13:43 #14 type.registry] 
New type java.util.ArrayList<java.lang.String>

[2021-04-02 19:13:43 #15 type.registry] 
New type java.util.Vector<java.lang.Object>

[2021-04-02 19:13:43 #16 type.registry] 
New type java.util.HashMap<java.lang.Object,java.lang.Object>

[2021-04-02 19:13:43 #17 type.registry] 
New type java.util.ArrayList<java.lang.Object>

------------------------------------------------------------------------------------------------------------------------

[2021-04-02 19:16:17 #1 store] 
Database 'C:\Users\julen\eclipse-workspace\Bets21-master\src\main\resources\bets.temp' is opened by 12248@DESKTOP-OT7AHR9

[2021-04-02 19:16:17 #2 type.registry] 
New type domain.Question

[2021-04-02 19:16:17 #3 type] 
Type domain.Question is not enhanced.

[2021-04-02 19:16:17 #4 type.registry] 
New type domain.Event

[2021-04-02 19:16:17 #5 type.registry] 
New type java.util.HashMap<java.lang.String,java.lang.Double>

[2021-04-02 19:16:17 #6 type] 
Type domain.Event is not enhanced.

[2021-04-02 19:16:17 #7 type.registry] 
New type java.util.Vector<domain.Question>

[2021-04-02 19:16:17 #8 type.registry] 
New type domain.Pertsona

[2021-04-02 19:16:17 #9 type.registry] 
New type domain.Langile

[2021-04-02 19:16:17 #10 type] 
Type domain.Pertsona is not enhanced.

[2021-04-02 19:16:17 #11 type] 
Type domain.Langile is not enhanced.

[2021-04-02 19:16:17 #12 type.registry] 
New type domain.User

[2021-04-02 19:16:17 #13 type] 
Type domain.User is not enhanced.

[2021-04-02 19:16:17 #14 type.registry] 
New type java.util.ArrayList<java.lang.String>

[2021-04-02 19:16:18 #15 type.registry] 
New type java.util.Vector<java.lang.Object>

[2021-04-02 19:16:18 #16 type.registry] 
New type java.util.HashMap<java.lang.Object,java.lang.Object>

[2021-04-02 19:16:18 #17 type.registry] 
New type java.util.ArrayList<java.lang.Object>

------------------------------------------------------------------------------------------------------------------------

[2021-04-02 19:18:53 #1 store] 
Database 'C:\Users\julen\eclipse-workspace\Bets21-master\src\main\resources\bets.temp' is opened by 9212@DESKTOP-OT7AHR9

[2021-04-02 19:18:53 #2 type.registry] 
New type domain.Question

[2021-04-02 19:18:53 #3 type] 
Type domain.Question is not enhanced.

[2021-04-02 19:18:53 #4 type.registry] 
New type domain.Event

[2021-04-02 19:18:53 #5 type.registry] 
New type java.util.HashMap<java.lang.String,java.lang.Double>

[2021-04-02 19:18:53 #6 type] 
Type domain.Event is not enhanced.

[2021-04-02 19:18:53 #7 type.registry] 
New type java.util.Vector<domain.Question>

[2021-04-02 19:18:53 #8 type.registry] 
New type domain.Pertsona

[2021-04-02 19:18:53 #9 type.registry] 
New type domain.Langile

[2021-04-02 19:18:53 #10 type] 
Type domain.Pertsona is not enhanced.

[2021-04-02 19:18:53 #11 type] 
Type domain.Langile is not enhanced.

[2021-04-02 19:18:53 #12 type.registry] 
New type domain.User

[2021-04-02 19:18:53 #13 type] 
Type domain.User is not enhanced.

[2021-04-02 19:18:53 #14 type.registry] 
New type java.util.ArrayList<java.lang.String>

[2021-04-02 19:18:53 #15 type.registry] 
New type java.util.Vector<java.lang.Object>

[2021-04-02 19:18:53 #16 type.registry] 
New type java.util.HashMap<java.lang.Object,java.lang.Object>

[2021-04-02 19:18:53 #17 type.registry] 
New type java.util.ArrayList<java.lang.Object>

------------------------------------------------------------------------------------------------------------------------

[2021-04-02 19:19:32 #1 store] 
Database 'C:\Users\julen\eclipse-workspace\Bets21-master\src\main\resources\bets.temp' is opened by 5044@DESKTOP-OT7AHR9

[2021-04-02 19:19:32 #2 type.registry] 
New type domain.Question

[2021-04-02 19:19:32 #3 type] 
Type domain.Question is not enhanced.

[2021-04-02 19:19:32 #4 type.registry] 
New type domain.Event

[2021-04-02 19:19:32 #5 type.registry] 
New type java.util.HashMap<java.lang.String,java.lang.Double>

[2021-04-02 19:19:32 #6 type] 
Type domain.Event is not enhanced.

[2021-04-02 19:19:32 #7 type.registry] 
New type java.util.Vector<domain.Question>

[2021-04-02 19:19:32 #8 type.registry] 
New type domain.Pertsona

[2021-04-02 19:19:32 #9 type.registry] 
New type domain.Langile

[2021-04-02 19:19:32 #10 type] 
Type domain.Pertsona is not enhanced.

[2021-04-02 19:19:32 #11 type] 
Type domain.Langile is not enhanced.

[2021-04-02 19:19:32 #12 type.registry] 
New type domain.User

[2021-04-02 19:19:32 #13 type] 
Type domain.User is not enhanced.

[2021-04-02 19:19:32 #14 type.registry] 
New type java.util.ArrayList<java.lang.String>

[2021-04-02 19:19:32 #15 type.registry] 
New type java.util.Vector<java.lang.Object>

[2021-04-02 19:19:32 #16 type.registry] 
New type java.util.HashMap<java.lang.Object,java.lang.Object>

[2021-04-02 19:19:32 #17 type.registry] 
New type java.util.ArrayList<java.lang.Object>

------------------------------------------------------------------------------------------------------------------------

[2021-04-02 19:25:55 #1 store] 
Database 'C:\Users\julen\eclipse-workspace\Bets21-master\src\main\resources\bets.temp' is opened by 13028@DESKTOP-OT7AHR9

[2021-04-02 19:25:55 #2 type.registry] 
New type domain.Question

[2021-04-02 19:25:55 #3 type] 
Type domain.Question is not enhanced.

[2021-04-02 19:25:55 #4 type.registry] 
New type domain.Event

[2021-04-02 19:25:55 #5 type.registry] 
New type java.util.HashMap<java.lang.String,java.lang.Double>

[2021-04-02 19:25:55 #6 type] 
Type domain.Event is not enhanced.

[2021-04-02 19:25:55 #7 type.registry] 
New type java.util.Vector<domain.Question>

[2021-04-02 19:25:55 #8 type.registry] 
New type domain.Pertsona

[2021-04-02 19:25:55 #9 type.registry] 
New type domain.Langile

[2021-04-02 19:25:55 #10 type] 
Type domain.Pertsona is not enhanced.

[2021-04-02 19:25:55 #11 type] 
Type domain.Langile is not enhanced.

[2021-04-02 19:25:55 #12 type.registry] 
New type domain.User

[2021-04-02 19:25:55 #13 type] 
Type domain.User is not enhanced.

[2021-04-02 19:25:55 #14 type.registry] 
New type java.util.ArrayList<java.lang.String>

[2021-04-02 19:25:55 #15 type.registry] 
New type java.util.Vector<java.lang.Object>

[2021-04-02 19:25:55 #16 type.registry] 
New type java.util.HashMap<java.lang.Object,java.lang.Object>

[2021-04-02 19:25:55 #17 type.registry] 
New type java.util.ArrayList<java.lang.Object>

------------------------------------------------------------------------------------------------------------------------

[2021-04-02 19:26:32 #1 store] 
Database 'C:\Users\julen\eclipse-workspace\Bets21-master\src\main\resources\bets.temp' is opened by 11244@DESKTOP-OT7AHR9

[2021-04-02 19:26:33 #2 type.registry] 
New type domain.Question

[2021-04-02 19:26:33 #3 type] 
Type domain.Question is not enhanced.

[2021-04-02 19:26:33 #4 type.registry] 
New type domain.Event

[2021-04-02 19:26:33 #5 type.registry] 
New type java.util.HashMap<java.lang.String,java.lang.Double>

[2021-04-02 19:26:33 #6 type] 
Type domain.Event is not enhanced.

[2021-04-02 19:26:33 #7 type.registry] 
New type java.util.Vector<domain.Question>

[2021-04-02 19:26:33 #8 type.registry] 
New type domain.Pertsona

[2021-04-02 19:26:33 #9 type.registry] 
New type domain.Langile

[2021-04-02 19:26:33 #10 type] 
Type domain.Pertsona is not enhanced.

[2021-04-02 19:26:33 #11 type] 
Type domain.Langile is not enhanced.

[2021-04-02 19:26:33 #12 type.registry] 
New type domain.User

[2021-04-02 19:26:33 #13 type] 
Type domain.User is not enhanced.

[2021-04-02 19:26:33 #14 type.registry] 
New type java.util.ArrayList<java.lang.String>

[2021-04-02 19:26:33 #15 type.registry] 
New type java.util.Vector<java.lang.Object>

[2021-04-02 19:26:33 #16 type.registry] 
New type java.util.HashMap<java.lang.Object,java.lang.Object>

[2021-04-02 19:26:33 #17 type.registry] 
New type java.util.ArrayList<java.lang.Object>

------------------------------------------------------------------------------------------------------------------------

[2021-04-02 19:27:39 #1 store] 
Database 'C:\Users\julen\eclipse-workspace\Bets21-master\src\main\resources\bets.temp' is opened by 5320@DESKTOP-OT7AHR9

[2021-04-02 19:27:40 #2 type.registry] 
New type domain.Question

[2021-04-02 19:27:40 #3 type] 
Type domain.Question is not enhanced.

[2021-04-02 19:27:40 #4 type.registry] 
New type domain.Event

[2021-04-02 19:27:40 #5 type.registry] 
New type java.util.HashMap<java.lang.String,java.lang.Double>

[2021-04-02 19:27:40 #6 type] 
Type domain.Event is not enhanced.

[2021-04-02 19:27:40 #7 type.registry] 
New type java.util.Vector<domain.Question>

[2021-04-02 19:27:40 #8 type.registry] 
New type domain.Pertsona

[2021-04-02 19:27:40 #9 type.registry] 
New type domain.Langile

[2021-04-02 19:27:40 #10 type] 
Type domain.Pertsona is not enhanced.

[2021-04-02 19:27:40 #11 type] 
Type domain.Langile is not enhanced.

[2021-04-02 19:27:40 #12 type.registry] 
New type domain.User

[2021-04-02 19:27:40 #13 type] 
Type domain.User is not enhanced.

[2021-04-02 19:27:40 #14 type.registry] 
New type java.util.ArrayList<java.lang.String>

[2021-04-02 19:27:40 #15 type.registry] 
New type java.util.Vector<java.lang.Object>

[2021-04-02 19:27:40 #16 type.registry] 
New type java.util.HashMap<java.lang.Object,java.lang.Object>

[2021-04-02 19:27:40 #17 type.registry] 
New type java.util.ArrayList<java.lang.Object>

------------------------------------------------------------------------------------------------------------------------

[2021-04-02 19:28:21 #1 store] 
Database 'C:\Users\julen\eclipse-workspace\Bets21-master\src\main\resources\bets.temp' is opened by 11192@DESKTOP-OT7AHR9

[2021-04-02 19:28:22 #2 type.registry] 
New type domain.Question

[2021-04-02 19:28:22 #3 type] 
Type domain.Question is not enhanced.

[2021-04-02 19:28:22 #4 type.registry] 
New type domain.Event

[2021-04-02 19:28:22 #5 type.registry] 
New type java.util.HashMap<java.lang.String,java.lang.Double>

[2021-04-02 19:28:22 #6 type] 
Type domain.Event is not enhanced.

[2021-04-02 19:28:22 #7 type.registry] 
New type java.util.Vector<domain.Question>

[2021-04-02 19:28:22 #8 type.registry] 
New type domain.Pertsona

[2021-04-02 19:28:22 #9 type.registry] 
New type domain.Langile

[2021-04-02 19:28:22 #10 type] 
Type domain.Pertsona is not enhanced.

[2021-04-02 19:28:22 #11 type] 
Type domain.Langile is not enhanced.

[2021-04-02 19:28:22 #12 type.registry] 
New type domain.User

[2021-04-02 19:28:22 #13 type] 
Type domain.User is not enhanced.

[2021-04-02 19:28:22 #14 type.registry] 
New type java.util.ArrayList<java.lang.String>

[2021-04-02 19:28:22 #15 type.registry] 
New type java.util.Vector<java.lang.Object>

[2021-04-02 19:28:22 #16 type.registry] 
New type java.util.HashMap<java.lang.Object,java.lang.Object>

[2021-04-02 19:28:22 #17 type.registry] 
New type java.util.ArrayList<java.lang.Object>

------------------------------------------------------------------------------------------------------------------------

[2021-04-02 19:31:53 #1 store] 
Database 'C:\Users\julen\eclipse-workspace\Bets21-master\src\main\resources\bets.temp' is opened by 7308@DESKTOP-OT7AHR9

[2021-04-02 19:31:53 #2 type.registry] 
New type domain.Question

[2021-04-02 19:31:53 #3 type] 
Type domain.Question is not enhanced.

[2021-04-02 19:31:53 #4 type.registry] 
New type domain.Event

[2021-04-02 19:31:53 #5 type.registry] 
New type java.util.HashMap<java.lang.String,java.lang.Double>

[2021-04-02 19:31:53 #6 type] 
Type domain.Event is not enhanced.

[2021-04-02 19:31:53 #7 type.registry] 
New type java.util.Vector<domain.Question>

[2021-04-02 19:31:53 #8 type.registry] 
New type domain.Pertsona

[2021-04-02 19:31:53 #9 type.registry] 
New type domain.Langile

[2021-04-02 19:31:53 #10 type] 
Type domain.Pertsona is not enhanced.

[2021-04-02 19:31:53 #11 type] 
Type domain.Langile is not enhanced.

[2021-04-02 19:31:53 #12 type.registry] 
New type domain.User

[2021-04-02 19:31:53 #13 type] 
Type domain.User is not enhanced.

[2021-04-02 19:31:53 #14 type.registry] 
New type java.util.ArrayList<java.lang.String>

[2021-04-02 19:31:53 #15 type.registry] 
New type java.util.Vector<java.lang.Object>

[2021-04-02 19:31:53 #16 type.registry] 
New type java.util.HashMap<java.lang.Object,java.lang.Object>

[2021-04-02 19:31:53 #17 type.registry] 
New type java.util.ArrayList<java.lang.Object>

------------------------------------------------------------------------------------------------------------------------

[2021-04-02 19:32:52 #1 store] 
Database 'C:\Users\julen\eclipse-workspace\Bets21-master\src\main\resources\bets.temp' is opened by 6644@DESKTOP-OT7AHR9

[2021-04-02 19:32:52 #2 type.registry] 
New type domain.Question

[2021-04-02 19:32:52 #3 type] 
Type domain.Question is not enhanced.

[2021-04-02 19:32:52 #4 type.registry] 
New type domain.Event

[2021-04-02 19:32:52 #5 type.registry] 
New type java.util.HashMap<java.lang.String,java.lang.Double>

[2021-04-02 19:32:52 #6 type] 
Type domain.Event is not enhanced.

[2021-04-02 19:32:52 #7 type.registry] 
New type java.util.Vector<domain.Question>

[2021-04-02 19:32:52 #8 type.registry] 
New type domain.Pertsona

[2021-04-02 19:32:52 #9 type.registry] 
New type domain.Langile

[2021-04-02 19:32:52 #10 type] 
Type domain.Pertsona is not enhanced.

[2021-04-02 19:32:52 #11 type] 
Type domain.Langile is not enhanced.

[2021-04-02 19:32:52 #12 type.registry] 
New type domain.User

[2021-04-02 19:32:52 #13 type] 
Type domain.User is not enhanced.

[2021-04-02 19:32:52 #14 type.registry] 
New type java.util.ArrayList<java.lang.String>

[2021-04-02 19:32:52 #15 type.registry] 
New type java.util.Vector<java.lang.Object>

[2021-04-02 19:32:52 #16 type.registry] 
New type java.util.HashMap<java.lang.Object,java.lang.Object>

[2021-04-02 19:32:52 #17 type.registry] 
New type java.util.ArrayList<java.lang.Object>

------------------------------------------------------------------------------------------------------------------------

[2021-04-02 19:36:18 #1 store] 
Database 'C:\Users\julen\eclipse-workspace\Bets21-master\src\main\resources\bets.temp' is opened by 2656@DESKTOP-OT7AHR9

[2021-04-02 19:36:18 #2 type.registry] 
New type domain.Question

[2021-04-02 19:36:18 #3 type] 
Type domain.Question is not enhanced.

[2021-04-02 19:36:18 #4 type.registry] 
New type domain.Event

[2021-04-02 19:36:18 #5 type.registry] 
New type java.util.HashMap<java.lang.String,java.lang.Double>

[2021-04-02 19:36:18 #6 type] 
Type domain.Event is not enhanced.

[2021-04-02 19:36:18 #7 type.registry] 
New type java.util.Vector<domain.Question>

[2021-04-02 19:36:18 #8 type.registry] 
New type domain.Pertsona

[2021-04-02 19:36:18 #9 type.registry] 
New type domain.Langile

[2021-04-02 19:36:18 #10 type] 
Type domain.Pertsona is not enhanced.

[2021-04-02 19:36:18 #11 type] 
Type domain.Langile is not enhanced.

[2021-04-02 19:36:18 #12 type.registry] 
New type domain.User

[2021-04-02 19:36:18 #13 type] 
Type domain.User is not enhanced.

[2021-04-02 19:36:18 #14 type.registry] 
New type java.util.ArrayList<java.lang.String>

[2021-04-02 19:36:18 #15 type.registry] 
New type java.util.Vector<java.lang.Object>

[2021-04-02 19:36:18 #16 type.registry] 
New type java.util.HashMap<java.lang.Object,java.lang.Object>

[2021-04-02 19:36:18 #17 type.registry] 
New type java.util.ArrayList<java.lang.Object>

------------------------------------------------------------------------------------------------------------------------

[2021-04-02 19:38:10 #1 store] 
Database 'C:\Users\julen\eclipse-workspace\Bets21-master\src\main\resources\bets.temp' is opened by 9992@DESKTOP-OT7AHR9

[2021-04-02 19:38:10 #2 type.registry] 
New type domain.Question

[2021-04-02 19:38:10 #3 type] 
Type domain.Question is not enhanced.

[2021-04-02 19:38:10 #4 type.registry] 
New type domain.Event

[2021-04-02 19:38:10 #5 type.registry] 
New type java.util.HashMap<java.lang.String,java.lang.Double>

[2021-04-02 19:38:10 #6 type] 
Type domain.Event is not enhanced.

[2021-04-02 19:38:10 #7 type.registry] 
New type java.util.Vector<domain.Question>

[2021-04-02 19:38:10 #8 type.registry] 
New type domain.Pertsona

[2021-04-02 19:38:10 #9 type.registry] 
New type domain.Langile

[2021-04-02 19:38:10 #10 type] 
Type domain.Pertsona is not enhanced.

[2021-04-02 19:38:10 #11 type] 
Type domain.Langile is not enhanced.

[2021-04-02 19:38:10 #12 type.registry] 
New type domain.User

[2021-04-02 19:38:10 #13 type] 
Type domain.User is not enhanced.

[2021-04-02 19:38:10 #14 type.registry] 
New type java.util.ArrayList<java.lang.String>

[2021-04-02 19:38:10 #15 type.registry] 
New type java.util.Vector<java.lang.Object>

[2021-04-02 19:38:10 #16 type.registry] 
New type java.util.HashMap<java.lang.Object,java.lang.Object>

[2021-04-02 19:38:10 #17 type.registry] 
New type java.util.ArrayList<java.lang.Object>

------------------------------------------------------------------------------------------------------------------------

[2021-04-02 19:39:36 #1 store] 
Database 'C:\Users\julen\eclipse-workspace\Bets21-master\src\main\resources\bets.temp' is opened by 2016@DESKTOP-OT7AHR9

[2021-04-02 19:39:36 #2 type.registry] 
New type domain.Question

[2021-04-02 19:39:36 #3 type] 
Type domain.Question is not enhanced.

[2021-04-02 19:39:36 #4 type.registry] 
New type domain.Event

[2021-04-02 19:39:36 #5 type.registry] 
New type java.util.HashMap<java.lang.String,java.lang.Double>

[2021-04-02 19:39:36 #6 type] 
Type domain.Event is not enhanced.

[2021-04-02 19:39:36 #7 type.registry] 
New type java.util.Vector<domain.Question>

[2021-04-02 19:39:36 #8 type.registry] 
New type domain.Pertsona

[2021-04-02 19:39:36 #9 type.registry] 
New type domain.Langile

[2021-04-02 19:39:36 #10 type] 
Type domain.Pertsona is not enhanced.

[2021-04-02 19:39:36 #11 type] 
Type domain.Langile is not enhanced.

[2021-04-02 19:39:36 #12 type.registry] 
New type domain.User

[2021-04-02 19:39:36 #13 type] 
Type domain.User is not enhanced.

[2021-04-02 19:39:36 #14 type.registry] 
New type java.util.ArrayList<java.lang.String>

[2021-04-02 19:39:36 #15 type.registry] 
New type java.util.Vector<java.lang.Object>

[2021-04-02 19:39:36 #16 type.registry] 
New type java.util.HashMap<java.lang.Object,java.lang.Object>

[2021-04-02 19:39:36 #17 type.registry] 
New type java.util.ArrayList<java.lang.Object>

------------------------------------------------------------------------------------------------------------------------

[2021-04-02 19:41:13 #1 store] 
Database 'C:\Users\julen\eclipse-workspace\Bets21-master\src\main\resources\bets.temp' is opened by 3848@DESKTOP-OT7AHR9

[2021-04-02 19:41:13 #2 type.registry] 
New type domain.Question

[2021-04-02 19:41:13 #3 type] 
Type domain.Question is not enhanced.

[2021-04-02 19:41:13 #4 type.registry] 
New type domain.Event

[2021-04-02 19:41:13 #5 type.registry] 
New type java.util.HashMap<java.lang.String,java.lang.Double>

[2021-04-02 19:41:13 #6 type] 
Type domain.Event is not enhanced.

[2021-04-02 19:41:13 #7 type.registry] 
New type java.util.Vector<domain.Question>

[2021-04-02 19:41:13 #8 type.registry] 
New type domain.Pertsona

[2021-04-02 19:41:13 #9 type.registry] 
New type domain.Langile

[2021-04-02 19:41:13 #10 type] 
Type domain.Pertsona is not enhanced.

[2021-04-02 19:41:13 #11 type] 
Type domain.Langile is not enhanced.

[2021-04-02 19:41:13 #12 type.registry] 
New type domain.User

[2021-04-02 19:41:13 #13 type] 
Type domain.User is not enhanced.

[2021-04-02 19:41:13 #14 type.registry] 
New type java.util.ArrayList<java.lang.String>

[2021-04-02 19:41:13 #15 type.registry] 
New type java.util.Vector<java.lang.Object>

[2021-04-02 19:41:13 #16 type.registry] 
New type java.util.HashMap<java.lang.Object,java.lang.Object>

[2021-04-02 19:41:13 #17 type.registry] 
New type java.util.ArrayList<java.lang.Object>

------------------------------------------------------------------------------------------------------------------------

[2021-04-02 19:46:53 #1 store] 
Database 'C:\Users\julen\eclipse-workspace\Bets21-master\src\main\resources\bets.temp' is opened by 14012@DESKTOP-OT7AHR9

[2021-04-02 19:46:53 #2 type.registry] 
New type domain.Question

[2021-04-02 19:46:53 #3 type] 
Type domain.Question is not enhanced.

[2021-04-02 19:46:53 #4 type.registry] 
New type domain.Event

[2021-04-02 19:46:53 #5 type.registry] 
New type java.util.HashMap<java.lang.String,java.lang.Double>

[2021-04-02 19:46:53 #6 type] 
Type domain.Event is not enhanced.

[2021-04-02 19:46:53 #7 type.registry] 
New type java.util.Vector<domain.Question>

[2021-04-02 19:46:53 #8 type.registry] 
New type domain.Pertsona

[2021-04-02 19:46:53 #9 type.registry] 
New type domain.Langile

[2021-04-02 19:46:53 #10 type] 
Type domain.Pertsona is not enhanced.

[2021-04-02 19:46:53 #11 type] 
Type domain.Langile is not enhanced.

[2021-04-02 19:46:53 #12 type.registry] 
New type domain.User

[2021-04-02 19:46:53 #13 type] 
Type domain.User is not enhanced.

[2021-04-02 19:46:53 #14 type.registry] 
New type java.util.ArrayList<java.lang.String>

[2021-04-02 19:46:53 #15 type.registry] 
New type java.util.Vector<java.lang.Object>

[2021-04-02 19:46:53 #16 type.registry] 
New type java.util.HashMap<java.lang.Object,java.lang.Object>

[2021-04-02 19:46:53 #17 type.registry] 
New type java.util.ArrayList<java.lang.Object>

------------------------------------------------------------------------------------------------------------------------

[2021-04-02 19:51:38 #1 store] 
Database 'C:\Users\julen\eclipse-workspace\Bets21-master\src\main\resources\bets.temp' is opened by 700@DESKTOP-OT7AHR9

[2021-04-02 19:51:38 #2 type.registry] 
New type domain.Question

[2021-04-02 19:51:38 #3 type] 
Type domain.Question is not enhanced.

[2021-04-02 19:51:38 #4 type.registry] 
New type domain.Event

[2021-04-02 19:51:39 #5 type.registry] 
New type java.util.HashMap<java.lang.String,java.lang.Double>

[2021-04-02 19:51:39 #6 type] 
Type domain.Event is not enhanced.

[2021-04-02 19:51:39 #7 type.registry] 
New type java.util.Vector<domain.Question>

[2021-04-02 19:51:39 #8 type.registry] 
New type domain.Pertsona

[2021-04-02 19:51:39 #9 type.registry] 
New type domain.Langile

[2021-04-02 19:51:39 #10 type] 
Type domain.Pertsona is not enhanced.

[2021-04-02 19:51:39 #11 type] 
Type domain.Langile is not enhanced.

[2021-04-02 19:51:39 #12 type.registry] 
New type domain.User

[2021-04-02 19:51:39 #13 type] 
Type domain.User is not enhanced.

[2021-04-02 19:51:39 #14 type.registry] 
New type java.util.ArrayList<java.lang.String>

[2021-04-02 19:51:39 #15 type.registry] 
New type java.util.Vector<java.lang.Object>

[2021-04-02 19:51:39 #16 type.registry] 
New type java.util.HashMap<java.lang.Object,java.lang.Object>

[2021-04-02 19:51:39 #17 type.registry] 
New type java.util.ArrayList<java.lang.Object>

------------------------------------------------------------------------------------------------------------------------

[2021-04-02 19:52:18 #1 store] 
Database 'C:\Users\julen\eclipse-workspace\Bets21-master\src\main\resources\bets.temp' is opened by 4100@DESKTOP-OT7AHR9

[2021-04-02 19:52:19 #2 type.registry] 
New type domain.Question

[2021-04-02 19:52:19 #3 type] 
Type domain.Question is not enhanced.

[2021-04-02 19:52:19 #4 type.registry] 
New type domain.Event

[2021-04-02 19:52:19 #5 type.registry] 
New type java.util.HashMap<java.lang.String,java.lang.Double>

[2021-04-02 19:52:19 #6 type] 
Type domain.Event is not enhanced.

[2021-04-02 19:52:19 #7 type.registry] 
New type java.util.Vector<domain.Question>

[2021-04-02 19:52:19 #8 type.registry] 
New type domain.Pertsona

[2021-04-02 19:52:19 #9 type.registry] 
New type domain.Langile

[2021-04-02 19:52:19 #10 type] 
Type domain.Pertsona is not enhanced.

[2021-04-02 19:52:19 #11 type] 
Type domain.Langile is not enhanced.

[2021-04-02 19:52:19 #12 type.registry] 
New type domain.User

[2021-04-02 19:52:19 #13 type] 
Type domain.User is not enhanced.

[2021-04-02 19:52:19 #14 type.registry] 
New type java.util.ArrayList<java.lang.String>

[2021-04-02 19:52:19 #15 type.registry] 
New type java.util.Vector<java.lang.Object>

[2021-04-02 19:52:19 #16 type.registry] 
New type java.util.HashMap<java.lang.Object,java.lang.Object>

[2021-04-02 19:52:19 #17 type.registry] 
New type java.util.ArrayList<java.lang.Object>

------------------------------------------------------------------------------------------------------------------------

[2021-04-02 19:53:47 #1 store] 
Database 'C:\Users\julen\eclipse-workspace\Bets21-master\src\main\resources\bets.temp' is opened by 11084@DESKTOP-OT7AHR9

[2021-04-02 19:53:47 #2 type.registry] 
New type domain.Question

[2021-04-02 19:53:47 #3 type] 
Type domain.Question is not enhanced.

[2021-04-02 19:53:47 #4 type.registry] 
New type domain.Event

[2021-04-02 19:53:47 #5 type.registry] 
New type java.util.HashMap<java.lang.String,java.lang.Double>

[2021-04-02 19:53:47 #6 type] 
Type domain.Event is not enhanced.

[2021-04-02 19:53:47 #7 type.registry] 
New type java.util.Vector<domain.Question>

[2021-04-02 19:53:47 #8 type.registry] 
New type domain.Pertsona

[2021-04-02 19:53:47 #9 type.registry] 
New type domain.Langile

[2021-04-02 19:53:47 #10 type] 
Type domain.Pertsona is not enhanced.

[2021-04-02 19:53:47 #11 type] 
Type domain.Langile is not enhanced.

[2021-04-02 19:53:47 #12 type.registry] 
New type domain.User

[2021-04-02 19:53:47 #13 type] 
Type domain.User is not enhanced.

[2021-04-02 19:53:47 #14 type.registry] 
New type java.util.ArrayList<java.lang.String>

[2021-04-02 19:53:47 #15 type.registry] 
New type java.util.Vector<java.lang.Object>

[2021-04-02 19:53:47 #16 type.registry] 
New type java.util.HashMap<java.lang.Object,java.lang.Object>

[2021-04-02 19:53:47 #17 type.registry] 
New type java.util.ArrayList<java.lang.Object>

------------------------------------------------------------------------------------------------------------------------

[2021-04-02 19:55:06 #1 store] 
Database 'C:\Users\julen\eclipse-workspace\Bets21-master\src\main\resources\bets.temp' is opened by 5808@DESKTOP-OT7AHR9

[2021-04-02 19:55:07 #2 type.registry] 
New type domain.Question

[2021-04-02 19:55:07 #3 type] 
Type domain.Question is not enhanced.

[2021-04-02 19:55:07 #4 type.registry] 
New type domain.Event

[2021-04-02 19:55:07 #5 type.registry] 
New type java.util.HashMap<java.lang.String,java.lang.Double>

[2021-04-02 19:55:07 #6 type] 
Type domain.Event is not enhanced.

[2021-04-02 19:55:07 #7 type.registry] 
New type java.util.Vector<domain.Question>

[2021-04-02 19:55:07 #8 type.registry] 
New type domain.Pertsona

[2021-04-02 19:55:07 #9 type.registry] 
New type domain.Langile

[2021-04-02 19:55:07 #10 type] 
Type domain.Pertsona is not enhanced.

[2021-04-02 19:55:07 #11 type] 
Type domain.Langile is not enhanced.

[2021-04-02 19:55:07 #12 type.registry] 
New type domain.User

[2021-04-02 19:55:07 #13 type] 
Type domain.User is not enhanced.

[2021-04-02 19:55:07 #14 type.registry] 
New type java.util.ArrayList<java.lang.String>

[2021-04-02 19:55:07 #15 type.registry] 
New type java.util.Vector<java.lang.Object>

[2021-04-02 19:55:07 #16 type.registry] 
New type java.util.HashMap<java.lang.Object,java.lang.Object>

[2021-04-02 19:55:07 #17 type.registry] 
New type java.util.ArrayList<java.lang.Object>

------------------------------------------------------------------------------------------------------------------------

[2021-04-02 19:56:15 #1 store] 
Database 'C:\Users\julen\eclipse-workspace\Bets21-master\src\main\resources\bets.temp' is opened by 11372@DESKTOP-OT7AHR9

[2021-04-02 19:56:15 #2 type.registry] 
New type domain.Question

[2021-04-02 19:56:15 #3 type] 
Type domain.Question is not enhanced.

[2021-04-02 19:56:15 #4 type.registry] 
New type domain.Event

[2021-04-02 19:56:15 #5 type.registry] 
New type java.util.HashMap<java.lang.String,java.lang.Double>

[2021-04-02 19:56:15 #6 type] 
Type domain.Event is not enhanced.

[2021-04-02 19:56:15 #7 type.registry] 
New type java.util.Vector<domain.Question>

[2021-04-02 19:56:15 #8 type.registry] 
New type domain.Pertsona

[2021-04-02 19:56:15 #9 type.registry] 
New type domain.Langile

[2021-04-02 19:56:15 #10 type] 
Type domain.Pertsona is not enhanced.

[2021-04-02 19:56:15 #11 type] 
Type domain.Langile is not enhanced.

[2021-04-02 19:56:15 #12 type.registry] 
New type domain.User

[2021-04-02 19:56:15 #13 type] 
Type domain.User is not enhanced.

[2021-04-02 19:56:15 #14 type.registry] 
New type java.util.ArrayList<java.lang.String>

[2021-04-02 19:56:15 #15 type.registry] 
New type java.util.Vector<java.lang.Object>

[2021-04-02 19:56:15 #16 type.registry] 
New type java.util.HashMap<java.lang.Object,java.lang.Object>

[2021-04-02 19:56:15 #17 type.registry] 
New type java.util.ArrayList<java.lang.Object>

------------------------------------------------------------------------------------------------------------------------

[2021-04-02 19:57:58 #1 store] 
Database 'C:\Users\julen\eclipse-workspace\Bets21-master\src\main\resources\bets.temp' is opened by 3840@DESKTOP-OT7AHR9

[2021-04-02 19:57:58 #2 type.registry] 
New type domain.Question

[2021-04-02 19:57:58 #3 type] 
Type domain.Question is not enhanced.

[2021-04-02 19:57:58 #4 type.registry] 
New type domain.Event

[2021-04-02 19:57:58 #5 type.registry] 
New type java.util.HashMap<java.lang.String,java.lang.Double>

[2021-04-02 19:57:58 #6 type] 
Type domain.Event is not enhanced.

[2021-04-02 19:57:58 #7 type.registry] 
New type java.util.Vector<domain.Question>

[2021-04-02 19:57:58 #8 type.registry] 
New type domain.Pertsona

[2021-04-02 19:57:58 #9 type.registry] 
New type domain.Langile

[2021-04-02 19:57:58 #10 type] 
Type domain.Pertsona is not enhanced.

[2021-04-02 19:57:58 #11 type] 
Type domain.Langile is not enhanced.

[2021-04-02 19:57:58 #12 type.registry] 
New type domain.User

[2021-04-02 19:57:58 #13 type] 
Type domain.User is not enhanced.

[2021-04-02 19:57:58 #14 type.registry] 
New type java.util.ArrayList<java.lang.String>

[2021-04-02 19:57:58 #15 type.registry] 
New type java.util.Vector<java.lang.Object>

[2021-04-02 19:57:58 #16 type.registry] 
New type java.util.HashMap<java.lang.Object,java.lang.Object>

[2021-04-02 19:57:58 #17 type.registry] 
New type java.util.ArrayList<java.lang.Object>

------------------------------------------------------------------------------------------------------------------------

[2021-04-02 20:01:26 #1 store] 
Database 'C:\Users\julen\eclipse-workspace\Bets21-master\src\main\resources\bets.temp' is opened by 2640@DESKTOP-OT7AHR9

[2021-04-02 20:01:27 #2 type.registry] 
New type domain.Question

[2021-04-02 20:01:27 #3 type] 
Type domain.Question is not enhanced.

[2021-04-02 20:01:27 #4 type.registry] 
New type domain.Event

[2021-04-02 20:01:27 #5 type.registry] 
New type java.util.HashMap<java.lang.String,java.lang.Double>

[2021-04-02 20:01:27 #6 type] 
Type domain.Event is not enhanced.

[2021-04-02 20:01:27 #7 type.registry] 
New type java.util.Vector<domain.Question>

[2021-04-02 20:01:27 #8 type.registry] 
New type domain.Pertsona

[2021-04-02 20:01:27 #9 type.registry] 
New type domain.Langile

[2021-04-02 20:01:27 #10 type] 
Type domain.Pertsona is not enhanced.

[2021-04-02 20:01:27 #11 type] 
Type domain.Langile is not enhanced.

[2021-04-02 20:01:27 #12 type.registry] 
New type domain.User

[2021-04-02 20:01:27 #13 type] 
Type domain.User is not enhanced.

[2021-04-02 20:01:27 #14 type.registry] 
New type java.util.ArrayList<java.lang.String>

[2021-04-02 20:01:27 #15 type.registry] 
New type java.util.Vector<java.lang.Object>

[2021-04-02 20:01:27 #16 type.registry] 
New type java.util.HashMap<java.lang.Object,java.lang.Object>

[2021-04-02 20:01:27 #17 type.registry] 
New type java.util.ArrayList<java.lang.Object>

------------------------------------------------------------------------------------------------------------------------

[2021-04-02 20:05:42 #1 store] 
Database 'C:\Users\julen\eclipse-workspace\Bets21-master\src\main\resources\bets.temp' is opened by 10504@DESKTOP-OT7AHR9

[2021-04-02 20:05:42 #2 type.registry] 
New type domain.Question

[2021-04-02 20:05:42 #3 type] 
Type domain.Question is not enhanced.

[2021-04-02 20:05:42 #4 type.registry] 
New type domain.Event

[2021-04-02 20:05:42 #5 type.registry] 
New type java.util.HashMap<java.lang.String,java.lang.Double>

[2021-04-02 20:05:42 #6 type] 
Type domain.Event is not enhanced.

[2021-04-02 20:05:42 #7 type.registry] 
New type java.util.Vector<domain.Question>

[2021-04-02 20:05:42 #8 type.registry] 
New type domain.Pertsona

[2021-04-02 20:05:42 #9 type.registry] 
New type domain.Langile

[2021-04-02 20:05:42 #10 type] 
Type domain.Pertsona is not enhanced.

[2021-04-02 20:05:42 #11 type] 
Type domain.Langile is not enhanced.

[2021-04-02 20:05:42 #12 type.registry] 
New type domain.User

[2021-04-02 20:05:42 #13 type] 
Type domain.User is not enhanced.

[2021-04-02 20:05:42 #14 type.registry] 
New type java.util.ArrayList<java.lang.String>

[2021-04-02 20:05:42 #15 type.registry] 
New type java.util.Vector<java.lang.Object>

[2021-04-02 20:05:42 #16 type.registry] 
New type java.util.HashMap<java.lang.Object,java.lang.Object>

[2021-04-02 20:05:42 #17 type.registry] 
New type java.util.ArrayList<java.lang.Object>

------------------------------------------------------------------------------------------------------------------------

[2021-04-02 20:06:48 #1 store] 
Database 'C:\Users\julen\eclipse-workspace\Bets21-master\src\main\resources\bets.temp' is opened by 13356@DESKTOP-OT7AHR9

[2021-04-02 20:06:48 #2 type.registry] 
New type domain.Question

[2021-04-02 20:06:48 #3 type] 
Type domain.Question is not enhanced.

[2021-04-02 20:06:48 #4 type.registry] 
New type domain.Event

[2021-04-02 20:06:48 #5 type.registry] 
New type java.util.HashMap<java.lang.String,java.lang.Double>

[2021-04-02 20:06:48 #6 type] 
Type domain.Event is not enhanced.

[2021-04-02 20:06:48 #7 type.registry] 
New type java.util.Vector<domain.Question>

[2021-04-02 20:06:48 #8 type.registry] 
New type domain.Pertsona

[2021-04-02 20:06:48 #9 type.registry] 
New type domain.Langile

[2021-04-02 20:06:48 #10 type] 
Type domain.Pertsona is not enhanced.

[2021-04-02 20:06:48 #11 type] 
Type domain.Langile is not enhanced.

[2021-04-02 20:06:48 #12 type.registry] 
New type domain.User

[2021-04-02 20:06:48 #13 type] 
Type domain.User is not enhanced.

[2021-04-02 20:06:48 #14 type.registry] 
New type java.util.ArrayList<java.lang.String>

[2021-04-02 20:06:48 #15 type.registry] 
New type java.util.Vector<java.lang.Object>

[2021-04-02 20:06:48 #16 type.registry] 
New type java.util.HashMap<java.lang.Object,java.lang.Object>

[2021-04-02 20:06:48 #17 type.registry] 
New type java.util.ArrayList<java.lang.Object>

------------------------------------------------------------------------------------------------------------------------

[2021-04-02 20:10:23 #1 store] 
Database 'C:\Users\julen\eclipse-workspace\Bets21-master\src\main\resources\bets.temp' is opened by 5768@DESKTOP-OT7AHR9

[2021-04-02 20:10:24 #2 type.registry] 
New type domain.Question

[2021-04-02 20:10:24 #3 type] 
Type domain.Question is not enhanced.

[2021-04-02 20:10:24 #4 type.registry] 
New type domain.Event

[2021-04-02 20:10:24 #5 type.registry] 
New type java.util.HashMap<java.lang.String,java.lang.Double>

[2021-04-02 20:10:24 #6 type] 
Type domain.Event is not enhanced.

[2021-04-02 20:10:24 #7 type.registry] 
New type java.util.Vector<domain.Question>

[2021-04-02 20:10:24 #8 type.registry] 
New type domain.Pertsona

[2021-04-02 20:10:24 #9 type.registry] 
New type domain.Langile

[2021-04-02 20:10:24 #10 type] 
Type domain.Pertsona is not enhanced.

[2021-04-02 20:10:24 #11 type] 
Type domain.Langile is not enhanced.

[2021-04-02 20:10:24 #12 type.registry] 
New type domain.User

[2021-04-02 20:10:24 #13 type] 
Type domain.User is not enhanced.

[2021-04-02 20:10:24 #14 type.registry] 
New type java.util.ArrayList<java.lang.String>

[2021-04-02 20:10:24 #15 type.registry] 
New type java.util.Vector<java.lang.Object>

[2021-04-02 20:10:24 #16 type.registry] 
New type java.util.HashMap<java.lang.Object,java.lang.Object>

[2021-04-02 20:10:24 #17 type.registry] 
New type java.util.ArrayList<java.lang.Object>

------------------------------------------------------------------------------------------------------------------------

[2021-04-02 20:10:34 #1 store] 
Database 'C:\Users\julen\eclipse-workspace\Bets21-master\src\main\resources\bets.temp' is opened by 9756@DESKTOP-OT7AHR9

[2021-04-02 20:10:34 #2 type.registry] 
New type domain.Question

[2021-04-02 20:10:34 #3 type] 
Type domain.Question is not enhanced.

[2021-04-02 20:10:34 #4 type.registry] 
New type domain.Event

[2021-04-02 20:10:34 #5 type.registry] 
New type java.util.HashMap<java.lang.String,java.lang.Double>

[2021-04-02 20:10:34 #6 type] 
Type domain.Event is not enhanced.

[2021-04-02 20:10:34 #7 type.registry] 
New type java.util.Vector<domain.Question>

[2021-04-02 20:10:34 #8 type.registry] 
New type domain.Pertsona

[2021-04-02 20:10:34 #9 type.registry] 
New type domain.Langile

[2021-04-02 20:10:34 #10 type] 
Type domain.Pertsona is not enhanced.

[2021-04-02 20:10:34 #11 type] 
Type domain.Langile is not enhanced.

[2021-04-02 20:10:34 #12 type.registry] 
New type domain.User

[2021-04-02 20:10:34 #13 type] 
Type domain.User is not enhanced.

[2021-04-02 20:10:34 #14 type.registry] 
New type java.util.ArrayList<java.lang.String>

[2021-04-02 20:10:34 #15 type.registry] 
New type java.util.Vector<java.lang.Object>

[2021-04-02 20:10:34 #16 type.registry] 
New type java.util.HashMap<java.lang.Object,java.lang.Object>

[2021-04-02 20:10:34 #17 type.registry] 
New type java.util.ArrayList<java.lang.Object>

------------------------------------------------------------------------------------------------------------------------

[2021-04-02 20:11:50 #1 store] 
Database 'C:\Users\julen\eclipse-workspace\Bets21-master\src\main\resources\bets.temp' is opened by 732@DESKTOP-OT7AHR9

[2021-04-02 20:11:50 #2 type.registry] 
New type domain.Question

[2021-04-02 20:11:50 #3 type] 
Type domain.Question is not enhanced.

[2021-04-02 20:11:50 #4 type.registry] 
New type domain.Event

[2021-04-02 20:11:50 #5 type.registry] 
New type java.util.HashMap<java.lang.String,java.lang.Double>

[2021-04-02 20:11:50 #6 type] 
Type domain.Event is not enhanced.

[2021-04-02 20:11:50 #7 type.registry] 
New type java.util.Vector<domain.Question>

[2021-04-02 20:11:50 #8 type.registry] 
New type domain.Pertsona

[2021-04-02 20:11:50 #9 type.registry] 
New type domain.Langile

[2021-04-02 20:11:50 #10 type] 
Type domain.Pertsona is not enhanced.

[2021-04-02 20:11:50 #11 type] 
Type domain.Langile is not enhanced.

[2021-04-02 20:11:50 #12 type.registry] 
New type domain.User

[2021-04-02 20:11:50 #13 type] 
Type domain.User is not enhanced.

[2021-04-02 20:11:50 #14 type.registry] 
New type java.util.ArrayList<java.lang.String>

[2021-04-02 20:11:50 #15 type.registry] 
New type java.util.Vector<java.lang.Object>

[2021-04-02 20:11:50 #16 type.registry] 
New type java.util.HashMap<java.lang.Object,java.lang.Object>

[2021-04-02 20:11:50 #17 type.registry] 
New type java.util.ArrayList<java.lang.Object>

