------------------------------------------------------------------------------------------------------------------------

[2021-02-23 09:51:33 #1 store] 
Database 'C:\Users\julen\Desktop\Bets21-master\src\main\resources\bets.temp' is opened by 9924@DESKTOP-OT7AHR9

[2021-02-23 09:51:34 #2 type.registry] 
New type domain.Question

[2021-02-23 09:51:34 #3 type] 
Type domain.Question is not enhanced.

[2021-02-23 09:51:34 #4 type.registry] 
New type domain.Event

[2021-02-23 09:51:34 #5 type] 
Type domain.Event is not enhanced.

[2021-02-23 09:51:34 #6 type.registry] 
New type java.util.Vector<domain.Question>

[2021-02-23 09:51:34 #7 type.registry] 
New type domain.Pertsona

[2021-02-23 09:51:34 #8 type.registry] 
New type domain.Admin

[2021-02-23 09:51:34 #9 type] 
Type domain.Pertsona is not enhanced.

[2021-02-23 09:51:34 #10 type] 
Type domain.Admin is not enhanced.

[2021-02-23 09:51:34 #11 type.registry] 
New type domain.User

[2021-02-23 09:51:34 #12 type] 
Type domain.User is not enhanced.

[2021-02-23 09:51:34 #13 type.registry] 
New type java.util.Vector<java.lang.Object>

------------------------------------------------------------------------------------------------------------------------

[2021-02-23 09:52:22 #1 store] 
Database 'C:\Users\julen\Desktop\Bets21-master\src\main\resources\bets.temp' is opened by 11944@DESKTOP-OT7AHR9

[2021-02-23 09:52:23 #2 type.registry] 
New type domain.Question

[2021-02-23 09:52:23 #3 type] 
Type domain.Question is not enhanced.

[2021-02-23 09:52:23 #4 type.registry] 
New type domain.Event

[2021-02-23 09:52:23 #5 type] 
Type domain.Event is not enhanced.

[2021-02-23 09:52:23 #6 type.registry] 
New type java.util.Vector<domain.Question>

[2021-02-23 09:52:23 #7 type.registry] 
New type domain.Pertsona

[2021-02-23 09:52:23 #8 type.registry] 
New type domain.Admin

[2021-02-23 09:52:23 #9 type] 
Type domain.Pertsona is not enhanced.

[2021-02-23 09:52:23 #10 type] 
Type domain.Admin is not enhanced.

[2021-02-23 09:52:23 #11 type.registry] 
New type domain.User

[2021-02-23 09:52:23 #12 type] 
Type domain.User is not enhanced.

[2021-02-23 09:52:23 #13 type.registry] 
New type java.util.Vector<java.lang.Object>

------------------------------------------------------------------------------------------------------------------------

[2021-02-23 09:53:18 #1 server] 
Server on port 6136 has started by 2676@DESKTOP-OT7AHR9

[2021-02-23 09:53:33 #2 store] 
Database 'C:\Users\julen\Desktop\Bets21-master\src\main\resources\db\src\main\resources\bets.temp' is opened by 2676@DESKTOP-OT7AHR9

------------------------------------------------------------------------------------------------------------------------

[2021-02-23 09:53:33 #1 type.registry] 
New type domain.Question

[2021-02-23 09:53:33 #2 type] 
Type domain.Question is not enhanced.

[2021-02-23 09:53:33 #3 type.registry] 
New type domain.Event

[2021-02-23 09:53:33 #4 type] 
Type domain.Event is not enhanced.

[2021-02-23 09:53:33 #5 type.registry] 
New type java.util.Vector<domain.Question>

[2021-02-23 09:53:33 #6 type.registry] 
New type domain.Pertsona

[2021-02-23 09:53:33 #7 type.registry] 
New type domain.Admin

[2021-02-23 09:53:33 #8 type] 
Type domain.Pertsona is not enhanced.

[2021-02-23 09:53:33 #9 type] 
Type domain.Admin is not enhanced.

[2021-02-23 09:53:33 #10 type.registry] 
New type domain.User

[2021-02-23 09:53:33 #11 type] 
Type domain.User is not enhanced.

[2021-02-23 09:53:33 #12 type.registry] 
New type java.util.Vector<java.lang.Object>

[2021-02-23 09:53:34 #3 store] 
Database 'C:\Users\julen\Desktop\Bets21-master\src\main\resources\db\src\main\resources\bets.temp' is closed by 2676@DESKTOP-OT7AHR9

------------------------------------------------------------------------------------------------------------------------

[2021-02-23 09:54:34 #1 store] 
Database 'C:\Users\julen\Desktop\Bets21-master\src\main\resources\bets.temp' is opened by 12096@DESKTOP-OT7AHR9

[2021-02-23 09:54:35 #2 type.registry] 
New type domain.Question

[2021-02-23 09:54:35 #3 type] 
Type domain.Question is not enhanced.

[2021-02-23 09:54:35 #4 type.registry] 
New type domain.Event

[2021-02-23 09:54:35 #5 type] 
Type domain.Event is not enhanced.

[2021-02-23 09:54:35 #6 type.registry] 
New type java.util.Vector<domain.Question>

[2021-02-23 09:54:35 #7 type.registry] 
New type domain.Pertsona

[2021-02-23 09:54:35 #8 type.registry] 
New type domain.Admin

[2021-02-23 09:54:35 #9 type] 
Type domain.Pertsona is not enhanced.

[2021-02-23 09:54:35 #10 type] 
Type domain.Admin is not enhanced.

[2021-02-23 09:54:35 #11 type.registry] 
New type domain.User

[2021-02-23 09:54:35 #12 type] 
Type domain.User is not enhanced.

[2021-02-23 09:54:35 #13 type.registry] 
New type java.util.Vector<java.lang.Object>

