------------------------------------------------------------------------------------------------------------------------

[2021-04-23 13:32:55 #1 store] 
Database 'C:\Users\julen\eclipse-workspace\Bets21-master\src\main\resources\bets.temp' is opened by 13988@DESKTOP-OT7AHR9

[2021-04-23 13:32:55 #2 type.registry] 
New type domain.Question

[2021-04-23 13:32:55 #3 type] 
Type domain.Question is not enhanced.

[2021-04-23 13:32:55 #4 type.registry] 
New type domain.Event

[2021-04-23 13:32:55 #5 type.registry] 
New type java.util.HashMap<java.lang.String,java.lang.Double>

[2021-04-23 13:32:55 #6 type.registry] 
New type domain.Pertsona

[2021-04-23 13:32:55 #7 type.registry] 
New type domain.User

[2021-04-23 13:32:55 #8 type.registry] 
New type java.util.ArrayList<domain.User>

[2021-04-23 13:32:55 #9 type] 
Type domain.Event is not enhanced.

[2021-04-23 13:32:55 #10 type.registry] 
New type java.util.Vector<domain.Question>

[2021-04-23 13:32:55 #11 type] 
Type domain.Pertsona is not enhanced.

[2021-04-23 13:32:55 #12 type] 
Type domain.User is not enhanced.

[2021-04-23 13:32:55 #13 type.registry] 
New type java.util.ArrayList<java.lang.String>

[2021-04-23 13:32:55 #14 type.registry] 
New type domain.Apostua

[2021-04-23 13:32:55 #15 type.registry] 
New type java.util.ArrayList<domain.Apostua>

[2021-04-23 13:32:55 #16 type] 
Type domain.Apostua is not enhanced.

[2021-04-23 13:32:55 #17 type.registry] 
New type domain.Langile

[2021-04-23 13:32:55 #18 type] 
Type domain.Langile is not enhanced.

[2021-04-23 13:32:55 #19 type.registry] 
New type java.util.Vector<java.lang.Object>

[2021-04-23 13:32:55 #20 type.registry] 
New type java.util.ArrayList<java.lang.Object>

[2021-04-23 13:32:55 #21 type.registry] 
New type java.util.HashMap<java.lang.Object,java.lang.Object>

------------------------------------------------------------------------------------------------------------------------

[2021-04-23 13:34:59 #1 store] 
Database 'C:\Users\julen\eclipse-workspace\Bets21-master\src\main\resources\bets.temp' is opened by 11572@DESKTOP-OT7AHR9

[2021-04-23 13:35:00 #2 type.registry] 
New type domain.Question

[2021-04-23 13:35:00 #3 type] 
Type domain.Question is not enhanced.

[2021-04-23 13:35:00 #4 type.registry] 
New type domain.Event

[2021-04-23 13:35:00 #5 type.registry] 
New type java.util.HashMap<java.lang.String,java.lang.Double>

[2021-04-23 13:35:00 #6 type.registry] 
New type domain.Pertsona

[2021-04-23 13:35:00 #7 type.registry] 
New type domain.User

[2021-04-23 13:35:00 #8 type.registry] 
New type java.util.ArrayList<domain.User>

[2021-04-23 13:35:00 #9 type] 
Type domain.Event is not enhanced.

[2021-04-23 13:35:00 #10 type.registry] 
New type java.util.Vector<domain.Question>

[2021-04-23 13:35:00 #11 type] 
Type domain.Pertsona is not enhanced.

[2021-04-23 13:35:00 #12 type] 
Type domain.User is not enhanced.

[2021-04-23 13:35:00 #13 type.registry] 
New type java.util.ArrayList<java.lang.String>

[2021-04-23 13:35:00 #14 type.registry] 
New type domain.Apostua

[2021-04-23 13:35:00 #15 type.registry] 
New type java.util.ArrayList<domain.Apostua>

[2021-04-23 13:35:00 #16 type] 
Type domain.Apostua is not enhanced.

[2021-04-23 13:35:00 #17 type.registry] 
New type domain.Langile

[2021-04-23 13:35:00 #18 type] 
Type domain.Langile is not enhanced.

[2021-04-23 13:35:00 #19 type.registry] 
New type java.util.Vector<java.lang.Object>

[2021-04-23 13:35:00 #20 type.registry] 
New type java.util.ArrayList<java.lang.Object>

[2021-04-23 13:35:00 #21 type.registry] 
New type java.util.HashMap<java.lang.Object,java.lang.Object>

------------------------------------------------------------------------------------------------------------------------

[2021-04-23 13:37:21 #1 store] 
Database 'C:\Users\julen\eclipse-workspace\Bets21-master\src\main\resources\bets.temp' is opened by 1548@DESKTOP-OT7AHR9

[2021-04-23 13:37:21 #2 type.registry] 
New type domain.Question

[2021-04-23 13:37:21 #3 type] 
Type domain.Question is not enhanced.

[2021-04-23 13:37:21 #4 type.registry] 
New type domain.Event

[2021-04-23 13:37:21 #5 type.registry] 
New type java.util.HashMap<java.lang.String,java.lang.Double>

[2021-04-23 13:37:22 #6 type.registry] 
New type domain.Pertsona

[2021-04-23 13:37:22 #7 type.registry] 
New type domain.User

[2021-04-23 13:37:22 #8 type.registry] 
New type java.util.ArrayList<domain.User>

[2021-04-23 13:37:22 #9 type] 
Type domain.Event is not enhanced.

[2021-04-23 13:37:22 #10 type.registry] 
New type java.util.Vector<domain.Question>

[2021-04-23 13:37:22 #11 type] 
Type domain.Pertsona is not enhanced.

[2021-04-23 13:37:22 #12 type] 
Type domain.User is not enhanced.

[2021-04-23 13:37:22 #13 type.registry] 
New type java.util.ArrayList<java.lang.String>

[2021-04-23 13:37:22 #14 type.registry] 
New type domain.Apostua

[2021-04-23 13:37:22 #15 type.registry] 
New type java.util.ArrayList<domain.Apostua>

[2021-04-23 13:37:22 #16 type] 
Type domain.Apostua is not enhanced.

[2021-04-23 13:37:22 #17 type.registry] 
New type domain.Langile

[2021-04-23 13:37:22 #18 type] 
Type domain.Langile is not enhanced.

[2021-04-23 13:37:22 #19 type.registry] 
New type java.util.Vector<java.lang.Object>

[2021-04-23 13:37:22 #20 type.registry] 
New type java.util.ArrayList<java.lang.Object>

[2021-04-23 13:37:22 #21 type.registry] 
New type java.util.HashMap<java.lang.Object,java.lang.Object>

------------------------------------------------------------------------------------------------------------------------

[2021-04-23 13:44:05 #1 store] 
Database 'C:\Users\julen\eclipse-workspace\Bets21-master\src\main\resources\bets.temp' is opened by 7740@DESKTOP-OT7AHR9

[2021-04-23 13:44:05 #2 type.registry] 
New type domain.Question

[2021-04-23 13:44:05 #3 type] 
Type domain.Question is not enhanced.

[2021-04-23 13:44:05 #4 type.registry] 
New type domain.Event

[2021-04-23 13:44:05 #5 type.registry] 
New type java.util.HashMap<java.lang.String,java.lang.Double>

[2021-04-23 13:44:05 #6 type.registry] 
New type domain.Pertsona

[2021-04-23 13:44:05 #7 type.registry] 
New type domain.User

[2021-04-23 13:44:05 #8 type.registry] 
New type java.util.ArrayList<domain.User>

[2021-04-23 13:44:05 #9 type] 
Type domain.Event is not enhanced.

[2021-04-23 13:44:05 #10 type.registry] 
New type java.util.Vector<domain.Question>

[2021-04-23 13:44:05 #11 type] 
Type domain.Pertsona is not enhanced.

[2021-04-23 13:44:05 #12 type] 
Type domain.User is not enhanced.

[2021-04-23 13:44:05 #13 type.registry] 
New type java.util.ArrayList<java.lang.String>

[2021-04-23 13:44:05 #14 type.registry] 
New type domain.Apostua

[2021-04-23 13:44:05 #15 type.registry] 
New type java.util.ArrayList<domain.Apostua>

[2021-04-23 13:44:05 #16 type] 
Type domain.Apostua is not enhanced.

[2021-04-23 13:44:05 #17 type.registry] 
New type domain.Langile

[2021-04-23 13:44:05 #18 type] 
Type domain.Langile is not enhanced.

[2021-04-23 13:44:05 #19 type.registry] 
New type java.util.Vector<java.lang.Object>

[2021-04-23 13:44:05 #20 type.registry] 
New type java.util.ArrayList<java.lang.Object>

[2021-04-23 13:44:05 #21 type.registry] 
New type java.util.HashMap<java.lang.Object,java.lang.Object>

------------------------------------------------------------------------------------------------------------------------

[2021-04-23 13:45:13 #1 store] 
Database 'C:\Users\julen\eclipse-workspace\Bets21-master\src\main\resources\bets.temp' is opened by 3596@DESKTOP-OT7AHR9

[2021-04-23 13:45:13 #2 type.registry] 
New type domain.Question

[2021-04-23 13:45:13 #3 type] 
Type domain.Question is not enhanced.

[2021-04-23 13:45:13 #4 type.registry] 
New type domain.Event

[2021-04-23 13:45:13 #5 type.registry] 
New type java.util.HashMap<java.lang.String,java.lang.Double>

[2021-04-23 13:45:13 #6 type.registry] 
New type domain.Pertsona

[2021-04-23 13:45:13 #7 type.registry] 
New type domain.User

[2021-04-23 13:45:13 #8 type.registry] 
New type java.util.ArrayList<domain.User>

[2021-04-23 13:45:13 #9 type] 
Type domain.Event is not enhanced.

[2021-04-23 13:45:13 #10 type.registry] 
New type java.util.Vector<domain.Question>

[2021-04-23 13:45:13 #11 type] 
Type domain.Pertsona is not enhanced.

[2021-04-23 13:45:13 #12 type] 
Type domain.User is not enhanced.

[2021-04-23 13:45:13 #13 type.registry] 
New type java.util.ArrayList<java.lang.String>

[2021-04-23 13:45:13 #14 type.registry] 
New type domain.Apostua

[2021-04-23 13:45:13 #15 type.registry] 
New type java.util.ArrayList<domain.Apostua>

[2021-04-23 13:45:13 #16 type] 
Type domain.Apostua is not enhanced.

[2021-04-23 13:45:13 #17 type.registry] 
New type domain.Langile

[2021-04-23 13:45:13 #18 type] 
Type domain.Langile is not enhanced.

[2021-04-23 13:45:13 #19 type.registry] 
New type java.util.Vector<java.lang.Object>

[2021-04-23 13:45:13 #20 type.registry] 
New type java.util.ArrayList<java.lang.Object>

[2021-04-23 13:45:13 #21 type.registry] 
New type java.util.HashMap<java.lang.Object,java.lang.Object>

------------------------------------------------------------------------------------------------------------------------

[2021-04-23 15:18:33 #1 store] 
Database 'C:\Users\julen\eclipse-workspace\Bets21-master\src\main\resources\bets.temp' is opened by 7504@DESKTOP-OT7AHR9

[2021-04-23 15:18:33 #2 type.registry] 
New type domain.Question

[2021-04-23 15:18:33 #3 type] 
Type domain.Question is not enhanced.

[2021-04-23 15:18:33 #4 type.registry] 
New type domain.Event

[2021-04-23 15:18:33 #5 type.registry] 
New type java.util.HashMap<java.lang.String,java.lang.Double>

[2021-04-23 15:18:33 #6 type.registry] 
New type domain.Pertsona

[2021-04-23 15:18:33 #7 type.registry] 
New type domain.User

[2021-04-23 15:18:33 #8 type.registry] 
New type java.util.ArrayList<domain.User>

[2021-04-23 15:18:33 #9 type] 
Type domain.Event is not enhanced.

[2021-04-23 15:18:33 #10 type.registry] 
New type java.util.Vector<domain.Question>

[2021-04-23 15:18:33 #11 type] 
Type domain.Pertsona is not enhanced.

[2021-04-23 15:18:33 #12 type] 
Type domain.User is not enhanced.

[2021-04-23 15:18:33 #13 type.registry] 
New type java.util.ArrayList<java.lang.String>

[2021-04-23 15:18:33 #14 type.registry] 
New type domain.Apostua

[2021-04-23 15:18:33 #15 type.registry] 
New type java.util.ArrayList<domain.Apostua>

[2021-04-23 15:18:33 #16 type] 
Type domain.Apostua is not enhanced.

[2021-04-23 15:18:33 #17 type.registry] 
New type domain.Langile

[2021-04-23 15:18:33 #18 type] 
Type domain.Langile is not enhanced.

[2021-04-23 15:18:33 #19 type.registry] 
New type java.util.Vector<java.lang.Object>

[2021-04-23 15:18:33 #20 type.registry] 
New type java.util.ArrayList<java.lang.Object>

[2021-04-23 15:18:33 #21 type.registry] 
New type java.util.HashMap<java.lang.Object,java.lang.Object>

