------------------------------------------------------------------------------------------------------------------------

[2021-04-18 16:18:50 #1 store] 
Database 'C:\Users\julen\eclipse-workspace\Bets21-master\src\main\resources\bets.temp' is opened by 5504@DESKTOP-OT7AHR9

[2021-04-18 16:18:51 #2 type.registry] 
New type domain.Question

[2021-04-18 16:18:51 #3 type] 
Type domain.Question is not enhanced.

[2021-04-18 16:18:51 #4 type.registry] 
New type domain.Event

[2021-04-18 16:18:51 #5 type.registry] 
New type java.util.HashMap<java.lang.String,java.lang.Double>

[2021-04-18 16:18:51 #6 type.registry] 
New type domain.Pertsona

[2021-04-18 16:18:51 #7 type.registry] 
New type domain.User

[2021-04-18 16:18:51 #8 type.registry] 
New type java.util.ArrayList<domain.User>

[2021-04-18 16:18:51 #9 type] 
Type domain.Event is not enhanced.

[2021-04-18 16:18:51 #10 type.registry] 
New type java.util.Vector<domain.Question>

[2021-04-18 16:18:51 #11 type] 
Type domain.Pertsona is not enhanced.

[2021-04-18 16:18:51 #12 type] 
Type domain.User is not enhanced.

[2021-04-18 16:18:51 #13 type.registry] 
New type java.util.ArrayList<java.lang.String>

[2021-04-18 16:18:51 #14 type.registry] 
New type domain.Apostua

[2021-04-18 16:18:51 #15 type.registry] 
New type java.util.ArrayList<domain.Apostua>

[2021-04-18 16:18:51 #16 type] 
Type domain.Apostua is not enhanced.

[2021-04-18 16:18:51 #17 type.registry] 
New type domain.Langile

[2021-04-18 16:18:51 #18 type] 
Type domain.Langile is not enhanced.

[2021-04-18 16:18:51 #19 type.registry] 
New type java.util.Vector<java.lang.Object>

[2021-04-18 16:18:51 #20 type.registry] 
New type java.util.ArrayList<java.lang.Object>

[2021-04-18 16:18:51 #21 type.registry] 
New type java.util.HashMap<java.lang.Object,java.lang.Object>

------------------------------------------------------------------------------------------------------------------------

[2021-04-18 16:30:10 #1 store] 
Database 'C:\Users\julen\eclipse-workspace\Bets21-master\src\main\resources\bets.temp' is opened by 1448@DESKTOP-OT7AHR9

[2021-04-18 16:30:11 #2 type.registry] 
New type domain.Question

[2021-04-18 16:30:11 #3 type] 
Type domain.Question is not enhanced.

[2021-04-18 16:30:11 #4 type.registry] 
New type domain.Event

[2021-04-18 16:30:11 #5 type.registry] 
New type java.util.HashMap<java.lang.String,java.lang.Double>

[2021-04-18 16:30:11 #6 type.registry] 
New type domain.Pertsona

[2021-04-18 16:30:11 #7 type.registry] 
New type domain.User

[2021-04-18 16:30:11 #8 type.registry] 
New type java.util.ArrayList<domain.User>

[2021-04-18 16:30:11 #9 type] 
Type domain.Event is not enhanced.

[2021-04-18 16:30:11 #10 type.registry] 
New type java.util.Vector<domain.Question>

[2021-04-18 16:30:11 #11 type] 
Type domain.Pertsona is not enhanced.

[2021-04-18 16:30:11 #12 type] 
Type domain.User is not enhanced.

[2021-04-18 16:30:11 #13 type.registry] 
New type java.util.ArrayList<java.lang.String>

[2021-04-18 16:30:11 #14 type.registry] 
New type domain.Apostua

[2021-04-18 16:30:11 #15 type.registry] 
New type java.util.ArrayList<domain.Apostua>

[2021-04-18 16:30:11 #16 type] 
Type domain.Apostua is not enhanced.

[2021-04-18 16:30:11 #17 type.registry] 
New type domain.Langile

[2021-04-18 16:30:11 #18 type] 
Type domain.Langile is not enhanced.

[2021-04-18 16:30:11 #19 type.registry] 
New type java.util.Vector<java.lang.Object>

[2021-04-18 16:30:11 #20 type.registry] 
New type java.util.ArrayList<java.lang.Object>

[2021-04-18 16:30:11 #21 type.registry] 
New type java.util.HashMap<java.lang.Object,java.lang.Object>

------------------------------------------------------------------------------------------------------------------------

[2021-04-18 16:36:18 #1 store] 
Database 'C:\Users\julen\eclipse-workspace\Bets21-master\src\main\resources\bets.temp' is opened by 8544@DESKTOP-OT7AHR9

[2021-04-18 16:36:18 #2 type.registry] 
New type domain.Question

[2021-04-18 16:36:18 #3 type] 
Type domain.Question is not enhanced.

[2021-04-18 16:36:18 #4 type.registry] 
New type domain.Event

[2021-04-18 16:36:18 #5 type.registry] 
New type java.util.HashMap<java.lang.String,java.lang.Double>

[2021-04-18 16:36:18 #6 type.registry] 
New type domain.Pertsona

[2021-04-18 16:36:18 #7 type.registry] 
New type domain.User

[2021-04-18 16:36:18 #8 type.registry] 
New type java.util.ArrayList<domain.User>

[2021-04-18 16:36:18 #9 type] 
Type domain.Event is not enhanced.

[2021-04-18 16:36:18 #10 type.registry] 
New type java.util.Vector<domain.Question>

[2021-04-18 16:36:18 #11 type] 
Type domain.Pertsona is not enhanced.

[2021-04-18 16:36:18 #12 type] 
Type domain.User is not enhanced.

[2021-04-18 16:36:18 #13 type.registry] 
New type java.util.ArrayList<java.lang.String>

[2021-04-18 16:36:18 #14 type.registry] 
New type domain.Apostua

[2021-04-18 16:36:18 #15 type.registry] 
New type java.util.ArrayList<domain.Apostua>

[2021-04-18 16:36:18 #16 type] 
Type domain.Apostua is not enhanced.

[2021-04-18 16:36:18 #17 type.registry] 
New type domain.Langile

[2021-04-18 16:36:18 #18 type] 
Type domain.Langile is not enhanced.

[2021-04-18 16:36:18 #19 type.registry] 
New type java.util.Vector<java.lang.Object>

[2021-04-18 16:36:18 #20 type.registry] 
New type java.util.ArrayList<java.lang.Object>

[2021-04-18 16:36:18 #21 type.registry] 
New type java.util.HashMap<java.lang.Object,java.lang.Object>

------------------------------------------------------------------------------------------------------------------------

[2021-04-18 16:46:06 #1 store] 
Database 'C:\Users\julen\eclipse-workspace\Bets21-master\src\main\resources\bets.temp' is opened by 4268@DESKTOP-OT7AHR9

[2021-04-18 16:46:07 #2 type.registry] 
New type domain.Question

[2021-04-18 16:46:07 #3 type] 
Type domain.Question is not enhanced.

[2021-04-18 16:46:07 #4 type.registry] 
New type domain.Event

[2021-04-18 16:46:07 #5 type.registry] 
New type java.util.HashMap<java.lang.String,java.lang.Double>

[2021-04-18 16:46:07 #6 type.registry] 
New type domain.Pertsona

[2021-04-18 16:46:07 #7 type.registry] 
New type domain.User

[2021-04-18 16:46:07 #8 type.registry] 
New type java.util.ArrayList<domain.User>

[2021-04-18 16:46:07 #9 type] 
Type domain.Event is not enhanced.

[2021-04-18 16:46:07 #10 type.registry] 
New type java.util.Vector<domain.Question>

[2021-04-18 16:46:07 #11 type] 
Type domain.Pertsona is not enhanced.

[2021-04-18 16:46:07 #12 type] 
Type domain.User is not enhanced.

[2021-04-18 16:46:07 #13 type.registry] 
New type java.util.ArrayList<java.lang.String>

[2021-04-18 16:46:07 #14 type.registry] 
New type domain.Apostua

[2021-04-18 16:46:07 #15 type.registry] 
New type java.util.ArrayList<domain.Apostua>

[2021-04-18 16:46:07 #16 type] 
Type domain.Apostua is not enhanced.

[2021-04-18 16:46:07 #17 type.registry] 
New type domain.Langile

[2021-04-18 16:46:07 #18 type] 
Type domain.Langile is not enhanced.

[2021-04-18 16:46:07 #19 type.registry] 
New type java.util.Vector<java.lang.Object>

[2021-04-18 16:46:07 #20 type.registry] 
New type java.util.ArrayList<java.lang.Object>

[2021-04-18 16:46:07 #21 type.registry] 
New type java.util.HashMap<java.lang.Object,java.lang.Object>

------------------------------------------------------------------------------------------------------------------------

[2021-04-18 16:49:03 #1 store] 
Database 'C:\Users\julen\eclipse-workspace\Bets21-master\src\main\resources\bets.temp' is opened by 3120@DESKTOP-OT7AHR9

[2021-04-18 16:49:03 #2 type.registry] 
New type domain.Question

[2021-04-18 16:49:03 #3 type] 
Type domain.Question is not enhanced.

[2021-04-18 16:49:03 #4 type.registry] 
New type domain.Event

[2021-04-18 16:49:03 #5 type.registry] 
New type java.util.HashMap<java.lang.String,java.lang.Double>

[2021-04-18 16:49:03 #6 type.registry] 
New type domain.Pertsona

[2021-04-18 16:49:03 #7 type.registry] 
New type domain.User

[2021-04-18 16:49:03 #8 type.registry] 
New type java.util.ArrayList<domain.User>

[2021-04-18 16:49:03 #9 type] 
Type domain.Event is not enhanced.

[2021-04-18 16:49:03 #10 type.registry] 
New type java.util.Vector<domain.Question>

[2021-04-18 16:49:03 #11 type] 
Type domain.Pertsona is not enhanced.

[2021-04-18 16:49:03 #12 type] 
Type domain.User is not enhanced.

[2021-04-18 16:49:03 #13 type.registry] 
New type java.util.ArrayList<java.lang.String>

[2021-04-18 16:49:03 #14 type.registry] 
New type domain.Apostua

[2021-04-18 16:49:03 #15 type.registry] 
New type java.util.ArrayList<domain.Apostua>

[2021-04-18 16:49:03 #16 type] 
Type domain.Apostua is not enhanced.

[2021-04-18 16:49:03 #17 type.registry] 
New type domain.Langile

[2021-04-18 16:49:03 #18 type] 
Type domain.Langile is not enhanced.

[2021-04-18 16:49:03 #19 type.registry] 
New type java.util.Vector<java.lang.Object>

[2021-04-18 16:49:03 #20 type.registry] 
New type java.util.ArrayList<java.lang.Object>

[2021-04-18 16:49:03 #21 type.registry] 
New type java.util.HashMap<java.lang.Object,java.lang.Object>

------------------------------------------------------------------------------------------------------------------------

[2021-04-18 16:52:18 #1 store] 
Database 'C:\Users\julen\eclipse-workspace\Bets21-master\src\main\resources\bets.temp' is opened by 6352@DESKTOP-OT7AHR9

[2021-04-18 16:52:18 #2 type.registry] 
New type domain.Question

[2021-04-18 16:52:18 #3 type] 
Type domain.Question is not enhanced.

[2021-04-18 16:52:18 #4 type.registry] 
New type domain.Event

[2021-04-18 16:52:18 #5 type.registry] 
New type java.util.HashMap<java.lang.String,java.lang.Double>

[2021-04-18 16:52:18 #6 type.registry] 
New type domain.Pertsona

[2021-04-18 16:52:18 #7 type.registry] 
New type domain.User

[2021-04-18 16:52:18 #8 type.registry] 
New type java.util.ArrayList<domain.User>

[2021-04-18 16:52:18 #9 type] 
Type domain.Event is not enhanced.

[2021-04-18 16:52:18 #10 type.registry] 
New type java.util.Vector<domain.Question>

[2021-04-18 16:52:18 #11 type] 
Type domain.Pertsona is not enhanced.

[2021-04-18 16:52:18 #12 type] 
Type domain.User is not enhanced.

[2021-04-18 16:52:18 #13 type.registry] 
New type java.util.ArrayList<java.lang.String>

[2021-04-18 16:52:18 #14 type.registry] 
New type domain.Apostua

[2021-04-18 16:52:18 #15 type.registry] 
New type java.util.ArrayList<domain.Apostua>

[2021-04-18 16:52:18 #16 type] 
Type domain.Apostua is not enhanced.

[2021-04-18 16:52:18 #17 type.registry] 
New type domain.Langile

[2021-04-18 16:52:18 #18 type] 
Type domain.Langile is not enhanced.

[2021-04-18 16:52:18 #19 type.registry] 
New type java.util.Vector<java.lang.Object>

[2021-04-18 16:52:18 #20 type.registry] 
New type java.util.ArrayList<java.lang.Object>

[2021-04-18 16:52:18 #21 type.registry] 
New type java.util.HashMap<java.lang.Object,java.lang.Object>

------------------------------------------------------------------------------------------------------------------------

[2021-04-18 17:02:06 #1 store] 
Database 'C:\Users\julen\eclipse-workspace\Bets21-master\src\main\resources\bets.temp' is opened by 7760@DESKTOP-OT7AHR9

[2021-04-18 17:02:06 #2 type.registry] 
New type domain.Question

[2021-04-18 17:02:06 #3 type] 
Type domain.Question is not enhanced.

[2021-04-18 17:02:06 #4 type.registry] 
New type domain.Event

[2021-04-18 17:02:06 #5 type.registry] 
New type java.util.HashMap<java.lang.String,java.lang.Double>

[2021-04-18 17:02:06 #6 type.registry] 
New type domain.Pertsona

[2021-04-18 17:02:06 #7 type.registry] 
New type domain.User

[2021-04-18 17:02:06 #8 type.registry] 
New type java.util.ArrayList<domain.User>

[2021-04-18 17:02:06 #9 type] 
Type domain.Event is not enhanced.

[2021-04-18 17:02:07 #10 type.registry] 
New type java.util.Vector<domain.Question>

[2021-04-18 17:02:07 #11 type] 
Type domain.Pertsona is not enhanced.

[2021-04-18 17:02:07 #12 type] 
Type domain.User is not enhanced.

[2021-04-18 17:02:07 #13 type.registry] 
New type java.util.ArrayList<java.lang.String>

[2021-04-18 17:02:07 #14 type.registry] 
New type domain.Apostua

[2021-04-18 17:02:07 #15 type.registry] 
New type java.util.ArrayList<domain.Apostua>

[2021-04-18 17:02:07 #16 type] 
Type domain.Apostua is not enhanced.

[2021-04-18 17:02:07 #17 type.registry] 
New type domain.Langile

[2021-04-18 17:02:07 #18 type] 
Type domain.Langile is not enhanced.

[2021-04-18 17:02:07 #19 type.registry] 
New type java.util.Vector<java.lang.Object>

[2021-04-18 17:02:07 #20 type.registry] 
New type java.util.ArrayList<java.lang.Object>

[2021-04-18 17:02:07 #21 type.registry] 
New type java.util.HashMap<java.lang.Object,java.lang.Object>

------------------------------------------------------------------------------------------------------------------------

[2021-04-18 17:02:52 #1 store] 
Database 'C:\Users\julen\eclipse-workspace\Bets21-master\src\main\resources\bets.temp' is opened by 12192@DESKTOP-OT7AHR9

[2021-04-18 17:02:52 #2 type.registry] 
New type domain.Question

[2021-04-18 17:02:52 #3 type] 
Type domain.Question is not enhanced.

[2021-04-18 17:02:52 #4 type.registry] 
New type domain.Event

[2021-04-18 17:02:52 #5 type.registry] 
New type java.util.HashMap<java.lang.String,java.lang.Double>

[2021-04-18 17:02:52 #6 type.registry] 
New type domain.Pertsona

[2021-04-18 17:02:52 #7 type.registry] 
New type domain.User

[2021-04-18 17:02:52 #8 type.registry] 
New type java.util.ArrayList<domain.User>

[2021-04-18 17:02:52 #9 type] 
Type domain.Event is not enhanced.

[2021-04-18 17:02:52 #10 type.registry] 
New type java.util.Vector<domain.Question>

[2021-04-18 17:02:52 #11 type] 
Type domain.Pertsona is not enhanced.

[2021-04-18 17:02:52 #12 type] 
Type domain.User is not enhanced.

[2021-04-18 17:02:52 #13 type.registry] 
New type java.util.ArrayList<java.lang.String>

[2021-04-18 17:02:52 #14 type.registry] 
New type domain.Apostua

[2021-04-18 17:02:52 #15 type.registry] 
New type java.util.ArrayList<domain.Apostua>

[2021-04-18 17:02:52 #16 type] 
Type domain.Apostua is not enhanced.

[2021-04-18 17:02:52 #17 type.registry] 
New type domain.Langile

[2021-04-18 17:02:52 #18 type] 
Type domain.Langile is not enhanced.

[2021-04-18 17:02:52 #19 type.registry] 
New type java.util.Vector<java.lang.Object>

[2021-04-18 17:02:52 #20 type.registry] 
New type java.util.ArrayList<java.lang.Object>

[2021-04-18 17:02:52 #21 type.registry] 
New type java.util.HashMap<java.lang.Object,java.lang.Object>

------------------------------------------------------------------------------------------------------------------------

[2021-04-18 17:04:14 #1 store] 
Database 'C:\Users\julen\eclipse-workspace\Bets21-master\src\main\resources\bets.temp' is opened by 10140@DESKTOP-OT7AHR9

[2021-04-18 17:04:14 #2 type.registry] 
New type domain.Question

[2021-04-18 17:04:14 #3 type] 
Type domain.Question is not enhanced.

[2021-04-18 17:04:14 #4 type.registry] 
New type domain.Event

[2021-04-18 17:04:14 #5 type.registry] 
New type java.util.HashMap<java.lang.String,java.lang.Double>

[2021-04-18 17:04:14 #6 type.registry] 
New type domain.Pertsona

[2021-04-18 17:04:14 #7 type.registry] 
New type domain.User

[2021-04-18 17:04:14 #8 type.registry] 
New type java.util.ArrayList<domain.User>

[2021-04-18 17:04:14 #9 type] 
Type domain.Event is not enhanced.

[2021-04-18 17:04:14 #10 type.registry] 
New type java.util.Vector<domain.Question>

[2021-04-18 17:04:14 #11 type] 
Type domain.Pertsona is not enhanced.

[2021-04-18 17:04:14 #12 type] 
Type domain.User is not enhanced.

[2021-04-18 17:04:14 #13 type.registry] 
New type java.util.ArrayList<java.lang.String>

[2021-04-18 17:04:14 #14 type.registry] 
New type domain.Apostua

[2021-04-18 17:04:14 #15 type.registry] 
New type java.util.ArrayList<domain.Apostua>

[2021-04-18 17:04:14 #16 type] 
Type domain.Apostua is not enhanced.

[2021-04-18 17:04:14 #17 type.registry] 
New type domain.Langile

[2021-04-18 17:04:14 #18 type] 
Type domain.Langile is not enhanced.

[2021-04-18 17:04:14 #19 type.registry] 
New type java.util.Vector<java.lang.Object>

[2021-04-18 17:04:14 #20 type.registry] 
New type java.util.ArrayList<java.lang.Object>

[2021-04-18 17:04:14 #21 type.registry] 
New type java.util.HashMap<java.lang.Object,java.lang.Object>

------------------------------------------------------------------------------------------------------------------------

[2021-04-18 17:06:54 #1 store] 
Database 'C:\Users\julen\eclipse-workspace\Bets21-master\src\main\resources\bets.temp' is opened by 5312@DESKTOP-OT7AHR9

[2021-04-18 17:06:54 #2 type.registry] 
New type domain.Question

[2021-04-18 17:06:54 #3 type] 
Type domain.Question is not enhanced.

[2021-04-18 17:06:54 #4 type.registry] 
New type domain.Event

[2021-04-18 17:06:54 #5 type.registry] 
New type java.util.HashMap<java.lang.String,java.lang.Double>

[2021-04-18 17:06:54 #6 type.registry] 
New type domain.Pertsona

[2021-04-18 17:06:54 #7 type.registry] 
New type domain.User

[2021-04-18 17:06:54 #8 type.registry] 
New type java.util.ArrayList<domain.User>

[2021-04-18 17:06:54 #9 type] 
Type domain.Event is not enhanced.

[2021-04-18 17:06:54 #10 type.registry] 
New type java.util.Vector<domain.Question>

[2021-04-18 17:06:54 #11 type] 
Type domain.Pertsona is not enhanced.

[2021-04-18 17:06:54 #12 type] 
Type domain.User is not enhanced.

[2021-04-18 17:06:54 #13 type.registry] 
New type java.util.ArrayList<java.lang.String>

[2021-04-18 17:06:54 #14 type.registry] 
New type domain.Apostua

[2021-04-18 17:06:54 #15 type.registry] 
New type java.util.ArrayList<domain.Apostua>

[2021-04-18 17:06:54 #16 type] 
Type domain.Apostua is not enhanced.

[2021-04-18 17:06:54 #17 type.registry] 
New type domain.Langile

[2021-04-18 17:06:54 #18 type] 
Type domain.Langile is not enhanced.

[2021-04-18 17:06:54 #19 type.registry] 
New type java.util.Vector<java.lang.Object>

[2021-04-18 17:06:54 #20 type.registry] 
New type java.util.ArrayList<java.lang.Object>

[2021-04-18 17:06:54 #21 type.registry] 
New type java.util.HashMap<java.lang.Object,java.lang.Object>

------------------------------------------------------------------------------------------------------------------------

[2021-04-18 17:09:28 #1 store] 
Database 'C:\Users\julen\eclipse-workspace\Bets21-master\src\main\resources\bets.temp' is opened by 2336@DESKTOP-OT7AHR9

[2021-04-18 17:09:28 #2 type.registry] 
New type domain.Question

[2021-04-18 17:09:28 #3 type] 
Type domain.Question is not enhanced.

[2021-04-18 17:09:28 #4 type.registry] 
New type domain.Event

[2021-04-18 17:09:28 #5 type.registry] 
New type java.util.HashMap<java.lang.String,java.lang.Double>

[2021-04-18 17:09:28 #6 type.registry] 
New type domain.Pertsona

[2021-04-18 17:09:28 #7 type.registry] 
New type domain.User

[2021-04-18 17:09:28 #8 type.registry] 
New type java.util.ArrayList<domain.User>

[2021-04-18 17:09:28 #9 type] 
Type domain.Event is not enhanced.

[2021-04-18 17:09:28 #10 type.registry] 
New type java.util.Vector<domain.Question>

[2021-04-18 17:09:28 #11 type] 
Type domain.Pertsona is not enhanced.

[2021-04-18 17:09:28 #12 type] 
Type domain.User is not enhanced.

[2021-04-18 17:09:28 #13 type.registry] 
New type java.util.ArrayList<java.lang.String>

[2021-04-18 17:09:28 #14 type.registry] 
New type domain.Apostua

[2021-04-18 17:09:28 #15 type.registry] 
New type java.util.ArrayList<domain.Apostua>

[2021-04-18 17:09:28 #16 type] 
Type domain.Apostua is not enhanced.

[2021-04-18 17:09:28 #17 type.registry] 
New type domain.Langile

[2021-04-18 17:09:28 #18 type] 
Type domain.Langile is not enhanced.

[2021-04-18 17:09:28 #19 type.registry] 
New type java.util.Vector<java.lang.Object>

[2021-04-18 17:09:28 #20 type.registry] 
New type java.util.ArrayList<java.lang.Object>

[2021-04-18 17:09:28 #21 type.registry] 
New type java.util.HashMap<java.lang.Object,java.lang.Object>

------------------------------------------------------------------------------------------------------------------------

[2021-04-18 17:23:05 #1 store] 
Database 'C:\Users\julen\eclipse-workspace\Bets21-master\src\main\resources\bets.temp' is opened by 8768@DESKTOP-OT7AHR9

[2021-04-18 17:23:05 #2 type.registry] 
New type domain.Question

[2021-04-18 17:23:05 #3 type] 
Type domain.Question is not enhanced.

[2021-04-18 17:23:05 #4 type.registry] 
New type domain.Event

[2021-04-18 17:23:05 #5 type.registry] 
New type java.util.HashMap<java.lang.String,java.lang.Double>

[2021-04-18 17:23:05 #6 type.registry] 
New type domain.Pertsona

[2021-04-18 17:23:05 #7 type.registry] 
New type domain.User

[2021-04-18 17:23:05 #8 type.registry] 
New type java.util.ArrayList<domain.User>

[2021-04-18 17:23:05 #9 type] 
Type domain.Event is not enhanced.

[2021-04-18 17:23:05 #10 type.registry] 
New type java.util.Vector<domain.Question>

[2021-04-18 17:23:05 #11 type] 
Type domain.Pertsona is not enhanced.

[2021-04-18 17:23:05 #12 type] 
Type domain.User is not enhanced.

[2021-04-18 17:23:05 #13 type.registry] 
New type java.util.ArrayList<java.lang.String>

[2021-04-18 17:23:05 #14 type.registry] 
New type domain.Apostua

[2021-04-18 17:23:05 #15 type.registry] 
New type java.util.ArrayList<domain.Apostua>

[2021-04-18 17:23:05 #16 type] 
Type domain.Apostua is not enhanced.

[2021-04-18 17:23:05 #17 type.registry] 
New type domain.Langile

[2021-04-18 17:23:05 #18 type] 
Type domain.Langile is not enhanced.

[2021-04-18 17:23:05 #19 type.registry] 
New type java.util.Vector<java.lang.Object>

[2021-04-18 17:23:05 #20 type.registry] 
New type java.util.ArrayList<java.lang.Object>

[2021-04-18 17:23:05 #21 type.registry] 
New type java.util.HashMap<java.lang.Object,java.lang.Object>

------------------------------------------------------------------------------------------------------------------------

[2021-04-18 17:24:37 #1 store] 
Database 'C:\Users\julen\eclipse-workspace\Bets21-master\src\main\resources\bets.temp' is opened by 4048@DESKTOP-OT7AHR9

[2021-04-18 17:24:37 #2 type.registry] 
New type domain.Question

[2021-04-18 17:24:37 #3 type] 
Type domain.Question is not enhanced.

[2021-04-18 17:24:37 #4 type.registry] 
New type domain.Event

[2021-04-18 17:24:38 #5 type.registry] 
New type java.util.HashMap<java.lang.String,java.lang.Double>

[2021-04-18 17:24:38 #6 type.registry] 
New type domain.Pertsona

[2021-04-18 17:24:38 #7 type.registry] 
New type domain.User

[2021-04-18 17:24:38 #8 type.registry] 
New type java.util.ArrayList<domain.User>

[2021-04-18 17:24:38 #9 type] 
Type domain.Event is not enhanced.

[2021-04-18 17:24:38 #10 type.registry] 
New type java.util.Vector<domain.Question>

[2021-04-18 17:24:38 #11 type] 
Type domain.Pertsona is not enhanced.

[2021-04-18 17:24:38 #12 type] 
Type domain.User is not enhanced.

[2021-04-18 17:24:38 #13 type.registry] 
New type java.util.ArrayList<java.lang.String>

[2021-04-18 17:24:38 #14 type.registry] 
New type domain.Apostua

[2021-04-18 17:24:38 #15 type.registry] 
New type java.util.ArrayList<domain.Apostua>

[2021-04-18 17:24:38 #16 type] 
Type domain.Apostua is not enhanced.

[2021-04-18 17:24:38 #17 type.registry] 
New type domain.Langile

[2021-04-18 17:24:38 #18 type] 
Type domain.Langile is not enhanced.

[2021-04-18 17:24:38 #19 type.registry] 
New type java.util.Vector<java.lang.Object>

[2021-04-18 17:24:38 #20 type.registry] 
New type java.util.ArrayList<java.lang.Object>

[2021-04-18 17:24:38 #21 type.registry] 
New type java.util.HashMap<java.lang.Object,java.lang.Object>

------------------------------------------------------------------------------------------------------------------------

[2021-04-18 17:30:08 #1 store] 
Database 'C:\Users\julen\eclipse-workspace\Bets21-master\src\main\resources\bets.temp' is opened by 2392@DESKTOP-OT7AHR9

[2021-04-18 17:30:08 #2 type.registry] 
New type domain.Question

[2021-04-18 17:30:08 #3 type] 
Type domain.Question is not enhanced.

[2021-04-18 17:30:08 #4 type.registry] 
New type domain.Event

[2021-04-18 17:30:08 #5 type.registry] 
New type java.util.HashMap<java.lang.String,java.lang.Double>

[2021-04-18 17:30:08 #6 type.registry] 
New type domain.Pertsona

[2021-04-18 17:30:08 #7 type.registry] 
New type domain.User

[2021-04-18 17:30:08 #8 type.registry] 
New type java.util.ArrayList<domain.User>

[2021-04-18 17:30:08 #9 type] 
Type domain.Event is not enhanced.

[2021-04-18 17:30:08 #10 type.registry] 
New type java.util.Vector<domain.Question>

[2021-04-18 17:30:08 #11 type] 
Type domain.Pertsona is not enhanced.

[2021-04-18 17:30:08 #12 type] 
Type domain.User is not enhanced.

[2021-04-18 17:30:08 #13 type.registry] 
New type java.util.ArrayList<java.lang.String>

[2021-04-18 17:30:08 #14 type.registry] 
New type domain.Apostua

[2021-04-18 17:30:08 #15 type.registry] 
New type java.util.ArrayList<domain.Apostua>

[2021-04-18 17:30:08 #16 type] 
Type domain.Apostua is not enhanced.

[2021-04-18 17:30:08 #17 type.registry] 
New type domain.Langile

[2021-04-18 17:30:08 #18 type] 
Type domain.Langile is not enhanced.

[2021-04-18 17:30:08 #19 type.registry] 
New type java.util.Vector<java.lang.Object>

[2021-04-18 17:30:08 #20 type.registry] 
New type java.util.ArrayList<java.lang.Object>

[2021-04-18 17:30:08 #21 type.registry] 
New type java.util.HashMap<java.lang.Object,java.lang.Object>

------------------------------------------------------------------------------------------------------------------------

[2021-04-18 17:30:22 #1 store] 
Database 'C:\Users\julen\eclipse-workspace\Bets21-master\src\main\resources\bets.temp' is opened by 1488@DESKTOP-OT7AHR9

[2021-04-18 17:30:23 #2 type.registry] 
New type domain.Question

[2021-04-18 17:30:23 #3 type] 
Type domain.Question is not enhanced.

[2021-04-18 17:30:23 #4 type.registry] 
New type domain.Event

[2021-04-18 17:30:23 #5 type.registry] 
New type java.util.HashMap<java.lang.String,java.lang.Double>

[2021-04-18 17:30:23 #6 type.registry] 
New type domain.Pertsona

[2021-04-18 17:30:23 #7 type.registry] 
New type domain.User

[2021-04-18 17:30:23 #8 type.registry] 
New type java.util.ArrayList<domain.User>

[2021-04-18 17:30:23 #9 type] 
Type domain.Event is not enhanced.

[2021-04-18 17:30:23 #10 type.registry] 
New type java.util.Vector<domain.Question>

[2021-04-18 17:30:23 #11 type] 
Type domain.Pertsona is not enhanced.

[2021-04-18 17:30:23 #12 type] 
Type domain.User is not enhanced.

[2021-04-18 17:30:23 #13 type.registry] 
New type java.util.ArrayList<java.lang.String>

[2021-04-18 17:30:23 #14 type.registry] 
New type domain.Apostua

[2021-04-18 17:30:23 #15 type.registry] 
New type java.util.ArrayList<domain.Apostua>

[2021-04-18 17:30:23 #16 type] 
Type domain.Apostua is not enhanced.

[2021-04-18 17:30:23 #17 type.registry] 
New type domain.Langile

[2021-04-18 17:30:23 #18 type] 
Type domain.Langile is not enhanced.

[2021-04-18 17:30:23 #19 type.registry] 
New type java.util.Vector<java.lang.Object>

[2021-04-18 17:30:23 #20 type.registry] 
New type java.util.ArrayList<java.lang.Object>

[2021-04-18 17:30:23 #21 type.registry] 
New type java.util.HashMap<java.lang.Object,java.lang.Object>

------------------------------------------------------------------------------------------------------------------------

[2021-04-18 17:31:16 #1 store] 
Database 'C:\Users\julen\eclipse-workspace\Bets21-master\src\main\resources\bets.temp' is opened by 8636@DESKTOP-OT7AHR9

[2021-04-18 17:31:17 #2 type.registry] 
New type domain.Question

[2021-04-18 17:31:17 #3 type] 
Type domain.Question is not enhanced.

[2021-04-18 17:31:17 #4 type.registry] 
New type domain.Event

[2021-04-18 17:31:17 #5 type.registry] 
New type java.util.HashMap<java.lang.String,java.lang.Double>

[2021-04-18 17:31:17 #6 type.registry] 
New type domain.Pertsona

[2021-04-18 17:31:17 #7 type.registry] 
New type domain.User

[2021-04-18 17:31:17 #8 type.registry] 
New type java.util.ArrayList<domain.User>

[2021-04-18 17:31:17 #9 type] 
Type domain.Event is not enhanced.

[2021-04-18 17:31:17 #10 type.registry] 
New type java.util.Vector<domain.Question>

[2021-04-18 17:31:17 #11 type] 
Type domain.Pertsona is not enhanced.

[2021-04-18 17:31:17 #12 type] 
Type domain.User is not enhanced.

[2021-04-18 17:31:17 #13 type.registry] 
New type java.util.ArrayList<java.lang.String>

[2021-04-18 17:31:17 #14 type.registry] 
New type domain.Apostua

[2021-04-18 17:31:17 #15 type.registry] 
New type java.util.ArrayList<domain.Apostua>

[2021-04-18 17:31:17 #16 type] 
Type domain.Apostua is not enhanced.

[2021-04-18 17:31:17 #17 type.registry] 
New type domain.Langile

[2021-04-18 17:31:17 #18 type] 
Type domain.Langile is not enhanced.

[2021-04-18 17:31:17 #19 type.registry] 
New type java.util.Vector<java.lang.Object>

[2021-04-18 17:31:17 #20 type.registry] 
New type java.util.ArrayList<java.lang.Object>

[2021-04-18 17:31:17 #21 type.registry] 
New type java.util.HashMap<java.lang.Object,java.lang.Object>

------------------------------------------------------------------------------------------------------------------------

[2021-04-18 17:34:15 #1 store] 
Database 'C:\Users\julen\eclipse-workspace\Bets21-master\src\main\resources\bets.temp' is opened by 8052@DESKTOP-OT7AHR9

[2021-04-18 17:34:15 #2 type.registry] 
New type domain.Question

[2021-04-18 17:34:15 #3 type] 
Type domain.Question is not enhanced.

[2021-04-18 17:34:15 #4 type.registry] 
New type domain.Event

[2021-04-18 17:34:15 #5 type.registry] 
New type java.util.HashMap<java.lang.String,java.lang.Double>

[2021-04-18 17:34:15 #6 type.registry] 
New type domain.Pertsona

[2021-04-18 17:34:15 #7 type.registry] 
New type domain.User

[2021-04-18 17:34:15 #8 type.registry] 
New type java.util.ArrayList<domain.User>

[2021-04-18 17:34:15 #9 type] 
Type domain.Event is not enhanced.

[2021-04-18 17:34:15 #10 type.registry] 
New type java.util.Vector<domain.Question>

[2021-04-18 17:34:15 #11 type] 
Type domain.Pertsona is not enhanced.

[2021-04-18 17:34:15 #12 type] 
Type domain.User is not enhanced.

[2021-04-18 17:34:15 #13 type.registry] 
New type java.util.ArrayList<java.lang.String>

[2021-04-18 17:34:15 #14 type.registry] 
New type domain.Apostua

[2021-04-18 17:34:15 #15 type.registry] 
New type java.util.ArrayList<domain.Apostua>

[2021-04-18 17:34:15 #16 type] 
Type domain.Apostua is not enhanced.

[2021-04-18 17:34:15 #17 type.registry] 
New type domain.Langile

[2021-04-18 17:34:15 #18 type] 
Type domain.Langile is not enhanced.

[2021-04-18 17:34:15 #19 type.registry] 
New type java.util.Vector<java.lang.Object>

[2021-04-18 17:34:15 #20 type.registry] 
New type java.util.ArrayList<java.lang.Object>

[2021-04-18 17:34:15 #21 type.registry] 
New type java.util.HashMap<java.lang.Object,java.lang.Object>

------------------------------------------------------------------------------------------------------------------------

[2021-04-18 17:35:57 #1 store] 
Database 'C:\Users\julen\eclipse-workspace\Bets21-master\src\main\resources\bets.temp' is opened by 12164@DESKTOP-OT7AHR9

[2021-04-18 17:35:57 #2 type.registry] 
New type domain.Question

[2021-04-18 17:35:57 #3 type] 
Type domain.Question is not enhanced.

[2021-04-18 17:35:57 #4 type.registry] 
New type domain.Event

[2021-04-18 17:35:58 #5 type.registry] 
New type java.util.HashMap<java.lang.String,java.lang.Double>

[2021-04-18 17:35:58 #6 type.registry] 
New type domain.Pertsona

[2021-04-18 17:35:58 #7 type.registry] 
New type domain.User

[2021-04-18 17:35:58 #8 type.registry] 
New type java.util.ArrayList<domain.User>

[2021-04-18 17:35:58 #9 type] 
Type domain.Event is not enhanced.

[2021-04-18 17:35:58 #10 type.registry] 
New type java.util.Vector<domain.Question>

[2021-04-18 17:35:58 #11 type] 
Type domain.Pertsona is not enhanced.

[2021-04-18 17:35:58 #12 type] 
Type domain.User is not enhanced.

[2021-04-18 17:35:58 #13 type.registry] 
New type java.util.ArrayList<java.lang.String>

[2021-04-18 17:35:58 #14 type.registry] 
New type domain.Apostua

[2021-04-18 17:35:58 #15 type.registry] 
New type java.util.ArrayList<domain.Apostua>

[2021-04-18 17:35:58 #16 type] 
Type domain.Apostua is not enhanced.

[2021-04-18 17:35:58 #17 type.registry] 
New type domain.Langile

[2021-04-18 17:35:58 #18 type] 
Type domain.Langile is not enhanced.

[2021-04-18 17:35:58 #19 type.registry] 
New type java.util.Vector<java.lang.Object>

[2021-04-18 17:35:58 #20 type.registry] 
New type java.util.ArrayList<java.lang.Object>

[2021-04-18 17:35:58 #21 type.registry] 
New type java.util.HashMap<java.lang.Object,java.lang.Object>

------------------------------------------------------------------------------------------------------------------------

[2021-04-18 17:39:19 #1 store] 
Database 'C:\Users\julen\eclipse-workspace\Bets21-master\src\main\resources\bets.temp' is opened by 9024@DESKTOP-OT7AHR9

[2021-04-18 17:39:19 #2 type.registry] 
New type domain.Question

[2021-04-18 17:39:19 #3 type] 
Type domain.Question is not enhanced.

[2021-04-18 17:39:19 #4 type.registry] 
New type domain.Event

[2021-04-18 17:39:19 #5 type.registry] 
New type java.util.HashMap<java.lang.String,java.lang.Double>

[2021-04-18 17:39:19 #6 type.registry] 
New type domain.Pertsona

[2021-04-18 17:39:19 #7 type.registry] 
New type domain.User

[2021-04-18 17:39:19 #8 type.registry] 
New type java.util.ArrayList<domain.User>

[2021-04-18 17:39:19 #9 type] 
Type domain.Event is not enhanced.

[2021-04-18 17:39:19 #10 type.registry] 
New type java.util.Vector<domain.Question>

[2021-04-18 17:39:19 #11 type] 
Type domain.Pertsona is not enhanced.

[2021-04-18 17:39:19 #12 type] 
Type domain.User is not enhanced.

[2021-04-18 17:39:19 #13 type.registry] 
New type java.util.ArrayList<java.lang.String>

[2021-04-18 17:39:19 #14 type.registry] 
New type domain.Apostua

[2021-04-18 17:39:19 #15 type.registry] 
New type java.util.ArrayList<domain.Apostua>

[2021-04-18 17:39:19 #16 type] 
Type domain.Apostua is not enhanced.

[2021-04-18 17:39:19 #17 type.registry] 
New type domain.Langile

[2021-04-18 17:39:19 #18 type] 
Type domain.Langile is not enhanced.

[2021-04-18 17:39:19 #19 type.registry] 
New type java.util.Vector<java.lang.Object>

[2021-04-18 17:39:19 #20 type.registry] 
New type java.util.ArrayList<java.lang.Object>

[2021-04-18 17:39:19 #21 type.registry] 
New type java.util.HashMap<java.lang.Object,java.lang.Object>

------------------------------------------------------------------------------------------------------------------------

[2021-04-18 17:42:24 #1 store] 
Database 'C:\Users\julen\eclipse-workspace\Bets21-master\src\main\resources\bets.temp' is opened by 8116@DESKTOP-OT7AHR9

[2021-04-18 17:42:24 #2 type.registry] 
New type domain.Question

[2021-04-18 17:42:24 #3 type] 
Type domain.Question is not enhanced.

[2021-04-18 17:42:24 #4 type.registry] 
New type domain.Event

[2021-04-18 17:42:24 #5 type.registry] 
New type java.util.HashMap<java.lang.String,java.lang.Double>

[2021-04-18 17:42:24 #6 type.registry] 
New type domain.Pertsona

[2021-04-18 17:42:24 #7 type.registry] 
New type domain.User

[2021-04-18 17:42:24 #8 type.registry] 
New type java.util.ArrayList<domain.User>

[2021-04-18 17:42:24 #9 type] 
Type domain.Event is not enhanced.

[2021-04-18 17:42:24 #10 type.registry] 
New type java.util.Vector<domain.Question>

[2021-04-18 17:42:24 #11 type] 
Type domain.Pertsona is not enhanced.

[2021-04-18 17:42:24 #12 type] 
Type domain.User is not enhanced.

[2021-04-18 17:42:24 #13 type.registry] 
New type java.util.ArrayList<java.lang.String>

[2021-04-18 17:42:24 #14 type.registry] 
New type domain.Apostua

[2021-04-18 17:42:24 #15 type.registry] 
New type java.util.ArrayList<domain.Apostua>

[2021-04-18 17:42:24 #16 type] 
Type domain.Apostua is not enhanced.

[2021-04-18 17:42:24 #17 type.registry] 
New type domain.Langile

[2021-04-18 17:42:24 #18 type] 
Type domain.Langile is not enhanced.

[2021-04-18 17:42:24 #19 type.registry] 
New type java.util.Vector<java.lang.Object>

[2021-04-18 17:42:24 #20 type.registry] 
New type java.util.ArrayList<java.lang.Object>

[2021-04-18 17:42:24 #21 type.registry] 
New type java.util.HashMap<java.lang.Object,java.lang.Object>

------------------------------------------------------------------------------------------------------------------------

[2021-04-18 17:43:09 #1 store] 
Database 'C:\Users\julen\eclipse-workspace\Bets21-master\src\main\resources\bets.temp' is opened by 10056@DESKTOP-OT7AHR9

[2021-04-18 17:43:09 #2 type.registry] 
New type domain.Question

[2021-04-18 17:43:09 #3 type] 
Type domain.Question is not enhanced.

[2021-04-18 17:43:09 #4 type.registry] 
New type domain.Event

[2021-04-18 17:43:09 #5 type.registry] 
New type java.util.HashMap<java.lang.String,java.lang.Double>

[2021-04-18 17:43:09 #6 type.registry] 
New type domain.Pertsona

[2021-04-18 17:43:09 #7 type.registry] 
New type domain.User

[2021-04-18 17:43:09 #8 type.registry] 
New type java.util.ArrayList<domain.User>

[2021-04-18 17:43:09 #9 type] 
Type domain.Event is not enhanced.

[2021-04-18 17:43:09 #10 type.registry] 
New type java.util.Vector<domain.Question>

[2021-04-18 17:43:09 #11 type] 
Type domain.Pertsona is not enhanced.

[2021-04-18 17:43:09 #12 type] 
Type domain.User is not enhanced.

[2021-04-18 17:43:09 #13 type.registry] 
New type java.util.ArrayList<java.lang.String>

[2021-04-18 17:43:09 #14 type.registry] 
New type domain.Apostua

[2021-04-18 17:43:09 #15 type.registry] 
New type java.util.ArrayList<domain.Apostua>

[2021-04-18 17:43:09 #16 type] 
Type domain.Apostua is not enhanced.

[2021-04-18 17:43:09 #17 type.registry] 
New type domain.Langile

[2021-04-18 17:43:09 #18 type] 
Type domain.Langile is not enhanced.

[2021-04-18 17:43:09 #19 type.registry] 
New type java.util.Vector<java.lang.Object>

[2021-04-18 17:43:09 #20 type.registry] 
New type java.util.ArrayList<java.lang.Object>

[2021-04-18 17:43:09 #21 type.registry] 
New type java.util.HashMap<java.lang.Object,java.lang.Object>

------------------------------------------------------------------------------------------------------------------------

[2021-04-18 17:44:41 #1 store] 
Database 'C:\Users\julen\eclipse-workspace\Bets21-master\src\main\resources\bets.temp' is opened by 11316@DESKTOP-OT7AHR9

[2021-04-18 17:44:41 #2 type.registry] 
New type domain.Question

[2021-04-18 17:44:41 #3 type] 
Type domain.Question is not enhanced.

[2021-04-18 17:44:41 #4 type.registry] 
New type domain.Event

[2021-04-18 17:44:41 #5 type.registry] 
New type java.util.HashMap<java.lang.String,java.lang.Double>

[2021-04-18 17:44:41 #6 type.registry] 
New type domain.Pertsona

[2021-04-18 17:44:41 #7 type.registry] 
New type domain.User

[2021-04-18 17:44:41 #8 type.registry] 
New type java.util.ArrayList<domain.User>

[2021-04-18 17:44:41 #9 type] 
Type domain.Event is not enhanced.

[2021-04-18 17:44:41 #10 type.registry] 
New type java.util.Vector<domain.Question>

[2021-04-18 17:44:41 #11 type] 
Type domain.Pertsona is not enhanced.

[2021-04-18 17:44:41 #12 type] 
Type domain.User is not enhanced.

[2021-04-18 17:44:41 #13 type.registry] 
New type java.util.ArrayList<java.lang.String>

[2021-04-18 17:44:41 #14 type.registry] 
New type domain.Apostua

[2021-04-18 17:44:41 #15 type.registry] 
New type java.util.ArrayList<domain.Apostua>

[2021-04-18 17:44:41 #16 type] 
Type domain.Apostua is not enhanced.

[2021-04-18 17:44:41 #17 type.registry] 
New type domain.Langile

[2021-04-18 17:44:41 #18 type] 
Type domain.Langile is not enhanced.

[2021-04-18 17:44:41 #19 type.registry] 
New type java.util.Vector<java.lang.Object>

[2021-04-18 17:44:41 #20 type.registry] 
New type java.util.ArrayList<java.lang.Object>

[2021-04-18 17:44:41 #21 type.registry] 
New type java.util.HashMap<java.lang.Object,java.lang.Object>

------------------------------------------------------------------------------------------------------------------------

[2021-04-18 17:45:51 #1 store] 
Database 'C:\Users\julen\eclipse-workspace\Bets21-master\src\main\resources\bets.temp' is opened by 2464@DESKTOP-OT7AHR9

[2021-04-18 17:45:51 #2 type.registry] 
New type domain.Question

[2021-04-18 17:45:51 #3 type] 
Type domain.Question is not enhanced.

[2021-04-18 17:45:51 #4 type.registry] 
New type domain.Event

[2021-04-18 17:45:51 #5 type.registry] 
New type java.util.HashMap<java.lang.String,java.lang.Double>

[2021-04-18 17:45:51 #6 type.registry] 
New type domain.Pertsona

[2021-04-18 17:45:51 #7 type.registry] 
New type domain.User

[2021-04-18 17:45:51 #8 type.registry] 
New type java.util.ArrayList<domain.User>

[2021-04-18 17:45:51 #9 type] 
Type domain.Event is not enhanced.

[2021-04-18 17:45:51 #10 type.registry] 
New type java.util.Vector<domain.Question>

[2021-04-18 17:45:51 #11 type] 
Type domain.Pertsona is not enhanced.

[2021-04-18 17:45:51 #12 type] 
Type domain.User is not enhanced.

[2021-04-18 17:45:51 #13 type.registry] 
New type java.util.ArrayList<java.lang.String>

[2021-04-18 17:45:51 #14 type.registry] 
New type domain.Apostua

[2021-04-18 17:45:51 #15 type.registry] 
New type java.util.ArrayList<domain.Apostua>

[2021-04-18 17:45:51 #16 type] 
Type domain.Apostua is not enhanced.

[2021-04-18 17:45:52 #17 type.registry] 
New type domain.Langile

[2021-04-18 17:45:52 #18 type] 
Type domain.Langile is not enhanced.

[2021-04-18 17:45:52 #19 type.registry] 
New type java.util.Vector<java.lang.Object>

[2021-04-18 17:45:52 #20 type.registry] 
New type java.util.ArrayList<java.lang.Object>

[2021-04-18 17:45:52 #21 type.registry] 
New type java.util.HashMap<java.lang.Object,java.lang.Object>

------------------------------------------------------------------------------------------------------------------------

[2021-04-18 17:47:50 #1 store] 
Database 'C:\Users\julen\eclipse-workspace\Bets21-master\src\main\resources\bets.temp' is opened by 6272@DESKTOP-OT7AHR9

[2021-04-18 17:47:51 #2 type.registry] 
New type domain.Question

[2021-04-18 17:47:51 #3 type] 
Type domain.Question is not enhanced.

[2021-04-18 17:47:51 #4 type.registry] 
New type domain.Event

[2021-04-18 17:47:51 #5 type.registry] 
New type java.util.HashMap<java.lang.String,java.lang.Double>

[2021-04-18 17:47:51 #6 type.registry] 
New type domain.Pertsona

[2021-04-18 17:47:51 #7 type.registry] 
New type domain.User

[2021-04-18 17:47:51 #8 type.registry] 
New type java.util.ArrayList<domain.User>

[2021-04-18 17:47:51 #9 type] 
Type domain.Event is not enhanced.

[2021-04-18 17:47:51 #10 type.registry] 
New type java.util.Vector<domain.Question>

[2021-04-18 17:47:51 #11 type] 
Type domain.Pertsona is not enhanced.

[2021-04-18 17:47:51 #12 type] 
Type domain.User is not enhanced.

[2021-04-18 17:47:51 #13 type.registry] 
New type java.util.ArrayList<java.lang.String>

[2021-04-18 17:47:51 #14 type.registry] 
New type domain.Apostua

[2021-04-18 17:47:51 #15 type.registry] 
New type java.util.ArrayList<domain.Apostua>

[2021-04-18 17:47:51 #16 type] 
Type domain.Apostua is not enhanced.

[2021-04-18 17:47:51 #17 type.registry] 
New type domain.Langile

[2021-04-18 17:47:51 #18 type] 
Type domain.Langile is not enhanced.

[2021-04-18 17:47:51 #19 type.registry] 
New type java.util.Vector<java.lang.Object>

[2021-04-18 17:47:51 #20 type.registry] 
New type java.util.ArrayList<java.lang.Object>

[2021-04-18 17:47:51 #21 type.registry] 
New type java.util.HashMap<java.lang.Object,java.lang.Object>

------------------------------------------------------------------------------------------------------------------------

[2021-04-18 17:49:18 #1 store] 
Database 'C:\Users\julen\eclipse-workspace\Bets21-master\src\main\resources\bets.temp' is opened by 1720@DESKTOP-OT7AHR9

[2021-04-18 17:49:18 #2 type.registry] 
New type domain.Question

[2021-04-18 17:49:18 #3 type] 
Type domain.Question is not enhanced.

[2021-04-18 17:49:18 #4 type.registry] 
New type domain.Event

[2021-04-18 17:49:18 #5 type.registry] 
New type java.util.HashMap<java.lang.String,java.lang.Double>

[2021-04-18 17:49:18 #6 type.registry] 
New type domain.Pertsona

[2021-04-18 17:49:18 #7 type.registry] 
New type domain.User

[2021-04-18 17:49:18 #8 type.registry] 
New type java.util.ArrayList<domain.User>

[2021-04-18 17:49:18 #9 type] 
Type domain.Event is not enhanced.

[2021-04-18 17:49:18 #10 type.registry] 
New type java.util.Vector<domain.Question>

[2021-04-18 17:49:18 #11 type] 
Type domain.Pertsona is not enhanced.

[2021-04-18 17:49:18 #12 type] 
Type domain.User is not enhanced.

[2021-04-18 17:49:18 #13 type.registry] 
New type java.util.ArrayList<java.lang.String>

[2021-04-18 17:49:18 #14 type.registry] 
New type domain.Apostua

[2021-04-18 17:49:18 #15 type.registry] 
New type java.util.ArrayList<domain.Apostua>

[2021-04-18 17:49:18 #16 type] 
Type domain.Apostua is not enhanced.

[2021-04-18 17:49:18 #17 type.registry] 
New type domain.Langile

[2021-04-18 17:49:18 #18 type] 
Type domain.Langile is not enhanced.

[2021-04-18 17:49:18 #19 type.registry] 
New type java.util.Vector<java.lang.Object>

[2021-04-18 17:49:18 #20 type.registry] 
New type java.util.ArrayList<java.lang.Object>

[2021-04-18 17:49:18 #21 type.registry] 
New type java.util.HashMap<java.lang.Object,java.lang.Object>

------------------------------------------------------------------------------------------------------------------------

[2021-04-18 17:49:59 #1 store] 
Database 'C:\Users\julen\eclipse-workspace\Bets21-master\src\main\resources\bets.temp' is opened by 3988@DESKTOP-OT7AHR9

[2021-04-18 17:50:00 #2 type.registry] 
New type domain.Question

[2021-04-18 17:50:00 #3 type] 
Type domain.Question is not enhanced.

[2021-04-18 17:50:00 #4 type.registry] 
New type domain.Event

[2021-04-18 17:50:00 #5 type.registry] 
New type java.util.HashMap<java.lang.String,java.lang.Double>

[2021-04-18 17:50:00 #6 type.registry] 
New type domain.Pertsona

[2021-04-18 17:50:00 #7 type.registry] 
New type domain.User

[2021-04-18 17:50:00 #8 type.registry] 
New type java.util.ArrayList<domain.User>

[2021-04-18 17:50:00 #9 type] 
Type domain.Event is not enhanced.

[2021-04-18 17:50:00 #10 type.registry] 
New type java.util.Vector<domain.Question>

[2021-04-18 17:50:00 #11 type] 
Type domain.Pertsona is not enhanced.

[2021-04-18 17:50:00 #12 type] 
Type domain.User is not enhanced.

[2021-04-18 17:50:00 #13 type.registry] 
New type java.util.ArrayList<java.lang.String>

[2021-04-18 17:50:00 #14 type.registry] 
New type domain.Apostua

[2021-04-18 17:50:00 #15 type.registry] 
New type java.util.ArrayList<domain.Apostua>

[2021-04-18 17:50:00 #16 type] 
Type domain.Apostua is not enhanced.

[2021-04-18 17:50:00 #17 type.registry] 
New type domain.Langile

[2021-04-18 17:50:00 #18 type] 
Type domain.Langile is not enhanced.

[2021-04-18 17:50:00 #19 type.registry] 
New type java.util.Vector<java.lang.Object>

[2021-04-18 17:50:00 #20 type.registry] 
New type java.util.ArrayList<java.lang.Object>

[2021-04-18 17:50:00 #21 type.registry] 
New type java.util.HashMap<java.lang.Object,java.lang.Object>

------------------------------------------------------------------------------------------------------------------------

[2021-04-18 17:50:40 #1 store] 
Database 'C:\Users\julen\eclipse-workspace\Bets21-master\src\main\resources\bets.temp' is opened by 1824@DESKTOP-OT7AHR9

[2021-04-18 17:50:40 #2 type.registry] 
New type domain.Question

[2021-04-18 17:50:40 #3 type] 
Type domain.Question is not enhanced.

[2021-04-18 17:50:40 #4 type.registry] 
New type domain.Event

[2021-04-18 17:50:40 #5 type.registry] 
New type java.util.HashMap<java.lang.String,java.lang.Double>

[2021-04-18 17:50:40 #6 type.registry] 
New type domain.Pertsona

[2021-04-18 17:50:40 #7 type.registry] 
New type domain.User

[2021-04-18 17:50:40 #8 type.registry] 
New type java.util.ArrayList<domain.User>

[2021-04-18 17:50:40 #9 type] 
Type domain.Event is not enhanced.

[2021-04-18 17:50:40 #10 type.registry] 
New type java.util.Vector<domain.Question>

[2021-04-18 17:50:40 #11 type] 
Type domain.Pertsona is not enhanced.

[2021-04-18 17:50:40 #12 type] 
Type domain.User is not enhanced.

[2021-04-18 17:50:40 #13 type.registry] 
New type java.util.ArrayList<java.lang.String>

[2021-04-18 17:50:40 #14 type.registry] 
New type domain.Apostua

[2021-04-18 17:50:40 #15 type.registry] 
New type java.util.ArrayList<domain.Apostua>

[2021-04-18 17:50:40 #16 type] 
Type domain.Apostua is not enhanced.

[2021-04-18 17:50:40 #17 type.registry] 
New type domain.Langile

[2021-04-18 17:50:40 #18 type] 
Type domain.Langile is not enhanced.

[2021-04-18 17:50:40 #19 type.registry] 
New type java.util.Vector<java.lang.Object>

[2021-04-18 17:50:40 #20 type.registry] 
New type java.util.ArrayList<java.lang.Object>

[2021-04-18 17:50:40 #21 type.registry] 
New type java.util.HashMap<java.lang.Object,java.lang.Object>

------------------------------------------------------------------------------------------------------------------------

[2021-04-18 17:52:40 #1 store] 
Database 'C:\Users\julen\eclipse-workspace\Bets21-master\src\main\resources\bets.temp' is opened by 8652@DESKTOP-OT7AHR9

[2021-04-18 17:52:40 #2 type.registry] 
New type domain.Question

[2021-04-18 17:52:40 #3 type] 
Type domain.Question is not enhanced.

[2021-04-18 17:52:40 #4 type.registry] 
New type domain.Event

[2021-04-18 17:52:40 #5 type.registry] 
New type java.util.HashMap<java.lang.String,java.lang.Double>

[2021-04-18 17:52:40 #6 type.registry] 
New type domain.Pertsona

[2021-04-18 17:52:40 #7 type.registry] 
New type domain.User

[2021-04-18 17:52:40 #8 type.registry] 
New type java.util.ArrayList<domain.User>

[2021-04-18 17:52:40 #9 type] 
Type domain.Event is not enhanced.

[2021-04-18 17:52:40 #10 type.registry] 
New type java.util.Vector<domain.Question>

[2021-04-18 17:52:40 #11 type] 
Type domain.Pertsona is not enhanced.

[2021-04-18 17:52:40 #12 type] 
Type domain.User is not enhanced.

[2021-04-18 17:52:40 #13 type.registry] 
New type java.util.ArrayList<java.lang.String>

[2021-04-18 17:52:40 #14 type.registry] 
New type domain.Apostua

[2021-04-18 17:52:40 #15 type.registry] 
New type java.util.ArrayList<domain.Apostua>

[2021-04-18 17:52:40 #16 type] 
Type domain.Apostua is not enhanced.

[2021-04-18 17:52:40 #17 type.registry] 
New type domain.Langile

[2021-04-18 17:52:40 #18 type] 
Type domain.Langile is not enhanced.

[2021-04-18 17:52:40 #19 type.registry] 
New type java.util.Vector<java.lang.Object>

[2021-04-18 17:52:40 #20 type.registry] 
New type java.util.ArrayList<java.lang.Object>

[2021-04-18 17:52:40 #21 type.registry] 
New type java.util.HashMap<java.lang.Object,java.lang.Object>

------------------------------------------------------------------------------------------------------------------------

[2021-04-18 17:53:09 #1 store] 
Database 'C:\Users\julen\eclipse-workspace\Bets21-master\src\main\resources\bets.temp' is opened by 10808@DESKTOP-OT7AHR9

[2021-04-18 17:53:09 #2 type.registry] 
New type domain.Question

[2021-04-18 17:53:09 #3 type] 
Type domain.Question is not enhanced.

[2021-04-18 17:53:09 #4 type.registry] 
New type domain.Event

[2021-04-18 17:53:09 #5 type.registry] 
New type java.util.HashMap<java.lang.String,java.lang.Double>

[2021-04-18 17:53:09 #6 type.registry] 
New type domain.Pertsona

[2021-04-18 17:53:09 #7 type.registry] 
New type domain.User

[2021-04-18 17:53:09 #8 type.registry] 
New type java.util.ArrayList<domain.User>

[2021-04-18 17:53:09 #9 type] 
Type domain.Event is not enhanced.

[2021-04-18 17:53:09 #10 type.registry] 
New type java.util.Vector<domain.Question>

[2021-04-18 17:53:09 #11 type] 
Type domain.Pertsona is not enhanced.

[2021-04-18 17:53:09 #12 type] 
Type domain.User is not enhanced.

[2021-04-18 17:53:09 #13 type.registry] 
New type java.util.ArrayList<java.lang.String>

[2021-04-18 17:53:09 #14 type.registry] 
New type domain.Apostua

[2021-04-18 17:53:09 #15 type.registry] 
New type java.util.ArrayList<domain.Apostua>

[2021-04-18 17:53:09 #16 type] 
Type domain.Apostua is not enhanced.

[2021-04-18 17:53:09 #17 type.registry] 
New type domain.Langile

[2021-04-18 17:53:09 #18 type] 
Type domain.Langile is not enhanced.

[2021-04-18 17:53:09 #19 type.registry] 
New type java.util.Vector<java.lang.Object>

[2021-04-18 17:53:09 #20 type.registry] 
New type java.util.ArrayList<java.lang.Object>

[2021-04-18 17:53:09 #21 type.registry] 
New type java.util.HashMap<java.lang.Object,java.lang.Object>

------------------------------------------------------------------------------------------------------------------------

[2021-04-18 17:56:16 #1 store] 
Database 'C:\Users\julen\eclipse-workspace\Bets21-master\src\main\resources\bets.temp' is opened by 10572@DESKTOP-OT7AHR9

[2021-04-18 17:56:16 #2 type.registry] 
New type domain.Question

[2021-04-18 17:56:16 #3 type] 
Type domain.Question is not enhanced.

[2021-04-18 17:56:17 #4 type.registry] 
New type domain.Event

[2021-04-18 17:56:17 #5 type.registry] 
New type java.util.HashMap<java.lang.String,java.lang.Double>

[2021-04-18 17:56:17 #6 type.registry] 
New type domain.Pertsona

[2021-04-18 17:56:17 #7 type.registry] 
New type domain.User

[2021-04-18 17:56:17 #8 type.registry] 
New type java.util.ArrayList<domain.User>

[2021-04-18 17:56:17 #9 type] 
Type domain.Event is not enhanced.

[2021-04-18 17:56:17 #10 type.registry] 
New type java.util.Vector<domain.Question>

[2021-04-18 17:56:17 #11 type] 
Type domain.Pertsona is not enhanced.

[2021-04-18 17:56:17 #12 type] 
Type domain.User is not enhanced.

[2021-04-18 17:56:17 #13 type.registry] 
New type java.util.ArrayList<java.lang.String>

[2021-04-18 17:56:17 #14 type.registry] 
New type domain.Apostua

[2021-04-18 17:56:17 #15 type.registry] 
New type java.util.ArrayList<domain.Apostua>

[2021-04-18 17:56:17 #16 type] 
Type domain.Apostua is not enhanced.

[2021-04-18 17:56:17 #17 type.registry] 
New type domain.Langile

[2021-04-18 17:56:17 #18 type] 
Type domain.Langile is not enhanced.

[2021-04-18 17:56:17 #19 type.registry] 
New type java.util.Vector<java.lang.Object>

[2021-04-18 17:56:17 #20 type.registry] 
New type java.util.ArrayList<java.lang.Object>

[2021-04-18 17:56:17 #21 type.registry] 
New type java.util.HashMap<java.lang.Object,java.lang.Object>

------------------------------------------------------------------------------------------------------------------------

[2021-04-18 17:57:32 #1 store] 
Database 'C:\Users\julen\eclipse-workspace\Bets21-master\src\main\resources\bets.temp' is opened by 2612@DESKTOP-OT7AHR9

[2021-04-18 17:57:32 #2 type.registry] 
New type domain.Question

[2021-04-18 17:57:32 #3 type] 
Type domain.Question is not enhanced.

[2021-04-18 17:57:32 #4 type.registry] 
New type domain.Event

[2021-04-18 17:57:32 #5 type.registry] 
New type java.util.HashMap<java.lang.String,java.lang.Double>

[2021-04-18 17:57:32 #6 type.registry] 
New type domain.Pertsona

[2021-04-18 17:57:32 #7 type.registry] 
New type domain.User

[2021-04-18 17:57:32 #8 type.registry] 
New type java.util.ArrayList<domain.User>

[2021-04-18 17:57:32 #9 type] 
Type domain.Event is not enhanced.

[2021-04-18 17:57:32 #10 type.registry] 
New type java.util.Vector<domain.Question>

[2021-04-18 17:57:32 #11 type] 
Type domain.Pertsona is not enhanced.

[2021-04-18 17:57:32 #12 type] 
Type domain.User is not enhanced.

[2021-04-18 17:57:32 #13 type.registry] 
New type java.util.ArrayList<java.lang.String>

[2021-04-18 17:57:32 #14 type.registry] 
New type domain.Apostua

[2021-04-18 17:57:32 #15 type.registry] 
New type java.util.ArrayList<domain.Apostua>

[2021-04-18 17:57:32 #16 type] 
Type domain.Apostua is not enhanced.

[2021-04-18 17:57:32 #17 type.registry] 
New type domain.Langile

[2021-04-18 17:57:32 #18 type] 
Type domain.Langile is not enhanced.

[2021-04-18 17:57:32 #19 type.registry] 
New type java.util.Vector<java.lang.Object>

[2021-04-18 17:57:32 #20 type.registry] 
New type java.util.ArrayList<java.lang.Object>

[2021-04-18 17:57:32 #21 type.registry] 
New type java.util.HashMap<java.lang.Object,java.lang.Object>

------------------------------------------------------------------------------------------------------------------------

[2021-04-18 17:58:13 #1 store] 
Database 'C:\Users\julen\eclipse-workspace\Bets21-master\src\main\resources\bets.temp' is opened by 5548@DESKTOP-OT7AHR9

[2021-04-18 17:58:14 #2 type.registry] 
New type domain.Question

[2021-04-18 17:58:14 #3 type] 
Type domain.Question is not enhanced.

[2021-04-18 17:58:14 #4 type.registry] 
New type domain.Event

[2021-04-18 17:58:14 #5 type.registry] 
New type java.util.HashMap<java.lang.String,java.lang.Double>

[2021-04-18 17:58:14 #6 type.registry] 
New type domain.Pertsona

[2021-04-18 17:58:14 #7 type.registry] 
New type domain.User

[2021-04-18 17:58:14 #8 type.registry] 
New type java.util.ArrayList<domain.User>

[2021-04-18 17:58:14 #9 type] 
Type domain.Event is not enhanced.

[2021-04-18 17:58:14 #10 type.registry] 
New type java.util.Vector<domain.Question>

[2021-04-18 17:58:14 #11 type] 
Type domain.Pertsona is not enhanced.

[2021-04-18 17:58:14 #12 type] 
Type domain.User is not enhanced.

[2021-04-18 17:58:14 #13 type.registry] 
New type java.util.ArrayList<java.lang.String>

[2021-04-18 17:58:14 #14 type.registry] 
New type domain.Apostua

[2021-04-18 17:58:14 #15 type.registry] 
New type java.util.ArrayList<domain.Apostua>

[2021-04-18 17:58:14 #16 type] 
Type domain.Apostua is not enhanced.

[2021-04-18 17:58:14 #17 type.registry] 
New type domain.Langile

[2021-04-18 17:58:14 #18 type] 
Type domain.Langile is not enhanced.

[2021-04-18 17:58:14 #19 type.registry] 
New type java.util.Vector<java.lang.Object>

[2021-04-18 17:58:14 #20 type.registry] 
New type java.util.ArrayList<java.lang.Object>

[2021-04-18 17:58:14 #21 type.registry] 
New type java.util.HashMap<java.lang.Object,java.lang.Object>

------------------------------------------------------------------------------------------------------------------------

[2021-04-18 18:00:31 #1 store] 
Database 'C:\Users\julen\eclipse-workspace\Bets21-master\src\main\resources\bets.temp' is opened by 2988@DESKTOP-OT7AHR9

[2021-04-18 18:00:32 #2 type.registry] 
New type domain.Question

[2021-04-18 18:00:32 #3 type] 
Type domain.Question is not enhanced.

[2021-04-18 18:00:32 #4 type.registry] 
New type domain.Event

[2021-04-18 18:00:32 #5 type.registry] 
New type java.util.HashMap<java.lang.String,java.lang.Double>

[2021-04-18 18:00:32 #6 type.registry] 
New type domain.Pertsona

[2021-04-18 18:00:32 #7 type.registry] 
New type domain.User

[2021-04-18 18:00:32 #8 type.registry] 
New type java.util.ArrayList<domain.User>

[2021-04-18 18:00:32 #9 type] 
Type domain.Event is not enhanced.

[2021-04-18 18:00:32 #10 type.registry] 
New type java.util.Vector<domain.Question>

[2021-04-18 18:00:32 #11 type] 
Type domain.Pertsona is not enhanced.

[2021-04-18 18:00:32 #12 type] 
Type domain.User is not enhanced.

[2021-04-18 18:00:32 #13 type.registry] 
New type java.util.ArrayList<java.lang.String>

[2021-04-18 18:00:32 #14 type.registry] 
New type domain.Apostua

[2021-04-18 18:00:32 #15 type.registry] 
New type java.util.ArrayList<domain.Apostua>

[2021-04-18 18:00:32 #16 type] 
Type domain.Apostua is not enhanced.

[2021-04-18 18:00:32 #17 type.registry] 
New type domain.Langile

[2021-04-18 18:00:32 #18 type] 
Type domain.Langile is not enhanced.

[2021-04-18 18:00:32 #19 type.registry] 
New type java.util.Vector<java.lang.Object>

[2021-04-18 18:00:32 #20 type.registry] 
New type java.util.ArrayList<java.lang.Object>

[2021-04-18 18:00:32 #21 type.registry] 
New type java.util.HashMap<java.lang.Object,java.lang.Object>

------------------------------------------------------------------------------------------------------------------------

[2021-04-18 18:00:58 #1 store] 
Database 'C:\Users\julen\eclipse-workspace\Bets21-master\src\main\resources\bets.temp' is opened by 3960@DESKTOP-OT7AHR9

[2021-04-18 18:00:58 #2 type.registry] 
New type domain.Question

[2021-04-18 18:00:58 #3 type] 
Type domain.Question is not enhanced.

[2021-04-18 18:00:58 #4 type.registry] 
New type domain.Event

[2021-04-18 18:00:58 #5 type.registry] 
New type java.util.HashMap<java.lang.String,java.lang.Double>

[2021-04-18 18:00:58 #6 type.registry] 
New type domain.Pertsona

[2021-04-18 18:00:58 #7 type.registry] 
New type domain.User

[2021-04-18 18:00:58 #8 type.registry] 
New type java.util.ArrayList<domain.User>

[2021-04-18 18:00:58 #9 type] 
Type domain.Event is not enhanced.

[2021-04-18 18:00:58 #10 type.registry] 
New type java.util.Vector<domain.Question>

[2021-04-18 18:00:58 #11 type] 
Type domain.Pertsona is not enhanced.

[2021-04-18 18:00:58 #12 type] 
Type domain.User is not enhanced.

[2021-04-18 18:00:58 #13 type.registry] 
New type java.util.ArrayList<java.lang.String>

[2021-04-18 18:00:58 #14 type.registry] 
New type domain.Apostua

[2021-04-18 18:00:58 #15 type.registry] 
New type java.util.ArrayList<domain.Apostua>

[2021-04-18 18:00:58 #16 type] 
Type domain.Apostua is not enhanced.

[2021-04-18 18:00:58 #17 type.registry] 
New type domain.Langile

[2021-04-18 18:00:58 #18 type] 
Type domain.Langile is not enhanced.

[2021-04-18 18:00:58 #19 type.registry] 
New type java.util.Vector<java.lang.Object>

[2021-04-18 18:00:58 #20 type.registry] 
New type java.util.ArrayList<java.lang.Object>

[2021-04-18 18:00:58 #21 type.registry] 
New type java.util.HashMap<java.lang.Object,java.lang.Object>

------------------------------------------------------------------------------------------------------------------------

[2021-04-18 18:01:22 #1 store] 
Database 'C:\Users\julen\eclipse-workspace\Bets21-master\src\main\resources\bets.temp' is opened by 11780@DESKTOP-OT7AHR9

[2021-04-18 18:01:23 #2 type.registry] 
New type domain.Question

[2021-04-18 18:01:23 #3 type] 
Type domain.Question is not enhanced.

[2021-04-18 18:01:23 #4 type.registry] 
New type domain.Event

[2021-04-18 18:01:23 #5 type.registry] 
New type java.util.HashMap<java.lang.String,java.lang.Double>

[2021-04-18 18:01:23 #6 type.registry] 
New type domain.Pertsona

[2021-04-18 18:01:23 #7 type.registry] 
New type domain.User

[2021-04-18 18:01:23 #8 type.registry] 
New type java.util.ArrayList<domain.User>

[2021-04-18 18:01:23 #9 type] 
Type domain.Event is not enhanced.

[2021-04-18 18:01:23 #10 type.registry] 
New type java.util.Vector<domain.Question>

[2021-04-18 18:01:23 #11 type] 
Type domain.Pertsona is not enhanced.

[2021-04-18 18:01:23 #12 type] 
Type domain.User is not enhanced.

[2021-04-18 18:01:23 #13 type.registry] 
New type java.util.ArrayList<java.lang.String>

[2021-04-18 18:01:23 #14 type.registry] 
New type domain.Apostua

[2021-04-18 18:01:23 #15 type.registry] 
New type java.util.ArrayList<domain.Apostua>

[2021-04-18 18:01:23 #16 type] 
Type domain.Apostua is not enhanced.

[2021-04-18 18:01:23 #17 type.registry] 
New type domain.Langile

[2021-04-18 18:01:23 #18 type] 
Type domain.Langile is not enhanced.

[2021-04-18 18:01:23 #19 type.registry] 
New type java.util.Vector<java.lang.Object>

[2021-04-18 18:01:23 #20 type.registry] 
New type java.util.ArrayList<java.lang.Object>

[2021-04-18 18:01:23 #21 type.registry] 
New type java.util.HashMap<java.lang.Object,java.lang.Object>

------------------------------------------------------------------------------------------------------------------------

[2021-04-18 18:21:21 #1 store] 
Database 'C:\Users\julen\eclipse-workspace\Bets21-master\src\main\resources\bets.temp' is opened by 8500@DESKTOP-OT7AHR9

[2021-04-18 18:21:22 #2 type.registry] 
New type domain.Question

[2021-04-18 18:21:22 #3 type] 
Type domain.Question is not enhanced.

[2021-04-18 18:21:22 #4 type.registry] 
New type domain.Event

[2021-04-18 18:21:22 #5 type.registry] 
New type java.util.HashMap<java.lang.String,java.lang.Double>

[2021-04-18 18:21:22 #6 type.registry] 
New type domain.Pertsona

[2021-04-18 18:21:22 #7 type.registry] 
New type domain.User

[2021-04-18 18:21:22 #8 type.registry] 
New type java.util.ArrayList<domain.User>

[2021-04-18 18:21:22 #9 type] 
Type domain.Event is not enhanced.

[2021-04-18 18:21:22 #10 type.registry] 
New type java.util.Vector<domain.Question>

[2021-04-18 18:21:22 #11 type] 
Type domain.Pertsona is not enhanced.

[2021-04-18 18:21:22 #12 type] 
Type domain.User is not enhanced.

[2021-04-18 18:21:22 #13 type.registry] 
New type java.util.ArrayList<java.lang.String>

[2021-04-18 18:21:22 #14 type.registry] 
New type domain.Apostua

[2021-04-18 18:21:22 #15 type.registry] 
New type java.util.ArrayList<domain.Apostua>

[2021-04-18 18:21:22 #16 type] 
Type domain.Apostua is not enhanced.

[2021-04-18 18:21:22 #17 type.registry] 
New type domain.Langile

[2021-04-18 18:21:22 #18 type] 
Type domain.Langile is not enhanced.

[2021-04-18 18:21:22 #19 type.registry] 
New type java.util.Vector<java.lang.Object>

[2021-04-18 18:21:22 #20 type.registry] 
New type java.util.ArrayList<java.lang.Object>

[2021-04-18 18:21:22 #21 type.registry] 
New type java.util.HashMap<java.lang.Object,java.lang.Object>

------------------------------------------------------------------------------------------------------------------------

[2021-04-18 18:25:06 #1 store] 
Database 'C:\Users\julen\eclipse-workspace\Bets21-master\src\main\resources\bets.temp' is opened by 5808@DESKTOP-OT7AHR9

[2021-04-18 18:25:06 #2 type.registry] 
New type domain.Question

[2021-04-18 18:25:06 #3 type] 
Type domain.Question is not enhanced.

[2021-04-18 18:25:06 #4 type.registry] 
New type domain.Event

[2021-04-18 18:25:06 #5 type.registry] 
New type java.util.HashMap<java.lang.String,java.lang.Double>

[2021-04-18 18:25:06 #6 type.registry] 
New type domain.Pertsona

[2021-04-18 18:25:06 #7 type.registry] 
New type domain.User

[2021-04-18 18:25:06 #8 type.registry] 
New type java.util.ArrayList<domain.User>

[2021-04-18 18:25:06 #9 type] 
Type domain.Event is not enhanced.

[2021-04-18 18:25:06 #10 type.registry] 
New type java.util.Vector<domain.Question>

[2021-04-18 18:25:06 #11 type] 
Type domain.Pertsona is not enhanced.

[2021-04-18 18:25:06 #12 type] 
Type domain.User is not enhanced.

[2021-04-18 18:25:06 #13 type.registry] 
New type java.util.ArrayList<java.lang.String>

[2021-04-18 18:25:06 #14 type.registry] 
New type domain.Apostua

[2021-04-18 18:25:06 #15 type.registry] 
New type java.util.ArrayList<domain.Apostua>

[2021-04-18 18:25:06 #16 type] 
Type domain.Apostua is not enhanced.

[2021-04-18 18:25:06 #17 type.registry] 
New type domain.Langile

[2021-04-18 18:25:06 #18 type] 
Type domain.Langile is not enhanced.

[2021-04-18 18:25:06 #19 type.registry] 
New type java.util.Vector<java.lang.Object>

[2021-04-18 18:25:06 #20 type.registry] 
New type java.util.ArrayList<java.lang.Object>

[2021-04-18 18:25:06 #21 type.registry] 
New type java.util.HashMap<java.lang.Object,java.lang.Object>

------------------------------------------------------------------------------------------------------------------------

[2021-04-18 18:26:18 #1 store] 
Database 'C:\Users\julen\eclipse-workspace\Bets21-master\src\main\resources\bets.temp' is opened by 5376@DESKTOP-OT7AHR9

[2021-04-18 18:26:19 #2 type.registry] 
New type domain.Question

[2021-04-18 18:26:19 #3 type] 
Type domain.Question is not enhanced.

[2021-04-18 18:26:19 #4 type.registry] 
New type domain.Event

[2021-04-18 18:26:19 #5 type.registry] 
New type java.util.HashMap<java.lang.String,java.lang.Double>

[2021-04-18 18:26:19 #6 type.registry] 
New type domain.Pertsona

[2021-04-18 18:26:19 #7 type.registry] 
New type domain.User

[2021-04-18 18:26:19 #8 type.registry] 
New type java.util.ArrayList<domain.User>

[2021-04-18 18:26:19 #9 type] 
Type domain.Event is not enhanced.

[2021-04-18 18:26:19 #10 type.registry] 
New type java.util.Vector<domain.Question>

[2021-04-18 18:26:19 #11 type] 
Type domain.Pertsona is not enhanced.

[2021-04-18 18:26:19 #12 type] 
Type domain.User is not enhanced.

[2021-04-18 18:26:19 #13 type.registry] 
New type java.util.ArrayList<java.lang.String>

[2021-04-18 18:26:19 #14 type.registry] 
New type domain.Apostua

[2021-04-18 18:26:19 #15 type.registry] 
New type java.util.ArrayList<domain.Apostua>

[2021-04-18 18:26:19 #16 type] 
Type domain.Apostua is not enhanced.

[2021-04-18 18:26:19 #17 type.registry] 
New type domain.Langile

[2021-04-18 18:26:19 #18 type] 
Type domain.Langile is not enhanced.

[2021-04-18 18:26:19 #19 type.registry] 
New type java.util.Vector<java.lang.Object>

[2021-04-18 18:26:19 #20 type.registry] 
New type java.util.ArrayList<java.lang.Object>

[2021-04-18 18:26:19 #21 type.registry] 
New type java.util.HashMap<java.lang.Object,java.lang.Object>

------------------------------------------------------------------------------------------------------------------------

[2021-04-18 18:33:03 #1 store] 
Database 'C:\Users\julen\eclipse-workspace\Bets21-master\src\main\resources\bets.temp' is opened by 9764@DESKTOP-OT7AHR9

[2021-04-18 18:33:04 #2 type.registry] 
New type domain.Question

[2021-04-18 18:33:04 #3 type] 
Type domain.Question is not enhanced.

[2021-04-18 18:33:04 #4 type.registry] 
New type domain.Event

[2021-04-18 18:33:04 #5 type.registry] 
New type java.util.HashMap<java.lang.String,java.lang.Double>

[2021-04-18 18:33:04 #6 type.registry] 
New type domain.Pertsona

[2021-04-18 18:33:04 #7 type.registry] 
New type domain.User

[2021-04-18 18:33:04 #8 type.registry] 
New type java.util.ArrayList<domain.User>

[2021-04-18 18:33:04 #9 type] 
Type domain.Event is not enhanced.

[2021-04-18 18:33:04 #10 type.registry] 
New type java.util.Vector<domain.Question>

[2021-04-18 18:33:04 #11 type] 
Type domain.Pertsona is not enhanced.

[2021-04-18 18:33:04 #12 type] 
Type domain.User is not enhanced.

[2021-04-18 18:33:04 #13 type.registry] 
New type java.util.ArrayList<java.lang.String>

[2021-04-18 18:33:04 #14 type.registry] 
New type domain.Apostua

[2021-04-18 18:33:04 #15 type.registry] 
New type java.util.ArrayList<domain.Apostua>

[2021-04-18 18:33:04 #16 type] 
Type domain.Apostua is not enhanced.

[2021-04-18 18:33:04 #17 type.registry] 
New type domain.Langile

[2021-04-18 18:33:04 #18 type] 
Type domain.Langile is not enhanced.

[2021-04-18 18:33:04 #19 type.registry] 
New type java.util.Vector<java.lang.Object>

[2021-04-18 18:33:04 #20 type.registry] 
New type java.util.ArrayList<java.lang.Object>

[2021-04-18 18:33:04 #21 type.registry] 
New type java.util.HashMap<java.lang.Object,java.lang.Object>

------------------------------------------------------------------------------------------------------------------------

[2021-04-18 18:34:58 #1 store] 
Database 'C:\Users\julen\eclipse-workspace\Bets21-master\src\main\resources\bets.temp' is opened by 1876@DESKTOP-OT7AHR9

[2021-04-18 18:34:59 #2 type.registry] 
New type domain.Question

[2021-04-18 18:34:59 #3 type] 
Type domain.Question is not enhanced.

[2021-04-18 18:34:59 #4 type.registry] 
New type domain.Event

[2021-04-18 18:34:59 #5 type.registry] 
New type java.util.HashMap<java.lang.String,java.lang.Double>

[2021-04-18 18:34:59 #6 type.registry] 
New type domain.Pertsona

[2021-04-18 18:34:59 #7 type.registry] 
New type domain.User

[2021-04-18 18:34:59 #8 type.registry] 
New type java.util.ArrayList<domain.User>

[2021-04-18 18:34:59 #9 type] 
Type domain.Event is not enhanced.

[2021-04-18 18:34:59 #10 type.registry] 
New type java.util.Vector<domain.Question>

[2021-04-18 18:34:59 #11 type] 
Type domain.Pertsona is not enhanced.

[2021-04-18 18:34:59 #12 type] 
Type domain.User is not enhanced.

[2021-04-18 18:34:59 #13 type.registry] 
New type java.util.ArrayList<java.lang.String>

[2021-04-18 18:34:59 #14 type.registry] 
New type domain.Apostua

[2021-04-18 18:34:59 #15 type.registry] 
New type java.util.ArrayList<domain.Apostua>

[2021-04-18 18:34:59 #16 type] 
Type domain.Apostua is not enhanced.

[2021-04-18 18:34:59 #17 type.registry] 
New type domain.Langile

[2021-04-18 18:34:59 #18 type] 
Type domain.Langile is not enhanced.

[2021-04-18 18:34:59 #19 type.registry] 
New type java.util.Vector<java.lang.Object>

[2021-04-18 18:34:59 #20 type.registry] 
New type java.util.ArrayList<java.lang.Object>

[2021-04-18 18:34:59 #21 type.registry] 
New type java.util.HashMap<java.lang.Object,java.lang.Object>

------------------------------------------------------------------------------------------------------------------------

[2021-04-18 18:36:05 #1 store] 
Database 'C:\Users\julen\eclipse-workspace\Bets21-master\src\main\resources\bets.temp' is opened by 6708@DESKTOP-OT7AHR9

[2021-04-18 18:36:06 #2 type.registry] 
New type domain.Question

[2021-04-18 18:36:06 #3 type] 
Type domain.Question is not enhanced.

[2021-04-18 18:36:06 #4 type.registry] 
New type domain.Event

[2021-04-18 18:36:06 #5 type.registry] 
New type java.util.HashMap<java.lang.String,java.lang.Double>

[2021-04-18 18:36:06 #6 type.registry] 
New type domain.Pertsona

[2021-04-18 18:36:06 #7 type.registry] 
New type domain.User

[2021-04-18 18:36:06 #8 type.registry] 
New type java.util.ArrayList<domain.User>

[2021-04-18 18:36:06 #9 type] 
Type domain.Event is not enhanced.

[2021-04-18 18:36:06 #10 type.registry] 
New type java.util.Vector<domain.Question>

[2021-04-18 18:36:06 #11 type] 
Type domain.Pertsona is not enhanced.

[2021-04-18 18:36:06 #12 type] 
Type domain.User is not enhanced.

[2021-04-18 18:36:06 #13 type.registry] 
New type java.util.ArrayList<java.lang.String>

[2021-04-18 18:36:06 #14 type.registry] 
New type domain.Apostua

[2021-04-18 18:36:06 #15 type.registry] 
New type java.util.ArrayList<domain.Apostua>

[2021-04-18 18:36:06 #16 type] 
Type domain.Apostua is not enhanced.

[2021-04-18 18:36:06 #17 type.registry] 
New type domain.Langile

[2021-04-18 18:36:06 #18 type] 
Type domain.Langile is not enhanced.

[2021-04-18 18:36:06 #19 type.registry] 
New type java.util.Vector<java.lang.Object>

[2021-04-18 18:36:06 #20 type.registry] 
New type java.util.ArrayList<java.lang.Object>

[2021-04-18 18:36:06 #21 type.registry] 
New type java.util.HashMap<java.lang.Object,java.lang.Object>

------------------------------------------------------------------------------------------------------------------------

[2021-04-18 18:38:46 #1 store] 
Database 'C:\Users\julen\eclipse-workspace\Bets21-master\src\main\resources\bets.temp' is opened by 7648@DESKTOP-OT7AHR9

[2021-04-18 18:38:46 #2 type.registry] 
New type domain.Question

[2021-04-18 18:38:46 #3 type] 
Type domain.Question is not enhanced.

[2021-04-18 18:38:46 #4 type.registry] 
New type domain.Event

[2021-04-18 18:38:46 #5 type.registry] 
New type java.util.HashMap<java.lang.String,java.lang.Double>

[2021-04-18 18:38:46 #6 type.registry] 
New type domain.Pertsona

[2021-04-18 18:38:46 #7 type.registry] 
New type domain.User

[2021-04-18 18:38:46 #8 type.registry] 
New type java.util.ArrayList<domain.User>

[2021-04-18 18:38:46 #9 type] 
Type domain.Event is not enhanced.

[2021-04-18 18:38:46 #10 type.registry] 
New type java.util.Vector<domain.Question>

[2021-04-18 18:38:46 #11 type] 
Type domain.Pertsona is not enhanced.

[2021-04-18 18:38:46 #12 type] 
Type domain.User is not enhanced.

[2021-04-18 18:38:46 #13 type.registry] 
New type java.util.ArrayList<java.lang.String>

[2021-04-18 18:38:46 #14 type.registry] 
New type domain.Apostua

[2021-04-18 18:38:46 #15 type.registry] 
New type java.util.ArrayList<domain.Apostua>

[2021-04-18 18:38:46 #16 type] 
Type domain.Apostua is not enhanced.

[2021-04-18 18:38:46 #17 type.registry] 
New type domain.Langile

[2021-04-18 18:38:46 #18 type] 
Type domain.Langile is not enhanced.

[2021-04-18 18:38:46 #19 type.registry] 
New type java.util.Vector<java.lang.Object>

[2021-04-18 18:38:46 #20 type.registry] 
New type java.util.ArrayList<java.lang.Object>

[2021-04-18 18:38:46 #21 type.registry] 
New type java.util.HashMap<java.lang.Object,java.lang.Object>

------------------------------------------------------------------------------------------------------------------------

[2021-04-18 18:40:32 #1 store] 
Database 'C:\Users\julen\eclipse-workspace\Bets21-master\src\main\resources\bets.temp' is opened by 10768@DESKTOP-OT7AHR9

[2021-04-18 18:40:32 #2 type.registry] 
New type domain.Question

[2021-04-18 18:40:32 #3 type] 
Type domain.Question is not enhanced.

[2021-04-18 18:40:32 #4 type.registry] 
New type domain.Event

[2021-04-18 18:40:32 #5 type.registry] 
New type java.util.HashMap<java.lang.String,java.lang.Double>

[2021-04-18 18:40:32 #6 type.registry] 
New type domain.Pertsona

[2021-04-18 18:40:32 #7 type.registry] 
New type domain.User

[2021-04-18 18:40:32 #8 type.registry] 
New type java.util.ArrayList<domain.User>

[2021-04-18 18:40:32 #9 type] 
Type domain.Event is not enhanced.

[2021-04-18 18:40:32 #10 type.registry] 
New type java.util.Vector<domain.Question>

[2021-04-18 18:40:32 #11 type] 
Type domain.Pertsona is not enhanced.

[2021-04-18 18:40:32 #12 type] 
Type domain.User is not enhanced.

[2021-04-18 18:40:32 #13 type.registry] 
New type java.util.ArrayList<java.lang.String>

[2021-04-18 18:40:32 #14 type.registry] 
New type domain.Apostua

[2021-04-18 18:40:32 #15 type.registry] 
New type java.util.ArrayList<domain.Apostua>

[2021-04-18 18:40:32 #16 type] 
Type domain.Apostua is not enhanced.

[2021-04-18 18:40:32 #17 type.registry] 
New type domain.Langile

[2021-04-18 18:40:32 #18 type] 
Type domain.Langile is not enhanced.

[2021-04-18 18:40:32 #19 type.registry] 
New type java.util.Vector<java.lang.Object>

[2021-04-18 18:40:32 #20 type.registry] 
New type java.util.ArrayList<java.lang.Object>

[2021-04-18 18:40:32 #21 type.registry] 
New type java.util.HashMap<java.lang.Object,java.lang.Object>

------------------------------------------------------------------------------------------------------------------------

[2021-04-18 18:43:17 #1 store] 
Database 'C:\Users\julen\eclipse-workspace\Bets21-master\src\main\resources\bets.temp' is opened by 4208@DESKTOP-OT7AHR9

[2021-04-18 18:43:18 #2 type.registry] 
New type domain.Question

[2021-04-18 18:43:18 #3 type] 
Type domain.Question is not enhanced.

[2021-04-18 18:43:18 #4 type.registry] 
New type domain.Event

[2021-04-18 18:43:18 #5 type.registry] 
New type java.util.HashMap<java.lang.String,java.lang.Double>

[2021-04-18 18:43:18 #6 type.registry] 
New type domain.Pertsona

[2021-04-18 18:43:18 #7 type.registry] 
New type domain.User

[2021-04-18 18:43:18 #8 type.registry] 
New type java.util.ArrayList<domain.User>

[2021-04-18 18:43:18 #9 type] 
Type domain.Event is not enhanced.

[2021-04-18 18:43:18 #10 type.registry] 
New type java.util.Vector<domain.Question>

[2021-04-18 18:43:18 #11 type] 
Type domain.Pertsona is not enhanced.

[2021-04-18 18:43:18 #12 type] 
Type domain.User is not enhanced.

[2021-04-18 18:43:18 #13 type.registry] 
New type java.util.ArrayList<java.lang.String>

[2021-04-18 18:43:18 #14 type.registry] 
New type domain.Apostua

[2021-04-18 18:43:18 #15 type.registry] 
New type java.util.ArrayList<domain.Apostua>

[2021-04-18 18:43:18 #16 type] 
Type domain.Apostua is not enhanced.

[2021-04-18 18:43:18 #17 type.registry] 
New type domain.Langile

[2021-04-18 18:43:18 #18 type] 
Type domain.Langile is not enhanced.

[2021-04-18 18:43:18 #19 type.registry] 
New type java.util.Vector<java.lang.Object>

[2021-04-18 18:43:18 #20 type.registry] 
New type java.util.ArrayList<java.lang.Object>

[2021-04-18 18:43:18 #21 type.registry] 
New type java.util.HashMap<java.lang.Object,java.lang.Object>

------------------------------------------------------------------------------------------------------------------------

[2021-04-18 18:47:40 #1 store] 
Database 'C:\Users\julen\eclipse-workspace\Bets21-master\src\main\resources\bets.temp' is opened by 2756@DESKTOP-OT7AHR9

[2021-04-18 18:47:40 #2 type.registry] 
New type domain.Question

[2021-04-18 18:47:40 #3 type] 
Type domain.Question is not enhanced.

[2021-04-18 18:47:40 #4 type.registry] 
New type domain.Event

[2021-04-18 18:47:40 #5 type.registry] 
New type java.util.HashMap<java.lang.String,java.lang.Double>

[2021-04-18 18:47:40 #6 type.registry] 
New type domain.Pertsona

[2021-04-18 18:47:40 #7 type.registry] 
New type domain.User

[2021-04-18 18:47:40 #8 type.registry] 
New type java.util.ArrayList<domain.User>

[2021-04-18 18:47:40 #9 type] 
Type domain.Event is not enhanced.

[2021-04-18 18:47:40 #10 type.registry] 
New type java.util.Vector<domain.Question>

[2021-04-18 18:47:40 #11 type] 
Type domain.Pertsona is not enhanced.

[2021-04-18 18:47:40 #12 type] 
Type domain.User is not enhanced.

[2021-04-18 18:47:40 #13 type.registry] 
New type java.util.ArrayList<java.lang.String>

[2021-04-18 18:47:40 #14 type.registry] 
New type domain.Apostua

[2021-04-18 18:47:40 #15 type.registry] 
New type java.util.ArrayList<domain.Apostua>

[2021-04-18 18:47:40 #16 type] 
Type domain.Apostua is not enhanced.

[2021-04-18 18:47:40 #17 type.registry] 
New type domain.Langile

[2021-04-18 18:47:40 #18 type] 
Type domain.Langile is not enhanced.

[2021-04-18 18:47:40 #19 type.registry] 
New type java.util.Vector<java.lang.Object>

[2021-04-18 18:47:40 #20 type.registry] 
New type java.util.ArrayList<java.lang.Object>

[2021-04-18 18:47:40 #21 type.registry] 
New type java.util.HashMap<java.lang.Object,java.lang.Object>

------------------------------------------------------------------------------------------------------------------------

[2021-04-18 18:48:39 #1 store] 
Database 'C:\Users\julen\eclipse-workspace\Bets21-master\src\main\resources\bets.temp' is opened by 2392@DESKTOP-OT7AHR9

[2021-04-18 18:48:39 #2 type.registry] 
New type domain.Question

[2021-04-18 18:48:39 #3 type] 
Type domain.Question is not enhanced.

[2021-04-18 18:48:39 #4 type.registry] 
New type domain.Event

[2021-04-18 18:48:39 #5 type.registry] 
New type java.util.HashMap<java.lang.String,java.lang.Double>

[2021-04-18 18:48:39 #6 type.registry] 
New type domain.Pertsona

[2021-04-18 18:48:39 #7 type.registry] 
New type domain.User

[2021-04-18 18:48:39 #8 type.registry] 
New type java.util.ArrayList<domain.User>

[2021-04-18 18:48:39 #9 type] 
Type domain.Event is not enhanced.

[2021-04-18 18:48:39 #10 type.registry] 
New type java.util.Vector<domain.Question>

[2021-04-18 18:48:39 #11 type] 
Type domain.Pertsona is not enhanced.

[2021-04-18 18:48:39 #12 type] 
Type domain.User is not enhanced.

[2021-04-18 18:48:39 #13 type.registry] 
New type java.util.ArrayList<java.lang.String>

[2021-04-18 18:48:39 #14 type.registry] 
New type domain.Apostua

[2021-04-18 18:48:39 #15 type.registry] 
New type java.util.ArrayList<domain.Apostua>

[2021-04-18 18:48:39 #16 type] 
Type domain.Apostua is not enhanced.

[2021-04-18 18:48:39 #17 type.registry] 
New type domain.Langile

[2021-04-18 18:48:39 #18 type] 
Type domain.Langile is not enhanced.

[2021-04-18 18:48:39 #19 type.registry] 
New type java.util.Vector<java.lang.Object>

[2021-04-18 18:48:39 #20 type.registry] 
New type java.util.ArrayList<java.lang.Object>

[2021-04-18 18:48:39 #21 type.registry] 
New type java.util.HashMap<java.lang.Object,java.lang.Object>

------------------------------------------------------------------------------------------------------------------------

[2021-04-18 18:54:19 #1 store] 
Database 'C:\Users\julen\eclipse-workspace\Bets21-master\src\main\resources\bets.temp' is opened by 5592@DESKTOP-OT7AHR9

[2021-04-18 18:54:20 #2 type.registry] 
New type domain.Question

[2021-04-18 18:54:20 #3 type] 
Type domain.Question is not enhanced.

[2021-04-18 18:54:20 #4 type.registry] 
New type domain.Event

[2021-04-18 18:54:20 #5 type.registry] 
New type java.util.HashMap<java.lang.String,java.lang.Double>

[2021-04-18 18:54:20 #6 type.registry] 
New type domain.Pertsona

[2021-04-18 18:54:20 #7 type.registry] 
New type domain.User

[2021-04-18 18:54:20 #8 type.registry] 
New type java.util.ArrayList<domain.User>

[2021-04-18 18:54:20 #9 type] 
Type domain.Event is not enhanced.

[2021-04-18 18:54:20 #10 type.registry] 
New type java.util.Vector<domain.Question>

[2021-04-18 18:54:20 #11 type] 
Type domain.Pertsona is not enhanced.

[2021-04-18 18:54:20 #12 type] 
Type domain.User is not enhanced.

[2021-04-18 18:54:20 #13 type.registry] 
New type java.util.ArrayList<java.lang.String>

[2021-04-18 18:54:20 #14 type.registry] 
New type domain.Apostua

[2021-04-18 18:54:20 #15 type.registry] 
New type java.util.ArrayList<domain.Apostua>

[2021-04-18 18:54:20 #16 type] 
Type domain.Apostua is not enhanced.

[2021-04-18 18:54:20 #17 type.registry] 
New type domain.Langile

[2021-04-18 18:54:20 #18 type] 
Type domain.Langile is not enhanced.

[2021-04-18 18:54:20 #19 type.registry] 
New type java.util.Vector<java.lang.Object>

[2021-04-18 18:54:20 #20 type.registry] 
New type java.util.ArrayList<java.lang.Object>

[2021-04-18 18:54:20 #21 type.registry] 
New type java.util.HashMap<java.lang.Object,java.lang.Object>

------------------------------------------------------------------------------------------------------------------------

[2021-04-18 18:56:13 #1 store] 
Database 'C:\Users\julen\eclipse-workspace\Bets21-master\src\main\resources\bets.temp' is opened by 5636@DESKTOP-OT7AHR9

[2021-04-18 18:56:13 #2 type.registry] 
New type domain.Question

[2021-04-18 18:56:13 #3 type] 
Type domain.Question is not enhanced.

[2021-04-18 18:56:13 #4 type.registry] 
New type domain.Event

[2021-04-18 18:56:13 #5 type.registry] 
New type java.util.HashMap<java.lang.String,java.lang.Double>

[2021-04-18 18:56:13 #6 type.registry] 
New type domain.Pertsona

[2021-04-18 18:56:13 #7 type.registry] 
New type domain.User

[2021-04-18 18:56:13 #8 type.registry] 
New type java.util.ArrayList<domain.User>

[2021-04-18 18:56:13 #9 type] 
Type domain.Event is not enhanced.

[2021-04-18 18:56:13 #10 type.registry] 
New type java.util.Vector<domain.Question>

[2021-04-18 18:56:13 #11 type] 
Type domain.Pertsona is not enhanced.

[2021-04-18 18:56:13 #12 type] 
Type domain.User is not enhanced.

[2021-04-18 18:56:13 #13 type.registry] 
New type java.util.ArrayList<java.lang.String>

[2021-04-18 18:56:13 #14 type.registry] 
New type domain.Apostua

[2021-04-18 18:56:13 #15 type.registry] 
New type java.util.ArrayList<domain.Apostua>

[2021-04-18 18:56:13 #16 type] 
Type domain.Apostua is not enhanced.

[2021-04-18 18:56:13 #17 type.registry] 
New type domain.Langile

[2021-04-18 18:56:13 #18 type] 
Type domain.Langile is not enhanced.

[2021-04-18 18:56:13 #19 type.registry] 
New type java.util.Vector<java.lang.Object>

[2021-04-18 18:56:13 #20 type.registry] 
New type java.util.ArrayList<java.lang.Object>

[2021-04-18 18:56:13 #21 type.registry] 
New type java.util.HashMap<java.lang.Object,java.lang.Object>

------------------------------------------------------------------------------------------------------------------------

[2021-04-18 18:58:33 #1 store] 
Database 'C:\Users\julen\eclipse-workspace\Bets21-master\src\main\resources\bets.temp' is opened by 3092@DESKTOP-OT7AHR9

[2021-04-18 18:58:33 #2 type.registry] 
New type domain.Question

[2021-04-18 18:58:33 #3 type] 
Type domain.Question is not enhanced.

[2021-04-18 18:58:33 #4 type.registry] 
New type domain.Event

[2021-04-18 18:58:33 #5 type.registry] 
New type java.util.HashMap<java.lang.String,java.lang.Double>

[2021-04-18 18:58:33 #6 type.registry] 
New type domain.Pertsona

[2021-04-18 18:58:33 #7 type.registry] 
New type domain.User

[2021-04-18 18:58:33 #8 type.registry] 
New type java.util.ArrayList<domain.User>

[2021-04-18 18:58:33 #9 type] 
Type domain.Event is not enhanced.

[2021-04-18 18:58:33 #10 type.registry] 
New type java.util.Vector<domain.Question>

[2021-04-18 18:58:33 #11 type] 
Type domain.Pertsona is not enhanced.

[2021-04-18 18:58:33 #12 type] 
Type domain.User is not enhanced.

[2021-04-18 18:58:33 #13 type.registry] 
New type java.util.ArrayList<java.lang.String>

[2021-04-18 18:58:33 #14 type.registry] 
New type domain.Apostua

[2021-04-18 18:58:33 #15 type.registry] 
New type java.util.ArrayList<domain.Apostua>

[2021-04-18 18:58:33 #16 type] 
Type domain.Apostua is not enhanced.

[2021-04-18 18:58:33 #17 type.registry] 
New type domain.Langile

[2021-04-18 18:58:33 #18 type] 
Type domain.Langile is not enhanced.

[2021-04-18 18:58:33 #19 type.registry] 
New type java.util.Vector<java.lang.Object>

[2021-04-18 18:58:33 #20 type.registry] 
New type java.util.ArrayList<java.lang.Object>

[2021-04-18 18:58:33 #21 type.registry] 
New type java.util.HashMap<java.lang.Object,java.lang.Object>

------------------------------------------------------------------------------------------------------------------------

[2021-04-18 19:00:08 #1 store] 
Database 'C:\Users\julen\eclipse-workspace\Bets21-master\src\main\resources\bets.temp' is opened by 1436@DESKTOP-OT7AHR9

[2021-04-18 19:00:08 #2 type.registry] 
New type domain.Question

[2021-04-18 19:00:08 #3 type] 
Type domain.Question is not enhanced.

[2021-04-18 19:00:08 #4 type.registry] 
New type domain.Event

[2021-04-18 19:00:08 #5 type.registry] 
New type java.util.HashMap<java.lang.String,java.lang.Double>

[2021-04-18 19:00:09 #6 type.registry] 
New type domain.Pertsona

[2021-04-18 19:00:09 #7 type.registry] 
New type domain.User

[2021-04-18 19:00:09 #8 type.registry] 
New type java.util.ArrayList<domain.User>

[2021-04-18 19:00:09 #9 type] 
Type domain.Event is not enhanced.

[2021-04-18 19:00:09 #10 type.registry] 
New type java.util.Vector<domain.Question>

[2021-04-18 19:00:09 #11 type] 
Type domain.Pertsona is not enhanced.

[2021-04-18 19:00:09 #12 type] 
Type domain.User is not enhanced.

[2021-04-18 19:00:09 #13 type.registry] 
New type java.util.ArrayList<java.lang.String>

[2021-04-18 19:00:09 #14 type.registry] 
New type domain.Apostua

[2021-04-18 19:00:09 #15 type.registry] 
New type java.util.ArrayList<domain.Apostua>

[2021-04-18 19:00:09 #16 type] 
Type domain.Apostua is not enhanced.

[2021-04-18 19:00:09 #17 type.registry] 
New type domain.Langile

[2021-04-18 19:00:09 #18 type] 
Type domain.Langile is not enhanced.

[2021-04-18 19:00:09 #19 type.registry] 
New type java.util.Vector<java.lang.Object>

[2021-04-18 19:00:09 #20 type.registry] 
New type java.util.ArrayList<java.lang.Object>

[2021-04-18 19:00:09 #21 type.registry] 
New type java.util.HashMap<java.lang.Object,java.lang.Object>

