------------------------------------------------------------------------------------------------------------------------

[2021-02-18 12:39:22 #1 store] 
Database 'C:\Users\Jon Gonzalez\Desktop\Bets21-master\src\main\resources\bets.temp' is opened by 1392@DESKTOP-BOOM0A2

[2021-02-18 12:39:22 #2 type.registry] 
New type domain.Question

[2021-02-18 12:39:22 #3 type] 
Type domain.Question is not enhanced.

[2021-02-18 12:39:22 #4 type.registry] 
New type domain.Event

[2021-02-18 12:39:22 #5 type] 
Type domain.Event is not enhanced.

[2021-02-18 12:39:22 #6 type.registry] 
New type java.util.Vector<domain.Question>

[2021-02-18 12:39:22 #7 type.registry] 
New type java.util.Vector<java.lang.Object>

------------------------------------------------------------------------------------------------------------------------

[2021-02-18 12:56:10 #1 store] 
Database 'C:\Users\Jon Gonzalez\Desktop\UNI\Bigarren maila\SI\PROIEKTUA\Bets21-master\src\main\resources\bets.temp' is opened by 16728@DESKTOP-BOOM0A2

[2021-02-18 12:56:10 #2 type.registry] 
New type domain.Question

[2021-02-18 12:56:10 #3 type] 
Type domain.Question is not enhanced.

[2021-02-18 12:56:10 #4 type.registry] 
New type domain.Event

[2021-02-18 12:56:10 #5 type] 
Type domain.Event is not enhanced.

[2021-02-18 12:56:10 #6 type.registry] 
New type java.util.Vector<domain.Question>

[2021-02-18 12:56:10 #7 type.registry] 
New type java.util.Vector<java.lang.Object>

------------------------------------------------------------------------------------------------------------------------

[2021-02-18 12:57:00 #1 store] 
Database 'C:\Users\Jon Gonzalez\Desktop\UNI\Bigarren maila\SI\PROIEKTUA\Bets21-master\src\main\resources\bets.temp' is opened by 11148@DESKTOP-BOOM0A2

[2021-02-18 12:57:00 #2 type.registry] 
New type domain.Question

[2021-02-18 12:57:00 #3 type] 
Type domain.Question is not enhanced.

[2021-02-18 12:57:00 #4 type.registry] 
New type domain.Event

[2021-02-18 12:57:00 #5 type] 
Type domain.Event is not enhanced.

[2021-02-18 12:57:00 #6 type.registry] 
New type java.util.Vector<domain.Question>

[2021-02-18 12:57:00 #7 type.registry] 
New type java.util.Vector<java.lang.Object>

