------------------------------------------------------------------------------------------------------------------------

[2021-05-11 12:10:12 #1 store] 
Database 'C:\Users\Jon Gonzalez\Desktop\UNI\2. maila\SI\PROIEKTUA\Bets21-master\src\main\resources\bets.temp' is opened by 13704@DESKTOP-BOOM0A2

[2021-05-11 12:10:12 #2 type.registry] 
New type domain.Question

[2021-05-11 12:10:12 #3 type] 
Type domain.Question is not enhanced.

[2021-05-11 12:10:12 #4 type.registry] 
New type domain.Event

[2021-05-11 12:10:12 #5 type.registry] 
New type java.util.HashMap<java.lang.String,java.lang.Double>

[2021-05-11 12:10:12 #6 type.registry] 
New type domain.Pertsona

[2021-05-11 12:10:12 #7 type.registry] 
New type domain.User

[2021-05-11 12:10:12 #8 type.registry] 
New type java.util.ArrayList<domain.User>

[2021-05-11 12:10:12 #9 type] 
Type domain.Event is not enhanced.

[2021-05-11 12:10:12 #10 type.registry] 
New type java.util.Vector<domain.Question>

[2021-05-11 12:10:12 #11 type] 
Type domain.Pertsona is not enhanced.

[2021-05-11 12:10:12 #12 type] 
Type domain.User is not enhanced.

[2021-05-11 12:10:12 #13 type.registry] 
New type java.util.ArrayList<java.lang.String>

[2021-05-11 12:10:12 #14 type.registry] 
New type java.util.HashMap<domain.User,java.lang.Double>

[2021-05-11 12:10:12 #15 type.registry] 
New type domain.Apostua

[2021-05-11 12:10:12 #16 type.registry] 
New type java.util.ArrayList<domain.Apostua>

[2021-05-11 12:10:12 #17 type] 
Type domain.Apostua is not enhanced.

[2021-05-11 12:10:12 #18 type.registry] 
New type java.util.ArrayList<domain.Question>

[2021-05-11 12:10:12 #19 type.registry] 
New type domain.Langile

[2021-05-11 12:10:12 #20 type] 
Type domain.Langile is not enhanced.

[2021-05-11 12:10:12 #21 type.registry] 
New type java.util.ArrayList<java.lang.Object>

[2021-05-11 12:10:12 #22 type.registry] 
New type java.util.Vector<java.lang.Object>

[2021-05-11 12:10:12 #23 type.registry] 
New type java.util.HashMap<java.lang.Object,java.lang.Object>

