------------------------------------------------------------------------------------------------------------------------

[2021-04-28 13:33:18 #1 store] 
Database 'C:\Users\julen\eclipse-workspace\Bets21-master\src\main\resources\bets.temp' is opened by 10384@DESKTOP-OT7AHR9

[2021-04-28 13:33:19 #2 type.registry] 
New type domain.Question

[2021-04-28 13:33:19 #3 type] 
Type domain.Question is not enhanced.

[2021-04-28 13:33:19 #4 type.registry] 
New type domain.Event

[2021-04-28 13:33:19 #5 type.registry] 
New type java.util.HashMap<java.lang.String,java.lang.Double>

[2021-04-28 13:33:19 #6 type.registry] 
New type domain.Pertsona

[2021-04-28 13:33:19 #7 type.registry] 
New type domain.User

[2021-04-28 13:33:19 #8 type.registry] 
New type java.util.ArrayList<domain.User>

[2021-04-28 13:33:19 #9 type] 
Type domain.Event is not enhanced.

[2021-04-28 13:33:19 #10 type.registry] 
New type java.util.Vector<domain.Question>

[2021-04-28 13:33:19 #11 type] 
Type domain.Pertsona is not enhanced.

[2021-04-28 13:33:19 #12 type] 
Type domain.User is not enhanced.

[2021-04-28 13:33:19 #13 type.registry] 
New type java.util.ArrayList<java.lang.String>

[2021-04-28 13:33:19 #14 type.registry] 
New type domain.Apostua

[2021-04-28 13:33:19 #15 type.registry] 
New type java.util.ArrayList<domain.Apostua>

[2021-04-28 13:33:19 #16 type] 
Type domain.Apostua is not enhanced.

[2021-04-28 13:33:19 #17 type.registry] 
New type domain.Langile

[2021-04-28 13:33:19 #18 type] 
Type domain.Langile is not enhanced.

[2021-04-28 13:33:19 #19 type.registry] 
New type java.util.ArrayList<java.lang.Object>

[2021-04-28 13:33:19 #20 type.registry] 
New type java.util.Vector<java.lang.Object>

[2021-04-28 13:33:19 #21 type.registry] 
New type java.util.HashMap<java.lang.Object,java.lang.Object>

