------------------------------------------------------------------------------------------------------------------------

[2021-05-08 10:03:38 #1 store] 
Database 'C:\Users\Jon Gonzalez\Desktop\UNI\2. maila\SI\PROIEKTUA\Bets21-master\src\main\resources\bets.temp' is opened by 20572@DESKTOP-BOOM0A2

[2021-05-08 10:03:38 #2 type.registry] 
New type domain.Question

[2021-05-08 10:03:38 #3 type] 
Type domain.Question is not enhanced.

[2021-05-08 10:03:38 #4 type.registry] 
New type domain.Event

[2021-05-08 10:03:38 #5 type.registry] 
New type java.util.HashMap<java.lang.String,java.lang.Double>

[2021-05-08 10:03:38 #6 type.registry] 
New type domain.Pertsona

[2021-05-08 10:03:38 #7 type.registry] 
New type domain.User

[2021-05-08 10:03:38 #8 type.registry] 
New type java.util.ArrayList<domain.User>

[2021-05-08 10:03:38 #9 type] 
Type domain.Event is not enhanced.

[2021-05-08 10:03:38 #10 type.registry] 
New type java.util.Vector<domain.Question>

[2021-05-08 10:03:38 #11 type] 
Type domain.Pertsona is not enhanced.

[2021-05-08 10:03:38 #12 type] 
Type domain.User is not enhanced.

[2021-05-08 10:03:38 #13 type.registry] 
New type java.util.ArrayList<java.lang.String>

[2021-05-08 10:03:38 #14 type.registry] 
New type java.util.HashMap<domain.User,java.lang.Double>

[2021-05-08 10:03:38 #15 type.registry] 
New type domain.Apostua

[2021-05-08 10:03:38 #16 type.registry] 
New type java.util.ArrayList<domain.Apostua>

[2021-05-08 10:03:38 #17 type] 
Type domain.Apostua is not enhanced.

[2021-05-08 10:03:38 #18 type.registry] 
New type java.util.ArrayList<domain.Question>

[2021-05-08 10:03:38 #19 type.registry] 
New type domain.Langile

[2021-05-08 10:03:38 #20 type] 
Type domain.Langile is not enhanced.

[2021-05-08 10:03:38 #21 type.registry] 
New type java.util.ArrayList<java.lang.Object>

[2021-05-08 10:03:38 #22 type.registry] 
New type java.util.Vector<java.lang.Object>

[2021-05-08 10:03:38 #23 type.registry] 
New type java.util.HashMap<java.lang.Object,java.lang.Object>

------------------------------------------------------------------------------------------------------------------------

[2021-05-08 10:08:51 #1 store] 
Database 'C:\Users\Jon Gonzalez\Desktop\UNI\2. maila\SI\PROIEKTUA\Bets21-master\src\main\resources\bets.temp' is opened by 352@DESKTOP-BOOM0A2

[2021-05-08 10:08:51 #2 type.registry] 
New type domain.Question

[2021-05-08 10:08:51 #3 type] 
Type domain.Question is not enhanced.

[2021-05-08 10:08:51 #4 type.registry] 
New type domain.Event

[2021-05-08 10:08:51 #5 type.registry] 
New type java.util.HashMap<java.lang.String,java.lang.Double>

[2021-05-08 10:08:51 #6 type.registry] 
New type domain.Pertsona

[2021-05-08 10:08:51 #7 type.registry] 
New type domain.User

[2021-05-08 10:08:51 #8 type.registry] 
New type java.util.ArrayList<domain.User>

[2021-05-08 10:08:51 #9 type] 
Type domain.Event is not enhanced.

[2021-05-08 10:08:51 #10 type.registry] 
New type java.util.Vector<domain.Question>

[2021-05-08 10:08:51 #11 type] 
Type domain.Pertsona is not enhanced.

[2021-05-08 10:08:51 #12 type] 
Type domain.User is not enhanced.

[2021-05-08 10:08:51 #13 type.registry] 
New type java.util.ArrayList<java.lang.String>

[2021-05-08 10:08:51 #14 type.registry] 
New type java.util.HashMap<domain.User,java.lang.Double>

[2021-05-08 10:08:51 #15 type.registry] 
New type domain.Apostua

[2021-05-08 10:08:51 #16 type.registry] 
New type java.util.ArrayList<domain.Apostua>

[2021-05-08 10:08:51 #17 type] 
Type domain.Apostua is not enhanced.

[2021-05-08 10:08:51 #18 type.registry] 
New type java.util.ArrayList<domain.Question>

[2021-05-08 10:08:51 #19 type.registry] 
New type domain.Langile

[2021-05-08 10:08:51 #20 type] 
Type domain.Langile is not enhanced.

[2021-05-08 10:08:51 #21 type.registry] 
New type java.util.ArrayList<java.lang.Object>

[2021-05-08 10:08:51 #22 type.registry] 
New type java.util.Vector<java.lang.Object>

[2021-05-08 10:08:51 #23 type.registry] 
New type java.util.HashMap<java.lang.Object,java.lang.Object>

------------------------------------------------------------------------------------------------------------------------

[2021-05-08 10:14:23 #1 store] 
Database 'C:\Users\Jon Gonzalez\Desktop\UNI\2. maila\SI\PROIEKTUA\Bets21-master\src\main\resources\bets.temp' is opened by 15524@DESKTOP-BOOM0A2

[2021-05-08 10:14:24 #2 type.registry] 
New type domain.Question

[2021-05-08 10:14:24 #3 type] 
Type domain.Question is not enhanced.

[2021-05-08 10:14:24 #4 type.registry] 
New type domain.Event

[2021-05-08 10:14:24 #5 type.registry] 
New type java.util.HashMap<java.lang.String,java.lang.Double>

[2021-05-08 10:14:24 #6 type.registry] 
New type domain.Pertsona

[2021-05-08 10:14:24 #7 type.registry] 
New type domain.User

[2021-05-08 10:14:24 #8 type.registry] 
New type java.util.ArrayList<domain.User>

[2021-05-08 10:14:24 #9 type] 
Type domain.Event is not enhanced.

[2021-05-08 10:14:24 #10 type.registry] 
New type java.util.Vector<domain.Question>

[2021-05-08 10:14:24 #11 type] 
Type domain.Pertsona is not enhanced.

[2021-05-08 10:14:24 #12 type] 
Type domain.User is not enhanced.

[2021-05-08 10:14:24 #13 type.registry] 
New type java.util.ArrayList<java.lang.String>

[2021-05-08 10:14:24 #14 type.registry] 
New type java.util.HashMap<domain.User,java.lang.Double>

[2021-05-08 10:14:24 #15 type.registry] 
New type domain.Apostua

[2021-05-08 10:14:24 #16 type.registry] 
New type java.util.ArrayList<domain.Apostua>

[2021-05-08 10:14:24 #17 type] 
Type domain.Apostua is not enhanced.

[2021-05-08 10:14:24 #18 type.registry] 
New type java.util.ArrayList<domain.Question>

[2021-05-08 10:14:24 #19 type.registry] 
New type domain.Langile

[2021-05-08 10:14:24 #20 type] 
Type domain.Langile is not enhanced.

[2021-05-08 10:14:24 #21 type.registry] 
New type java.util.ArrayList<java.lang.Object>

[2021-05-08 10:14:24 #22 type.registry] 
New type java.util.Vector<java.lang.Object>

[2021-05-08 10:14:24 #23 type.registry] 
New type java.util.HashMap<java.lang.Object,java.lang.Object>

------------------------------------------------------------------------------------------------------------------------

[2021-05-08 10:18:09 #1 store] 
Database 'C:\Users\Jon Gonzalez\Desktop\UNI\2. maila\SI\PROIEKTUA\Bets21-master\src\main\resources\bets.temp' is opened by 18576@DESKTOP-BOOM0A2

[2021-05-08 10:18:09 #2 type.registry] 
New type domain.Question

[2021-05-08 10:18:09 #3 type] 
Type domain.Question is not enhanced.

[2021-05-08 10:18:09 #4 type.registry] 
New type domain.Event

[2021-05-08 10:18:09 #5 type.registry] 
New type java.util.HashMap<java.lang.String,java.lang.Double>

[2021-05-08 10:18:09 #6 type.registry] 
New type domain.Pertsona

[2021-05-08 10:18:09 #7 type.registry] 
New type domain.User

[2021-05-08 10:18:09 #8 type.registry] 
New type java.util.ArrayList<domain.User>

[2021-05-08 10:18:09 #9 type] 
Type domain.Event is not enhanced.

[2021-05-08 10:18:09 #10 type.registry] 
New type java.util.Vector<domain.Question>

[2021-05-08 10:18:09 #11 type] 
Type domain.Pertsona is not enhanced.

[2021-05-08 10:18:09 #12 type] 
Type domain.User is not enhanced.

[2021-05-08 10:18:09 #13 type.registry] 
New type java.util.ArrayList<java.lang.String>

[2021-05-08 10:18:09 #14 type.registry] 
New type java.util.HashMap<domain.User,java.lang.Double>

[2021-05-08 10:18:09 #15 type.registry] 
New type domain.Apostua

[2021-05-08 10:18:09 #16 type.registry] 
New type java.util.ArrayList<domain.Apostua>

[2021-05-08 10:18:09 #17 type] 
Type domain.Apostua is not enhanced.

[2021-05-08 10:18:09 #18 type.registry] 
New type java.util.ArrayList<domain.Question>

[2021-05-08 10:18:09 #19 type.registry] 
New type domain.Langile

[2021-05-08 10:18:09 #20 type] 
Type domain.Langile is not enhanced.

[2021-05-08 10:18:09 #21 type.registry] 
New type java.util.ArrayList<java.lang.Object>

[2021-05-08 10:18:09 #22 type.registry] 
New type java.util.Vector<java.lang.Object>

[2021-05-08 10:18:09 #23 type.registry] 
New type java.util.HashMap<java.lang.Object,java.lang.Object>

------------------------------------------------------------------------------------------------------------------------

[2021-05-08 10:25:06 #1 store] 
Database 'C:\Users\Jon Gonzalez\Desktop\UNI\2. maila\SI\PROIEKTUA\Bets21-master\src\main\resources\bets.temp' is opened by 12108@DESKTOP-BOOM0A2

[2021-05-08 10:25:07 #2 type.registry] 
New type domain.Question

[2021-05-08 10:25:07 #3 type] 
Type domain.Question is not enhanced.

[2021-05-08 10:25:07 #4 type.registry] 
New type domain.Event

[2021-05-08 10:25:07 #5 type.registry] 
New type java.util.HashMap<java.lang.String,java.lang.Double>

[2021-05-08 10:25:07 #6 type.registry] 
New type domain.Pertsona

[2021-05-08 10:25:07 #7 type.registry] 
New type domain.User

[2021-05-08 10:25:07 #8 type.registry] 
New type java.util.ArrayList<domain.User>

[2021-05-08 10:25:07 #9 type] 
Type domain.Event is not enhanced.

[2021-05-08 10:25:07 #10 type.registry] 
New type java.util.Vector<domain.Question>

[2021-05-08 10:25:07 #11 type] 
Type domain.Pertsona is not enhanced.

[2021-05-08 10:25:07 #12 type] 
Type domain.User is not enhanced.

[2021-05-08 10:25:07 #13 type.registry] 
New type java.util.ArrayList<java.lang.String>

[2021-05-08 10:25:07 #14 type.registry] 
New type java.util.HashMap<domain.User,java.lang.Double>

[2021-05-08 10:25:07 #15 type.registry] 
New type domain.Apostua

[2021-05-08 10:25:07 #16 type.registry] 
New type java.util.ArrayList<domain.Apostua>

[2021-05-08 10:25:07 #17 type] 
Type domain.Apostua is not enhanced.

[2021-05-08 10:25:07 #18 type.registry] 
New type java.util.ArrayList<domain.Question>

[2021-05-08 10:25:07 #19 type.registry] 
New type domain.Langile

[2021-05-08 10:25:07 #20 type] 
Type domain.Langile is not enhanced.

[2021-05-08 10:25:07 #21 type.registry] 
New type java.util.ArrayList<java.lang.Object>

[2021-05-08 10:25:07 #22 type.registry] 
New type java.util.Vector<java.lang.Object>

[2021-05-08 10:25:07 #23 type.registry] 
New type java.util.HashMap<java.lang.Object,java.lang.Object>

------------------------------------------------------------------------------------------------------------------------

[2021-05-08 10:29:03 #1 store] 
Database 'C:\Users\Jon Gonzalez\Desktop\UNI\2. maila\SI\PROIEKTUA\Bets21-master\src\main\resources\bets.temp' is opened by 9924@DESKTOP-BOOM0A2

[2021-05-08 10:29:03 #2 type.registry] 
New type domain.Question

[2021-05-08 10:29:03 #3 type] 
Type domain.Question is not enhanced.

[2021-05-08 10:29:03 #4 type.registry] 
New type domain.Event

[2021-05-08 10:29:03 #5 type.registry] 
New type java.util.HashMap<java.lang.String,java.lang.Double>

[2021-05-08 10:29:03 #6 type.registry] 
New type domain.Pertsona

[2021-05-08 10:29:03 #7 type.registry] 
New type domain.User

[2021-05-08 10:29:03 #8 type.registry] 
New type java.util.ArrayList<domain.User>

[2021-05-08 10:29:03 #9 type] 
Type domain.Event is not enhanced.

[2021-05-08 10:29:03 #10 type.registry] 
New type java.util.Vector<domain.Question>

[2021-05-08 10:29:03 #11 type] 
Type domain.Pertsona is not enhanced.

[2021-05-08 10:29:03 #12 type] 
Type domain.User is not enhanced.

[2021-05-08 10:29:03 #13 type.registry] 
New type java.util.ArrayList<java.lang.String>

[2021-05-08 10:29:03 #14 type.registry] 
New type java.util.HashMap<domain.User,java.lang.Double>

[2021-05-08 10:29:03 #15 type.registry] 
New type domain.Apostua

[2021-05-08 10:29:03 #16 type.registry] 
New type java.util.ArrayList<domain.Apostua>

[2021-05-08 10:29:03 #17 type] 
Type domain.Apostua is not enhanced.

[2021-05-08 10:29:03 #18 type.registry] 
New type java.util.ArrayList<domain.Question>

[2021-05-08 10:29:03 #19 type.registry] 
New type domain.Langile

[2021-05-08 10:29:03 #20 type] 
Type domain.Langile is not enhanced.

[2021-05-08 10:29:03 #21 type.registry] 
New type java.util.ArrayList<java.lang.Object>

[2021-05-08 10:29:03 #22 type.registry] 
New type java.util.Vector<java.lang.Object>

[2021-05-08 10:29:03 #23 type.registry] 
New type java.util.HashMap<java.lang.Object,java.lang.Object>

------------------------------------------------------------------------------------------------------------------------

[2021-05-08 10:32:39 #1 store] 
Database 'C:\Users\Jon Gonzalez\Desktop\UNI\2. maila\SI\PROIEKTUA\Bets21-master\src\main\resources\bets.temp' is opened by 16072@DESKTOP-BOOM0A2

[2021-05-08 10:32:39 #2 type.registry] 
New type domain.Question

[2021-05-08 10:32:39 #3 type] 
Type domain.Question is not enhanced.

[2021-05-08 10:32:39 #4 type.registry] 
New type domain.Event

[2021-05-08 10:32:39 #5 type.registry] 
New type java.util.HashMap<java.lang.String,java.lang.Double>

[2021-05-08 10:32:39 #6 type.registry] 
New type domain.Pertsona

[2021-05-08 10:32:39 #7 type.registry] 
New type domain.User

[2021-05-08 10:32:39 #8 type.registry] 
New type java.util.ArrayList<domain.User>

[2021-05-08 10:32:39 #9 type] 
Type domain.Event is not enhanced.

[2021-05-08 10:32:39 #10 type.registry] 
New type java.util.Vector<domain.Question>

[2021-05-08 10:32:39 #11 type] 
Type domain.Pertsona is not enhanced.

[2021-05-08 10:32:39 #12 type] 
Type domain.User is not enhanced.

[2021-05-08 10:32:39 #13 type.registry] 
New type java.util.ArrayList<java.lang.String>

[2021-05-08 10:32:39 #14 type.registry] 
New type java.util.HashMap<domain.User,java.lang.Double>

[2021-05-08 10:32:39 #15 type.registry] 
New type domain.Apostua

[2021-05-08 10:32:39 #16 type.registry] 
New type java.util.ArrayList<domain.Apostua>

[2021-05-08 10:32:39 #17 type] 
Type domain.Apostua is not enhanced.

[2021-05-08 10:32:39 #18 type.registry] 
New type java.util.ArrayList<domain.Question>

[2021-05-08 10:32:39 #19 type.registry] 
New type domain.Langile

[2021-05-08 10:32:39 #20 type] 
Type domain.Langile is not enhanced.

[2021-05-08 10:32:39 #21 type.registry] 
New type java.util.ArrayList<java.lang.Object>

[2021-05-08 10:32:39 #22 type.registry] 
New type java.util.Vector<java.lang.Object>

[2021-05-08 10:32:39 #23 type.registry] 
New type java.util.HashMap<java.lang.Object,java.lang.Object>

------------------------------------------------------------------------------------------------------------------------

[2021-05-08 10:33:20 #1 store] 
Database 'C:\Users\Jon Gonzalez\Desktop\UNI\2. maila\SI\PROIEKTUA\Bets21-master\src\main\resources\bets.temp' is opened by 9348@DESKTOP-BOOM0A2

[2021-05-08 10:33:20 #2 type.registry] 
New type domain.Question

[2021-05-08 10:33:20 #3 type] 
Type domain.Question is not enhanced.

[2021-05-08 10:33:20 #4 type.registry] 
New type domain.Event

[2021-05-08 10:33:20 #5 type.registry] 
New type java.util.HashMap<java.lang.String,java.lang.Double>

[2021-05-08 10:33:20 #6 type.registry] 
New type domain.Pertsona

[2021-05-08 10:33:20 #7 type.registry] 
New type domain.User

[2021-05-08 10:33:20 #8 type.registry] 
New type java.util.ArrayList<domain.User>

[2021-05-08 10:33:20 #9 type] 
Type domain.Event is not enhanced.

[2021-05-08 10:33:20 #10 type.registry] 
New type java.util.Vector<domain.Question>

[2021-05-08 10:33:20 #11 type] 
Type domain.Pertsona is not enhanced.

[2021-05-08 10:33:20 #12 type] 
Type domain.User is not enhanced.

[2021-05-08 10:33:20 #13 type.registry] 
New type java.util.ArrayList<java.lang.String>

[2021-05-08 10:33:20 #14 type.registry] 
New type java.util.HashMap<domain.User,java.lang.Double>

[2021-05-08 10:33:20 #15 type.registry] 
New type domain.Apostua

[2021-05-08 10:33:20 #16 type.registry] 
New type java.util.ArrayList<domain.Apostua>

[2021-05-08 10:33:20 #17 type] 
Type domain.Apostua is not enhanced.

[2021-05-08 10:33:20 #18 type.registry] 
New type java.util.ArrayList<domain.Question>

[2021-05-08 10:33:20 #19 type.registry] 
New type domain.Langile

[2021-05-08 10:33:20 #20 type] 
Type domain.Langile is not enhanced.

[2021-05-08 10:33:20 #21 type.registry] 
New type java.util.ArrayList<java.lang.Object>

[2021-05-08 10:33:20 #22 type.registry] 
New type java.util.Vector<java.lang.Object>

[2021-05-08 10:33:20 #23 type.registry] 
New type java.util.HashMap<java.lang.Object,java.lang.Object>

------------------------------------------------------------------------------------------------------------------------

[2021-05-08 10:33:23 #1 store] 
Database 'C:\Users\Jon Gonzalez\Desktop\UNI\2. maila\SI\PROIEKTUA\Bets21-master\src\main\resources\bets.temp' is opened by 16184@DESKTOP-BOOM0A2

[2021-05-08 10:33:24 #2 type.registry] 
New type domain.Question

[2021-05-08 10:33:24 #3 type] 
Type domain.Question is not enhanced.

[2021-05-08 10:33:24 #4 type.registry] 
New type domain.Event

[2021-05-08 10:33:24 #5 type.registry] 
New type java.util.HashMap<java.lang.String,java.lang.Double>

[2021-05-08 10:33:24 #6 type.registry] 
New type domain.Pertsona

[2021-05-08 10:33:24 #7 type.registry] 
New type domain.User

[2021-05-08 10:33:24 #8 type.registry] 
New type java.util.ArrayList<domain.User>

[2021-05-08 10:33:24 #9 type] 
Type domain.Event is not enhanced.

[2021-05-08 10:33:24 #10 type.registry] 
New type java.util.Vector<domain.Question>

[2021-05-08 10:33:24 #11 type] 
Type domain.Pertsona is not enhanced.

[2021-05-08 10:33:24 #12 type] 
Type domain.User is not enhanced.

[2021-05-08 10:33:24 #13 type.registry] 
New type java.util.ArrayList<java.lang.String>

[2021-05-08 10:33:24 #14 type.registry] 
New type java.util.HashMap<domain.User,java.lang.Double>

[2021-05-08 10:33:24 #15 type.registry] 
New type domain.Apostua

[2021-05-08 10:33:24 #16 type.registry] 
New type java.util.ArrayList<domain.Apostua>

[2021-05-08 10:33:24 #17 type] 
Type domain.Apostua is not enhanced.

[2021-05-08 10:33:24 #18 type.registry] 
New type java.util.ArrayList<domain.Question>

[2021-05-08 10:33:24 #19 type.registry] 
New type domain.Langile

[2021-05-08 10:33:24 #20 type] 
Type domain.Langile is not enhanced.

[2021-05-08 10:33:24 #21 type.registry] 
New type java.util.ArrayList<java.lang.Object>

[2021-05-08 10:33:24 #22 type.registry] 
New type java.util.Vector<java.lang.Object>

[2021-05-08 10:33:24 #23 type.registry] 
New type java.util.HashMap<java.lang.Object,java.lang.Object>

------------------------------------------------------------------------------------------------------------------------

[2021-05-08 10:34:59 #1 store] 
Database 'C:\Users\Jon Gonzalez\Desktop\UNI\2. maila\SI\PROIEKTUA\Bets21-master\src\main\resources\bets.temp' is opened by 4164@DESKTOP-BOOM0A2

[2021-05-08 10:34:59 #2 type.registry] 
New type domain.Question

[2021-05-08 10:34:59 #3 type] 
Type domain.Question is not enhanced.

[2021-05-08 10:34:59 #4 type.registry] 
New type domain.Event

[2021-05-08 10:34:59 #5 type.registry] 
New type java.util.HashMap<java.lang.String,java.lang.Double>

[2021-05-08 10:34:59 #6 type.registry] 
New type domain.Pertsona

[2021-05-08 10:34:59 #7 type.registry] 
New type domain.User

[2021-05-08 10:34:59 #8 type.registry] 
New type java.util.ArrayList<domain.User>

[2021-05-08 10:34:59 #9 type] 
Type domain.Event is not enhanced.

[2021-05-08 10:34:59 #10 type.registry] 
New type java.util.Vector<domain.Question>

[2021-05-08 10:34:59 #11 type] 
Type domain.Pertsona is not enhanced.

[2021-05-08 10:34:59 #12 type] 
Type domain.User is not enhanced.

[2021-05-08 10:34:59 #13 type.registry] 
New type java.util.ArrayList<java.lang.String>

[2021-05-08 10:34:59 #14 type.registry] 
New type java.util.HashMap<domain.User,java.lang.Double>

[2021-05-08 10:34:59 #15 type.registry] 
New type domain.Apostua

[2021-05-08 10:34:59 #16 type.registry] 
New type java.util.ArrayList<domain.Apostua>

[2021-05-08 10:34:59 #17 type] 
Type domain.Apostua is not enhanced.

[2021-05-08 10:34:59 #18 type.registry] 
New type java.util.ArrayList<domain.Question>

[2021-05-08 10:34:59 #19 type.registry] 
New type domain.Langile

[2021-05-08 10:34:59 #20 type] 
Type domain.Langile is not enhanced.

[2021-05-08 10:34:59 #21 type.registry] 
New type java.util.ArrayList<java.lang.Object>

[2021-05-08 10:34:59 #22 type.registry] 
New type java.util.Vector<java.lang.Object>

[2021-05-08 10:34:59 #23 type.registry] 
New type java.util.HashMap<java.lang.Object,java.lang.Object>

------------------------------------------------------------------------------------------------------------------------

[2021-05-08 10:37:54 #1 store] 
Database 'C:\Users\Jon Gonzalez\Desktop\UNI\2. maila\SI\PROIEKTUA\Bets21-master\src\main\resources\bets.temp' is opened by 18688@DESKTOP-BOOM0A2

[2021-05-08 10:37:54 #2 type.registry] 
New type domain.Question

[2021-05-08 10:37:54 #3 type] 
Type domain.Question is not enhanced.

[2021-05-08 10:37:54 #4 type.registry] 
New type domain.Event

[2021-05-08 10:37:54 #5 type.registry] 
New type java.util.HashMap<java.lang.String,java.lang.Double>

[2021-05-08 10:37:54 #6 type.registry] 
New type domain.Pertsona

[2021-05-08 10:37:54 #7 type.registry] 
New type domain.User

[2021-05-08 10:37:54 #8 type.registry] 
New type java.util.ArrayList<domain.User>

[2021-05-08 10:37:54 #9 type] 
Type domain.Event is not enhanced.

[2021-05-08 10:37:54 #10 type.registry] 
New type java.util.Vector<domain.Question>

[2021-05-08 10:37:54 #11 type] 
Type domain.Pertsona is not enhanced.

[2021-05-08 10:37:54 #12 type] 
Type domain.User is not enhanced.

[2021-05-08 10:37:54 #13 type.registry] 
New type java.util.ArrayList<java.lang.String>

[2021-05-08 10:37:54 #14 type.registry] 
New type java.util.HashMap<domain.User,java.lang.Double>

[2021-05-08 10:37:54 #15 type.registry] 
New type domain.Apostua

[2021-05-08 10:37:54 #16 type.registry] 
New type java.util.ArrayList<domain.Apostua>

[2021-05-08 10:37:54 #17 type] 
Type domain.Apostua is not enhanced.

[2021-05-08 10:37:54 #18 type.registry] 
New type java.util.ArrayList<domain.Question>

[2021-05-08 10:37:54 #19 type.registry] 
New type domain.Langile

[2021-05-08 10:37:54 #20 type] 
Type domain.Langile is not enhanced.

[2021-05-08 10:37:54 #21 type.registry] 
New type java.util.ArrayList<java.lang.Object>

[2021-05-08 10:37:54 #22 type.registry] 
New type java.util.Vector<java.lang.Object>

[2021-05-08 10:37:54 #23 type.registry] 
New type java.util.HashMap<java.lang.Object,java.lang.Object>

------------------------------------------------------------------------------------------------------------------------

[2021-05-08 10:41:41 #1 store] 
Database 'C:\Users\Jon Gonzalez\Desktop\UNI\2. maila\SI\PROIEKTUA\Bets21-master\src\main\resources\bets.temp' is opened by 16440@DESKTOP-BOOM0A2

[2021-05-08 10:41:41 #2 type.registry] 
New type domain.Question

[2021-05-08 10:41:41 #3 type] 
Type domain.Question is not enhanced.

[2021-05-08 10:41:41 #4 type.registry] 
New type domain.Event

[2021-05-08 10:41:41 #5 type.registry] 
New type java.util.HashMap<java.lang.String,java.lang.Double>

[2021-05-08 10:41:41 #6 type.registry] 
New type domain.Pertsona

[2021-05-08 10:41:41 #7 type.registry] 
New type domain.User

[2021-05-08 10:41:41 #8 type.registry] 
New type java.util.ArrayList<domain.User>

[2021-05-08 10:41:41 #9 type] 
Type domain.Event is not enhanced.

[2021-05-08 10:41:41 #10 type.registry] 
New type java.util.Vector<domain.Question>

[2021-05-08 10:41:41 #11 type] 
Type domain.Pertsona is not enhanced.

[2021-05-08 10:41:41 #12 type] 
Type domain.User is not enhanced.

[2021-05-08 10:41:41 #13 type.registry] 
New type java.util.ArrayList<java.lang.String>

[2021-05-08 10:41:41 #14 type.registry] 
New type java.util.HashMap<domain.User,java.lang.Double>

[2021-05-08 10:41:41 #15 type.registry] 
New type domain.Apostua

[2021-05-08 10:41:41 #16 type.registry] 
New type java.util.ArrayList<domain.Apostua>

[2021-05-08 10:41:41 #17 type] 
Type domain.Apostua is not enhanced.

[2021-05-08 10:41:41 #18 type.registry] 
New type java.util.ArrayList<domain.Question>

[2021-05-08 10:41:41 #19 type.registry] 
New type domain.Langile

[2021-05-08 10:41:41 #20 type] 
Type domain.Langile is not enhanced.

[2021-05-08 10:41:41 #21 type.registry] 
New type java.util.ArrayList<java.lang.Object>

[2021-05-08 10:41:41 #22 type.registry] 
New type java.util.Vector<java.lang.Object>

[2021-05-08 10:41:41 #23 type.registry] 
New type java.util.HashMap<java.lang.Object,java.lang.Object>

------------------------------------------------------------------------------------------------------------------------

[2021-05-08 10:42:11 #1 store] 
Database 'C:\Users\Jon Gonzalez\Desktop\UNI\2. maila\SI\PROIEKTUA\Bets21-master\src\main\resources\bets.temp' is opened by 5476@DESKTOP-BOOM0A2

[2021-05-08 10:42:11 #2 type.registry] 
New type domain.Question

[2021-05-08 10:42:11 #3 type] 
Type domain.Question is not enhanced.

[2021-05-08 10:42:11 #4 type.registry] 
New type domain.Event

[2021-05-08 10:42:11 #5 type.registry] 
New type java.util.HashMap<java.lang.String,java.lang.Double>

[2021-05-08 10:42:11 #6 type.registry] 
New type domain.Pertsona

[2021-05-08 10:42:11 #7 type.registry] 
New type domain.User

[2021-05-08 10:42:11 #8 type.registry] 
New type java.util.ArrayList<domain.User>

[2021-05-08 10:42:11 #9 type] 
Type domain.Event is not enhanced.

[2021-05-08 10:42:11 #10 type.registry] 
New type java.util.Vector<domain.Question>

[2021-05-08 10:42:11 #11 type] 
Type domain.Pertsona is not enhanced.

[2021-05-08 10:42:11 #12 type] 
Type domain.User is not enhanced.

[2021-05-08 10:42:11 #13 type.registry] 
New type java.util.ArrayList<java.lang.String>

[2021-05-08 10:42:11 #14 type.registry] 
New type java.util.HashMap<domain.User,java.lang.Double>

[2021-05-08 10:42:11 #15 type.registry] 
New type domain.Apostua

[2021-05-08 10:42:11 #16 type.registry] 
New type java.util.ArrayList<domain.Apostua>

[2021-05-08 10:42:11 #17 type] 
Type domain.Apostua is not enhanced.

[2021-05-08 10:42:11 #18 type.registry] 
New type java.util.ArrayList<domain.Question>

[2021-05-08 10:42:11 #19 type.registry] 
New type domain.Langile

[2021-05-08 10:42:11 #20 type] 
Type domain.Langile is not enhanced.

[2021-05-08 10:42:11 #21 type.registry] 
New type java.util.ArrayList<java.lang.Object>

[2021-05-08 10:42:11 #22 type.registry] 
New type java.util.Vector<java.lang.Object>

[2021-05-08 10:42:11 #23 type.registry] 
New type java.util.HashMap<java.lang.Object,java.lang.Object>

------------------------------------------------------------------------------------------------------------------------

[2021-05-08 10:45:47 #1 store] 
Database 'C:\Users\Jon Gonzalez\Desktop\UNI\2. maila\SI\PROIEKTUA\Bets21-master\src\main\resources\bets.temp' is opened by 8568@DESKTOP-BOOM0A2

[2021-05-08 10:45:47 #2 type.registry] 
New type domain.Question

[2021-05-08 10:45:47 #3 type] 
Type domain.Question is not enhanced.

[2021-05-08 10:45:47 #4 type.registry] 
New type domain.Event

[2021-05-08 10:45:47 #5 type.registry] 
New type java.util.HashMap<java.lang.String,java.lang.Double>

[2021-05-08 10:45:47 #6 type.registry] 
New type domain.Pertsona

[2021-05-08 10:45:47 #7 type.registry] 
New type domain.User

[2021-05-08 10:45:47 #8 type.registry] 
New type java.util.ArrayList<domain.User>

[2021-05-08 10:45:47 #9 type] 
Type domain.Event is not enhanced.

[2021-05-08 10:45:47 #10 type.registry] 
New type java.util.Vector<domain.Question>

[2021-05-08 10:45:47 #11 type] 
Type domain.Pertsona is not enhanced.

[2021-05-08 10:45:47 #12 type] 
Type domain.User is not enhanced.

[2021-05-08 10:45:47 #13 type.registry] 
New type java.util.ArrayList<java.lang.String>

[2021-05-08 10:45:47 #14 type.registry] 
New type java.util.HashMap<domain.User,java.lang.Double>

[2021-05-08 10:45:47 #15 type.registry] 
New type domain.Apostua

[2021-05-08 10:45:47 #16 type.registry] 
New type java.util.ArrayList<domain.Apostua>

[2021-05-08 10:45:47 #17 type] 
Type domain.Apostua is not enhanced.

[2021-05-08 10:45:47 #18 type.registry] 
New type java.util.ArrayList<domain.Question>

[2021-05-08 10:45:47 #19 type.registry] 
New type domain.Langile

[2021-05-08 10:45:47 #20 type] 
Type domain.Langile is not enhanced.

[2021-05-08 10:45:47 #21 type.registry] 
New type java.util.ArrayList<java.lang.Object>

[2021-05-08 10:45:47 #22 type.registry] 
New type java.util.Vector<java.lang.Object>

[2021-05-08 10:45:47 #23 type.registry] 
New type java.util.HashMap<java.lang.Object,java.lang.Object>

------------------------------------------------------------------------------------------------------------------------

[2021-05-08 10:47:11 #1 store] 
Database 'C:\Users\Jon Gonzalez\Desktop\UNI\2. maila\SI\PROIEKTUA\Bets21-master\src\main\resources\bets.temp' is opened by 21392@DESKTOP-BOOM0A2

[2021-05-08 10:47:11 #2 type.registry] 
New type domain.Question

[2021-05-08 10:47:11 #3 type] 
Type domain.Question is not enhanced.

[2021-05-08 10:47:11 #4 type.registry] 
New type domain.Event

[2021-05-08 10:47:11 #5 type.registry] 
New type java.util.HashMap<java.lang.String,java.lang.Double>

[2021-05-08 10:47:11 #6 type.registry] 
New type domain.Pertsona

[2021-05-08 10:47:11 #7 type.registry] 
New type domain.User

[2021-05-08 10:47:11 #8 type.registry] 
New type java.util.ArrayList<domain.User>

[2021-05-08 10:47:11 #9 type] 
Type domain.Event is not enhanced.

[2021-05-08 10:47:11 #10 type.registry] 
New type java.util.Vector<domain.Question>

[2021-05-08 10:47:11 #11 type] 
Type domain.Pertsona is not enhanced.

[2021-05-08 10:47:11 #12 type] 
Type domain.User is not enhanced.

[2021-05-08 10:47:11 #13 type.registry] 
New type java.util.ArrayList<java.lang.String>

[2021-05-08 10:47:11 #14 type.registry] 
New type java.util.HashMap<domain.User,java.lang.Double>

[2021-05-08 10:47:11 #15 type.registry] 
New type domain.Apostua

[2021-05-08 10:47:11 #16 type.registry] 
New type java.util.ArrayList<domain.Apostua>

[2021-05-08 10:47:11 #17 type] 
Type domain.Apostua is not enhanced.

[2021-05-08 10:47:11 #18 type.registry] 
New type java.util.ArrayList<domain.Question>

[2021-05-08 10:47:11 #19 type.registry] 
New type domain.Langile

[2021-05-08 10:47:11 #20 type] 
Type domain.Langile is not enhanced.

[2021-05-08 10:47:11 #21 type.registry] 
New type java.util.ArrayList<java.lang.Object>

[2021-05-08 10:47:11 #22 type.registry] 
New type java.util.Vector<java.lang.Object>

[2021-05-08 10:47:11 #23 type.registry] 
New type java.util.HashMap<java.lang.Object,java.lang.Object>

------------------------------------------------------------------------------------------------------------------------

[2021-05-08 10:48:29 #1 store] 
Database 'C:\Users\Jon Gonzalez\Desktop\UNI\2. maila\SI\PROIEKTUA\Bets21-master\src\main\resources\bets.temp' is opened by 10408@DESKTOP-BOOM0A2

[2021-05-08 10:48:29 #2 type.registry] 
New type domain.Question

[2021-05-08 10:48:29 #3 type] 
Type domain.Question is not enhanced.

[2021-05-08 10:48:29 #4 type.registry] 
New type domain.Event

[2021-05-08 10:48:29 #5 type.registry] 
New type java.util.HashMap<java.lang.String,java.lang.Double>

[2021-05-08 10:48:29 #6 type.registry] 
New type domain.Pertsona

[2021-05-08 10:48:29 #7 type.registry] 
New type domain.User

[2021-05-08 10:48:29 #8 type.registry] 
New type java.util.ArrayList<domain.User>

[2021-05-08 10:48:29 #9 type] 
Type domain.Event is not enhanced.

[2021-05-08 10:48:29 #10 type.registry] 
New type java.util.Vector<domain.Question>

[2021-05-08 10:48:29 #11 type] 
Type domain.Pertsona is not enhanced.

[2021-05-08 10:48:29 #12 type] 
Type domain.User is not enhanced.

[2021-05-08 10:48:29 #13 type.registry] 
New type java.util.ArrayList<java.lang.String>

[2021-05-08 10:48:29 #14 type.registry] 
New type java.util.HashMap<domain.User,java.lang.Double>

[2021-05-08 10:48:29 #15 type.registry] 
New type domain.Apostua

[2021-05-08 10:48:29 #16 type.registry] 
New type java.util.ArrayList<domain.Apostua>

[2021-05-08 10:48:29 #17 type] 
Type domain.Apostua is not enhanced.

[2021-05-08 10:48:29 #18 type.registry] 
New type java.util.ArrayList<domain.Question>

[2021-05-08 10:48:29 #19 type.registry] 
New type domain.Langile

[2021-05-08 10:48:29 #20 type] 
Type domain.Langile is not enhanced.

[2021-05-08 10:48:29 #21 type.registry] 
New type java.util.ArrayList<java.lang.Object>

[2021-05-08 10:48:29 #22 type.registry] 
New type java.util.Vector<java.lang.Object>

[2021-05-08 10:48:29 #23 type.registry] 
New type java.util.HashMap<java.lang.Object,java.lang.Object>

------------------------------------------------------------------------------------------------------------------------

[2021-05-08 10:49:04 #1 store] 
Database 'C:\Users\Jon Gonzalez\Desktop\UNI\2. maila\SI\PROIEKTUA\Bets21-master\src\main\resources\bets.temp' is opened by 11672@DESKTOP-BOOM0A2

[2021-05-08 10:49:04 #2 type.registry] 
New type domain.Question

[2021-05-08 10:49:04 #3 type] 
Type domain.Question is not enhanced.

[2021-05-08 10:49:04 #4 type.registry] 
New type domain.Event

[2021-05-08 10:49:04 #5 type.registry] 
New type java.util.HashMap<java.lang.String,java.lang.Double>

[2021-05-08 10:49:04 #6 type.registry] 
New type domain.Pertsona

[2021-05-08 10:49:04 #7 type.registry] 
New type domain.User

[2021-05-08 10:49:04 #8 type.registry] 
New type java.util.ArrayList<domain.User>

[2021-05-08 10:49:04 #9 type] 
Type domain.Event is not enhanced.

[2021-05-08 10:49:04 #10 type.registry] 
New type java.util.Vector<domain.Question>

[2021-05-08 10:49:04 #11 type] 
Type domain.Pertsona is not enhanced.

[2021-05-08 10:49:04 #12 type] 
Type domain.User is not enhanced.

[2021-05-08 10:49:04 #13 type.registry] 
New type java.util.ArrayList<java.lang.String>

[2021-05-08 10:49:04 #14 type.registry] 
New type java.util.HashMap<domain.User,java.lang.Double>

[2021-05-08 10:49:04 #15 type.registry] 
New type domain.Apostua

[2021-05-08 10:49:04 #16 type.registry] 
New type java.util.ArrayList<domain.Apostua>

[2021-05-08 10:49:04 #17 type] 
Type domain.Apostua is not enhanced.

[2021-05-08 10:49:04 #18 type.registry] 
New type java.util.ArrayList<domain.Question>

[2021-05-08 10:49:04 #19 type.registry] 
New type domain.Langile

[2021-05-08 10:49:04 #20 type] 
Type domain.Langile is not enhanced.

[2021-05-08 10:49:04 #21 type.registry] 
New type java.util.ArrayList<java.lang.Object>

[2021-05-08 10:49:04 #22 type.registry] 
New type java.util.Vector<java.lang.Object>

[2021-05-08 10:49:04 #23 type.registry] 
New type java.util.HashMap<java.lang.Object,java.lang.Object>

------------------------------------------------------------------------------------------------------------------------

[2021-05-08 10:54:12 #1 store] 
Database 'C:\Users\Jon Gonzalez\Desktop\UNI\2. maila\SI\PROIEKTUA\Bets21-master\src\main\resources\bets.temp' is opened by 14284@DESKTOP-BOOM0A2

[2021-05-08 10:54:12 #2 type.registry] 
New type domain.Question

[2021-05-08 10:54:12 #3 type] 
Type domain.Question is not enhanced.

[2021-05-08 10:54:12 #4 type.registry] 
New type domain.Event

[2021-05-08 10:54:12 #5 type.registry] 
New type java.util.HashMap<java.lang.String,java.lang.Double>

[2021-05-08 10:54:12 #6 type.registry] 
New type domain.Pertsona

[2021-05-08 10:54:12 #7 type.registry] 
New type domain.User

[2021-05-08 10:54:12 #8 type.registry] 
New type java.util.ArrayList<domain.User>

[2021-05-08 10:54:12 #9 type] 
Type domain.Event is not enhanced.

[2021-05-08 10:54:12 #10 type.registry] 
New type java.util.Vector<domain.Question>

[2021-05-08 10:54:12 #11 type] 
Type domain.Pertsona is not enhanced.

[2021-05-08 10:54:12 #12 type] 
Type domain.User is not enhanced.

[2021-05-08 10:54:12 #13 type.registry] 
New type java.util.ArrayList<java.lang.String>

[2021-05-08 10:54:12 #14 type.registry] 
New type java.util.HashMap<domain.User,java.lang.Double>

[2021-05-08 10:54:12 #15 type.registry] 
New type domain.Apostua

[2021-05-08 10:54:12 #16 type.registry] 
New type java.util.ArrayList<domain.Apostua>

[2021-05-08 10:54:12 #17 type] 
Type domain.Apostua is not enhanced.

[2021-05-08 10:54:12 #18 type.registry] 
New type java.util.ArrayList<domain.Question>

[2021-05-08 10:54:12 #19 type.registry] 
New type domain.Langile

[2021-05-08 10:54:12 #20 type] 
Type domain.Langile is not enhanced.

[2021-05-08 10:54:12 #21 type.registry] 
New type java.util.ArrayList<java.lang.Object>

[2021-05-08 10:54:12 #22 type.registry] 
New type java.util.Vector<java.lang.Object>

[2021-05-08 10:54:12 #23 type.registry] 
New type java.util.HashMap<java.lang.Object,java.lang.Object>

------------------------------------------------------------------------------------------------------------------------

[2021-05-08 11:05:02 #1 store] 
Database 'C:\Users\Jon Gonzalez\Desktop\UNI\2. maila\SI\PROIEKTUA\Bets21-master\src\main\resources\bets.temp' is opened by 6044@DESKTOP-BOOM0A2

[2021-05-08 11:05:02 #2 type.registry] 
New type domain.Question

[2021-05-08 11:05:02 #3 type] 
Type domain.Question is not enhanced.

[2021-05-08 11:05:02 #4 type.registry] 
New type domain.Event

[2021-05-08 11:05:02 #5 type.registry] 
New type java.util.HashMap<java.lang.String,java.lang.Double>

[2021-05-08 11:05:02 #6 type.registry] 
New type domain.Pertsona

[2021-05-08 11:05:02 #7 type.registry] 
New type domain.User

[2021-05-08 11:05:02 #8 type.registry] 
New type java.util.ArrayList<domain.User>

[2021-05-08 11:05:02 #9 type] 
Type domain.Event is not enhanced.

[2021-05-08 11:05:02 #10 type.registry] 
New type java.util.Vector<domain.Question>

[2021-05-08 11:05:02 #11 type] 
Type domain.Pertsona is not enhanced.

[2021-05-08 11:05:02 #12 type] 
Type domain.User is not enhanced.

[2021-05-08 11:05:02 #13 type.registry] 
New type java.util.ArrayList<java.lang.String>

[2021-05-08 11:05:02 #14 type.registry] 
New type java.util.HashMap<domain.User,java.lang.Double>

[2021-05-08 11:05:02 #15 type.registry] 
New type domain.Apostua

[2021-05-08 11:05:02 #16 type.registry] 
New type java.util.ArrayList<domain.Apostua>

[2021-05-08 11:05:02 #17 type] 
Type domain.Apostua is not enhanced.

[2021-05-08 11:05:02 #18 type.registry] 
New type java.util.ArrayList<domain.Question>

[2021-05-08 11:05:02 #19 type.registry] 
New type domain.Langile

[2021-05-08 11:05:02 #20 type] 
Type domain.Langile is not enhanced.

[2021-05-08 11:05:02 #21 type.registry] 
New type java.util.ArrayList<java.lang.Object>

[2021-05-08 11:05:02 #22 type.registry] 
New type java.util.Vector<java.lang.Object>

[2021-05-08 11:05:02 #23 type.registry] 
New type java.util.HashMap<java.lang.Object,java.lang.Object>

------------------------------------------------------------------------------------------------------------------------

[2021-05-08 11:25:30 #1 store] 
Database 'C:\Users\Jon Gonzalez\Desktop\UNI\2. maila\SI\PROIEKTUA\Bets21-master\src\main\resources\bets.temp' is opened by 18132@DESKTOP-BOOM0A2

[2021-05-08 11:25:30 #2 type.registry] 
New type domain.Question

[2021-05-08 11:25:30 #3 type] 
Type domain.Question is not enhanced.

[2021-05-08 11:25:30 #4 type.registry] 
New type domain.Event

[2021-05-08 11:25:30 #5 type.registry] 
New type java.util.HashMap<java.lang.String,java.lang.Double>

[2021-05-08 11:25:30 #6 type.registry] 
New type domain.Pertsona

[2021-05-08 11:25:30 #7 type.registry] 
New type domain.User

[2021-05-08 11:25:30 #8 type.registry] 
New type java.util.ArrayList<domain.User>

[2021-05-08 11:25:30 #9 type] 
Type domain.Event is not enhanced.

[2021-05-08 11:25:30 #10 type.registry] 
New type java.util.Vector<domain.Question>

[2021-05-08 11:25:30 #11 type] 
Type domain.Pertsona is not enhanced.

[2021-05-08 11:25:30 #12 type] 
Type domain.User is not enhanced.

[2021-05-08 11:25:30 #13 type.registry] 
New type java.util.ArrayList<java.lang.String>

[2021-05-08 11:25:30 #14 type.registry] 
New type java.util.HashMap<domain.User,java.lang.Double>

[2021-05-08 11:25:30 #15 type.registry] 
New type domain.Apostua

[2021-05-08 11:25:30 #16 type.registry] 
New type java.util.ArrayList<domain.Apostua>

[2021-05-08 11:25:30 #17 type] 
Type domain.Apostua is not enhanced.

[2021-05-08 11:25:30 #18 type.registry] 
New type java.util.ArrayList<domain.Question>

[2021-05-08 11:25:30 #19 type.registry] 
New type domain.Langile

[2021-05-08 11:25:30 #20 type] 
Type domain.Langile is not enhanced.

[2021-05-08 11:25:30 #21 type.registry] 
New type java.util.ArrayList<java.lang.Object>

[2021-05-08 11:25:30 #22 type.registry] 
New type java.util.Vector<java.lang.Object>

[2021-05-08 11:25:30 #23 type.registry] 
New type java.util.HashMap<java.lang.Object,java.lang.Object>

------------------------------------------------------------------------------------------------------------------------

[2021-05-08 12:15:03 #1 store] 
Database 'C:\Users\Jon Gonzalez\Desktop\UNI\2. maila\SI\PROIEKTUA\Bets21-master\src\main\resources\bets.temp' is opened by 3588@DESKTOP-BOOM0A2

[2021-05-08 12:15:03 #2 type.registry] 
New type domain.Question

[2021-05-08 12:15:03 #3 type] 
Type domain.Question is not enhanced.

[2021-05-08 12:15:03 #4 type.registry] 
New type domain.Event

[2021-05-08 12:15:03 #5 type.registry] 
New type java.util.HashMap<java.lang.String,java.lang.Double>

[2021-05-08 12:15:03 #6 type.registry] 
New type domain.Pertsona

[2021-05-08 12:15:03 #7 type.registry] 
New type domain.User

[2021-05-08 12:15:03 #8 type.registry] 
New type java.util.ArrayList<domain.User>

[2021-05-08 12:15:03 #9 type] 
Type domain.Event is not enhanced.

[2021-05-08 12:15:03 #10 type.registry] 
New type java.util.Vector<domain.Question>

[2021-05-08 12:15:03 #11 type] 
Type domain.Pertsona is not enhanced.

[2021-05-08 12:15:03 #12 type] 
Type domain.User is not enhanced.

[2021-05-08 12:15:03 #13 type.registry] 
New type java.util.ArrayList<java.lang.String>

[2021-05-08 12:15:03 #14 type.registry] 
New type java.util.HashMap<domain.User,java.lang.Double>

[2021-05-08 12:15:03 #15 type.registry] 
New type domain.Apostua

[2021-05-08 12:15:03 #16 type.registry] 
New type java.util.ArrayList<domain.Apostua>

[2021-05-08 12:15:03 #17 type] 
Type domain.Apostua is not enhanced.

[2021-05-08 12:15:03 #18 type.registry] 
New type java.util.ArrayList<domain.Question>

[2021-05-08 12:15:03 #19 type.registry] 
New type domain.Langile

[2021-05-08 12:15:03 #20 type] 
Type domain.Langile is not enhanced.

[2021-05-08 12:15:03 #21 type.registry] 
New type java.util.ArrayList<java.lang.Object>

[2021-05-08 12:15:03 #22 type.registry] 
New type java.util.Vector<java.lang.Object>

[2021-05-08 12:15:03 #23 type.registry] 
New type java.util.HashMap<java.lang.Object,java.lang.Object>

------------------------------------------------------------------------------------------------------------------------

[2021-05-08 12:16:11 #1 store] 
Database 'C:\Users\Jon Gonzalez\Desktop\UNI\2. maila\SI\PROIEKTUA\Bets21-master\src\main\resources\bets.temp' is opened by 17864@DESKTOP-BOOM0A2

[2021-05-08 12:16:11 #2 type.registry] 
New type domain.Question

[2021-05-08 12:16:11 #3 type] 
Type domain.Question is not enhanced.

[2021-05-08 12:16:11 #4 type.registry] 
New type domain.Event

[2021-05-08 12:16:11 #5 type.registry] 
New type java.util.HashMap<java.lang.String,java.lang.Double>

[2021-05-08 12:16:11 #6 type.registry] 
New type domain.Pertsona

[2021-05-08 12:16:11 #7 type.registry] 
New type domain.User

[2021-05-08 12:16:11 #8 type.registry] 
New type java.util.ArrayList<domain.User>

[2021-05-08 12:16:11 #9 type] 
Type domain.Event is not enhanced.

[2021-05-08 12:16:11 #10 type.registry] 
New type java.util.Vector<domain.Question>

[2021-05-08 12:16:11 #11 type] 
Type domain.Pertsona is not enhanced.

[2021-05-08 12:16:11 #12 type] 
Type domain.User is not enhanced.

[2021-05-08 12:16:11 #13 type.registry] 
New type java.util.ArrayList<java.lang.String>

[2021-05-08 12:16:11 #14 type.registry] 
New type java.util.HashMap<domain.User,java.lang.Double>

[2021-05-08 12:16:11 #15 type.registry] 
New type domain.Apostua

[2021-05-08 12:16:11 #16 type.registry] 
New type java.util.ArrayList<domain.Apostua>

[2021-05-08 12:16:11 #17 type] 
Type domain.Apostua is not enhanced.

[2021-05-08 12:16:11 #18 type.registry] 
New type java.util.ArrayList<domain.Question>

[2021-05-08 12:16:11 #19 type.registry] 
New type domain.Langile

[2021-05-08 12:16:11 #20 type] 
Type domain.Langile is not enhanced.

[2021-05-08 12:16:11 #21 type.registry] 
New type java.util.ArrayList<java.lang.Object>

[2021-05-08 12:16:11 #22 type.registry] 
New type java.util.Vector<java.lang.Object>

[2021-05-08 12:16:11 #23 type.registry] 
New type java.util.HashMap<java.lang.Object,java.lang.Object>

------------------------------------------------------------------------------------------------------------------------

[2021-05-08 12:17:31 #1 store] 
Database 'C:\Users\Jon Gonzalez\Desktop\UNI\2. maila\SI\PROIEKTUA\Bets21-master\src\main\resources\bets.temp' is opened by 16052@DESKTOP-BOOM0A2

[2021-05-08 12:17:32 #2 type.registry] 
New type domain.Question

[2021-05-08 12:17:32 #3 type] 
Type domain.Question is not enhanced.

[2021-05-08 12:17:32 #4 type.registry] 
New type domain.Event

[2021-05-08 12:17:32 #5 type.registry] 
New type java.util.HashMap<java.lang.String,java.lang.Double>

[2021-05-08 12:17:32 #6 type.registry] 
New type domain.Pertsona

[2021-05-08 12:17:32 #7 type.registry] 
New type domain.User

[2021-05-08 12:17:32 #8 type.registry] 
New type java.util.ArrayList<domain.User>

[2021-05-08 12:17:32 #9 type] 
Type domain.Event is not enhanced.

[2021-05-08 12:17:32 #10 type.registry] 
New type java.util.Vector<domain.Question>

[2021-05-08 12:17:32 #11 type] 
Type domain.Pertsona is not enhanced.

[2021-05-08 12:17:32 #12 type] 
Type domain.User is not enhanced.

[2021-05-08 12:17:32 #13 type.registry] 
New type java.util.ArrayList<java.lang.String>

[2021-05-08 12:17:32 #14 type.registry] 
New type java.util.HashMap<domain.User,java.lang.Double>

[2021-05-08 12:17:32 #15 type.registry] 
New type domain.Apostua

[2021-05-08 12:17:32 #16 type.registry] 
New type java.util.ArrayList<domain.Apostua>

[2021-05-08 12:17:32 #17 type] 
Type domain.Apostua is not enhanced.

[2021-05-08 12:17:32 #18 type.registry] 
New type java.util.ArrayList<domain.Question>

[2021-05-08 12:17:32 #19 type.registry] 
New type domain.Langile

[2021-05-08 12:17:32 #20 type] 
Type domain.Langile is not enhanced.

[2021-05-08 12:17:32 #21 type.registry] 
New type java.util.ArrayList<java.lang.Object>

[2021-05-08 12:17:32 #22 type.registry] 
New type java.util.Vector<java.lang.Object>

[2021-05-08 12:17:32 #23 type.registry] 
New type java.util.HashMap<java.lang.Object,java.lang.Object>

------------------------------------------------------------------------------------------------------------------------

[2021-05-08 12:18:08 #1 store] 
Database 'C:\Users\Jon Gonzalez\Desktop\UNI\2. maila\SI\PROIEKTUA\Bets21-master\src\main\resources\bets.temp' is opened by 2404@DESKTOP-BOOM0A2

[2021-05-08 12:18:08 #2 type.registry] 
New type domain.Question

[2021-05-08 12:18:08 #3 type] 
Type domain.Question is not enhanced.

[2021-05-08 12:18:08 #4 type.registry] 
New type domain.Event

[2021-05-08 12:18:08 #5 type.registry] 
New type java.util.HashMap<java.lang.String,java.lang.Double>

[2021-05-08 12:18:08 #6 type.registry] 
New type domain.Pertsona

[2021-05-08 12:18:08 #7 type.registry] 
New type domain.User

[2021-05-08 12:18:08 #8 type.registry] 
New type java.util.ArrayList<domain.User>

[2021-05-08 12:18:08 #9 type] 
Type domain.Event is not enhanced.

[2021-05-08 12:18:08 #10 type.registry] 
New type java.util.Vector<domain.Question>

[2021-05-08 12:18:08 #11 type] 
Type domain.Pertsona is not enhanced.

[2021-05-08 12:18:08 #12 type] 
Type domain.User is not enhanced.

[2021-05-08 12:18:08 #13 type.registry] 
New type java.util.ArrayList<java.lang.String>

[2021-05-08 12:18:08 #14 type.registry] 
New type java.util.HashMap<domain.User,java.lang.Double>

[2021-05-08 12:18:08 #15 type.registry] 
New type domain.Apostua

[2021-05-08 12:18:08 #16 type.registry] 
New type java.util.ArrayList<domain.Apostua>

[2021-05-08 12:18:08 #17 type] 
Type domain.Apostua is not enhanced.

[2021-05-08 12:18:08 #18 type.registry] 
New type java.util.ArrayList<domain.Question>

[2021-05-08 12:18:08 #19 type.registry] 
New type domain.Langile

[2021-05-08 12:18:08 #20 type] 
Type domain.Langile is not enhanced.

[2021-05-08 12:18:08 #21 type.registry] 
New type java.util.ArrayList<java.lang.Object>

[2021-05-08 12:18:08 #22 type.registry] 
New type java.util.Vector<java.lang.Object>

[2021-05-08 12:18:08 #23 type.registry] 
New type java.util.HashMap<java.lang.Object,java.lang.Object>

------------------------------------------------------------------------------------------------------------------------

[2021-05-08 12:19:44 #1 store] 
Database 'C:\Users\Jon Gonzalez\Desktop\UNI\2. maila\SI\PROIEKTUA\Bets21-master\src\main\resources\bets.temp' is opened by 9748@DESKTOP-BOOM0A2

[2021-05-08 12:19:45 #2 type.registry] 
New type domain.Question

[2021-05-08 12:19:45 #3 type] 
Type domain.Question is not enhanced.

[2021-05-08 12:19:45 #4 type.registry] 
New type domain.Event

[2021-05-08 12:19:45 #5 type.registry] 
New type java.util.HashMap<java.lang.String,java.lang.Double>

[2021-05-08 12:19:45 #6 type.registry] 
New type domain.Pertsona

[2021-05-08 12:19:45 #7 type.registry] 
New type domain.User

[2021-05-08 12:19:45 #8 type.registry] 
New type java.util.ArrayList<domain.User>

[2021-05-08 12:19:45 #9 type] 
Type domain.Event is not enhanced.

[2021-05-08 12:19:45 #10 type.registry] 
New type java.util.Vector<domain.Question>

[2021-05-08 12:19:45 #11 type] 
Type domain.Pertsona is not enhanced.

[2021-05-08 12:19:45 #12 type] 
Type domain.User is not enhanced.

[2021-05-08 12:19:45 #13 type.registry] 
New type java.util.ArrayList<java.lang.String>

[2021-05-08 12:19:45 #14 type.registry] 
New type java.util.HashMap<domain.User,java.lang.Double>

[2021-05-08 12:19:45 #15 type.registry] 
New type domain.Apostua

[2021-05-08 12:19:45 #16 type.registry] 
New type java.util.ArrayList<domain.Apostua>

[2021-05-08 12:19:45 #17 type] 
Type domain.Apostua is not enhanced.

[2021-05-08 12:19:45 #18 type.registry] 
New type java.util.ArrayList<domain.Question>

[2021-05-08 12:19:45 #19 type.registry] 
New type domain.Langile

[2021-05-08 12:19:45 #20 type] 
Type domain.Langile is not enhanced.

[2021-05-08 12:19:45 #21 type.registry] 
New type java.util.ArrayList<java.lang.Object>

[2021-05-08 12:19:45 #22 type.registry] 
New type java.util.Vector<java.lang.Object>

[2021-05-08 12:19:45 #23 type.registry] 
New type java.util.HashMap<java.lang.Object,java.lang.Object>

------------------------------------------------------------------------------------------------------------------------

[2021-05-08 12:20:11 #1 store] 
Database 'C:\Users\Jon Gonzalez\Desktop\UNI\2. maila\SI\PROIEKTUA\Bets21-master\src\main\resources\bets.temp' is opened by 3664@DESKTOP-BOOM0A2

[2021-05-08 12:20:11 #2 type.registry] 
New type domain.Question

[2021-05-08 12:20:11 #3 type] 
Type domain.Question is not enhanced.

[2021-05-08 12:20:11 #4 type.registry] 
New type domain.Event

[2021-05-08 12:20:11 #5 type.registry] 
New type java.util.HashMap<java.lang.String,java.lang.Double>

[2021-05-08 12:20:11 #6 type.registry] 
New type domain.Pertsona

[2021-05-08 12:20:11 #7 type.registry] 
New type domain.User

[2021-05-08 12:20:11 #8 type.registry] 
New type java.util.ArrayList<domain.User>

[2021-05-08 12:20:11 #9 type] 
Type domain.Event is not enhanced.

[2021-05-08 12:20:11 #10 type.registry] 
New type java.util.Vector<domain.Question>

[2021-05-08 12:20:11 #11 type] 
Type domain.Pertsona is not enhanced.

[2021-05-08 12:20:11 #12 type] 
Type domain.User is not enhanced.

[2021-05-08 12:20:11 #13 type.registry] 
New type java.util.ArrayList<java.lang.String>

[2021-05-08 12:20:11 #14 type.registry] 
New type java.util.HashMap<domain.User,java.lang.Double>

[2021-05-08 12:20:11 #15 type.registry] 
New type domain.Apostua

[2021-05-08 12:20:11 #16 type.registry] 
New type java.util.ArrayList<domain.Apostua>

[2021-05-08 12:20:11 #17 type] 
Type domain.Apostua is not enhanced.

[2021-05-08 12:20:11 #18 type.registry] 
New type java.util.ArrayList<domain.Question>

[2021-05-08 12:20:11 #19 type.registry] 
New type domain.Langile

[2021-05-08 12:20:11 #20 type] 
Type domain.Langile is not enhanced.

[2021-05-08 12:20:11 #21 type.registry] 
New type java.util.ArrayList<java.lang.Object>

[2021-05-08 12:20:11 #22 type.registry] 
New type java.util.Vector<java.lang.Object>

[2021-05-08 12:20:11 #23 type.registry] 
New type java.util.HashMap<java.lang.Object,java.lang.Object>

------------------------------------------------------------------------------------------------------------------------

[2021-05-08 12:22:43 #1 store] 
Database 'C:\Users\Jon Gonzalez\Desktop\UNI\2. maila\SI\PROIEKTUA\Bets21-master\src\main\resources\bets.temp' is opened by 3216@DESKTOP-BOOM0A2

[2021-05-08 12:22:43 #2 type.registry] 
New type domain.Question

[2021-05-08 12:22:43 #3 type] 
Type domain.Question is not enhanced.

[2021-05-08 12:22:43 #4 type.registry] 
New type domain.Event

[2021-05-08 12:22:43 #5 type.registry] 
New type java.util.HashMap<java.lang.String,java.lang.Double>

[2021-05-08 12:22:43 #6 type.registry] 
New type domain.Pertsona

[2021-05-08 12:22:43 #7 type.registry] 
New type domain.User

[2021-05-08 12:22:43 #8 type.registry] 
New type java.util.ArrayList<domain.User>

[2021-05-08 12:22:43 #9 type] 
Type domain.Event is not enhanced.

[2021-05-08 12:22:43 #10 type.registry] 
New type java.util.Vector<domain.Question>

[2021-05-08 12:22:43 #11 type] 
Type domain.Pertsona is not enhanced.

[2021-05-08 12:22:43 #12 type] 
Type domain.User is not enhanced.

[2021-05-08 12:22:43 #13 type.registry] 
New type java.util.ArrayList<java.lang.String>

[2021-05-08 12:22:43 #14 type.registry] 
New type java.util.HashMap<domain.User,java.lang.Double>

[2021-05-08 12:22:43 #15 type.registry] 
New type domain.Apostua

[2021-05-08 12:22:43 #16 type.registry] 
New type java.util.ArrayList<domain.Apostua>

[2021-05-08 12:22:43 #17 type] 
Type domain.Apostua is not enhanced.

[2021-05-08 12:22:43 #18 type.registry] 
New type java.util.ArrayList<domain.Question>

[2021-05-08 12:22:43 #19 type.registry] 
New type domain.Langile

[2021-05-08 12:22:43 #20 type] 
Type domain.Langile is not enhanced.

[2021-05-08 12:22:43 #21 type.registry] 
New type java.util.ArrayList<java.lang.Object>

[2021-05-08 12:22:43 #22 type.registry] 
New type java.util.Vector<java.lang.Object>

[2021-05-08 12:22:43 #23 type.registry] 
New type java.util.HashMap<java.lang.Object,java.lang.Object>

------------------------------------------------------------------------------------------------------------------------

[2021-05-08 12:25:49 #1 store] 
Database 'C:\Users\Jon Gonzalez\Desktop\UNI\2. maila\SI\PROIEKTUA\Bets21-master\src\main\resources\bets.temp' is opened by 11144@DESKTOP-BOOM0A2

[2021-05-08 12:25:50 #2 type.registry] 
New type domain.Question

[2021-05-08 12:25:50 #3 type] 
Type domain.Question is not enhanced.

[2021-05-08 12:25:50 #4 type.registry] 
New type domain.Event

[2021-05-08 12:25:50 #5 type.registry] 
New type java.util.HashMap<java.lang.String,java.lang.Double>

[2021-05-08 12:25:50 #6 type.registry] 
New type domain.Pertsona

[2021-05-08 12:25:50 #7 type.registry] 
New type domain.User

[2021-05-08 12:25:50 #8 type.registry] 
New type java.util.ArrayList<domain.User>

[2021-05-08 12:25:50 #9 type] 
Type domain.Event is not enhanced.

[2021-05-08 12:25:50 #10 type.registry] 
New type java.util.Vector<domain.Question>

[2021-05-08 12:25:50 #11 type] 
Type domain.Pertsona is not enhanced.

[2021-05-08 12:25:50 #12 type] 
Type domain.User is not enhanced.

[2021-05-08 12:25:50 #13 type.registry] 
New type java.util.ArrayList<java.lang.String>

[2021-05-08 12:25:50 #14 type.registry] 
New type java.util.HashMap<domain.User,java.lang.Double>

[2021-05-08 12:25:50 #15 type.registry] 
New type domain.Apostua

[2021-05-08 12:25:50 #16 type.registry] 
New type java.util.ArrayList<domain.Apostua>

[2021-05-08 12:25:50 #17 type] 
Type domain.Apostua is not enhanced.

[2021-05-08 12:25:50 #18 type.registry] 
New type java.util.ArrayList<domain.Question>

[2021-05-08 12:25:50 #19 type.registry] 
New type domain.Langile

[2021-05-08 12:25:50 #20 type] 
Type domain.Langile is not enhanced.

[2021-05-08 12:25:50 #21 type.registry] 
New type java.util.ArrayList<java.lang.Object>

[2021-05-08 12:25:50 #22 type.registry] 
New type java.util.Vector<java.lang.Object>

[2021-05-08 12:25:50 #23 type.registry] 
New type java.util.HashMap<java.lang.Object,java.lang.Object>

------------------------------------------------------------------------------------------------------------------------

[2021-05-08 12:27:38 #1 store] 
Database 'C:\Users\Jon Gonzalez\Desktop\UNI\2. maila\SI\PROIEKTUA\Bets21-master\src\main\resources\bets.temp' is opened by 20180@DESKTOP-BOOM0A2

[2021-05-08 12:27:38 #2 type.registry] 
New type domain.Question

[2021-05-08 12:27:38 #3 type] 
Type domain.Question is not enhanced.

[2021-05-08 12:27:38 #4 type.registry] 
New type domain.Event

[2021-05-08 12:27:38 #5 type.registry] 
New type java.util.HashMap<java.lang.String,java.lang.Double>

[2021-05-08 12:27:38 #6 type.registry] 
New type domain.Pertsona

[2021-05-08 12:27:38 #7 type.registry] 
New type domain.User

[2021-05-08 12:27:38 #8 type.registry] 
New type java.util.ArrayList<domain.User>

[2021-05-08 12:27:38 #9 type] 
Type domain.Event is not enhanced.

[2021-05-08 12:27:38 #10 type.registry] 
New type java.util.Vector<domain.Question>

[2021-05-08 12:27:38 #11 type] 
Type domain.Pertsona is not enhanced.

[2021-05-08 12:27:38 #12 type] 
Type domain.User is not enhanced.

[2021-05-08 12:27:38 #13 type.registry] 
New type java.util.ArrayList<java.lang.String>

[2021-05-08 12:27:38 #14 type.registry] 
New type java.util.HashMap<domain.User,java.lang.Double>

[2021-05-08 12:27:38 #15 type.registry] 
New type domain.Apostua

[2021-05-08 12:27:38 #16 type.registry] 
New type java.util.ArrayList<domain.Apostua>

[2021-05-08 12:27:38 #17 type] 
Type domain.Apostua is not enhanced.

[2021-05-08 12:27:38 #18 type.registry] 
New type java.util.ArrayList<domain.Question>

[2021-05-08 12:27:38 #19 type.registry] 
New type domain.Langile

[2021-05-08 12:27:38 #20 type] 
Type domain.Langile is not enhanced.

[2021-05-08 12:27:38 #21 type.registry] 
New type java.util.ArrayList<java.lang.Object>

[2021-05-08 12:27:38 #22 type.registry] 
New type java.util.Vector<java.lang.Object>

[2021-05-08 12:27:38 #23 type.registry] 
New type java.util.HashMap<java.lang.Object,java.lang.Object>

------------------------------------------------------------------------------------------------------------------------

[2021-05-08 12:31:06 #1 store] 
Database 'C:\Users\Jon Gonzalez\Desktop\UNI\2. maila\SI\PROIEKTUA\Bets21-master\src\main\resources\bets.temp' is opened by 16488@DESKTOP-BOOM0A2

[2021-05-08 12:31:06 #2 type.registry] 
New type domain.Question

[2021-05-08 12:31:06 #3 type] 
Type domain.Question is not enhanced.

[2021-05-08 12:31:06 #4 type.registry] 
New type domain.Event

[2021-05-08 12:31:06 #5 type.registry] 
New type java.util.HashMap<java.lang.String,java.lang.Double>

[2021-05-08 12:31:06 #6 type.registry] 
New type domain.Pertsona

[2021-05-08 12:31:06 #7 type.registry] 
New type domain.User

[2021-05-08 12:31:06 #8 type.registry] 
New type java.util.ArrayList<domain.User>

[2021-05-08 12:31:06 #9 type] 
Type domain.Event is not enhanced.

[2021-05-08 12:31:06 #10 type.registry] 
New type java.util.Vector<domain.Question>

[2021-05-08 12:31:06 #11 type] 
Type domain.Pertsona is not enhanced.

[2021-05-08 12:31:06 #12 type] 
Type domain.User is not enhanced.

[2021-05-08 12:31:06 #13 type.registry] 
New type java.util.ArrayList<java.lang.String>

[2021-05-08 12:31:06 #14 type.registry] 
New type java.util.HashMap<domain.User,java.lang.Double>

[2021-05-08 12:31:06 #15 type.registry] 
New type domain.Apostua

[2021-05-08 12:31:06 #16 type.registry] 
New type java.util.ArrayList<domain.Apostua>

[2021-05-08 12:31:06 #17 type] 
Type domain.Apostua is not enhanced.

[2021-05-08 12:31:06 #18 type.registry] 
New type java.util.ArrayList<domain.Question>

[2021-05-08 12:31:06 #19 type.registry] 
New type domain.Langile

[2021-05-08 12:31:06 #20 type] 
Type domain.Langile is not enhanced.

[2021-05-08 12:31:06 #21 type.registry] 
New type java.util.ArrayList<java.lang.Object>

[2021-05-08 12:31:06 #22 type.registry] 
New type java.util.Vector<java.lang.Object>

[2021-05-08 12:31:06 #23 type.registry] 
New type java.util.HashMap<java.lang.Object,java.lang.Object>

------------------------------------------------------------------------------------------------------------------------

[2021-05-08 12:36:25 #1 store] 
Database 'C:\Users\Jon Gonzalez\Desktop\UNI\2. maila\SI\PROIEKTUA\Bets21-master\src\main\resources\bets.temp' is opened by 17132@DESKTOP-BOOM0A2

[2021-05-08 12:36:25 #2 type.registry] 
New type domain.Question

[2021-05-08 12:36:25 #3 type] 
Type domain.Question is not enhanced.

[2021-05-08 12:36:25 #4 type.registry] 
New type domain.Event

[2021-05-08 12:36:25 #5 type.registry] 
New type java.util.HashMap<java.lang.String,java.lang.Double>

[2021-05-08 12:36:25 #6 type.registry] 
New type domain.Pertsona

[2021-05-08 12:36:25 #7 type.registry] 
New type domain.User

[2021-05-08 12:36:25 #8 type.registry] 
New type java.util.ArrayList<domain.User>

[2021-05-08 12:36:25 #9 type] 
Type domain.Event is not enhanced.

[2021-05-08 12:36:25 #10 type.registry] 
New type java.util.Vector<domain.Question>

[2021-05-08 12:36:25 #11 type] 
Type domain.Pertsona is not enhanced.

[2021-05-08 12:36:25 #12 type] 
Type domain.User is not enhanced.

[2021-05-08 12:36:25 #13 type.registry] 
New type java.util.ArrayList<java.lang.String>

[2021-05-08 12:36:25 #14 type.registry] 
New type java.util.HashMap<domain.User,java.lang.Double>

[2021-05-08 12:36:25 #15 type.registry] 
New type domain.Apostua

[2021-05-08 12:36:25 #16 type.registry] 
New type java.util.ArrayList<domain.Apostua>

[2021-05-08 12:36:25 #17 type] 
Type domain.Apostua is not enhanced.

[2021-05-08 12:36:25 #18 type.registry] 
New type java.util.ArrayList<domain.Question>

[2021-05-08 12:36:25 #19 type.registry] 
New type domain.Langile

[2021-05-08 12:36:25 #20 type] 
Type domain.Langile is not enhanced.

[2021-05-08 12:36:25 #21 type.registry] 
New type java.util.ArrayList<java.lang.Object>

[2021-05-08 12:36:25 #22 type.registry] 
New type java.util.Vector<java.lang.Object>

[2021-05-08 12:36:25 #23 type.registry] 
New type java.util.HashMap<java.lang.Object,java.lang.Object>

------------------------------------------------------------------------------------------------------------------------

[2021-05-08 12:39:36 #1 store] 
Database 'C:\Users\Jon Gonzalez\Desktop\UNI\2. maila\SI\PROIEKTUA\Bets21-master\src\main\resources\bets.temp' is opened by 6968@DESKTOP-BOOM0A2

[2021-05-08 12:39:36 #2 type.registry] 
New type domain.Question

[2021-05-08 12:39:36 #3 type] 
Type domain.Question is not enhanced.

[2021-05-08 12:39:36 #4 type.registry] 
New type domain.Event

[2021-05-08 12:39:36 #5 type.registry] 
New type java.util.HashMap<java.lang.String,java.lang.Double>

[2021-05-08 12:39:36 #6 type.registry] 
New type domain.Pertsona

[2021-05-08 12:39:36 #7 type.registry] 
New type domain.User

[2021-05-08 12:39:36 #8 type.registry] 
New type java.util.ArrayList<domain.User>

[2021-05-08 12:39:36 #9 type] 
Type domain.Event is not enhanced.

[2021-05-08 12:39:36 #10 type.registry] 
New type java.util.Vector<domain.Question>

[2021-05-08 12:39:36 #11 type] 
Type domain.Pertsona is not enhanced.

[2021-05-08 12:39:36 #12 type] 
Type domain.User is not enhanced.

[2021-05-08 12:39:36 #13 type.registry] 
New type java.util.ArrayList<java.lang.String>

[2021-05-08 12:39:36 #14 type.registry] 
New type java.util.HashMap<domain.User,java.lang.Double>

[2021-05-08 12:39:36 #15 type.registry] 
New type domain.Apostua

[2021-05-08 12:39:36 #16 type.registry] 
New type java.util.ArrayList<domain.Apostua>

[2021-05-08 12:39:36 #17 type] 
Type domain.Apostua is not enhanced.

[2021-05-08 12:39:36 #18 type.registry] 
New type java.util.ArrayList<domain.Question>

[2021-05-08 12:39:36 #19 type.registry] 
New type domain.Langile

[2021-05-08 12:39:36 #20 type] 
Type domain.Langile is not enhanced.

[2021-05-08 12:39:36 #21 type.registry] 
New type java.util.ArrayList<java.lang.Object>

[2021-05-08 12:39:36 #22 type.registry] 
New type java.util.Vector<java.lang.Object>

[2021-05-08 12:39:36 #23 type.registry] 
New type java.util.HashMap<java.lang.Object,java.lang.Object>

------------------------------------------------------------------------------------------------------------------------

[2021-05-08 12:41:37 #1 store] 
Database 'C:\Users\Jon Gonzalez\Desktop\UNI\2. maila\SI\PROIEKTUA\Bets21-master\src\main\resources\bets.temp' is opened by 12332@DESKTOP-BOOM0A2

[2021-05-08 12:41:37 #2 type.registry] 
New type domain.Question

[2021-05-08 12:41:37 #3 type] 
Type domain.Question is not enhanced.

[2021-05-08 12:41:37 #4 type.registry] 
New type domain.Event

[2021-05-08 12:41:37 #5 type.registry] 
New type java.util.HashMap<java.lang.String,java.lang.Double>

[2021-05-08 12:41:37 #6 type.registry] 
New type domain.Pertsona

[2021-05-08 12:41:37 #7 type.registry] 
New type domain.User

[2021-05-08 12:41:37 #8 type.registry] 
New type java.util.ArrayList<domain.User>

[2021-05-08 12:41:37 #9 type] 
Type domain.Event is not enhanced.

[2021-05-08 12:41:37 #10 type.registry] 
New type java.util.Vector<domain.Question>

[2021-05-08 12:41:37 #11 type] 
Type domain.Pertsona is not enhanced.

[2021-05-08 12:41:37 #12 type] 
Type domain.User is not enhanced.

[2021-05-08 12:41:37 #13 type.registry] 
New type java.util.ArrayList<java.lang.String>

[2021-05-08 12:41:37 #14 type.registry] 
New type java.util.HashMap<domain.User,java.lang.Double>

[2021-05-08 12:41:37 #15 type.registry] 
New type domain.Apostua

[2021-05-08 12:41:37 #16 type.registry] 
New type java.util.ArrayList<domain.Apostua>

[2021-05-08 12:41:37 #17 type] 
Type domain.Apostua is not enhanced.

[2021-05-08 12:41:37 #18 type.registry] 
New type java.util.ArrayList<domain.Question>

[2021-05-08 12:41:37 #19 type.registry] 
New type domain.Langile

[2021-05-08 12:41:37 #20 type] 
Type domain.Langile is not enhanced.

[2021-05-08 12:41:37 #21 type.registry] 
New type java.util.ArrayList<java.lang.Object>

[2021-05-08 12:41:37 #22 type.registry] 
New type java.util.Vector<java.lang.Object>

[2021-05-08 12:41:37 #23 type.registry] 
New type java.util.HashMap<java.lang.Object,java.lang.Object>

------------------------------------------------------------------------------------------------------------------------

[2021-05-08 12:45:33 #1 store] 
Database 'C:\Users\Jon Gonzalez\Desktop\UNI\2. maila\SI\PROIEKTUA\Bets21-master\src\main\resources\bets.temp' is opened by 13916@DESKTOP-BOOM0A2

[2021-05-08 12:45:33 #2 type.registry] 
New type domain.Question

[2021-05-08 12:45:33 #3 type] 
Type domain.Question is not enhanced.

[2021-05-08 12:45:33 #4 type.registry] 
New type domain.Event

[2021-05-08 12:45:33 #5 type.registry] 
New type java.util.HashMap<java.lang.String,java.lang.Double>

[2021-05-08 12:45:33 #6 type.registry] 
New type domain.Pertsona

[2021-05-08 12:45:33 #7 type.registry] 
New type domain.User

[2021-05-08 12:45:33 #8 type.registry] 
New type java.util.ArrayList<domain.User>

[2021-05-08 12:45:33 #9 type] 
Type domain.Event is not enhanced.

[2021-05-08 12:45:33 #10 type.registry] 
New type java.util.Vector<domain.Question>

[2021-05-08 12:45:33 #11 type] 
Type domain.Pertsona is not enhanced.

[2021-05-08 12:45:33 #12 type] 
Type domain.User is not enhanced.

[2021-05-08 12:45:33 #13 type.registry] 
New type java.util.ArrayList<java.lang.String>

[2021-05-08 12:45:33 #14 type.registry] 
New type java.util.HashMap<domain.User,java.lang.Double>

[2021-05-08 12:45:33 #15 type.registry] 
New type domain.Apostua

[2021-05-08 12:45:33 #16 type.registry] 
New type java.util.ArrayList<domain.Apostua>

[2021-05-08 12:45:33 #17 type] 
Type domain.Apostua is not enhanced.

[2021-05-08 12:45:33 #18 type.registry] 
New type java.util.ArrayList<domain.Question>

[2021-05-08 12:45:33 #19 type.registry] 
New type domain.Langile

[2021-05-08 12:45:33 #20 type] 
Type domain.Langile is not enhanced.

[2021-05-08 12:45:33 #21 type.registry] 
New type java.util.ArrayList<java.lang.Object>

[2021-05-08 12:45:33 #22 type.registry] 
New type java.util.Vector<java.lang.Object>

[2021-05-08 12:45:33 #23 type.registry] 
New type java.util.HashMap<java.lang.Object,java.lang.Object>

------------------------------------------------------------------------------------------------------------------------

[2021-05-08 12:51:07 #1 store] 
Database 'C:\Users\Jon Gonzalez\Desktop\UNI\2. maila\SI\PROIEKTUA\Bets21-master\src\main\resources\bets.temp' is opened by 16040@DESKTOP-BOOM0A2

[2021-05-08 12:51:07 #2 type.registry] 
New type domain.Question

[2021-05-08 12:51:07 #3 type] 
Type domain.Question is not enhanced.

[2021-05-08 12:51:07 #4 type.registry] 
New type domain.Event

[2021-05-08 12:51:07 #5 type.registry] 
New type java.util.HashMap<java.lang.String,java.lang.Double>

[2021-05-08 12:51:07 #6 type.registry] 
New type domain.Pertsona

[2021-05-08 12:51:07 #7 type.registry] 
New type domain.User

[2021-05-08 12:51:07 #8 type.registry] 
New type java.util.ArrayList<domain.User>

[2021-05-08 12:51:07 #9 type] 
Type domain.Event is not enhanced.

[2021-05-08 12:51:07 #10 type.registry] 
New type java.util.Vector<domain.Question>

[2021-05-08 12:51:07 #11 type] 
Type domain.Pertsona is not enhanced.

[2021-05-08 12:51:07 #12 type] 
Type domain.User is not enhanced.

[2021-05-08 12:51:07 #13 type.registry] 
New type java.util.ArrayList<java.lang.String>

[2021-05-08 12:51:07 #14 type.registry] 
New type java.util.HashMap<domain.User,java.lang.Double>

[2021-05-08 12:51:07 #15 type.registry] 
New type domain.Apostua

[2021-05-08 12:51:07 #16 type.registry] 
New type java.util.ArrayList<domain.Apostua>

[2021-05-08 12:51:07 #17 type] 
Type domain.Apostua is not enhanced.

[2021-05-08 12:51:07 #18 type.registry] 
New type java.util.ArrayList<domain.Question>

[2021-05-08 12:51:07 #19 type.registry] 
New type domain.Langile

[2021-05-08 12:51:07 #20 type] 
Type domain.Langile is not enhanced.

[2021-05-08 12:51:07 #21 type.registry] 
New type java.util.ArrayList<java.lang.Object>

[2021-05-08 12:51:07 #22 type.registry] 
New type java.util.Vector<java.lang.Object>

[2021-05-08 12:51:07 #23 type.registry] 
New type java.util.HashMap<java.lang.Object,java.lang.Object>

------------------------------------------------------------------------------------------------------------------------

[2021-05-08 12:53:38 #1 store] 
Database 'C:\Users\Jon Gonzalez\Desktop\UNI\2. maila\SI\PROIEKTUA\Bets21-master\src\main\resources\bets.temp' is opened by 11532@DESKTOP-BOOM0A2

[2021-05-08 12:53:38 #2 type.registry] 
New type domain.Question

[2021-05-08 12:53:38 #3 type] 
Type domain.Question is not enhanced.

[2021-05-08 12:53:38 #4 type.registry] 
New type domain.Event

[2021-05-08 12:53:39 #5 type.registry] 
New type java.util.HashMap<java.lang.String,java.lang.Double>

[2021-05-08 12:53:39 #6 type.registry] 
New type domain.Pertsona

[2021-05-08 12:53:39 #7 type.registry] 
New type domain.User

[2021-05-08 12:53:39 #8 type.registry] 
New type java.util.ArrayList<domain.User>

[2021-05-08 12:53:39 #9 type] 
Type domain.Event is not enhanced.

[2021-05-08 12:53:39 #10 type.registry] 
New type java.util.Vector<domain.Question>

[2021-05-08 12:53:39 #11 type] 
Type domain.Pertsona is not enhanced.

[2021-05-08 12:53:39 #12 type] 
Type domain.User is not enhanced.

[2021-05-08 12:53:39 #13 type.registry] 
New type java.util.ArrayList<java.lang.String>

[2021-05-08 12:53:39 #14 type.registry] 
New type java.util.HashMap<domain.User,java.lang.Double>

[2021-05-08 12:53:39 #15 type.registry] 
New type domain.Apostua

[2021-05-08 12:53:39 #16 type.registry] 
New type java.util.ArrayList<domain.Apostua>

[2021-05-08 12:53:39 #17 type] 
Type domain.Apostua is not enhanced.

[2021-05-08 12:53:39 #18 type.registry] 
New type java.util.ArrayList<domain.Question>

[2021-05-08 12:53:39 #19 type.registry] 
New type domain.Langile

[2021-05-08 12:53:39 #20 type] 
Type domain.Langile is not enhanced.

[2021-05-08 12:53:39 #21 type.registry] 
New type java.util.ArrayList<java.lang.Object>

[2021-05-08 12:53:39 #22 type.registry] 
New type java.util.Vector<java.lang.Object>

[2021-05-08 12:53:39 #23 type.registry] 
New type java.util.HashMap<java.lang.Object,java.lang.Object>

------------------------------------------------------------------------------------------------------------------------

[2021-05-08 12:56:29 #1 store] 
Database 'C:\Users\Jon Gonzalez\Desktop\UNI\2. maila\SI\PROIEKTUA\Bets21-master\src\main\resources\bets.temp' is opened by 9336@DESKTOP-BOOM0A2

[2021-05-08 12:56:29 #2 type.registry] 
New type domain.Question

[2021-05-08 12:56:29 #3 type] 
Type domain.Question is not enhanced.

[2021-05-08 12:56:29 #4 type.registry] 
New type domain.Event

[2021-05-08 12:56:29 #5 type.registry] 
New type java.util.HashMap<java.lang.String,java.lang.Double>

[2021-05-08 12:56:29 #6 type.registry] 
New type domain.Pertsona

[2021-05-08 12:56:29 #7 type.registry] 
New type domain.User

[2021-05-08 12:56:29 #8 type.registry] 
New type java.util.ArrayList<domain.User>

[2021-05-08 12:56:29 #9 type] 
Type domain.Event is not enhanced.

[2021-05-08 12:56:29 #10 type.registry] 
New type java.util.Vector<domain.Question>

[2021-05-08 12:56:29 #11 type] 
Type domain.Pertsona is not enhanced.

[2021-05-08 12:56:29 #12 type] 
Type domain.User is not enhanced.

[2021-05-08 12:56:29 #13 type.registry] 
New type java.util.ArrayList<java.lang.String>

[2021-05-08 12:56:29 #14 type.registry] 
New type java.util.HashMap<domain.User,java.lang.Double>

[2021-05-08 12:56:29 #15 type.registry] 
New type domain.Apostua

[2021-05-08 12:56:29 #16 type.registry] 
New type java.util.ArrayList<domain.Apostua>

[2021-05-08 12:56:29 #17 type] 
Type domain.Apostua is not enhanced.

[2021-05-08 12:56:29 #18 type.registry] 
New type java.util.ArrayList<domain.Question>

[2021-05-08 12:56:29 #19 type.registry] 
New type domain.Langile

[2021-05-08 12:56:29 #20 type] 
Type domain.Langile is not enhanced.

[2021-05-08 12:56:29 #21 type.registry] 
New type java.util.ArrayList<java.lang.Object>

[2021-05-08 12:56:29 #22 type.registry] 
New type java.util.Vector<java.lang.Object>

[2021-05-08 12:56:29 #23 type.registry] 
New type java.util.HashMap<java.lang.Object,java.lang.Object>

------------------------------------------------------------------------------------------------------------------------

[2021-05-08 12:56:54 #1 store] 
Database 'C:\Users\Jon Gonzalez\Desktop\UNI\2. maila\SI\PROIEKTUA\Bets21-master\src\main\resources\bets.temp' is opened by 9248@DESKTOP-BOOM0A2

[2021-05-08 12:56:54 #2 type.registry] 
New type domain.Question

[2021-05-08 12:56:54 #3 type] 
Type domain.Question is not enhanced.

[2021-05-08 12:56:54 #4 type.registry] 
New type domain.Event

[2021-05-08 12:56:55 #5 type.registry] 
New type java.util.HashMap<java.lang.String,java.lang.Double>

[2021-05-08 12:56:55 #6 type.registry] 
New type domain.Pertsona

[2021-05-08 12:56:55 #7 type.registry] 
New type domain.User

[2021-05-08 12:56:55 #8 type.registry] 
New type java.util.ArrayList<domain.User>

[2021-05-08 12:56:55 #9 type] 
Type domain.Event is not enhanced.

[2021-05-08 12:56:55 #10 type.registry] 
New type java.util.Vector<domain.Question>

[2021-05-08 12:56:55 #11 type] 
Type domain.Pertsona is not enhanced.

[2021-05-08 12:56:55 #12 type] 
Type domain.User is not enhanced.

[2021-05-08 12:56:55 #13 type.registry] 
New type java.util.ArrayList<java.lang.String>

[2021-05-08 12:56:55 #14 type.registry] 
New type java.util.HashMap<domain.User,java.lang.Double>

[2021-05-08 12:56:55 #15 type.registry] 
New type domain.Apostua

[2021-05-08 12:56:55 #16 type.registry] 
New type java.util.ArrayList<domain.Apostua>

[2021-05-08 12:56:55 #17 type] 
Type domain.Apostua is not enhanced.

[2021-05-08 12:56:55 #18 type.registry] 
New type java.util.ArrayList<domain.Question>

[2021-05-08 12:56:55 #19 type.registry] 
New type domain.Langile

[2021-05-08 12:56:55 #20 type] 
Type domain.Langile is not enhanced.

[2021-05-08 12:56:55 #21 type.registry] 
New type java.util.ArrayList<java.lang.Object>

[2021-05-08 12:56:55 #22 type.registry] 
New type java.util.Vector<java.lang.Object>

[2021-05-08 12:56:55 #23 type.registry] 
New type java.util.HashMap<java.lang.Object,java.lang.Object>

------------------------------------------------------------------------------------------------------------------------

[2021-05-08 13:09:04 #1 store] 
Database 'C:\Users\Jon Gonzalez\Desktop\UNI\2. maila\SI\PROIEKTUA\Bets21-master\src\main\resources\bets.temp' is opened by 13480@DESKTOP-BOOM0A2

[2021-05-08 13:09:04 #2 type.registry] 
New type domain.Question

[2021-05-08 13:09:04 #3 type] 
Type domain.Question is not enhanced.

[2021-05-08 13:09:04 #4 type.registry] 
New type domain.Event

[2021-05-08 13:09:04 #5 type.registry] 
New type java.util.HashMap<java.lang.String,java.lang.Double>

[2021-05-08 13:09:04 #6 type.registry] 
New type domain.Pertsona

[2021-05-08 13:09:04 #7 type.registry] 
New type domain.User

[2021-05-08 13:09:04 #8 type.registry] 
New type java.util.ArrayList<domain.User>

[2021-05-08 13:09:04 #9 type] 
Type domain.Event is not enhanced.

[2021-05-08 13:09:04 #10 type.registry] 
New type java.util.Vector<domain.Question>

[2021-05-08 13:09:04 #11 type] 
Type domain.Pertsona is not enhanced.

[2021-05-08 13:09:04 #12 type] 
Type domain.User is not enhanced.

[2021-05-08 13:09:04 #13 type.registry] 
New type java.util.ArrayList<java.lang.String>

[2021-05-08 13:09:04 #14 type.registry] 
New type java.util.HashMap<domain.User,java.lang.Double>

[2021-05-08 13:09:04 #15 type.registry] 
New type domain.Apostua

[2021-05-08 13:09:04 #16 type.registry] 
New type java.util.ArrayList<domain.Apostua>

[2021-05-08 13:09:04 #17 type] 
Type domain.Apostua is not enhanced.

[2021-05-08 13:09:04 #18 type.registry] 
New type java.util.ArrayList<domain.Question>

[2021-05-08 13:09:04 #19 type.registry] 
New type domain.Langile

[2021-05-08 13:09:04 #20 type] 
Type domain.Langile is not enhanced.

[2021-05-08 13:09:04 #21 type.registry] 
New type java.util.ArrayList<java.lang.Object>

[2021-05-08 13:09:04 #22 type.registry] 
New type java.util.Vector<java.lang.Object>

[2021-05-08 13:09:04 #23 type.registry] 
New type java.util.HashMap<java.lang.Object,java.lang.Object>

------------------------------------------------------------------------------------------------------------------------

[2021-05-08 13:09:38 #1 store] 
Database 'C:\Users\Jon Gonzalez\Desktop\UNI\2. maila\SI\PROIEKTUA\Bets21-master\src\main\resources\bets.temp' is opened by 20432@DESKTOP-BOOM0A2

[2021-05-08 13:09:38 #2 type.registry] 
New type domain.Question

[2021-05-08 13:09:38 #3 type] 
Type domain.Question is not enhanced.

[2021-05-08 13:09:38 #4 type.registry] 
New type domain.Event

[2021-05-08 13:09:38 #5 type.registry] 
New type java.util.HashMap<java.lang.String,java.lang.Double>

[2021-05-08 13:09:38 #6 type.registry] 
New type domain.Pertsona

[2021-05-08 13:09:38 #7 type.registry] 
New type domain.User

[2021-05-08 13:09:38 #8 type.registry] 
New type java.util.ArrayList<domain.User>

[2021-05-08 13:09:38 #9 type] 
Type domain.Event is not enhanced.

[2021-05-08 13:09:38 #10 type.registry] 
New type java.util.Vector<domain.Question>

[2021-05-08 13:09:38 #11 type] 
Type domain.Pertsona is not enhanced.

[2021-05-08 13:09:38 #12 type] 
Type domain.User is not enhanced.

[2021-05-08 13:09:38 #13 type.registry] 
New type java.util.ArrayList<java.lang.String>

[2021-05-08 13:09:38 #14 type.registry] 
New type java.util.HashMap<domain.User,java.lang.Double>

[2021-05-08 13:09:38 #15 type.registry] 
New type domain.Apostua

[2021-05-08 13:09:38 #16 type.registry] 
New type java.util.ArrayList<domain.Apostua>

[2021-05-08 13:09:38 #17 type] 
Type domain.Apostua is not enhanced.

[2021-05-08 13:09:38 #18 type.registry] 
New type java.util.ArrayList<domain.Question>

[2021-05-08 13:09:38 #19 type.registry] 
New type domain.Langile

[2021-05-08 13:09:38 #20 type] 
Type domain.Langile is not enhanced.

[2021-05-08 13:09:38 #21 type.registry] 
New type java.util.ArrayList<java.lang.Object>

[2021-05-08 13:09:38 #22 type.registry] 
New type java.util.Vector<java.lang.Object>

[2021-05-08 13:09:38 #23 type.registry] 
New type java.util.HashMap<java.lang.Object,java.lang.Object>

------------------------------------------------------------------------------------------------------------------------

[2021-05-08 13:13:04 #1 store] 
Database 'C:\Users\Jon Gonzalez\Desktop\UNI\2. maila\SI\PROIEKTUA\Bets21-master\src\main\resources\bets.temp' is opened by 10276@DESKTOP-BOOM0A2

[2021-05-08 13:13:05 #2 type.registry] 
New type domain.Question

[2021-05-08 13:13:05 #3 type] 
Type domain.Question is not enhanced.

[2021-05-08 13:13:05 #4 type.registry] 
New type domain.Event

[2021-05-08 13:13:05 #5 type.registry] 
New type java.util.HashMap<java.lang.String,java.lang.Double>

[2021-05-08 13:13:05 #6 type.registry] 
New type domain.Pertsona

[2021-05-08 13:13:05 #7 type.registry] 
New type domain.User

[2021-05-08 13:13:05 #8 type.registry] 
New type java.util.ArrayList<domain.User>

[2021-05-08 13:13:05 #9 type] 
Type domain.Event is not enhanced.

[2021-05-08 13:13:05 #10 type.registry] 
New type java.util.Vector<domain.Question>

[2021-05-08 13:13:05 #11 type] 
Type domain.Pertsona is not enhanced.

[2021-05-08 13:13:05 #12 type] 
Type domain.User is not enhanced.

[2021-05-08 13:13:05 #13 type.registry] 
New type java.util.ArrayList<java.lang.String>

[2021-05-08 13:13:05 #14 type.registry] 
New type java.util.HashMap<domain.User,java.lang.Double>

[2021-05-08 13:13:05 #15 type.registry] 
New type domain.Apostua

[2021-05-08 13:13:05 #16 type.registry] 
New type java.util.ArrayList<domain.Apostua>

[2021-05-08 13:13:05 #17 type] 
Type domain.Apostua is not enhanced.

[2021-05-08 13:13:05 #18 type.registry] 
New type java.util.ArrayList<domain.Question>

[2021-05-08 13:13:05 #19 type.registry] 
New type domain.Langile

[2021-05-08 13:13:05 #20 type] 
Type domain.Langile is not enhanced.

[2021-05-08 13:13:05 #21 type.registry] 
New type java.util.ArrayList<java.lang.Object>

[2021-05-08 13:13:05 #22 type.registry] 
New type java.util.Vector<java.lang.Object>

[2021-05-08 13:13:05 #23 type.registry] 
New type java.util.HashMap<java.lang.Object,java.lang.Object>

------------------------------------------------------------------------------------------------------------------------

[2021-05-08 13:14:23 #1 store] 
Database 'C:\Users\Jon Gonzalez\Desktop\UNI\2. maila\SI\PROIEKTUA\Bets21-master\src\main\resources\bets.temp' is opened by 8160@DESKTOP-BOOM0A2

[2021-05-08 13:14:23 #2 type.registry] 
New type domain.Question

[2021-05-08 13:14:23 #3 type] 
Type domain.Question is not enhanced.

[2021-05-08 13:14:23 #4 type.registry] 
New type domain.Event

[2021-05-08 13:14:23 #5 type.registry] 
New type java.util.HashMap<java.lang.String,java.lang.Double>

[2021-05-08 13:14:23 #6 type.registry] 
New type domain.Pertsona

[2021-05-08 13:14:23 #7 type.registry] 
New type domain.User

[2021-05-08 13:14:23 #8 type.registry] 
New type java.util.ArrayList<domain.User>

[2021-05-08 13:14:23 #9 type] 
Type domain.Event is not enhanced.

[2021-05-08 13:14:23 #10 type.registry] 
New type java.util.Vector<domain.Question>

[2021-05-08 13:14:23 #11 type] 
Type domain.Pertsona is not enhanced.

[2021-05-08 13:14:23 #12 type] 
Type domain.User is not enhanced.

[2021-05-08 13:14:23 #13 type.registry] 
New type java.util.ArrayList<java.lang.String>

[2021-05-08 13:14:23 #14 type.registry] 
New type java.util.HashMap<domain.User,java.lang.Double>

[2021-05-08 13:14:23 #15 type.registry] 
New type domain.Apostua

[2021-05-08 13:14:23 #16 type.registry] 
New type java.util.ArrayList<domain.Apostua>

[2021-05-08 13:14:23 #17 type] 
Type domain.Apostua is not enhanced.

[2021-05-08 13:14:23 #18 type.registry] 
New type java.util.ArrayList<domain.Question>

[2021-05-08 13:14:23 #19 type.registry] 
New type domain.Langile

[2021-05-08 13:14:23 #20 type] 
Type domain.Langile is not enhanced.

[2021-05-08 13:14:23 #21 type.registry] 
New type java.util.ArrayList<java.lang.Object>

[2021-05-08 13:14:23 #22 type.registry] 
New type java.util.Vector<java.lang.Object>

[2021-05-08 13:14:23 #23 type.registry] 
New type java.util.HashMap<java.lang.Object,java.lang.Object>

------------------------------------------------------------------------------------------------------------------------

[2021-05-08 13:16:14 #1 store] 
Database 'C:\Users\Jon Gonzalez\Desktop\UNI\2. maila\SI\PROIEKTUA\Bets21-master\src\main\resources\bets.temp' is opened by 19496@DESKTOP-BOOM0A2

[2021-05-08 13:16:14 #2 type.registry] 
New type domain.Question

[2021-05-08 13:16:14 #3 type] 
Type domain.Question is not enhanced.

[2021-05-08 13:16:14 #4 type.registry] 
New type domain.Event

[2021-05-08 13:16:14 #5 type.registry] 
New type java.util.HashMap<java.lang.String,java.lang.Double>

[2021-05-08 13:16:14 #6 type.registry] 
New type domain.Pertsona

[2021-05-08 13:16:14 #7 type.registry] 
New type domain.User

[2021-05-08 13:16:14 #8 type.registry] 
New type java.util.ArrayList<domain.User>

[2021-05-08 13:16:14 #9 type] 
Type domain.Event is not enhanced.

[2021-05-08 13:16:14 #10 type.registry] 
New type java.util.Vector<domain.Question>

[2021-05-08 13:16:14 #11 type] 
Type domain.Pertsona is not enhanced.

[2021-05-08 13:16:14 #12 type] 
Type domain.User is not enhanced.

[2021-05-08 13:16:14 #13 type.registry] 
New type java.util.ArrayList<java.lang.String>

[2021-05-08 13:16:14 #14 type.registry] 
New type java.util.HashMap<domain.User,java.lang.Double>

[2021-05-08 13:16:14 #15 type.registry] 
New type domain.Apostua

[2021-05-08 13:16:14 #16 type.registry] 
New type java.util.ArrayList<domain.Apostua>

[2021-05-08 13:16:14 #17 type] 
Type domain.Apostua is not enhanced.

[2021-05-08 13:16:14 #18 type.registry] 
New type java.util.ArrayList<domain.Question>

[2021-05-08 13:16:14 #19 type.registry] 
New type domain.Langile

[2021-05-08 13:16:14 #20 type] 
Type domain.Langile is not enhanced.

[2021-05-08 13:16:14 #21 type.registry] 
New type java.util.ArrayList<java.lang.Object>

[2021-05-08 13:16:14 #22 type.registry] 
New type java.util.Vector<java.lang.Object>

[2021-05-08 13:16:14 #23 type.registry] 
New type java.util.HashMap<java.lang.Object,java.lang.Object>

------------------------------------------------------------------------------------------------------------------------

[2021-05-08 13:17:20 #1 store] 
Database 'C:\Users\Jon Gonzalez\Desktop\UNI\2. maila\SI\PROIEKTUA\Bets21-master\src\main\resources\bets.temp' is opened by 4288@DESKTOP-BOOM0A2

[2021-05-08 13:17:20 #2 type.registry] 
New type domain.Question

[2021-05-08 13:17:20 #3 type] 
Type domain.Question is not enhanced.

[2021-05-08 13:17:20 #4 type.registry] 
New type domain.Event

[2021-05-08 13:17:20 #5 type.registry] 
New type java.util.HashMap<java.lang.String,java.lang.Double>

[2021-05-08 13:17:20 #6 type.registry] 
New type domain.Pertsona

[2021-05-08 13:17:20 #7 type.registry] 
New type domain.User

[2021-05-08 13:17:20 #8 type.registry] 
New type java.util.ArrayList<domain.User>

[2021-05-08 13:17:20 #9 type] 
Type domain.Event is not enhanced.

[2021-05-08 13:17:20 #10 type.registry] 
New type java.util.Vector<domain.Question>

[2021-05-08 13:17:20 #11 type] 
Type domain.Pertsona is not enhanced.

[2021-05-08 13:17:20 #12 type] 
Type domain.User is not enhanced.

[2021-05-08 13:17:20 #13 type.registry] 
New type java.util.ArrayList<java.lang.String>

[2021-05-08 13:17:20 #14 type.registry] 
New type java.util.HashMap<domain.User,java.lang.Double>

[2021-05-08 13:17:20 #15 type.registry] 
New type domain.Apostua

[2021-05-08 13:17:20 #16 type.registry] 
New type java.util.ArrayList<domain.Apostua>

[2021-05-08 13:17:20 #17 type] 
Type domain.Apostua is not enhanced.

[2021-05-08 13:17:20 #18 type.registry] 
New type java.util.ArrayList<domain.Question>

[2021-05-08 13:17:20 #19 type.registry] 
New type domain.Langile

[2021-05-08 13:17:20 #20 type] 
Type domain.Langile is not enhanced.

[2021-05-08 13:17:20 #21 type.registry] 
New type java.util.ArrayList<java.lang.Object>

[2021-05-08 13:17:20 #22 type.registry] 
New type java.util.Vector<java.lang.Object>

[2021-05-08 13:17:20 #23 type.registry] 
New type java.util.HashMap<java.lang.Object,java.lang.Object>

------------------------------------------------------------------------------------------------------------------------

[2021-05-08 13:18:43 #1 store] 
Database 'C:\Users\Jon Gonzalez\Desktop\UNI\2. maila\SI\PROIEKTUA\Bets21-master\src\main\resources\bets.temp' is opened by 16064@DESKTOP-BOOM0A2

[2021-05-08 13:18:44 #2 type.registry] 
New type domain.Question

[2021-05-08 13:18:44 #3 type] 
Type domain.Question is not enhanced.

[2021-05-08 13:18:44 #4 type.registry] 
New type domain.Event

[2021-05-08 13:18:44 #5 type.registry] 
New type java.util.HashMap<java.lang.String,java.lang.Double>

[2021-05-08 13:18:44 #6 type.registry] 
New type domain.Pertsona

[2021-05-08 13:18:44 #7 type.registry] 
New type domain.User

[2021-05-08 13:18:44 #8 type.registry] 
New type java.util.ArrayList<domain.User>

[2021-05-08 13:18:44 #9 type] 
Type domain.Event is not enhanced.

[2021-05-08 13:18:44 #10 type.registry] 
New type java.util.Vector<domain.Question>

[2021-05-08 13:18:44 #11 type] 
Type domain.Pertsona is not enhanced.

[2021-05-08 13:18:44 #12 type] 
Type domain.User is not enhanced.

[2021-05-08 13:18:44 #13 type.registry] 
New type java.util.ArrayList<java.lang.String>

[2021-05-08 13:18:44 #14 type.registry] 
New type java.util.HashMap<domain.User,java.lang.Double>

[2021-05-08 13:18:44 #15 type.registry] 
New type domain.Apostua

[2021-05-08 13:18:44 #16 type.registry] 
New type java.util.ArrayList<domain.Apostua>

[2021-05-08 13:18:44 #17 type] 
Type domain.Apostua is not enhanced.

[2021-05-08 13:18:44 #18 type.registry] 
New type java.util.ArrayList<domain.Question>

[2021-05-08 13:18:44 #19 type.registry] 
New type domain.Langile

[2021-05-08 13:18:44 #20 type] 
Type domain.Langile is not enhanced.

[2021-05-08 13:18:44 #21 type.registry] 
New type java.util.ArrayList<java.lang.Object>

[2021-05-08 13:18:44 #22 type.registry] 
New type java.util.Vector<java.lang.Object>

[2021-05-08 13:18:44 #23 type.registry] 
New type java.util.HashMap<java.lang.Object,java.lang.Object>

