------------------------------------------------------------------------------------------------------------------------

[2021-03-23 11:30:25 #1 store] 
Database 'C:\Users\julen\eclipse-workspace\Bets21-master\src\main\resources\bets.temp' is opened by 16904@DESKTOP-OT7AHR9

[2021-03-23 11:30:26 #2 type.registry] 
New type domain.Question

[2021-03-23 11:30:26 #3 type] 
Type domain.Question is not enhanced.

[2021-03-23 11:30:26 #4 type.registry] 
New type domain.Event

[2021-03-23 11:30:26 #5 type] 
Type domain.Event is not enhanced.

[2021-03-23 11:30:26 #6 type.registry] 
New type java.util.Vector<domain.Question>

[2021-03-23 11:30:26 #7 type.registry] 
New type domain.Pertsona

[2021-03-23 11:30:26 #8 type.registry] 
New type domain.Langile

[2021-03-23 11:30:26 #9 type] 
Type domain.Pertsona is not enhanced.

[2021-03-23 11:30:26 #10 type] 
Type domain.Langile is not enhanced.

[2021-03-23 11:30:26 #11 type.registry] 
New type domain.User

[2021-03-23 11:30:26 #12 type] 
Type domain.User is not enhanced.

[2021-03-23 11:30:26 #13 type.registry] 
New type java.util.Vector<java.lang.Object>

------------------------------------------------------------------------------------------------------------------------

[2021-03-23 11:36:40 #1 store] 
Database 'C:\Users\julen\eclipse-workspace\Bets21-master\src\main\resources\bets.temp' is opened by 19476@DESKTOP-OT7AHR9

[2021-03-23 11:36:41 #2 type.registry] 
New type domain.Question

[2021-03-23 11:36:41 #3 type] 
Type domain.Question is not enhanced.

[2021-03-23 11:36:41 #4 type.registry] 
New type domain.Event

[2021-03-23 11:36:41 #5 type] 
Type domain.Event is not enhanced.

[2021-03-23 11:36:41 #6 type.registry] 
New type java.util.Vector<domain.Question>

[2021-03-23 11:36:41 #7 type.registry] 
New type domain.Pertsona

[2021-03-23 11:36:41 #8 type.registry] 
New type domain.Langile

[2021-03-23 11:36:41 #9 type] 
Type domain.Pertsona is not enhanced.

[2021-03-23 11:36:41 #10 type] 
Type domain.Langile is not enhanced.

[2021-03-23 11:36:41 #11 type.registry] 
New type domain.User

[2021-03-23 11:36:41 #12 type] 
Type domain.User is not enhanced.

[2021-03-23 11:36:41 #13 type.registry] 
New type java.util.Vector<java.lang.Object>

------------------------------------------------------------------------------------------------------------------------

[2021-03-23 11:37:36 #1 store] 
Database 'C:\Users\julen\eclipse-workspace\Bets21-master\src\main\resources\bets.temp' is opened by 17364@DESKTOP-OT7AHR9

[2021-03-23 11:37:36 #2 type.registry] 
New type domain.Question

[2021-03-23 11:37:36 #3 type] 
Type domain.Question is not enhanced.

[2021-03-23 11:37:36 #4 type.registry] 
New type domain.Event

[2021-03-23 11:37:36 #5 type] 
Type domain.Event is not enhanced.

[2021-03-23 11:37:36 #6 type.registry] 
New type java.util.Vector<domain.Question>

[2021-03-23 11:37:36 #7 type.registry] 
New type domain.Pertsona

[2021-03-23 11:37:36 #8 type.registry] 
New type domain.Langile

[2021-03-23 11:37:36 #9 type] 
Type domain.Pertsona is not enhanced.

[2021-03-23 11:37:36 #10 type] 
Type domain.Langile is not enhanced.

[2021-03-23 11:37:36 #11 type.registry] 
New type domain.User

[2021-03-23 11:37:36 #12 type] 
Type domain.User is not enhanced.

[2021-03-23 11:37:36 #13 type.registry] 
New type java.util.Vector<java.lang.Object>

------------------------------------------------------------------------------------------------------------------------

[2021-03-23 11:39:16 #1 store] 
Database 'C:\Users\julen\eclipse-workspace\Bets21-master\src\main\resources\bets.temp' is opened by 16652@DESKTOP-OT7AHR9

[2021-03-23 11:39:17 #2 type.registry] 
New type domain.Question

[2021-03-23 11:39:17 #3 type] 
Type domain.Question is not enhanced.

[2021-03-23 11:39:17 #4 type.registry] 
New type domain.Event

[2021-03-23 11:39:17 #5 type] 
Type domain.Event is not enhanced.

[2021-03-23 11:39:17 #6 type.registry] 
New type java.util.Vector<domain.Question>

[2021-03-23 11:39:17 #7 type.registry] 
New type domain.Pertsona

[2021-03-23 11:39:17 #8 type.registry] 
New type domain.Langile

[2021-03-23 11:39:17 #9 type] 
Type domain.Pertsona is not enhanced.

[2021-03-23 11:39:17 #10 type] 
Type domain.Langile is not enhanced.

[2021-03-23 11:39:17 #11 type.registry] 
New type domain.User

[2021-03-23 11:39:17 #12 type] 
Type domain.User is not enhanced.

[2021-03-23 11:39:17 #13 type.registry] 
New type java.util.Vector<java.lang.Object>

------------------------------------------------------------------------------------------------------------------------

[2021-03-23 11:40:48 #1 store] 
Database 'C:\Users\julen\eclipse-workspace\Bets21-master\src\main\resources\bets.temp' is opened by 13640@DESKTOP-OT7AHR9

[2021-03-23 11:40:48 #2 type.registry] 
New type domain.Question

[2021-03-23 11:40:48 #3 type] 
Type domain.Question is not enhanced.

[2021-03-23 11:40:48 #4 type.registry] 
New type domain.Event

[2021-03-23 11:40:48 #5 type] 
Type domain.Event is not enhanced.

[2021-03-23 11:40:48 #6 type.registry] 
New type java.util.Vector<domain.Question>

[2021-03-23 11:40:48 #7 type.registry] 
New type domain.Pertsona

[2021-03-23 11:40:48 #8 type.registry] 
New type domain.Langile

[2021-03-23 11:40:48 #9 type] 
Type domain.Pertsona is not enhanced.

[2021-03-23 11:40:48 #10 type] 
Type domain.Langile is not enhanced.

[2021-03-23 11:40:48 #11 type.registry] 
New type domain.User

[2021-03-23 11:40:48 #12 type] 
Type domain.User is not enhanced.

[2021-03-23 11:40:48 #13 type.registry] 
New type java.util.Vector<java.lang.Object>

------------------------------------------------------------------------------------------------------------------------

[2021-03-23 11:42:12 #1 store] 
Database 'C:\Users\julen\eclipse-workspace\Bets21-master\src\main\resources\bets.temp' is opened by 4240@DESKTOP-OT7AHR9

[2021-03-23 11:42:12 #2 type.registry] 
New type domain.Question

[2021-03-23 11:42:12 #3 type] 
Type domain.Question is not enhanced.

[2021-03-23 11:42:12 #4 type.registry] 
New type domain.Event

[2021-03-23 11:42:12 #5 type] 
Type domain.Event is not enhanced.

[2021-03-23 11:42:13 #6 type.registry] 
New type java.util.Vector<domain.Question>

[2021-03-23 11:42:13 #7 type.registry] 
New type domain.Pertsona

[2021-03-23 11:42:13 #8 type.registry] 
New type domain.Langile

[2021-03-23 11:42:13 #9 type] 
Type domain.Pertsona is not enhanced.

[2021-03-23 11:42:13 #10 type] 
Type domain.Langile is not enhanced.

[2021-03-23 11:42:13 #11 type.registry] 
New type domain.User

[2021-03-23 11:42:13 #12 type] 
Type domain.User is not enhanced.

[2021-03-23 11:42:13 #13 type.registry] 
New type java.util.Vector<java.lang.Object>

------------------------------------------------------------------------------------------------------------------------

[2021-03-23 11:43:12 #1 store] 
Database 'C:\Users\julen\eclipse-workspace\Bets21-master\src\main\resources\bets.temp' is opened by 11700@DESKTOP-OT7AHR9

[2021-03-23 11:43:13 #2 type.registry] 
New type domain.Question

[2021-03-23 11:43:13 #3 type] 
Type domain.Question is not enhanced.

[2021-03-23 11:43:13 #4 type.registry] 
New type domain.Event

[2021-03-23 11:43:13 #5 type] 
Type domain.Event is not enhanced.

[2021-03-23 11:43:13 #6 type.registry] 
New type java.util.Vector<domain.Question>

[2021-03-23 11:43:13 #7 type.registry] 
New type domain.Pertsona

[2021-03-23 11:43:13 #8 type.registry] 
New type domain.Langile

[2021-03-23 11:43:13 #9 type] 
Type domain.Pertsona is not enhanced.

[2021-03-23 11:43:13 #10 type] 
Type domain.Langile is not enhanced.

[2021-03-23 11:43:13 #11 type.registry] 
New type domain.User

[2021-03-23 11:43:13 #12 type] 
Type domain.User is not enhanced.

[2021-03-23 11:43:13 #13 type.registry] 
New type java.util.Vector<java.lang.Object>

------------------------------------------------------------------------------------------------------------------------

[2021-03-23 11:44:39 #1 store] 
Database 'C:\Users\julen\eclipse-workspace\Bets21-master\src\main\resources\bets.temp' is opened by 19700@DESKTOP-OT7AHR9

[2021-03-23 11:44:39 #2 type.registry] 
New type domain.Question

[2021-03-23 11:44:39 #3 type] 
Type domain.Question is not enhanced.

[2021-03-23 11:44:39 #4 type.registry] 
New type domain.Event

[2021-03-23 11:44:39 #5 type] 
Type domain.Event is not enhanced.

[2021-03-23 11:44:39 #6 type.registry] 
New type java.util.Vector<domain.Question>

[2021-03-23 11:44:39 #7 type.registry] 
New type domain.Pertsona

[2021-03-23 11:44:39 #8 type.registry] 
New type domain.Langile

[2021-03-23 11:44:39 #9 type] 
Type domain.Pertsona is not enhanced.

[2021-03-23 11:44:39 #10 type] 
Type domain.Langile is not enhanced.

[2021-03-23 11:44:39 #11 type.registry] 
New type domain.User

[2021-03-23 11:44:39 #12 type] 
Type domain.User is not enhanced.

[2021-03-23 11:44:39 #13 type.registry] 
New type java.util.Vector<java.lang.Object>

------------------------------------------------------------------------------------------------------------------------

[2021-03-23 11:51:22 #1 store] 
Database 'C:\Users\julen\eclipse-workspace\Bets21-master\src\main\resources\bets.temp' is opened by 1100@DESKTOP-OT7AHR9

[2021-03-23 11:51:22 #2 type.registry] 
New type domain.Question

[2021-03-23 11:51:22 #3 type] 
Type domain.Question is not enhanced.

[2021-03-23 11:51:22 #4 type.registry] 
New type domain.Event

[2021-03-23 11:51:22 #5 type] 
Type domain.Event is not enhanced.

[2021-03-23 11:51:22 #6 type.registry] 
New type java.util.Vector<domain.Question>

[2021-03-23 11:51:22 #7 type.registry] 
New type domain.Pertsona

[2021-03-23 11:51:22 #8 type.registry] 
New type domain.Langile

[2021-03-23 11:51:22 #9 type] 
Type domain.Pertsona is not enhanced.

[2021-03-23 11:51:22 #10 type] 
Type domain.Langile is not enhanced.

[2021-03-23 11:51:22 #11 type.registry] 
New type domain.User

[2021-03-23 11:51:22 #12 type] 
Type domain.User is not enhanced.

[2021-03-23 11:51:22 #13 type.registry] 
New type java.util.Vector<java.lang.Object>

------------------------------------------------------------------------------------------------------------------------

[2021-03-23 11:52:09 #1 store] 
Database 'C:\Users\julen\eclipse-workspace\Bets21-master\src\main\resources\bets.temp' is opened by 14424@DESKTOP-OT7AHR9

[2021-03-23 11:52:10 #2 type.registry] 
New type domain.Question

[2021-03-23 11:52:10 #3 type] 
Type domain.Question is not enhanced.

[2021-03-23 11:52:10 #4 type.registry] 
New type domain.Event

[2021-03-23 11:52:10 #5 type] 
Type domain.Event is not enhanced.

[2021-03-23 11:52:10 #6 type.registry] 
New type java.util.Vector<domain.Question>

[2021-03-23 11:52:10 #7 type.registry] 
New type domain.Pertsona

[2021-03-23 11:52:10 #8 type.registry] 
New type domain.Langile

[2021-03-23 11:52:10 #9 type] 
Type domain.Pertsona is not enhanced.

[2021-03-23 11:52:10 #10 type] 
Type domain.Langile is not enhanced.

[2021-03-23 11:52:10 #11 type.registry] 
New type domain.User

[2021-03-23 11:52:10 #12 type] 
Type domain.User is not enhanced.

[2021-03-23 11:52:10 #13 type.registry] 
New type java.util.Vector<java.lang.Object>

------------------------------------------------------------------------------------------------------------------------

[2021-03-23 11:52:50 #1 store] 
Database 'C:\Users\julen\eclipse-workspace\Bets21-master\src\main\resources\bets.temp' is opened by 3236@DESKTOP-OT7AHR9

[2021-03-23 11:52:50 #2 type.registry] 
New type domain.Question

[2021-03-23 11:52:50 #3 type] 
Type domain.Question is not enhanced.

[2021-03-23 11:52:50 #4 type.registry] 
New type domain.Event

[2021-03-23 11:52:50 #5 type] 
Type domain.Event is not enhanced.

[2021-03-23 11:52:50 #6 type.registry] 
New type java.util.Vector<domain.Question>

[2021-03-23 11:52:50 #7 type.registry] 
New type domain.Pertsona

[2021-03-23 11:52:50 #8 type.registry] 
New type domain.Langile

[2021-03-23 11:52:50 #9 type] 
Type domain.Pertsona is not enhanced.

[2021-03-23 11:52:50 #10 type] 
Type domain.Langile is not enhanced.

[2021-03-23 11:52:50 #11 type.registry] 
New type domain.User

[2021-03-23 11:52:50 #12 type] 
Type domain.User is not enhanced.

[2021-03-23 11:52:50 #13 type.registry] 
New type java.util.Vector<java.lang.Object>

------------------------------------------------------------------------------------------------------------------------

[2021-03-23 11:53:53 #1 store] 
Database 'C:\Users\julen\eclipse-workspace\Bets21-master\src\main\resources\bets.temp' is opened by 9268@DESKTOP-OT7AHR9

[2021-03-23 11:53:53 #2 type.registry] 
New type domain.Question

[2021-03-23 11:53:53 #3 type] 
Type domain.Question is not enhanced.

[2021-03-23 11:53:54 #4 type.registry] 
New type domain.Event

[2021-03-23 11:53:54 #5 type] 
Type domain.Event is not enhanced.

[2021-03-23 11:53:54 #6 type.registry] 
New type java.util.Vector<domain.Question>

[2021-03-23 11:53:54 #7 type.registry] 
New type domain.Pertsona

[2021-03-23 11:53:54 #8 type.registry] 
New type domain.Langile

[2021-03-23 11:53:54 #9 type] 
Type domain.Pertsona is not enhanced.

[2021-03-23 11:53:54 #10 type] 
Type domain.Langile is not enhanced.

[2021-03-23 11:53:54 #11 type.registry] 
New type domain.User

[2021-03-23 11:53:54 #12 type] 
Type domain.User is not enhanced.

[2021-03-23 11:53:54 #13 type.registry] 
New type java.util.Vector<java.lang.Object>

------------------------------------------------------------------------------------------------------------------------

[2021-03-23 11:58:02 #1 store] 
Database 'C:\Users\julen\eclipse-workspace\Bets21-master\src\main\resources\bets.temp' is opened by 16596@DESKTOP-OT7AHR9

[2021-03-23 11:58:02 #2 type.registry] 
New type domain.Question

[2021-03-23 11:58:02 #3 type] 
Type domain.Question is not enhanced.

[2021-03-23 11:58:02 #4 type.registry] 
New type domain.Event

[2021-03-23 11:58:02 #5 type] 
Type domain.Event is not enhanced.

[2021-03-23 11:58:02 #6 type.registry] 
New type java.util.Vector<domain.Question>

[2021-03-23 11:58:02 #7 type.registry] 
New type domain.Pertsona

[2021-03-23 11:58:02 #8 type.registry] 
New type domain.Langile

[2021-03-23 11:58:02 #9 type] 
Type domain.Pertsona is not enhanced.

[2021-03-23 11:58:02 #10 type] 
Type domain.Langile is not enhanced.

[2021-03-23 11:58:02 #11 type.registry] 
New type domain.User

[2021-03-23 11:58:02 #12 type] 
Type domain.User is not enhanced.

[2021-03-23 11:58:02 #13 type.registry] 
New type java.util.Vector<java.lang.Object>

------------------------------------------------------------------------------------------------------------------------

[2021-03-23 11:58:37 #1 store] 
Database 'C:\Users\julen\eclipse-workspace\Bets21-master\src\main\resources\bets.temp' is opened by 18624@DESKTOP-OT7AHR9

[2021-03-23 11:58:38 #2 type.registry] 
New type domain.Question

[2021-03-23 11:58:38 #3 type] 
Type domain.Question is not enhanced.

[2021-03-23 11:58:38 #4 type.registry] 
New type domain.Event

[2021-03-23 11:58:38 #5 type] 
Type domain.Event is not enhanced.

[2021-03-23 11:58:38 #6 type.registry] 
New type java.util.Vector<domain.Question>

[2021-03-23 11:58:38 #7 type.registry] 
New type domain.Pertsona

[2021-03-23 11:58:38 #8 type.registry] 
New type domain.Langile

[2021-03-23 11:58:38 #9 type] 
Type domain.Pertsona is not enhanced.

[2021-03-23 11:58:38 #10 type] 
Type domain.Langile is not enhanced.

[2021-03-23 11:58:38 #11 type.registry] 
New type domain.User

[2021-03-23 11:58:38 #12 type] 
Type domain.User is not enhanced.

[2021-03-23 11:58:38 #13 type.registry] 
New type java.util.Vector<java.lang.Object>

------------------------------------------------------------------------------------------------------------------------

[2021-03-23 11:58:51 #1 store] 
Database 'C:\Users\julen\eclipse-workspace\Bets21-master\src\main\resources\bets.temp' is opened by 19924@DESKTOP-OT7AHR9

[2021-03-23 11:58:51 #2 type.registry] 
New type domain.Question

[2021-03-23 11:58:51 #3 type] 
Type domain.Question is not enhanced.

[2021-03-23 11:58:51 #4 type.registry] 
New type domain.Event

[2021-03-23 11:58:51 #5 type] 
Type domain.Event is not enhanced.

[2021-03-23 11:58:51 #6 type.registry] 
New type java.util.Vector<domain.Question>

[2021-03-23 11:58:51 #7 type.registry] 
New type domain.Pertsona

[2021-03-23 11:58:51 #8 type.registry] 
New type domain.Langile

[2021-03-23 11:58:51 #9 type] 
Type domain.Pertsona is not enhanced.

[2021-03-23 11:58:51 #10 type] 
Type domain.Langile is not enhanced.

[2021-03-23 11:58:51 #11 type.registry] 
New type domain.User

[2021-03-23 11:58:51 #12 type] 
Type domain.User is not enhanced.

[2021-03-23 11:58:51 #13 type.registry] 
New type java.util.Vector<java.lang.Object>

------------------------------------------------------------------------------------------------------------------------

[2021-03-23 12:06:10 #1 store] 
Database 'C:\Users\julen\eclipse-workspace\Bets21-master\src\main\resources\bets.temp' is opened by 19980@DESKTOP-OT7AHR9

[2021-03-23 12:06:10 #2 type.registry] 
New type domain.Question

[2021-03-23 12:06:10 #3 type] 
Type domain.Question is not enhanced.

[2021-03-23 12:06:10 #4 type.registry] 
New type domain.Event

[2021-03-23 12:06:10 #5 type] 
Type domain.Event is not enhanced.

[2021-03-23 12:06:10 #6 type.registry] 
New type java.util.Vector<domain.Question>

[2021-03-23 12:06:10 #7 type.registry] 
New type domain.Pertsona

[2021-03-23 12:06:10 #8 type.registry] 
New type domain.Langile

[2021-03-23 12:06:10 #9 type] 
Type domain.Pertsona is not enhanced.

[2021-03-23 12:06:10 #10 type] 
Type domain.Langile is not enhanced.

[2021-03-23 12:06:10 #11 type.registry] 
New type domain.User

[2021-03-23 12:06:10 #12 type] 
Type domain.User is not enhanced.

[2021-03-23 12:06:10 #13 type.registry] 
New type java.util.Vector<java.lang.Object>

------------------------------------------------------------------------------------------------------------------------

[2021-03-23 12:07:58 #1 store] 
Database 'C:\Users\julen\eclipse-workspace\Bets21-master\src\main\resources\bets.temp' is opened by 6636@DESKTOP-OT7AHR9

[2021-03-23 12:07:59 #2 type.registry] 
New type domain.Question

[2021-03-23 12:07:59 #3 type] 
Type domain.Question is not enhanced.

[2021-03-23 12:07:59 #4 type.registry] 
New type domain.Event

[2021-03-23 12:07:59 #5 type] 
Type domain.Event is not enhanced.

[2021-03-23 12:07:59 #6 type.registry] 
New type java.util.Vector<domain.Question>

[2021-03-23 12:07:59 #7 type.registry] 
New type domain.Pertsona

[2021-03-23 12:07:59 #8 type.registry] 
New type domain.Langile

[2021-03-23 12:07:59 #9 type] 
Type domain.Pertsona is not enhanced.

[2021-03-23 12:07:59 #10 type] 
Type domain.Langile is not enhanced.

[2021-03-23 12:07:59 #11 type.registry] 
New type domain.User

[2021-03-23 12:07:59 #12 type] 
Type domain.User is not enhanced.

[2021-03-23 12:07:59 #13 type.registry] 
New type java.util.Vector<java.lang.Object>

------------------------------------------------------------------------------------------------------------------------

[2021-03-23 12:09:31 #1 store] 
Database 'C:\Users\julen\eclipse-workspace\Bets21-master\src\main\resources\bets.temp' is opened by 4604@DESKTOP-OT7AHR9

[2021-03-23 12:09:31 #2 type.registry] 
New type domain.Question

[2021-03-23 12:09:31 #3 type] 
Type domain.Question is not enhanced.

[2021-03-23 12:09:31 #4 type.registry] 
New type domain.Event

[2021-03-23 12:09:31 #5 type] 
Type domain.Event is not enhanced.

[2021-03-23 12:09:31 #6 type.registry] 
New type java.util.Vector<domain.Question>

[2021-03-23 12:09:31 #7 type.registry] 
New type domain.Pertsona

[2021-03-23 12:09:31 #8 type.registry] 
New type domain.Langile

[2021-03-23 12:09:31 #9 type] 
Type domain.Pertsona is not enhanced.

[2021-03-23 12:09:31 #10 type] 
Type domain.Langile is not enhanced.

[2021-03-23 12:09:31 #11 type.registry] 
New type domain.User

[2021-03-23 12:09:31 #12 type] 
Type domain.User is not enhanced.

[2021-03-23 12:09:31 #13 type.registry] 
New type java.util.Vector<java.lang.Object>

------------------------------------------------------------------------------------------------------------------------

[2021-03-23 12:10:22 #1 store] 
Database 'C:\Users\julen\eclipse-workspace\Bets21-master\src\main\resources\bets.temp' is opened by 13344@DESKTOP-OT7AHR9

[2021-03-23 12:10:23 #2 type.registry] 
New type domain.Question

[2021-03-23 12:10:23 #3 type] 
Type domain.Question is not enhanced.

[2021-03-23 12:10:23 #4 type.registry] 
New type domain.Event

[2021-03-23 12:10:23 #5 type] 
Type domain.Event is not enhanced.

[2021-03-23 12:10:23 #6 type.registry] 
New type java.util.Vector<domain.Question>

[2021-03-23 12:10:23 #7 type.registry] 
New type domain.Pertsona

[2021-03-23 12:10:23 #8 type.registry] 
New type domain.Langile

[2021-03-23 12:10:23 #9 type] 
Type domain.Pertsona is not enhanced.

[2021-03-23 12:10:23 #10 type] 
Type domain.Langile is not enhanced.

[2021-03-23 12:10:23 #11 type.registry] 
New type domain.User

[2021-03-23 12:10:23 #12 type] 
Type domain.User is not enhanced.

[2021-03-23 12:10:23 #13 type.registry] 
New type java.util.Vector<java.lang.Object>

------------------------------------------------------------------------------------------------------------------------

[2021-03-23 12:11:26 #1 store] 
Database 'C:\Users\julen\eclipse-workspace\Bets21-master\src\main\resources\bets.temp' is opened by 12508@DESKTOP-OT7AHR9

[2021-03-23 12:11:27 #2 type.registry] 
New type domain.Question

[2021-03-23 12:11:27 #3 type] 
Type domain.Question is not enhanced.

[2021-03-23 12:11:27 #4 type.registry] 
New type domain.Event

[2021-03-23 12:11:27 #5 type] 
Type domain.Event is not enhanced.

[2021-03-23 12:11:27 #6 type.registry] 
New type java.util.Vector<domain.Question>

[2021-03-23 12:11:27 #7 type.registry] 
New type domain.Pertsona

[2021-03-23 12:11:27 #8 type.registry] 
New type domain.Langile

[2021-03-23 12:11:27 #9 type] 
Type domain.Pertsona is not enhanced.

[2021-03-23 12:11:27 #10 type] 
Type domain.Langile is not enhanced.

[2021-03-23 12:11:27 #11 type.registry] 
New type domain.User

[2021-03-23 12:11:27 #12 type] 
Type domain.User is not enhanced.

[2021-03-23 12:11:27 #13 type.registry] 
New type java.util.Vector<java.lang.Object>

------------------------------------------------------------------------------------------------------------------------

[2021-03-23 12:13:06 #1 store] 
Database 'C:\Users\julen\eclipse-workspace\Bets21-master\src\main\resources\bets.temp' is opened by 5660@DESKTOP-OT7AHR9

[2021-03-23 12:13:06 #2 type.registry] 
New type domain.Question

[2021-03-23 12:13:06 #3 type] 
Type domain.Question is not enhanced.

[2021-03-23 12:13:06 #4 type.registry] 
New type domain.Event

[2021-03-23 12:13:06 #5 type] 
Type domain.Event is not enhanced.

[2021-03-23 12:13:06 #6 type.registry] 
New type java.util.Vector<domain.Question>

[2021-03-23 12:13:06 #7 type.registry] 
New type domain.Pertsona

[2021-03-23 12:13:06 #8 type.registry] 
New type domain.Langile

[2021-03-23 12:13:06 #9 type] 
Type domain.Pertsona is not enhanced.

[2021-03-23 12:13:06 #10 type] 
Type domain.Langile is not enhanced.

[2021-03-23 12:13:06 #11 type.registry] 
New type domain.User

[2021-03-23 12:13:06 #12 type] 
Type domain.User is not enhanced.

[2021-03-23 12:13:06 #13 type.registry] 
New type java.util.Vector<java.lang.Object>

------------------------------------------------------------------------------------------------------------------------

[2021-03-23 12:13:54 #1 store] 
Database 'C:\Users\julen\eclipse-workspace\Bets21-master\src\main\resources\bets.temp' is opened by 11432@DESKTOP-OT7AHR9

[2021-03-23 12:13:55 #2 type.registry] 
New type domain.Question

[2021-03-23 12:13:55 #3 type] 
Type domain.Question is not enhanced.

[2021-03-23 12:13:55 #4 type.registry] 
New type domain.Event

[2021-03-23 12:13:55 #5 type] 
Type domain.Event is not enhanced.

[2021-03-23 12:13:55 #6 type.registry] 
New type java.util.Vector<domain.Question>

[2021-03-23 12:13:55 #7 type.registry] 
New type domain.Pertsona

[2021-03-23 12:13:55 #8 type.registry] 
New type domain.Langile

[2021-03-23 12:13:55 #9 type] 
Type domain.Pertsona is not enhanced.

[2021-03-23 12:13:55 #10 type] 
Type domain.Langile is not enhanced.

[2021-03-23 12:13:55 #11 type.registry] 
New type domain.User

[2021-03-23 12:13:55 #12 type] 
Type domain.User is not enhanced.

[2021-03-23 12:13:55 #13 type.registry] 
New type java.util.Vector<java.lang.Object>

------------------------------------------------------------------------------------------------------------------------

[2021-03-23 12:14:52 #1 store] 
Database 'C:\Users\julen\eclipse-workspace\Bets21-master\src\main\resources\bets.temp' is opened by 17056@DESKTOP-OT7AHR9

[2021-03-23 12:14:52 #2 type.registry] 
New type domain.Question

[2021-03-23 12:14:52 #3 type] 
Type domain.Question is not enhanced.

[2021-03-23 12:14:52 #4 type.registry] 
New type domain.Event

[2021-03-23 12:14:52 #5 type] 
Type domain.Event is not enhanced.

[2021-03-23 12:14:53 #6 type.registry] 
New type java.util.Vector<domain.Question>

[2021-03-23 12:14:53 #7 type.registry] 
New type domain.Pertsona

[2021-03-23 12:14:53 #8 type.registry] 
New type domain.Langile

[2021-03-23 12:14:53 #9 type] 
Type domain.Pertsona is not enhanced.

[2021-03-23 12:14:53 #10 type] 
Type domain.Langile is not enhanced.

[2021-03-23 12:14:53 #11 type.registry] 
New type domain.User

[2021-03-23 12:14:53 #12 type] 
Type domain.User is not enhanced.

[2021-03-23 12:14:53 #13 type.registry] 
New type java.util.Vector<java.lang.Object>

------------------------------------------------------------------------------------------------------------------------

[2021-03-23 12:17:02 #1 store] 
Database 'C:\Users\julen\eclipse-workspace\Bets21-master\src\main\resources\bets.temp' is opened by 8320@DESKTOP-OT7AHR9

[2021-03-23 12:17:03 #2 type.registry] 
New type domain.Question

[2021-03-23 12:17:03 #3 type] 
Type domain.Question is not enhanced.

[2021-03-23 12:17:03 #4 type.registry] 
New type domain.Event

[2021-03-23 12:17:03 #5 type] 
Type domain.Event is not enhanced.

[2021-03-23 12:17:03 #6 type.registry] 
New type java.util.Vector<domain.Question>

[2021-03-23 12:17:03 #7 type.registry] 
New type domain.Pertsona

[2021-03-23 12:17:03 #8 type.registry] 
New type domain.Langile

[2021-03-23 12:17:03 #9 type] 
Type domain.Pertsona is not enhanced.

[2021-03-23 12:17:03 #10 type] 
Type domain.Langile is not enhanced.

[2021-03-23 12:17:03 #11 type.registry] 
New type domain.User

[2021-03-23 12:17:03 #12 type] 
Type domain.User is not enhanced.

[2021-03-23 12:17:03 #13 type.registry] 
New type java.util.Vector<java.lang.Object>

------------------------------------------------------------------------------------------------------------------------

[2021-03-23 12:18:41 #1 store] 
Database 'C:\Users\julen\eclipse-workspace\Bets21-master\src\main\resources\bets.temp' is opened by 7520@DESKTOP-OT7AHR9

[2021-03-23 12:18:42 #2 type.registry] 
New type domain.Question

[2021-03-23 12:18:42 #3 type] 
Type domain.Question is not enhanced.

[2021-03-23 12:18:42 #4 type.registry] 
New type domain.Event

[2021-03-23 12:18:42 #5 type] 
Type domain.Event is not enhanced.

[2021-03-23 12:18:42 #6 type.registry] 
New type java.util.Vector<domain.Question>

[2021-03-23 12:18:42 #7 type.registry] 
New type domain.Pertsona

[2021-03-23 12:18:42 #8 type.registry] 
New type domain.Langile

[2021-03-23 12:18:42 #9 type] 
Type domain.Pertsona is not enhanced.

[2021-03-23 12:18:42 #10 type] 
Type domain.Langile is not enhanced.

[2021-03-23 12:18:42 #11 type.registry] 
New type domain.User

[2021-03-23 12:18:42 #12 type] 
Type domain.User is not enhanced.

[2021-03-23 12:18:42 #13 type.registry] 
New type java.util.Vector<java.lang.Object>

------------------------------------------------------------------------------------------------------------------------

[2021-03-23 12:22:43 #1 store] 
Database 'C:\Users\julen\eclipse-workspace\Bets21-master\src\main\resources\bets.temp' is opened by 20188@DESKTOP-OT7AHR9

[2021-03-23 12:22:44 #2 type.registry] 
New type domain.Question

[2021-03-23 12:22:44 #3 type] 
Type domain.Question is not enhanced.

[2021-03-23 12:22:44 #4 type.registry] 
New type domain.Event

[2021-03-23 12:22:44 #5 type] 
Type domain.Event is not enhanced.

[2021-03-23 12:22:44 #6 type.registry] 
New type java.util.Vector<domain.Question>

[2021-03-23 12:22:44 #7 type.registry] 
New type domain.Pertsona

[2021-03-23 12:22:44 #8 type.registry] 
New type domain.Langile

[2021-03-23 12:22:44 #9 type] 
Type domain.Pertsona is not enhanced.

[2021-03-23 12:22:44 #10 type] 
Type domain.Langile is not enhanced.

[2021-03-23 12:22:44 #11 type.registry] 
New type domain.User

[2021-03-23 12:22:44 #12 type] 
Type domain.User is not enhanced.

[2021-03-23 12:22:44 #13 type.registry] 
New type java.util.Vector<java.lang.Object>

------------------------------------------------------------------------------------------------------------------------

[2021-03-23 12:22:57 #1 store] 
Database 'C:\Users\julen\eclipse-workspace\Bets21-master\src\main\resources\bets.temp' is opened by 10256@DESKTOP-OT7AHR9

[2021-03-23 12:22:58 #2 type.registry] 
New type domain.Question

[2021-03-23 12:22:58 #3 type] 
Type domain.Question is not enhanced.

[2021-03-23 12:22:58 #4 type.registry] 
New type domain.Event

[2021-03-23 12:22:58 #5 type] 
Type domain.Event is not enhanced.

[2021-03-23 12:22:58 #6 type.registry] 
New type java.util.Vector<domain.Question>

[2021-03-23 12:22:58 #7 type.registry] 
New type domain.Pertsona

[2021-03-23 12:22:58 #8 type.registry] 
New type domain.Langile

[2021-03-23 12:22:58 #9 type] 
Type domain.Pertsona is not enhanced.

[2021-03-23 12:22:58 #10 type] 
Type domain.Langile is not enhanced.

[2021-03-23 12:22:58 #11 type.registry] 
New type domain.User

[2021-03-23 12:22:58 #12 type] 
Type domain.User is not enhanced.

[2021-03-23 12:22:58 #13 type.registry] 
New type java.util.Vector<java.lang.Object>

------------------------------------------------------------------------------------------------------------------------

[2021-03-23 12:24:03 #1 store] 
Database 'C:\Users\julen\eclipse-workspace\Bets21-master\src\main\resources\bets.temp' is opened by 6516@DESKTOP-OT7AHR9

[2021-03-23 12:24:03 #2 type.registry] 
New type domain.Question

[2021-03-23 12:24:03 #3 type] 
Type domain.Question is not enhanced.

[2021-03-23 12:24:03 #4 type.registry] 
New type domain.Event

[2021-03-23 12:24:03 #5 type] 
Type domain.Event is not enhanced.

[2021-03-23 12:24:03 #6 type.registry] 
New type java.util.Vector<domain.Question>

[2021-03-23 12:24:03 #7 type.registry] 
New type domain.Pertsona

[2021-03-23 12:24:03 #8 type.registry] 
New type domain.Langile

[2021-03-23 12:24:03 #9 type] 
Type domain.Pertsona is not enhanced.

[2021-03-23 12:24:03 #10 type] 
Type domain.Langile is not enhanced.

[2021-03-23 12:24:03 #11 type.registry] 
New type domain.User

[2021-03-23 12:24:03 #12 type] 
Type domain.User is not enhanced.

[2021-03-23 12:24:04 #13 type.registry] 
New type java.util.Vector<java.lang.Object>

------------------------------------------------------------------------------------------------------------------------

[2021-03-23 12:24:44 #1 store] 
Database 'C:\Users\julen\eclipse-workspace\Bets21-master\src\main\resources\bets.temp' is opened by 15636@DESKTOP-OT7AHR9

[2021-03-23 12:24:44 #2 type.registry] 
New type domain.Question

[2021-03-23 12:24:44 #3 type] 
Type domain.Question is not enhanced.

[2021-03-23 12:24:44 #4 type.registry] 
New type domain.Event

[2021-03-23 12:24:44 #5 type] 
Type domain.Event is not enhanced.

[2021-03-23 12:24:44 #6 type.registry] 
New type java.util.Vector<domain.Question>

[2021-03-23 12:24:44 #7 type.registry] 
New type domain.Pertsona

[2021-03-23 12:24:44 #8 type.registry] 
New type domain.Langile

[2021-03-23 12:24:44 #9 type] 
Type domain.Pertsona is not enhanced.

[2021-03-23 12:24:44 #10 type] 
Type domain.Langile is not enhanced.

[2021-03-23 12:24:44 #11 type.registry] 
New type domain.User

[2021-03-23 12:24:44 #12 type] 
Type domain.User is not enhanced.

[2021-03-23 12:24:44 #13 type.registry] 
New type java.util.Vector<java.lang.Object>

------------------------------------------------------------------------------------------------------------------------

[2021-03-23 16:09:44 #1 store] 
Database 'C:\Users\julen\eclipse-workspace\Bets21-master\src\main\resources\bets.temp' is opened by 9704@DESKTOP-OT7AHR9

[2021-03-23 16:09:44 #2 type.registry] 
New type domain.Question

[2021-03-23 16:09:44 #3 type] 
Type domain.Question is not enhanced.

[2021-03-23 16:09:44 #4 type.registry] 
New type domain.Event

[2021-03-23 16:09:44 #5 type] 
Type domain.Event is not enhanced.

[2021-03-23 16:09:44 #6 type.registry] 
New type java.util.Vector<domain.Question>

[2021-03-23 16:09:44 #7 type.registry] 
New type domain.Pertsona

[2021-03-23 16:09:44 #8 type.registry] 
New type domain.Langile

[2021-03-23 16:09:44 #9 type] 
Type domain.Pertsona is not enhanced.

[2021-03-23 16:09:44 #10 type] 
Type domain.Langile is not enhanced.

[2021-03-23 16:09:44 #11 type.registry] 
New type domain.User

[2021-03-23 16:09:44 #12 type] 
Type domain.User is not enhanced.

[2021-03-23 16:09:44 #13 type.registry] 
New type java.util.Vector<java.lang.Object>

------------------------------------------------------------------------------------------------------------------------

[2021-03-23 16:11:36 #1 store] 
Database 'C:\Users\julen\eclipse-workspace\Bets21-master\src\main\resources\bets.temp' is opened by 14628@DESKTOP-OT7AHR9

[2021-03-23 16:11:36 #2 type.registry] 
New type domain.Question

[2021-03-23 16:11:36 #3 type] 
Type domain.Question is not enhanced.

[2021-03-23 16:11:36 #4 type.registry] 
New type domain.Event

[2021-03-23 16:11:36 #5 type] 
Type domain.Event is not enhanced.

[2021-03-23 16:11:36 #6 type.registry] 
New type java.util.Vector<domain.Question>

[2021-03-23 16:11:36 #7 type.registry] 
New type domain.Pertsona

[2021-03-23 16:11:36 #8 type.registry] 
New type domain.Langile

[2021-03-23 16:11:36 #9 type] 
Type domain.Pertsona is not enhanced.

[2021-03-23 16:11:36 #10 type] 
Type domain.Langile is not enhanced.

[2021-03-23 16:11:36 #11 type.registry] 
New type domain.User

[2021-03-23 16:11:36 #12 type] 
Type domain.User is not enhanced.

[2021-03-23 16:11:36 #13 type.registry] 
New type java.util.Vector<java.lang.Object>

------------------------------------------------------------------------------------------------------------------------

[2021-03-23 16:14:40 #1 store] 
Database 'C:\Users\julen\eclipse-workspace\Bets21-master\src\main\resources\bets.temp' is opened by 11572@DESKTOP-OT7AHR9

[2021-03-23 16:14:40 #2 type.registry] 
New type domain.Question

[2021-03-23 16:14:40 #3 type] 
Type domain.Question is not enhanced.

[2021-03-23 16:14:40 #4 type.registry] 
New type domain.Event

[2021-03-23 16:14:40 #5 type] 
Type domain.Event is not enhanced.

[2021-03-23 16:14:40 #6 type.registry] 
New type java.util.Vector<domain.Question>

[2021-03-23 16:14:40 #7 type.registry] 
New type domain.Pertsona

[2021-03-23 16:14:40 #8 type.registry] 
New type domain.Langile

[2021-03-23 16:14:40 #9 type] 
Type domain.Pertsona is not enhanced.

[2021-03-23 16:14:40 #10 type] 
Type domain.Langile is not enhanced.

[2021-03-23 16:14:40 #11 type.registry] 
New type domain.User

[2021-03-23 16:14:40 #12 type] 
Type domain.User is not enhanced.

[2021-03-23 16:14:40 #13 type.registry] 
New type java.util.Vector<java.lang.Object>

------------------------------------------------------------------------------------------------------------------------

[2021-03-23 16:15:33 #1 store] 
Database 'C:\Users\julen\eclipse-workspace\Bets21-master\src\main\resources\bets.temp' is opened by 3792@DESKTOP-OT7AHR9

[2021-03-23 16:15:34 #2 type.registry] 
New type domain.Question

[2021-03-23 16:15:34 #3 type] 
Type domain.Question is not enhanced.

[2021-03-23 16:15:34 #4 type.registry] 
New type domain.Event

[2021-03-23 16:15:34 #5 type] 
Type domain.Event is not enhanced.

[2021-03-23 16:15:34 #6 type.registry] 
New type java.util.Vector<domain.Question>

[2021-03-23 16:15:34 #7 type.registry] 
New type domain.Pertsona

[2021-03-23 16:15:34 #8 type.registry] 
New type domain.Langile

[2021-03-23 16:15:34 #9 type] 
Type domain.Pertsona is not enhanced.

[2021-03-23 16:15:34 #10 type] 
Type domain.Langile is not enhanced.

[2021-03-23 16:15:34 #11 type.registry] 
New type domain.User

[2021-03-23 16:15:34 #12 type] 
Type domain.User is not enhanced.

[2021-03-23 16:15:34 #13 type.registry] 
New type java.util.Vector<java.lang.Object>

------------------------------------------------------------------------------------------------------------------------

[2021-03-23 16:18:10 #1 store] 
Database 'C:\Users\julen\eclipse-workspace\Bets21-master\src\main\resources\bets.temp' is opened by 4916@DESKTOP-OT7AHR9

[2021-03-23 16:18:10 #2 type.registry] 
New type domain.Question

[2021-03-23 16:18:10 #3 type] 
Type domain.Question is not enhanced.

[2021-03-23 16:18:10 #4 type.registry] 
New type domain.Event

[2021-03-23 16:18:10 #5 type] 
Type domain.Event is not enhanced.

[2021-03-23 16:18:10 #6 type.registry] 
New type java.util.Vector<domain.Question>

[2021-03-23 16:18:10 #7 type.registry] 
New type domain.Pertsona

[2021-03-23 16:18:10 #8 type.registry] 
New type domain.Langile

[2021-03-23 16:18:10 #9 type] 
Type domain.Pertsona is not enhanced.

[2021-03-23 16:18:10 #10 type] 
Type domain.Langile is not enhanced.

[2021-03-23 16:18:10 #11 type.registry] 
New type domain.User

[2021-03-23 16:18:10 #12 type] 
Type domain.User is not enhanced.

[2021-03-23 16:18:10 #13 type.registry] 
New type java.util.Vector<java.lang.Object>

------------------------------------------------------------------------------------------------------------------------

[2021-03-23 16:18:37 #1 store] 
Database 'C:\Users\julen\eclipse-workspace\Bets21-master\src\main\resources\bets.temp' is opened by 5588@DESKTOP-OT7AHR9

[2021-03-23 16:18:38 #2 type.registry] 
New type domain.Question

[2021-03-23 16:18:38 #3 type] 
Type domain.Question is not enhanced.

[2021-03-23 16:18:38 #4 type.registry] 
New type domain.Event

[2021-03-23 16:18:38 #5 type] 
Type domain.Event is not enhanced.

[2021-03-23 16:18:38 #6 type.registry] 
New type java.util.Vector<domain.Question>

[2021-03-23 16:18:38 #7 type.registry] 
New type domain.Pertsona

[2021-03-23 16:18:38 #8 type.registry] 
New type domain.Langile

[2021-03-23 16:18:38 #9 type] 
Type domain.Pertsona is not enhanced.

[2021-03-23 16:18:38 #10 type] 
Type domain.Langile is not enhanced.

[2021-03-23 16:18:38 #11 type.registry] 
New type domain.User

[2021-03-23 16:18:38 #12 type] 
Type domain.User is not enhanced.

[2021-03-23 16:18:38 #13 type.registry] 
New type java.util.Vector<java.lang.Object>

------------------------------------------------------------------------------------------------------------------------

[2021-03-23 16:18:54 #1 store] 
Database 'C:\Users\julen\eclipse-workspace\Bets21-master\src\main\resources\bets.temp' is opened by 8932@DESKTOP-OT7AHR9

[2021-03-23 16:18:54 #2 type.registry] 
New type domain.Question

[2021-03-23 16:18:54 #3 type] 
Type domain.Question is not enhanced.

[2021-03-23 16:18:54 #4 type.registry] 
New type domain.Event

[2021-03-23 16:18:54 #5 type] 
Type domain.Event is not enhanced.

[2021-03-23 16:18:54 #6 type.registry] 
New type java.util.Vector<domain.Question>

[2021-03-23 16:18:54 #7 type.registry] 
New type domain.Pertsona

[2021-03-23 16:18:54 #8 type.registry] 
New type domain.Langile

[2021-03-23 16:18:54 #9 type] 
Type domain.Pertsona is not enhanced.

[2021-03-23 16:18:54 #10 type] 
Type domain.Langile is not enhanced.

[2021-03-23 16:18:54 #11 type.registry] 
New type domain.User

[2021-03-23 16:18:54 #12 type] 
Type domain.User is not enhanced.

[2021-03-23 16:18:54 #13 type.registry] 
New type java.util.Vector<java.lang.Object>

------------------------------------------------------------------------------------------------------------------------

[2021-03-23 16:24:14 #1 store] 
Database 'C:\Users\julen\eclipse-workspace\Bets21-master\src\main\resources\bets.temp' is opened by 12476@DESKTOP-OT7AHR9

[2021-03-23 16:24:15 #2 type.registry] 
New type domain.Question

[2021-03-23 16:24:15 #3 type] 
Type domain.Question is not enhanced.

[2021-03-23 16:24:15 #4 type.registry] 
New type domain.Event

[2021-03-23 16:24:15 #5 type] 
Type domain.Event is not enhanced.

[2021-03-23 16:24:15 #6 type.registry] 
New type java.util.Vector<domain.Question>

[2021-03-23 16:24:15 #7 type.registry] 
New type domain.Pertsona

[2021-03-23 16:24:15 #8 type.registry] 
New type domain.Langile

[2021-03-23 16:24:15 #9 type] 
Type domain.Pertsona is not enhanced.

[2021-03-23 16:24:15 #10 type] 
Type domain.Langile is not enhanced.

[2021-03-23 16:24:15 #11 type.registry] 
New type domain.User

[2021-03-23 16:24:15 #12 type] 
Type domain.User is not enhanced.

[2021-03-23 16:24:15 #13 type.registry] 
New type java.util.Vector<java.lang.Object>

------------------------------------------------------------------------------------------------------------------------

[2021-03-23 16:30:52 #1 store] 
Database 'C:\Users\julen\eclipse-workspace\Bets21-master\src\main\resources\bets.temp' is opened by 17148@DESKTOP-OT7AHR9

[2021-03-23 16:30:53 #2 type.registry] 
New type domain.Question

[2021-03-23 16:30:53 #3 type] 
Type domain.Question is not enhanced.

[2021-03-23 16:30:53 #4 type.registry] 
New type domain.Event

[2021-03-23 16:30:53 #5 type] 
Type domain.Event is not enhanced.

[2021-03-23 16:30:53 #6 type.registry] 
New type java.util.Vector<domain.Question>

[2021-03-23 16:30:53 #7 type.registry] 
New type domain.Pertsona

[2021-03-23 16:30:53 #8 type.registry] 
New type domain.Langile

[2021-03-23 16:30:53 #9 type] 
Type domain.Pertsona is not enhanced.

[2021-03-23 16:30:53 #10 type] 
Type domain.Langile is not enhanced.

[2021-03-23 16:30:53 #11 type.registry] 
New type domain.User

[2021-03-23 16:30:53 #12 type] 
Type domain.User is not enhanced.

[2021-03-23 16:30:53 #13 type.registry] 
New type java.util.Vector<java.lang.Object>

------------------------------------------------------------------------------------------------------------------------

[2021-03-23 16:32:27 #1 store] 
Database 'C:\Users\julen\eclipse-workspace\Bets21-master\src\main\resources\bets.temp' is opened by 12984@DESKTOP-OT7AHR9

[2021-03-23 16:32:27 #2 type.registry] 
New type domain.Question

[2021-03-23 16:32:27 #3 type] 
Type domain.Question is not enhanced.

[2021-03-23 16:32:27 #4 type.registry] 
New type domain.Event

[2021-03-23 16:32:27 #5 type] 
Type domain.Event is not enhanced.

[2021-03-23 16:32:27 #6 type.registry] 
New type java.util.Vector<domain.Question>

[2021-03-23 16:32:27 #7 type.registry] 
New type domain.Pertsona

[2021-03-23 16:32:27 #8 type.registry] 
New type domain.Langile

[2021-03-23 16:32:27 #9 type] 
Type domain.Pertsona is not enhanced.

[2021-03-23 16:32:27 #10 type] 
Type domain.Langile is not enhanced.

[2021-03-23 16:32:27 #11 type.registry] 
New type domain.User

[2021-03-23 16:32:27 #12 type] 
Type domain.User is not enhanced.

[2021-03-23 16:32:27 #13 type.registry] 
New type java.util.Vector<java.lang.Object>

