------------------------------------------------------------------------------------------------------------------------

[2021-05-07 09:39:31 #1 store] 
Database 'C:\Users\Jon Gonzalez\Desktop\UNI\2. maila\SI\PROIEKTUA\Bets21-master\src\main\resources\bets.temp' is opened by 7792@DESKTOP-BOOM0A2

[2021-05-07 09:39:31 #2 type.registry] 
New type domain.Question

[2021-05-07 09:39:31 #3 type] 
Type domain.Question is not enhanced.

[2021-05-07 09:39:32 #4 type.registry] 
New type domain.Event

[2021-05-07 09:39:32 #5 type.registry] 
New type java.util.HashMap<java.lang.String,java.lang.Double>

[2021-05-07 09:39:32 #6 type.registry] 
New type domain.Pertsona

[2021-05-07 09:39:32 #7 type.registry] 
New type domain.User

[2021-05-07 09:39:32 #8 type.registry] 
New type java.util.ArrayList<domain.User>

[2021-05-07 09:39:32 #9 type] 
Type domain.Event is not enhanced.

[2021-05-07 09:39:32 #10 type.registry] 
New type java.util.Vector<domain.Question>

[2021-05-07 09:39:32 #11 type] 
Type domain.Pertsona is not enhanced.

[2021-05-07 09:39:32 #12 type] 
Type domain.User is not enhanced.

[2021-05-07 09:39:32 #13 type.registry] 
New type java.util.ArrayList<java.lang.String>

[2021-05-07 09:39:32 #14 type.registry] 
New type java.util.HashMap<domain.User,java.lang.Double>

[2021-05-07 09:39:32 #15 type.registry] 
New type domain.Apostua

[2021-05-07 09:39:32 #16 type.registry] 
New type java.util.ArrayList<domain.Apostua>

[2021-05-07 09:39:32 #17 type] 
Type domain.Apostua is not enhanced.

[2021-05-07 09:39:32 #18 type.registry] 
New type java.util.ArrayList<domain.Question>

[2021-05-07 09:39:32 #19 type.registry] 
New type domain.Langile

[2021-05-07 09:39:32 #20 type] 
Type domain.Langile is not enhanced.

[2021-05-07 09:39:32 #21 type.registry] 
New type java.util.ArrayList<java.lang.Object>

[2021-05-07 09:39:32 #22 type.registry] 
New type java.util.Vector<java.lang.Object>

[2021-05-07 09:39:32 #23 type.registry] 
New type java.util.HashMap<java.lang.Object,java.lang.Object>

------------------------------------------------------------------------------------------------------------------------

[2021-05-07 09:55:00 #1 store] 
Database 'C:\Users\Jon Gonzalez\Desktop\UNI\2. maila\SI\PROIEKTUA\Bets21-master\src\main\resources\bets.temp' is opened by 1236@DESKTOP-BOOM0A2

[2021-05-07 09:55:00 #2 type.registry] 
New type domain.Question

[2021-05-07 09:55:00 #3 type] 
Type domain.Question is not enhanced.

[2021-05-07 09:55:00 #4 type.registry] 
New type domain.Event

[2021-05-07 09:55:00 #5 type.registry] 
New type java.util.HashMap<java.lang.String,java.lang.Double>

[2021-05-07 09:55:00 #6 type.registry] 
New type domain.Pertsona

[2021-05-07 09:55:00 #7 type.registry] 
New type domain.User

[2021-05-07 09:55:00 #8 type.registry] 
New type java.util.ArrayList<domain.User>

[2021-05-07 09:55:00 #9 type] 
Type domain.Event is not enhanced.

[2021-05-07 09:55:00 #10 type.registry] 
New type java.util.Vector<domain.Question>

[2021-05-07 09:55:00 #11 type] 
Type domain.Pertsona is not enhanced.

[2021-05-07 09:55:00 #12 type] 
Type domain.User is not enhanced.

[2021-05-07 09:55:00 #13 type.registry] 
New type java.util.ArrayList<java.lang.String>

[2021-05-07 09:55:00 #14 type.registry] 
New type java.util.HashMap<domain.User,java.lang.Double>

[2021-05-07 09:55:00 #15 type.registry] 
New type domain.Apostua

[2021-05-07 09:55:00 #16 type.registry] 
New type java.util.ArrayList<domain.Apostua>

[2021-05-07 09:55:00 #17 type] 
Type domain.Apostua is not enhanced.

[2021-05-07 09:55:00 #18 type.registry] 
New type java.util.ArrayList<domain.Question>

[2021-05-07 09:55:00 #19 type.registry] 
New type domain.Langile

[2021-05-07 09:55:00 #20 type] 
Type domain.Langile is not enhanced.

[2021-05-07 09:55:00 #21 type.registry] 
New type java.util.ArrayList<java.lang.Object>

[2021-05-07 09:55:00 #22 type.registry] 
New type java.util.Vector<java.lang.Object>

[2021-05-07 09:55:00 #23 type.registry] 
New type java.util.HashMap<java.lang.Object,java.lang.Object>

------------------------------------------------------------------------------------------------------------------------

[2021-05-07 10:01:22 #1 store] 
Database 'C:\Users\Jon Gonzalez\Desktop\UNI\2. maila\SI\PROIEKTUA\Bets21-master\src\main\resources\bets.temp' is opened by 13880@DESKTOP-BOOM0A2

[2021-05-07 10:01:22 #2 type.registry] 
New type domain.Question

[2021-05-07 10:01:22 #3 type] 
Type domain.Question is not enhanced.

[2021-05-07 10:01:22 #4 type.registry] 
New type domain.Event

[2021-05-07 10:01:22 #5 type.registry] 
New type java.util.HashMap<java.lang.String,java.lang.Double>

[2021-05-07 10:01:22 #6 type.registry] 
New type domain.Pertsona

[2021-05-07 10:01:22 #7 type.registry] 
New type domain.User

[2021-05-07 10:01:22 #8 type.registry] 
New type java.util.ArrayList<domain.User>

[2021-05-07 10:01:22 #9 type] 
Type domain.Event is not enhanced.

[2021-05-07 10:01:22 #10 type.registry] 
New type java.util.Vector<domain.Question>

[2021-05-07 10:01:22 #11 type] 
Type domain.Pertsona is not enhanced.

[2021-05-07 10:01:22 #12 type] 
Type domain.User is not enhanced.

[2021-05-07 10:01:22 #13 type.registry] 
New type java.util.ArrayList<java.lang.String>

[2021-05-07 10:01:22 #14 type.registry] 
New type java.util.HashMap<domain.User,java.lang.Double>

[2021-05-07 10:01:22 #15 type.registry] 
New type domain.Apostua

[2021-05-07 10:01:22 #16 type.registry] 
New type java.util.ArrayList<domain.Apostua>

[2021-05-07 10:01:22 #17 type] 
Type domain.Apostua is not enhanced.

[2021-05-07 10:01:22 #18 type.registry] 
New type java.util.ArrayList<domain.Question>

[2021-05-07 10:01:22 #19 type.registry] 
New type domain.Langile

[2021-05-07 10:01:22 #20 type] 
Type domain.Langile is not enhanced.

[2021-05-07 10:01:22 #21 type.registry] 
New type java.util.ArrayList<java.lang.Object>

[2021-05-07 10:01:22 #22 type.registry] 
New type java.util.Vector<java.lang.Object>

[2021-05-07 10:01:22 #23 type.registry] 
New type java.util.HashMap<java.lang.Object,java.lang.Object>

------------------------------------------------------------------------------------------------------------------------

[2021-05-07 10:03:07 #1 store] 
Database 'C:\Users\Jon Gonzalez\Desktop\UNI\2. maila\SI\PROIEKTUA\Bets21-master\src\main\resources\bets.temp' is opened by 20668@DESKTOP-BOOM0A2

[2021-05-07 10:03:07 #2 type.registry] 
New type domain.Question

[2021-05-07 10:03:07 #3 type] 
Type domain.Question is not enhanced.

[2021-05-07 10:03:07 #4 type.registry] 
New type domain.Event

[2021-05-07 10:03:07 #5 type.registry] 
New type java.util.HashMap<java.lang.String,java.lang.Double>

[2021-05-07 10:03:07 #6 type.registry] 
New type domain.Pertsona

[2021-05-07 10:03:07 #7 type.registry] 
New type domain.User

[2021-05-07 10:03:07 #8 type.registry] 
New type java.util.ArrayList<domain.User>

[2021-05-07 10:03:07 #9 type] 
Type domain.Event is not enhanced.

[2021-05-07 10:03:07 #10 type.registry] 
New type java.util.Vector<domain.Question>

[2021-05-07 10:03:07 #11 type] 
Type domain.Pertsona is not enhanced.

[2021-05-07 10:03:07 #12 type] 
Type domain.User is not enhanced.

[2021-05-07 10:03:07 #13 type.registry] 
New type java.util.ArrayList<java.lang.String>

[2021-05-07 10:03:07 #14 type.registry] 
New type java.util.HashMap<domain.User,java.lang.Double>

[2021-05-07 10:03:07 #15 type.registry] 
New type domain.Apostua

[2021-05-07 10:03:07 #16 type.registry] 
New type java.util.ArrayList<domain.Apostua>

[2021-05-07 10:03:07 #17 type] 
Type domain.Apostua is not enhanced.

[2021-05-07 10:03:07 #18 type.registry] 
New type java.util.ArrayList<domain.Question>

[2021-05-07 10:03:07 #19 type.registry] 
New type domain.Langile

[2021-05-07 10:03:07 #20 type] 
Type domain.Langile is not enhanced.

[2021-05-07 10:03:07 #21 type.registry] 
New type java.util.ArrayList<java.lang.Object>

[2021-05-07 10:03:07 #22 type.registry] 
New type java.util.Vector<java.lang.Object>

[2021-05-07 10:03:07 #23 type.registry] 
New type java.util.HashMap<java.lang.Object,java.lang.Object>

------------------------------------------------------------------------------------------------------------------------

[2021-05-07 10:17:59 #1 store] 
Database 'C:\Users\Jon Gonzalez\Desktop\UNI\2. maila\SI\PROIEKTUA\Bets21-master\src\main\resources\bets.temp' is opened by 13992@DESKTOP-BOOM0A2

[2021-05-07 10:18:00 #2 type.registry] 
New type domain.Question

[2021-05-07 10:18:00 #3 type] 
Type domain.Question is not enhanced.

[2021-05-07 10:18:00 #4 type.registry] 
New type domain.Event

[2021-05-07 10:18:00 #5 type.registry] 
New type java.util.HashMap<java.lang.String,java.lang.Double>

[2021-05-07 10:18:00 #6 type.registry] 
New type domain.Pertsona

[2021-05-07 10:18:00 #7 type.registry] 
New type domain.User

[2021-05-07 10:18:00 #8 type.registry] 
New type java.util.ArrayList<domain.User>

[2021-05-07 10:18:00 #9 type] 
Type domain.Event is not enhanced.

[2021-05-07 10:18:00 #10 type.registry] 
New type java.util.Vector<domain.Question>

[2021-05-07 10:18:00 #11 type] 
Type domain.Pertsona is not enhanced.

[2021-05-07 10:18:00 #12 type] 
Type domain.User is not enhanced.

[2021-05-07 10:18:00 #13 type.registry] 
New type java.util.ArrayList<java.lang.String>

[2021-05-07 10:18:00 #14 type.registry] 
New type java.util.HashMap<domain.User,java.lang.Double>

[2021-05-07 10:18:00 #15 type.registry] 
New type domain.Apostua

[2021-05-07 10:18:00 #16 type.registry] 
New type java.util.ArrayList<domain.Apostua>

[2021-05-07 10:18:00 #17 type] 
Type domain.Apostua is not enhanced.

[2021-05-07 10:18:00 #18 type.registry] 
New type java.util.ArrayList<domain.Question>

[2021-05-07 10:18:00 #19 type.registry] 
New type domain.Langile

[2021-05-07 10:18:00 #20 type] 
Type domain.Langile is not enhanced.

[2021-05-07 10:18:00 #21 type.registry] 
New type java.util.ArrayList<java.lang.Object>

[2021-05-07 10:18:00 #22 type.registry] 
New type java.util.Vector<java.lang.Object>

[2021-05-07 10:18:00 #23 type.registry] 
New type java.util.HashMap<java.lang.Object,java.lang.Object>

------------------------------------------------------------------------------------------------------------------------

[2021-05-07 10:19:45 #1 store] 
Database 'C:\Users\Jon Gonzalez\Desktop\UNI\2. maila\SI\PROIEKTUA\Bets21-master\src\main\resources\bets.temp' is opened by 17696@DESKTOP-BOOM0A2

[2021-05-07 10:19:45 #2 type.registry] 
New type domain.Question

[2021-05-07 10:19:45 #3 type] 
Type domain.Question is not enhanced.

[2021-05-07 10:19:45 #4 type.registry] 
New type domain.Event

[2021-05-07 10:19:45 #5 type.registry] 
New type java.util.HashMap<java.lang.String,java.lang.Double>

[2021-05-07 10:19:45 #6 type.registry] 
New type domain.Pertsona

[2021-05-07 10:19:45 #7 type.registry] 
New type domain.User

[2021-05-07 10:19:45 #8 type.registry] 
New type java.util.ArrayList<domain.User>

[2021-05-07 10:19:45 #9 type] 
Type domain.Event is not enhanced.

[2021-05-07 10:19:45 #10 type.registry] 
New type java.util.Vector<domain.Question>

[2021-05-07 10:19:45 #11 type] 
Type domain.Pertsona is not enhanced.

[2021-05-07 10:19:45 #12 type] 
Type domain.User is not enhanced.

[2021-05-07 10:19:45 #13 type.registry] 
New type java.util.ArrayList<java.lang.String>

[2021-05-07 10:19:45 #14 type.registry] 
New type java.util.HashMap<domain.User,java.lang.Double>

[2021-05-07 10:19:45 #15 type.registry] 
New type domain.Apostua

[2021-05-07 10:19:45 #16 type.registry] 
New type java.util.ArrayList<domain.Apostua>

[2021-05-07 10:19:45 #17 type] 
Type domain.Apostua is not enhanced.

[2021-05-07 10:19:45 #18 type.registry] 
New type java.util.ArrayList<domain.Question>

[2021-05-07 10:19:45 #19 type.registry] 
New type domain.Langile

[2021-05-07 10:19:45 #20 type] 
Type domain.Langile is not enhanced.

[2021-05-07 10:19:45 #21 type.registry] 
New type java.util.ArrayList<java.lang.Object>

[2021-05-07 10:19:45 #22 type.registry] 
New type java.util.Vector<java.lang.Object>

[2021-05-07 10:19:45 #23 type.registry] 
New type java.util.HashMap<java.lang.Object,java.lang.Object>

------------------------------------------------------------------------------------------------------------------------

[2021-05-07 10:20:05 #1 store] 
Database 'C:\Users\Jon Gonzalez\Desktop\UNI\2. maila\SI\PROIEKTUA\Bets21-master\src\main\resources\bets.temp' is opened by 8256@DESKTOP-BOOM0A2

[2021-05-07 10:20:05 #2 type.registry] 
New type domain.Question

[2021-05-07 10:20:05 #3 type] 
Type domain.Question is not enhanced.

[2021-05-07 10:20:05 #4 type.registry] 
New type domain.Event

[2021-05-07 10:20:05 #5 type.registry] 
New type java.util.HashMap<java.lang.String,java.lang.Double>

[2021-05-07 10:20:05 #6 type.registry] 
New type domain.Pertsona

[2021-05-07 10:20:05 #7 type.registry] 
New type domain.User

[2021-05-07 10:20:05 #8 type.registry] 
New type java.util.ArrayList<domain.User>

[2021-05-07 10:20:05 #9 type] 
Type domain.Event is not enhanced.

[2021-05-07 10:20:05 #10 type.registry] 
New type java.util.Vector<domain.Question>

[2021-05-07 10:20:05 #11 type] 
Type domain.Pertsona is not enhanced.

[2021-05-07 10:20:05 #12 type] 
Type domain.User is not enhanced.

[2021-05-07 10:20:05 #13 type.registry] 
New type java.util.ArrayList<java.lang.String>

[2021-05-07 10:20:05 #14 type.registry] 
New type java.util.HashMap<domain.User,java.lang.Double>

[2021-05-07 10:20:05 #15 type.registry] 
New type domain.Apostua

[2021-05-07 10:20:05 #16 type.registry] 
New type java.util.ArrayList<domain.Apostua>

[2021-05-07 10:20:05 #17 type] 
Type domain.Apostua is not enhanced.

[2021-05-07 10:20:05 #18 type.registry] 
New type java.util.ArrayList<domain.Question>

[2021-05-07 10:20:05 #19 type.registry] 
New type domain.Langile

[2021-05-07 10:20:05 #20 type] 
Type domain.Langile is not enhanced.

[2021-05-07 10:20:05 #21 type.registry] 
New type java.util.ArrayList<java.lang.Object>

[2021-05-07 10:20:05 #22 type.registry] 
New type java.util.Vector<java.lang.Object>

[2021-05-07 10:20:05 #23 type.registry] 
New type java.util.HashMap<java.lang.Object,java.lang.Object>

------------------------------------------------------------------------------------------------------------------------

[2021-05-07 12:54:17 #1 store] 
Database 'C:\Users\Jon Gonzalez\Desktop\UNI\2. maila\SI\PROIEKTUA\Bets21-master\src\main\resources\bets.temp' is opened by 17028@DESKTOP-BOOM0A2

[2021-05-07 12:54:17 #2 type.registry] 
New type domain.Question

[2021-05-07 12:54:17 #3 type] 
Type domain.Question is not enhanced.

[2021-05-07 12:54:17 #4 type.registry] 
New type domain.Event

[2021-05-07 12:54:17 #5 type.registry] 
New type java.util.HashMap<java.lang.String,java.lang.Double>

[2021-05-07 12:54:17 #6 type.registry] 
New type domain.Pertsona

[2021-05-07 12:54:17 #7 type.registry] 
New type domain.User

[2021-05-07 12:54:17 #8 type.registry] 
New type java.util.ArrayList<domain.User>

[2021-05-07 12:54:17 #9 type] 
Type domain.Event is not enhanced.

[2021-05-07 12:54:17 #10 type.registry] 
New type java.util.Vector<domain.Question>

[2021-05-07 12:54:17 #11 type] 
Type domain.Pertsona is not enhanced.

[2021-05-07 12:54:17 #12 type] 
Type domain.User is not enhanced.

[2021-05-07 12:54:17 #13 type.registry] 
New type java.util.ArrayList<java.lang.String>

[2021-05-07 12:54:17 #14 type.registry] 
New type java.util.HashMap<domain.User,java.lang.Double>

[2021-05-07 12:54:17 #15 type.registry] 
New type domain.Apostua

[2021-05-07 12:54:17 #16 type.registry] 
New type java.util.ArrayList<domain.Apostua>

[2021-05-07 12:54:17 #17 type] 
Type domain.Apostua is not enhanced.

[2021-05-07 12:54:17 #18 type.registry] 
New type java.util.ArrayList<domain.Question>

[2021-05-07 12:54:17 #19 type.registry] 
New type domain.Langile

[2021-05-07 12:54:17 #20 type] 
Type domain.Langile is not enhanced.

[2021-05-07 12:54:17 #21 type.registry] 
New type java.util.ArrayList<java.lang.Object>

[2021-05-07 12:54:17 #22 type.registry] 
New type java.util.Vector<java.lang.Object>

[2021-05-07 12:54:17 #23 type.registry] 
New type java.util.HashMap<java.lang.Object,java.lang.Object>

------------------------------------------------------------------------------------------------------------------------

[2021-05-07 12:57:23 #1 store] 
Database 'C:\Users\Jon Gonzalez\Desktop\UNI\2. maila\SI\PROIEKTUA\Bets21-master\src\main\resources\bets.temp' is opened by 19568@DESKTOP-BOOM0A2

[2021-05-07 12:57:23 #2 type.registry] 
New type domain.Question

[2021-05-07 12:57:23 #3 type] 
Type domain.Question is not enhanced.

[2021-05-07 12:57:23 #4 type.registry] 
New type domain.Event

[2021-05-07 12:57:23 #5 type.registry] 
New type java.util.HashMap<java.lang.String,java.lang.Double>

[2021-05-07 12:57:23 #6 type.registry] 
New type domain.Pertsona

[2021-05-07 12:57:23 #7 type.registry] 
New type domain.User

[2021-05-07 12:57:23 #8 type.registry] 
New type java.util.ArrayList<domain.User>

[2021-05-07 12:57:23 #9 type] 
Type domain.Event is not enhanced.

[2021-05-07 12:57:23 #10 type.registry] 
New type java.util.Vector<domain.Question>

[2021-05-07 12:57:23 #11 type] 
Type domain.Pertsona is not enhanced.

[2021-05-07 12:57:23 #12 type] 
Type domain.User is not enhanced.

[2021-05-07 12:57:23 #13 type.registry] 
New type java.util.ArrayList<java.lang.String>

[2021-05-07 12:57:23 #14 type.registry] 
New type java.util.HashMap<domain.User,java.lang.Double>

[2021-05-07 12:57:23 #15 type.registry] 
New type domain.Apostua

[2021-05-07 12:57:23 #16 type.registry] 
New type java.util.ArrayList<domain.Apostua>

[2021-05-07 12:57:23 #17 type] 
Type domain.Apostua is not enhanced.

[2021-05-07 12:57:23 #18 type.registry] 
New type java.util.ArrayList<domain.Question>

[2021-05-07 12:57:23 #19 type.registry] 
New type domain.Langile

[2021-05-07 12:57:23 #20 type] 
Type domain.Langile is not enhanced.

[2021-05-07 12:57:23 #21 type.registry] 
New type java.util.ArrayList<java.lang.Object>

[2021-05-07 12:57:23 #22 type.registry] 
New type java.util.Vector<java.lang.Object>

[2021-05-07 12:57:23 #23 type.registry] 
New type java.util.HashMap<java.lang.Object,java.lang.Object>

------------------------------------------------------------------------------------------------------------------------

[2021-05-07 13:01:41 #1 store] 
Database 'C:\Users\Jon Gonzalez\Desktop\UNI\2. maila\SI\PROIEKTUA\Bets21-master\src\main\resources\bets.temp' is opened by 4012@DESKTOP-BOOM0A2

[2021-05-07 13:01:41 #2 type.registry] 
New type domain.Question

[2021-05-07 13:01:41 #3 type] 
Type domain.Question is not enhanced.

[2021-05-07 13:01:41 #4 type.registry] 
New type domain.Event

[2021-05-07 13:01:41 #5 type.registry] 
New type java.util.HashMap<java.lang.String,java.lang.Double>

[2021-05-07 13:01:41 #6 type.registry] 
New type domain.Pertsona

[2021-05-07 13:01:41 #7 type.registry] 
New type domain.User

[2021-05-07 13:01:41 #8 type.registry] 
New type java.util.ArrayList<domain.User>

[2021-05-07 13:01:41 #9 type] 
Type domain.Event is not enhanced.

[2021-05-07 13:01:41 #10 type.registry] 
New type java.util.Vector<domain.Question>

[2021-05-07 13:01:41 #11 type] 
Type domain.Pertsona is not enhanced.

[2021-05-07 13:01:41 #12 type] 
Type domain.User is not enhanced.

[2021-05-07 13:01:41 #13 type.registry] 
New type java.util.ArrayList<java.lang.String>

[2021-05-07 13:01:41 #14 type.registry] 
New type java.util.HashMap<domain.User,java.lang.Double>

[2021-05-07 13:01:41 #15 type.registry] 
New type domain.Apostua

[2021-05-07 13:01:41 #16 type.registry] 
New type java.util.ArrayList<domain.Apostua>

[2021-05-07 13:01:41 #17 type] 
Type domain.Apostua is not enhanced.

[2021-05-07 13:01:41 #18 type.registry] 
New type java.util.ArrayList<domain.Question>

[2021-05-07 13:01:41 #19 type.registry] 
New type domain.Langile

[2021-05-07 13:01:41 #20 type] 
Type domain.Langile is not enhanced.

[2021-05-07 13:01:41 #21 type.registry] 
New type java.util.ArrayList<java.lang.Object>

[2021-05-07 13:01:41 #22 type.registry] 
New type java.util.Vector<java.lang.Object>

[2021-05-07 13:01:41 #23 type.registry] 
New type java.util.HashMap<java.lang.Object,java.lang.Object>

------------------------------------------------------------------------------------------------------------------------

[2021-05-07 13:04:52 #1 store] 
Database 'C:\Users\Jon Gonzalez\Desktop\UNI\2. maila\SI\PROIEKTUA\Bets21-master\src\main\resources\bets.temp' is opened by 20712@DESKTOP-BOOM0A2

[2021-05-07 13:04:52 #2 type.registry] 
New type domain.Question

[2021-05-07 13:04:52 #3 type] 
Type domain.Question is not enhanced.

[2021-05-07 13:04:52 #4 type.registry] 
New type domain.Event

[2021-05-07 13:04:52 #5 type.registry] 
New type java.util.HashMap<java.lang.String,java.lang.Double>

[2021-05-07 13:04:52 #6 type.registry] 
New type domain.Pertsona

[2021-05-07 13:04:52 #7 type.registry] 
New type domain.User

[2021-05-07 13:04:52 #8 type.registry] 
New type java.util.ArrayList<domain.User>

[2021-05-07 13:04:52 #9 type] 
Type domain.Event is not enhanced.

[2021-05-07 13:04:52 #10 type.registry] 
New type java.util.Vector<domain.Question>

[2021-05-07 13:04:52 #11 type] 
Type domain.Pertsona is not enhanced.

[2021-05-07 13:04:52 #12 type] 
Type domain.User is not enhanced.

[2021-05-07 13:04:52 #13 type.registry] 
New type java.util.ArrayList<java.lang.String>

[2021-05-07 13:04:52 #14 type.registry] 
New type java.util.HashMap<domain.User,java.lang.Double>

[2021-05-07 13:04:52 #15 type.registry] 
New type domain.Apostua

[2021-05-07 13:04:52 #16 type.registry] 
New type java.util.ArrayList<domain.Apostua>

[2021-05-07 13:04:52 #17 type] 
Type domain.Apostua is not enhanced.

[2021-05-07 13:04:52 #18 type.registry] 
New type java.util.ArrayList<domain.Question>

[2021-05-07 13:04:52 #19 type.registry] 
New type domain.Langile

[2021-05-07 13:04:52 #20 type] 
Type domain.Langile is not enhanced.

[2021-05-07 13:04:52 #21 type.registry] 
New type java.util.ArrayList<java.lang.Object>

[2021-05-07 13:04:52 #22 type.registry] 
New type java.util.Vector<java.lang.Object>

[2021-05-07 13:04:52 #23 type.registry] 
New type java.util.HashMap<java.lang.Object,java.lang.Object>

------------------------------------------------------------------------------------------------------------------------

[2021-05-07 13:06:43 #1 store] 
Database 'C:\Users\Jon Gonzalez\Desktop\UNI\2. maila\SI\PROIEKTUA\Bets21-master\src\main\resources\bets.temp' is opened by 3188@DESKTOP-BOOM0A2

[2021-05-07 13:06:44 #2 type.registry] 
New type domain.Question

[2021-05-07 13:06:44 #3 type] 
Type domain.Question is not enhanced.

[2021-05-07 13:06:44 #4 type.registry] 
New type domain.Event

[2021-05-07 13:06:44 #5 type.registry] 
New type java.util.HashMap<java.lang.String,java.lang.Double>

[2021-05-07 13:06:44 #6 type.registry] 
New type domain.Pertsona

[2021-05-07 13:06:44 #7 type.registry] 
New type domain.User

[2021-05-07 13:06:44 #8 type.registry] 
New type java.util.ArrayList<domain.User>

[2021-05-07 13:06:44 #9 type] 
Type domain.Event is not enhanced.

[2021-05-07 13:06:44 #10 type.registry] 
New type java.util.Vector<domain.Question>

[2021-05-07 13:06:44 #11 type] 
Type domain.Pertsona is not enhanced.

[2021-05-07 13:06:44 #12 type] 
Type domain.User is not enhanced.

[2021-05-07 13:06:44 #13 type.registry] 
New type java.util.ArrayList<java.lang.String>

[2021-05-07 13:06:44 #14 type.registry] 
New type java.util.HashMap<domain.User,java.lang.Double>

[2021-05-07 13:06:44 #15 type.registry] 
New type domain.Apostua

[2021-05-07 13:06:44 #16 type.registry] 
New type java.util.ArrayList<domain.Apostua>

[2021-05-07 13:06:44 #17 type] 
Type domain.Apostua is not enhanced.

[2021-05-07 13:06:44 #18 type.registry] 
New type java.util.ArrayList<domain.Question>

[2021-05-07 13:06:44 #19 type.registry] 
New type domain.Langile

[2021-05-07 13:06:44 #20 type] 
Type domain.Langile is not enhanced.

[2021-05-07 13:06:44 #21 type.registry] 
New type java.util.ArrayList<java.lang.Object>

[2021-05-07 13:06:44 #22 type.registry] 
New type java.util.Vector<java.lang.Object>

[2021-05-07 13:06:44 #23 type.registry] 
New type java.util.HashMap<java.lang.Object,java.lang.Object>

------------------------------------------------------------------------------------------------------------------------

[2021-05-07 13:07:49 #1 store] 
Database 'C:\Users\Jon Gonzalez\Desktop\UNI\2. maila\SI\PROIEKTUA\Bets21-master\src\main\resources\bets.temp' is opened by 20440@DESKTOP-BOOM0A2

[2021-05-07 13:07:49 #2 type.registry] 
New type domain.Question

[2021-05-07 13:07:49 #3 type] 
Type domain.Question is not enhanced.

[2021-05-07 13:07:49 #4 type.registry] 
New type domain.Event

[2021-05-07 13:07:49 #5 type.registry] 
New type java.util.HashMap<java.lang.String,java.lang.Double>

[2021-05-07 13:07:49 #6 type.registry] 
New type domain.Pertsona

[2021-05-07 13:07:49 #7 type.registry] 
New type domain.User

[2021-05-07 13:07:49 #8 type.registry] 
New type java.util.ArrayList<domain.User>

[2021-05-07 13:07:49 #9 type] 
Type domain.Event is not enhanced.

[2021-05-07 13:07:49 #10 type.registry] 
New type java.util.Vector<domain.Question>

[2021-05-07 13:07:49 #11 type] 
Type domain.Pertsona is not enhanced.

[2021-05-07 13:07:49 #12 type] 
Type domain.User is not enhanced.

[2021-05-07 13:07:49 #13 type.registry] 
New type java.util.ArrayList<java.lang.String>

[2021-05-07 13:07:49 #14 type.registry] 
New type java.util.HashMap<domain.User,java.lang.Double>

[2021-05-07 13:07:49 #15 type.registry] 
New type domain.Apostua

[2021-05-07 13:07:49 #16 type.registry] 
New type java.util.ArrayList<domain.Apostua>

[2021-05-07 13:07:49 #17 type] 
Type domain.Apostua is not enhanced.

[2021-05-07 13:07:49 #18 type.registry] 
New type java.util.ArrayList<domain.Question>

[2021-05-07 13:07:49 #19 type.registry] 
New type domain.Langile

[2021-05-07 13:07:49 #20 type] 
Type domain.Langile is not enhanced.

[2021-05-07 13:07:49 #21 type.registry] 
New type java.util.ArrayList<java.lang.Object>

[2021-05-07 13:07:49 #22 type.registry] 
New type java.util.Vector<java.lang.Object>

[2021-05-07 13:07:49 #23 type.registry] 
New type java.util.HashMap<java.lang.Object,java.lang.Object>

------------------------------------------------------------------------------------------------------------------------

[2021-05-07 13:10:41 #1 store] 
Database 'C:\Users\Jon Gonzalez\Desktop\UNI\2. maila\SI\PROIEKTUA\Bets21-master\src\main\resources\bets.temp' is opened by 9780@DESKTOP-BOOM0A2

[2021-05-07 13:10:41 #2 type.registry] 
New type domain.Question

[2021-05-07 13:10:41 #3 type] 
Type domain.Question is not enhanced.

[2021-05-07 13:10:41 #4 type.registry] 
New type domain.Event

[2021-05-07 13:10:41 #5 type.registry] 
New type java.util.HashMap<java.lang.String,java.lang.Double>

[2021-05-07 13:10:41 #6 type.registry] 
New type domain.Pertsona

[2021-05-07 13:10:41 #7 type.registry] 
New type domain.User

[2021-05-07 13:10:41 #8 type.registry] 
New type java.util.ArrayList<domain.User>

[2021-05-07 13:10:41 #9 type] 
Type domain.Event is not enhanced.

[2021-05-07 13:10:41 #10 type.registry] 
New type java.util.Vector<domain.Question>

[2021-05-07 13:10:41 #11 type] 
Type domain.Pertsona is not enhanced.

[2021-05-07 13:10:41 #12 type] 
Type domain.User is not enhanced.

[2021-05-07 13:10:41 #13 type.registry] 
New type java.util.ArrayList<java.lang.String>

[2021-05-07 13:10:41 #14 type.registry] 
New type java.util.HashMap<domain.User,java.lang.Double>

[2021-05-07 13:10:41 #15 type.registry] 
New type domain.Apostua

[2021-05-07 13:10:41 #16 type.registry] 
New type java.util.ArrayList<domain.Apostua>

[2021-05-07 13:10:41 #17 type] 
Type domain.Apostua is not enhanced.

[2021-05-07 13:10:41 #18 type.registry] 
New type java.util.ArrayList<domain.Question>

[2021-05-07 13:10:41 #19 type.registry] 
New type domain.Langile

[2021-05-07 13:10:41 #20 type] 
Type domain.Langile is not enhanced.

[2021-05-07 13:10:41 #21 type.registry] 
New type java.util.ArrayList<java.lang.Object>

[2021-05-07 13:10:41 #22 type.registry] 
New type java.util.Vector<java.lang.Object>

[2021-05-07 13:10:41 #23 type.registry] 
New type java.util.HashMap<java.lang.Object,java.lang.Object>

------------------------------------------------------------------------------------------------------------------------

[2021-05-07 13:16:12 #1 store] 
Database 'C:\Users\Jon Gonzalez\Desktop\UNI\2. maila\SI\PROIEKTUA\Bets21-master\src\main\resources\bets.temp' is opened by 10440@DESKTOP-BOOM0A2

[2021-05-07 13:16:12 #2 type.registry] 
New type domain.Question

[2021-05-07 13:16:12 #3 type] 
Type domain.Question is not enhanced.

[2021-05-07 13:16:12 #4 type.registry] 
New type domain.Event

[2021-05-07 13:16:12 #5 type.registry] 
New type java.util.HashMap<java.lang.String,java.lang.Double>

[2021-05-07 13:16:12 #6 type.registry] 
New type domain.Pertsona

[2021-05-07 13:16:12 #7 type.registry] 
New type domain.User

[2021-05-07 13:16:12 #8 type.registry] 
New type java.util.ArrayList<domain.User>

[2021-05-07 13:16:12 #9 type] 
Type domain.Event is not enhanced.

[2021-05-07 13:16:12 #10 type.registry] 
New type java.util.Vector<domain.Question>

[2021-05-07 13:16:12 #11 type] 
Type domain.Pertsona is not enhanced.

[2021-05-07 13:16:12 #12 type] 
Type domain.User is not enhanced.

[2021-05-07 13:16:12 #13 type.registry] 
New type java.util.ArrayList<java.lang.String>

[2021-05-07 13:16:12 #14 type.registry] 
New type java.util.HashMap<domain.User,java.lang.Double>

[2021-05-07 13:16:12 #15 type.registry] 
New type domain.Apostua

[2021-05-07 13:16:12 #16 type.registry] 
New type java.util.ArrayList<domain.Apostua>

[2021-05-07 13:16:12 #17 type] 
Type domain.Apostua is not enhanced.

[2021-05-07 13:16:12 #18 type.registry] 
New type java.util.ArrayList<domain.Question>

[2021-05-07 13:16:12 #19 type.registry] 
New type domain.Langile

[2021-05-07 13:16:12 #20 type] 
Type domain.Langile is not enhanced.

[2021-05-07 13:16:12 #21 type.registry] 
New type java.util.ArrayList<java.lang.Object>

[2021-05-07 13:16:12 #22 type.registry] 
New type java.util.Vector<java.lang.Object>

[2021-05-07 13:16:12 #23 type.registry] 
New type java.util.HashMap<java.lang.Object,java.lang.Object>

------------------------------------------------------------------------------------------------------------------------

[2021-05-07 13:16:32 #1 store] 
Database 'C:\Users\Jon Gonzalez\Desktop\UNI\2. maila\SI\PROIEKTUA\Bets21-master\src\main\resources\bets.temp' is opened by 8232@DESKTOP-BOOM0A2

[2021-05-07 13:16:32 #2 type.registry] 
New type domain.Question

[2021-05-07 13:16:32 #3 type] 
Type domain.Question is not enhanced.

[2021-05-07 13:16:32 #4 type.registry] 
New type domain.Event

[2021-05-07 13:16:32 #5 type.registry] 
New type java.util.HashMap<java.lang.String,java.lang.Double>

[2021-05-07 13:16:32 #6 type.registry] 
New type domain.Pertsona

[2021-05-07 13:16:32 #7 type.registry] 
New type domain.User

[2021-05-07 13:16:32 #8 type.registry] 
New type java.util.ArrayList<domain.User>

[2021-05-07 13:16:32 #9 type] 
Type domain.Event is not enhanced.

[2021-05-07 13:16:32 #10 type.registry] 
New type java.util.Vector<domain.Question>

[2021-05-07 13:16:32 #11 type] 
Type domain.Pertsona is not enhanced.

[2021-05-07 13:16:32 #12 type] 
Type domain.User is not enhanced.

[2021-05-07 13:16:32 #13 type.registry] 
New type java.util.ArrayList<java.lang.String>

[2021-05-07 13:16:32 #14 type.registry] 
New type java.util.HashMap<domain.User,java.lang.Double>

[2021-05-07 13:16:32 #15 type.registry] 
New type domain.Apostua

[2021-05-07 13:16:32 #16 type.registry] 
New type java.util.ArrayList<domain.Apostua>

[2021-05-07 13:16:32 #17 type] 
Type domain.Apostua is not enhanced.

[2021-05-07 13:16:32 #18 type.registry] 
New type java.util.ArrayList<domain.Question>

[2021-05-07 13:16:32 #19 type.registry] 
New type domain.Langile

[2021-05-07 13:16:32 #20 type] 
Type domain.Langile is not enhanced.

[2021-05-07 13:16:32 #21 type.registry] 
New type java.util.ArrayList<java.lang.Object>

[2021-05-07 13:16:32 #22 type.registry] 
New type java.util.Vector<java.lang.Object>

[2021-05-07 13:16:32 #23 type.registry] 
New type java.util.HashMap<java.lang.Object,java.lang.Object>

------------------------------------------------------------------------------------------------------------------------

[2021-05-07 13:16:47 #1 store] 
Database 'C:\Users\Jon Gonzalez\Desktop\UNI\2. maila\SI\PROIEKTUA\Bets21-master\src\main\resources\bets.temp' is opened by 12808@DESKTOP-BOOM0A2

[2021-05-07 13:16:47 #2 type.registry] 
New type domain.Question

[2021-05-07 13:16:47 #3 type] 
Type domain.Question is not enhanced.

[2021-05-07 13:16:47 #4 type.registry] 
New type domain.Event

[2021-05-07 13:16:47 #5 type.registry] 
New type java.util.HashMap<java.lang.String,java.lang.Double>

[2021-05-07 13:16:47 #6 type.registry] 
New type domain.Pertsona

[2021-05-07 13:16:47 #7 type.registry] 
New type domain.User

[2021-05-07 13:16:47 #8 type.registry] 
New type java.util.ArrayList<domain.User>

[2021-05-07 13:16:47 #9 type] 
Type domain.Event is not enhanced.

[2021-05-07 13:16:47 #10 type.registry] 
New type java.util.Vector<domain.Question>

[2021-05-07 13:16:47 #11 type] 
Type domain.Pertsona is not enhanced.

[2021-05-07 13:16:47 #12 type] 
Type domain.User is not enhanced.

[2021-05-07 13:16:47 #13 type.registry] 
New type java.util.ArrayList<java.lang.String>

[2021-05-07 13:16:47 #14 type.registry] 
New type java.util.HashMap<domain.User,java.lang.Double>

[2021-05-07 13:16:47 #15 type.registry] 
New type domain.Apostua

[2021-05-07 13:16:47 #16 type.registry] 
New type java.util.ArrayList<domain.Apostua>

[2021-05-07 13:16:47 #17 type] 
Type domain.Apostua is not enhanced.

[2021-05-07 13:16:47 #18 type.registry] 
New type java.util.ArrayList<domain.Question>

[2021-05-07 13:16:47 #19 type.registry] 
New type domain.Langile

[2021-05-07 13:16:47 #20 type] 
Type domain.Langile is not enhanced.

[2021-05-07 13:16:47 #21 type.registry] 
New type java.util.ArrayList<java.lang.Object>

[2021-05-07 13:16:47 #22 type.registry] 
New type java.util.Vector<java.lang.Object>

[2021-05-07 13:16:47 #23 type.registry] 
New type java.util.HashMap<java.lang.Object,java.lang.Object>

------------------------------------------------------------------------------------------------------------------------

[2021-05-07 13:34:28 #1 store] 
Database 'C:\Users\Jon Gonzalez\Desktop\UNI\2. maila\SI\PROIEKTUA\Bets21-master\src\main\resources\bets.temp' is opened by 21052@DESKTOP-BOOM0A2

[2021-05-07 13:34:28 #2 type.registry] 
New type domain.Question

[2021-05-07 13:34:28 #3 type] 
Type domain.Question is not enhanced.

[2021-05-07 13:34:28 #4 type.registry] 
New type domain.Event

[2021-05-07 13:34:28 #5 type.registry] 
New type java.util.HashMap<java.lang.String,java.lang.Double>

[2021-05-07 13:34:28 #6 type.registry] 
New type domain.Pertsona

[2021-05-07 13:34:28 #7 type.registry] 
New type domain.User

[2021-05-07 13:34:28 #8 type.registry] 
New type java.util.ArrayList<domain.User>

[2021-05-07 13:34:28 #9 type] 
Type domain.Event is not enhanced.

[2021-05-07 13:34:28 #10 type.registry] 
New type java.util.Vector<domain.Question>

[2021-05-07 13:34:28 #11 type] 
Type domain.Pertsona is not enhanced.

[2021-05-07 13:34:28 #12 type] 
Type domain.User is not enhanced.

[2021-05-07 13:34:28 #13 type.registry] 
New type java.util.ArrayList<java.lang.String>

[2021-05-07 13:34:28 #14 type.registry] 
New type java.util.HashMap<domain.User,java.lang.Double>

[2021-05-07 13:34:28 #15 type.registry] 
New type domain.Apostua

[2021-05-07 13:34:28 #16 type.registry] 
New type java.util.ArrayList<domain.Apostua>

[2021-05-07 13:34:28 #17 type] 
Type domain.Apostua is not enhanced.

[2021-05-07 13:34:28 #18 type.registry] 
New type java.util.ArrayList<domain.Question>

[2021-05-07 13:34:28 #19 type.registry] 
New type domain.Langile

[2021-05-07 13:34:28 #20 type] 
Type domain.Langile is not enhanced.

[2021-05-07 13:34:28 #21 type.registry] 
New type java.util.ArrayList<java.lang.Object>

[2021-05-07 13:34:28 #22 type.registry] 
New type java.util.Vector<java.lang.Object>

[2021-05-07 13:34:28 #23 type.registry] 
New type java.util.HashMap<java.lang.Object,java.lang.Object>

------------------------------------------------------------------------------------------------------------------------

[2021-05-07 13:46:50 #1 store] 
Database 'C:\Users\Jon Gonzalez\Desktop\UNI\2. maila\SI\PROIEKTUA\Bets21-master\src\main\resources\bets.temp' is opened by 4248@DESKTOP-BOOM0A2

[2021-05-07 13:46:50 #2 type.registry] 
New type domain.Question

[2021-05-07 13:46:50 #3 type] 
Type domain.Question is not enhanced.

[2021-05-07 13:46:50 #4 type.registry] 
New type domain.Event

[2021-05-07 13:46:50 #5 type.registry] 
New type java.util.HashMap<java.lang.String,java.lang.Double>

[2021-05-07 13:46:50 #6 type.registry] 
New type domain.Pertsona

[2021-05-07 13:46:50 #7 type.registry] 
New type domain.User

[2021-05-07 13:46:50 #8 type.registry] 
New type java.util.ArrayList<domain.User>

[2021-05-07 13:46:50 #9 type] 
Type domain.Event is not enhanced.

[2021-05-07 13:46:50 #10 type.registry] 
New type java.util.Vector<domain.Question>

[2021-05-07 13:46:50 #11 type] 
Type domain.Pertsona is not enhanced.

[2021-05-07 13:46:50 #12 type] 
Type domain.User is not enhanced.

[2021-05-07 13:46:50 #13 type.registry] 
New type java.util.ArrayList<java.lang.String>

[2021-05-07 13:46:50 #14 type.registry] 
New type java.util.HashMap<domain.User,java.lang.Double>

[2021-05-07 13:46:50 #15 type.registry] 
New type domain.Apostua

[2021-05-07 13:46:50 #16 type.registry] 
New type java.util.ArrayList<domain.Apostua>

[2021-05-07 13:46:50 #17 type] 
Type domain.Apostua is not enhanced.

[2021-05-07 13:46:50 #18 type.registry] 
New type java.util.ArrayList<domain.Question>

[2021-05-07 13:46:50 #19 type.registry] 
New type domain.Langile

[2021-05-07 13:46:50 #20 type] 
Type domain.Langile is not enhanced.

[2021-05-07 13:46:50 #21 type.registry] 
New type java.util.ArrayList<java.lang.Object>

[2021-05-07 13:46:50 #22 type.registry] 
New type java.util.Vector<java.lang.Object>

[2021-05-07 13:46:50 #23 type.registry] 
New type java.util.HashMap<java.lang.Object,java.lang.Object>

------------------------------------------------------------------------------------------------------------------------

[2021-05-07 17:58:19 #1 store] 
Database 'C:\Users\julen\eclipse-workspace\Bets21-master\src\main\resources\bets.temp' is opened by 3240@DESKTOP-OT7AHR9

[2021-05-07 17:58:19 #2 type.registry] 
New type domain.Question

[2021-05-07 17:58:19 #3 type] 
Type domain.Question is not enhanced.

[2021-05-07 17:58:19 #4 type.registry] 
New type domain.Event

[2021-05-07 17:58:19 #5 type.registry] 
New type java.util.HashMap<java.lang.String,java.lang.Double>

[2021-05-07 17:58:19 #6 type.registry] 
New type domain.Pertsona

[2021-05-07 17:58:19 #7 type.registry] 
New type domain.User

[2021-05-07 17:58:19 #8 type.registry] 
New type java.util.ArrayList<domain.User>

[2021-05-07 17:58:19 #9 type] 
Type domain.Event is not enhanced.

[2021-05-07 17:58:19 #10 type.registry] 
New type java.util.Vector<domain.Question>

[2021-05-07 17:58:19 #11 type] 
Type domain.Pertsona is not enhanced.

[2021-05-07 17:58:19 #12 type] 
Type domain.User is not enhanced.

[2021-05-07 17:58:19 #13 type.registry] 
New type java.util.ArrayList<java.lang.String>

[2021-05-07 17:58:19 #14 type.registry] 
New type java.util.HashMap<domain.User,java.lang.Double>

[2021-05-07 17:58:19 #15 type.registry] 
New type domain.Apostua

[2021-05-07 17:58:19 #16 type.registry] 
New type java.util.ArrayList<domain.Apostua>

[2021-05-07 17:58:19 #17 type] 
Type domain.Apostua is not enhanced.

[2021-05-07 17:58:19 #18 type.registry] 
New type java.util.ArrayList<domain.Question>

[2021-05-07 17:58:19 #19 type.registry] 
New type domain.Langile

[2021-05-07 17:58:19 #20 type] 
Type domain.Langile is not enhanced.

[2021-05-07 17:58:19 #21 type.registry] 
New type java.util.ArrayList<java.lang.Object>

[2021-05-07 17:58:19 #22 type.registry] 
New type java.util.Vector<java.lang.Object>

[2021-05-07 17:58:19 #23 type.registry] 
New type java.util.HashMap<java.lang.Object,java.lang.Object>

------------------------------------------------------------------------------------------------------------------------

[2021-05-07 17:59:14 #1 store] 
Database 'C:\Users\julen\eclipse-workspace\Bets21-master\src\main\resources\bets.temp' is opened by 15600@DESKTOP-OT7AHR9

[2021-05-07 17:59:14 #2 type.registry] 
New type domain.Question

[2021-05-07 17:59:14 #3 type] 
Type domain.Question is not enhanced.

[2021-05-07 17:59:14 #4 type.registry] 
New type domain.Event

[2021-05-07 17:59:14 #5 type.registry] 
New type java.util.HashMap<java.lang.String,java.lang.Double>

[2021-05-07 17:59:14 #6 type.registry] 
New type domain.Pertsona

[2021-05-07 17:59:14 #7 type.registry] 
New type domain.User

[2021-05-07 17:59:14 #8 type.registry] 
New type java.util.ArrayList<domain.User>

[2021-05-07 17:59:14 #9 type] 
Type domain.Event is not enhanced.

[2021-05-07 17:59:14 #10 type.registry] 
New type java.util.Vector<domain.Question>

[2021-05-07 17:59:14 #11 type] 
Type domain.Pertsona is not enhanced.

[2021-05-07 17:59:14 #12 type] 
Type domain.User is not enhanced.

[2021-05-07 17:59:14 #13 type.registry] 
New type java.util.ArrayList<java.lang.String>

[2021-05-07 17:59:14 #14 type.registry] 
New type java.util.HashMap<domain.User,java.lang.Double>

[2021-05-07 17:59:14 #15 type.registry] 
New type domain.Apostua

[2021-05-07 17:59:14 #16 type.registry] 
New type java.util.ArrayList<domain.Apostua>

[2021-05-07 17:59:14 #17 type] 
Type domain.Apostua is not enhanced.

[2021-05-07 17:59:14 #18 type.registry] 
New type java.util.ArrayList<domain.Question>

[2021-05-07 17:59:14 #19 type.registry] 
New type domain.Langile

[2021-05-07 17:59:14 #20 type] 
Type domain.Langile is not enhanced.

[2021-05-07 17:59:14 #21 type.registry] 
New type java.util.ArrayList<java.lang.Object>

[2021-05-07 17:59:14 #22 type.registry] 
New type java.util.Vector<java.lang.Object>

[2021-05-07 17:59:14 #23 type.registry] 
New type java.util.HashMap<java.lang.Object,java.lang.Object>

------------------------------------------------------------------------------------------------------------------------

[2021-05-07 18:00:20 #1 store] 
Database 'C:\Users\julen\eclipse-workspace\Bets21-master\src\main\resources\bets.temp' is opened by 7508@DESKTOP-OT7AHR9

[2021-05-07 18:00:21 #2 type.registry] 
New type domain.Question

[2021-05-07 18:00:21 #3 type] 
Type domain.Question is not enhanced.

[2021-05-07 18:00:21 #4 type.registry] 
New type domain.Event

[2021-05-07 18:00:21 #5 type.registry] 
New type java.util.HashMap<java.lang.String,java.lang.Double>

[2021-05-07 18:00:21 #6 type.registry] 
New type domain.Pertsona

[2021-05-07 18:00:21 #7 type.registry] 
New type domain.User

[2021-05-07 18:00:21 #8 type.registry] 
New type java.util.ArrayList<domain.User>

[2021-05-07 18:00:21 #9 type] 
Type domain.Event is not enhanced.

[2021-05-07 18:00:21 #10 type.registry] 
New type java.util.Vector<domain.Question>

[2021-05-07 18:00:21 #11 type] 
Type domain.Pertsona is not enhanced.

[2021-05-07 18:00:21 #12 type] 
Type domain.User is not enhanced.

[2021-05-07 18:00:21 #13 type.registry] 
New type java.util.ArrayList<java.lang.String>

[2021-05-07 18:00:21 #14 type.registry] 
New type java.util.HashMap<domain.User,java.lang.Double>

[2021-05-07 18:00:21 #15 type.registry] 
New type domain.Apostua

[2021-05-07 18:00:21 #16 type.registry] 
New type java.util.ArrayList<domain.Apostua>

[2021-05-07 18:00:21 #17 type] 
Type domain.Apostua is not enhanced.

[2021-05-07 18:00:21 #18 type.registry] 
New type java.util.ArrayList<domain.Question>

[2021-05-07 18:00:21 #19 type.registry] 
New type domain.Langile

[2021-05-07 18:00:21 #20 type] 
Type domain.Langile is not enhanced.

[2021-05-07 18:00:21 #21 type.registry] 
New type java.util.ArrayList<java.lang.Object>

[2021-05-07 18:00:21 #22 type.registry] 
New type java.util.Vector<java.lang.Object>

[2021-05-07 18:00:21 #23 type.registry] 
New type java.util.HashMap<java.lang.Object,java.lang.Object>

------------------------------------------------------------------------------------------------------------------------

[2021-05-07 18:06:54 #1 store] 
Database 'C:\Users\julen\eclipse-workspace\Bets21-master\src\main\resources\bets.temp' is opened by 6600@DESKTOP-OT7AHR9

[2021-05-07 18:06:54 #2 type.registry] 
New type domain.Question

[2021-05-07 18:06:54 #3 type] 
Type domain.Question is not enhanced.

[2021-05-07 18:06:54 #4 type.registry] 
New type domain.Event

[2021-05-07 18:06:54 #5 type.registry] 
New type java.util.HashMap<java.lang.String,java.lang.Double>

[2021-05-07 18:06:54 #6 type.registry] 
New type domain.Pertsona

[2021-05-07 18:06:54 #7 type.registry] 
New type domain.User

[2021-05-07 18:06:54 #8 type.registry] 
New type java.util.ArrayList<domain.User>

[2021-05-07 18:06:54 #9 type] 
Type domain.Event is not enhanced.

[2021-05-07 18:06:54 #10 type.registry] 
New type java.util.Vector<domain.Question>

[2021-05-07 18:06:54 #11 type] 
Type domain.Pertsona is not enhanced.

[2021-05-07 18:06:54 #12 type] 
Type domain.User is not enhanced.

[2021-05-07 18:06:54 #13 type.registry] 
New type java.util.ArrayList<java.lang.String>

[2021-05-07 18:06:54 #14 type.registry] 
New type java.util.HashMap<domain.User,java.lang.Double>

[2021-05-07 18:06:54 #15 type.registry] 
New type domain.Apostua

[2021-05-07 18:06:54 #16 type.registry] 
New type java.util.ArrayList<domain.Apostua>

[2021-05-07 18:06:54 #17 type] 
Type domain.Apostua is not enhanced.

[2021-05-07 18:06:54 #18 type.registry] 
New type java.util.ArrayList<domain.Question>

[2021-05-07 18:06:54 #19 type.registry] 
New type domain.Langile

[2021-05-07 18:06:54 #20 type] 
Type domain.Langile is not enhanced.

[2021-05-07 18:06:54 #21 type.registry] 
New type java.util.ArrayList<java.lang.Object>

[2021-05-07 18:06:54 #22 type.registry] 
New type java.util.Vector<java.lang.Object>

[2021-05-07 18:06:54 #23 type.registry] 
New type java.util.HashMap<java.lang.Object,java.lang.Object>

------------------------------------------------------------------------------------------------------------------------

[2021-05-07 18:07:15 #1 store] 
Database 'C:\Users\julen\eclipse-workspace\Bets21-master\src\main\resources\bets.temp' is opened by 17088@DESKTOP-OT7AHR9

[2021-05-07 18:07:16 #2 type.registry] 
New type domain.Question

[2021-05-07 18:07:16 #3 type] 
Type domain.Question is not enhanced.

[2021-05-07 18:07:16 #4 type.registry] 
New type domain.Event

[2021-05-07 18:07:16 #5 type.registry] 
New type java.util.HashMap<java.lang.String,java.lang.Double>

[2021-05-07 18:07:16 #6 type.registry] 
New type domain.Pertsona

[2021-05-07 18:07:16 #7 type.registry] 
New type domain.User

[2021-05-07 18:07:16 #8 type.registry] 
New type java.util.ArrayList<domain.User>

[2021-05-07 18:07:16 #9 type] 
Type domain.Event is not enhanced.

[2021-05-07 18:07:16 #10 type.registry] 
New type java.util.Vector<domain.Question>

[2021-05-07 18:07:16 #11 type] 
Type domain.Pertsona is not enhanced.

[2021-05-07 18:07:16 #12 type] 
Type domain.User is not enhanced.

[2021-05-07 18:07:16 #13 type.registry] 
New type java.util.ArrayList<java.lang.String>

[2021-05-07 18:07:16 #14 type.registry] 
New type java.util.HashMap<domain.User,java.lang.Double>

[2021-05-07 18:07:16 #15 type.registry] 
New type domain.Apostua

[2021-05-07 18:07:16 #16 type.registry] 
New type java.util.ArrayList<domain.Apostua>

[2021-05-07 18:07:16 #17 type] 
Type domain.Apostua is not enhanced.

[2021-05-07 18:07:16 #18 type.registry] 
New type java.util.ArrayList<domain.Question>

[2021-05-07 18:07:16 #19 type.registry] 
New type domain.Langile

[2021-05-07 18:07:16 #20 type] 
Type domain.Langile is not enhanced.

[2021-05-07 18:07:16 #21 type.registry] 
New type java.util.ArrayList<java.lang.Object>

[2021-05-07 18:07:16 #22 type.registry] 
New type java.util.Vector<java.lang.Object>

[2021-05-07 18:07:16 #23 type.registry] 
New type java.util.HashMap<java.lang.Object,java.lang.Object>

------------------------------------------------------------------------------------------------------------------------

[2021-05-07 18:10:23 #1 store] 
Database 'C:\Users\julen\eclipse-workspace\Bets21-master\src\main\resources\bets.temp' is opened by 14540@DESKTOP-OT7AHR9

[2021-05-07 18:10:24 #2 type.registry] 
New type domain.Question

[2021-05-07 18:10:24 #3 type] 
Type domain.Question is not enhanced.

[2021-05-07 18:10:24 #4 type.registry] 
New type domain.Event

[2021-05-07 18:10:24 #5 type.registry] 
New type java.util.HashMap<java.lang.String,java.lang.Double>

[2021-05-07 18:10:24 #6 type.registry] 
New type domain.Pertsona

[2021-05-07 18:10:24 #7 type.registry] 
New type domain.User

[2021-05-07 18:10:24 #8 type.registry] 
New type java.util.ArrayList<domain.User>

[2021-05-07 18:10:24 #9 type] 
Type domain.Event is not enhanced.

[2021-05-07 18:10:24 #10 type.registry] 
New type java.util.Vector<domain.Question>

[2021-05-07 18:10:24 #11 type] 
Type domain.Pertsona is not enhanced.

[2021-05-07 18:10:24 #12 type] 
Type domain.User is not enhanced.

[2021-05-07 18:10:24 #13 type.registry] 
New type java.util.ArrayList<java.lang.String>

[2021-05-07 18:10:24 #14 type.registry] 
New type java.util.HashMap<domain.User,java.lang.Double>

[2021-05-07 18:10:24 #15 type.registry] 
New type domain.Apostua

[2021-05-07 18:10:24 #16 type.registry] 
New type java.util.ArrayList<domain.Apostua>

[2021-05-07 18:10:24 #17 type] 
Type domain.Apostua is not enhanced.

[2021-05-07 18:10:24 #18 type.registry] 
New type java.util.ArrayList<domain.Question>

[2021-05-07 18:10:24 #19 type.registry] 
New type domain.Langile

[2021-05-07 18:10:24 #20 type] 
Type domain.Langile is not enhanced.

[2021-05-07 18:10:24 #21 type.registry] 
New type java.util.ArrayList<java.lang.Object>

[2021-05-07 18:10:24 #22 type.registry] 
New type java.util.Vector<java.lang.Object>

[2021-05-07 18:10:24 #23 type.registry] 
New type java.util.HashMap<java.lang.Object,java.lang.Object>

------------------------------------------------------------------------------------------------------------------------

[2021-05-07 18:19:00 #1 store] 
Database 'C:\Users\julen\eclipse-workspace\Bets21-master\src\main\resources\bets.temp' is opened by 10816@DESKTOP-OT7AHR9

[2021-05-07 18:19:01 #2 type.registry] 
New type domain.Question

[2021-05-07 18:19:01 #3 type] 
Type domain.Question is not enhanced.

[2021-05-07 18:19:01 #4 type.registry] 
New type domain.Event

[2021-05-07 18:19:01 #5 type.registry] 
New type java.util.HashMap<java.lang.String,java.lang.Double>

[2021-05-07 18:19:01 #6 type.registry] 
New type domain.Pertsona

[2021-05-07 18:19:01 #7 type.registry] 
New type domain.User

[2021-05-07 18:19:01 #8 type.registry] 
New type java.util.ArrayList<domain.User>

[2021-05-07 18:19:01 #9 type] 
Type domain.Event is not enhanced.

[2021-05-07 18:19:01 #10 type.registry] 
New type java.util.Vector<domain.Question>

[2021-05-07 18:19:01 #11 type] 
Type domain.Pertsona is not enhanced.

[2021-05-07 18:19:01 #12 type] 
Type domain.User is not enhanced.

[2021-05-07 18:19:01 #13 type.registry] 
New type java.util.ArrayList<java.lang.String>

[2021-05-07 18:19:01 #14 type.registry] 
New type java.util.HashMap<domain.User,java.lang.Double>

[2021-05-07 18:19:01 #15 type.registry] 
New type domain.Apostua

[2021-05-07 18:19:01 #16 type.registry] 
New type java.util.ArrayList<domain.Apostua>

[2021-05-07 18:19:01 #17 type] 
Type domain.Apostua is not enhanced.

[2021-05-07 18:19:01 #18 type.registry] 
New type java.util.ArrayList<domain.Question>

[2021-05-07 18:19:01 #19 type.registry] 
New type domain.Langile

[2021-05-07 18:19:01 #20 type] 
Type domain.Langile is not enhanced.

[2021-05-07 18:19:01 #21 type.registry] 
New type java.util.ArrayList<java.lang.Object>

[2021-05-07 18:19:01 #22 type.registry] 
New type java.util.Vector<java.lang.Object>

[2021-05-07 18:19:01 #23 type.registry] 
New type java.util.HashMap<java.lang.Object,java.lang.Object>

------------------------------------------------------------------------------------------------------------------------

[2021-05-07 18:23:52 #1 store] 
Database 'C:\Users\julen\eclipse-workspace\Bets21-master\src\main\resources\bets.temp' is opened by 3572@DESKTOP-OT7AHR9

[2021-05-07 18:23:52 #2 type.registry] 
New type domain.Question

[2021-05-07 18:23:52 #3 type] 
Type domain.Question is not enhanced.

[2021-05-07 18:23:52 #4 type.registry] 
New type domain.Event

[2021-05-07 18:23:52 #5 type.registry] 
New type java.util.HashMap<java.lang.String,java.lang.Double>

[2021-05-07 18:23:52 #6 type.registry] 
New type domain.Pertsona

[2021-05-07 18:23:52 #7 type.registry] 
New type domain.User

[2021-05-07 18:23:52 #8 type.registry] 
New type java.util.ArrayList<domain.User>

[2021-05-07 18:23:52 #9 type] 
Type domain.Event is not enhanced.

[2021-05-07 18:23:52 #10 type.registry] 
New type java.util.Vector<domain.Question>

[2021-05-07 18:23:52 #11 type] 
Type domain.Pertsona is not enhanced.

[2021-05-07 18:23:52 #12 type] 
Type domain.User is not enhanced.

[2021-05-07 18:23:52 #13 type.registry] 
New type java.util.ArrayList<java.lang.String>

[2021-05-07 18:23:52 #14 type.registry] 
New type java.util.HashMap<domain.User,java.lang.Double>

[2021-05-07 18:23:52 #15 type.registry] 
New type domain.Apostua

[2021-05-07 18:23:52 #16 type.registry] 
New type java.util.ArrayList<domain.Apostua>

[2021-05-07 18:23:52 #17 type] 
Type domain.Apostua is not enhanced.

[2021-05-07 18:23:52 #18 type.registry] 
New type java.util.ArrayList<domain.Question>

[2021-05-07 18:23:52 #19 type.registry] 
New type domain.Langile

[2021-05-07 18:23:52 #20 type] 
Type domain.Langile is not enhanced.

[2021-05-07 18:23:52 #21 type.registry] 
New type java.util.ArrayList<java.lang.Object>

[2021-05-07 18:23:52 #22 type.registry] 
New type java.util.Vector<java.lang.Object>

[2021-05-07 18:23:52 #23 type.registry] 
New type java.util.HashMap<java.lang.Object,java.lang.Object>

------------------------------------------------------------------------------------------------------------------------

[2021-05-07 18:35:22 #1 store] 
Database 'C:\Users\julen\eclipse-workspace\Bets21-master\src\main\resources\bets.temp' is opened by 12532@DESKTOP-OT7AHR9

[2021-05-07 18:35:22 #2 type.registry] 
New type domain.Question

[2021-05-07 18:35:22 #3 type] 
Type domain.Question is not enhanced.

[2021-05-07 18:35:22 #4 type.registry] 
New type domain.Event

[2021-05-07 18:35:22 #5 type.registry] 
New type java.util.HashMap<java.lang.String,java.lang.Double>

[2021-05-07 18:35:22 #6 type.registry] 
New type domain.Pertsona

[2021-05-07 18:35:22 #7 type.registry] 
New type domain.User

[2021-05-07 18:35:22 #8 type.registry] 
New type java.util.ArrayList<domain.User>

[2021-05-07 18:35:22 #9 type] 
Type domain.Event is not enhanced.

[2021-05-07 18:35:22 #10 type.registry] 
New type java.util.Vector<domain.Question>

[2021-05-07 18:35:22 #11 type] 
Type domain.Pertsona is not enhanced.

[2021-05-07 18:35:22 #12 type] 
Type domain.User is not enhanced.

[2021-05-07 18:35:22 #13 type.registry] 
New type java.util.ArrayList<java.lang.String>

[2021-05-07 18:35:22 #14 type.registry] 
New type java.util.HashMap<domain.User,java.lang.Double>

[2021-05-07 18:35:22 #15 type.registry] 
New type domain.Apostua

[2021-05-07 18:35:22 #16 type.registry] 
New type java.util.ArrayList<domain.Apostua>

[2021-05-07 18:35:22 #17 type] 
Type domain.Apostua is not enhanced.

[2021-05-07 18:35:22 #18 type.registry] 
New type java.util.ArrayList<domain.Question>

[2021-05-07 18:35:22 #19 type.registry] 
New type domain.Langile

[2021-05-07 18:35:22 #20 type] 
Type domain.Langile is not enhanced.

[2021-05-07 18:35:22 #21 type.registry] 
New type java.util.ArrayList<java.lang.Object>

[2021-05-07 18:35:22 #22 type.registry] 
New type java.util.Vector<java.lang.Object>

[2021-05-07 18:35:22 #23 type.registry] 
New type java.util.HashMap<java.lang.Object,java.lang.Object>

------------------------------------------------------------------------------------------------------------------------

[2021-05-07 18:36:50 #1 store] 
Database 'C:\Users\julen\eclipse-workspace\Bets21-master\src\main\resources\bets.temp' is opened by 9980@DESKTOP-OT7AHR9

[2021-05-07 18:36:50 #2 type.registry] 
New type domain.Question

[2021-05-07 18:36:50 #3 type] 
Type domain.Question is not enhanced.

[2021-05-07 18:36:50 #4 type.registry] 
New type domain.Event

[2021-05-07 18:36:50 #5 type.registry] 
New type java.util.HashMap<java.lang.String,java.lang.Double>

[2021-05-07 18:36:50 #6 type.registry] 
New type domain.Pertsona

[2021-05-07 18:36:50 #7 type.registry] 
New type domain.User

[2021-05-07 18:36:50 #8 type.registry] 
New type java.util.ArrayList<domain.User>

[2021-05-07 18:36:50 #9 type] 
Type domain.Event is not enhanced.

[2021-05-07 18:36:50 #10 type.registry] 
New type java.util.Vector<domain.Question>

[2021-05-07 18:36:50 #11 type] 
Type domain.Pertsona is not enhanced.

[2021-05-07 18:36:50 #12 type] 
Type domain.User is not enhanced.

[2021-05-07 18:36:50 #13 type.registry] 
New type java.util.ArrayList<java.lang.String>

[2021-05-07 18:36:50 #14 type.registry] 
New type java.util.HashMap<domain.User,java.lang.Double>

[2021-05-07 18:36:51 #15 type.registry] 
New type domain.Apostua

[2021-05-07 18:36:51 #16 type.registry] 
New type java.util.ArrayList<domain.Apostua>

[2021-05-07 18:36:51 #17 type] 
Type domain.Apostua is not enhanced.

[2021-05-07 18:36:51 #18 type.registry] 
New type java.util.ArrayList<domain.Question>

[2021-05-07 18:36:51 #19 type.registry] 
New type domain.Langile

[2021-05-07 18:36:51 #20 type] 
Type domain.Langile is not enhanced.

[2021-05-07 18:36:51 #21 type.registry] 
New type java.util.ArrayList<java.lang.Object>

[2021-05-07 18:36:51 #22 type.registry] 
New type java.util.Vector<java.lang.Object>

[2021-05-07 18:36:51 #23 type.registry] 
New type java.util.HashMap<java.lang.Object,java.lang.Object>

------------------------------------------------------------------------------------------------------------------------

[2021-05-07 18:49:00 #1 store] 
Database 'C:\Users\julen\eclipse-workspace\Bets21-master\src\main\resources\bets.temp' is opened by 13700@DESKTOP-OT7AHR9

[2021-05-07 18:49:00 #2 type.registry] 
New type domain.Question

[2021-05-07 18:49:00 #3 type] 
Type domain.Question is not enhanced.

[2021-05-07 18:49:00 #4 type.registry] 
New type domain.Event

[2021-05-07 18:49:00 #5 type.registry] 
New type java.util.HashMap<java.lang.String,java.lang.Double>

[2021-05-07 18:49:00 #6 type.registry] 
New type domain.Pertsona

[2021-05-07 18:49:00 #7 type.registry] 
New type domain.User

[2021-05-07 18:49:00 #8 type.registry] 
New type java.util.ArrayList<domain.User>

[2021-05-07 18:49:00 #9 type] 
Type domain.Event is not enhanced.

[2021-05-07 18:49:00 #10 type.registry] 
New type java.util.Vector<domain.Question>

[2021-05-07 18:49:00 #11 type] 
Type domain.Pertsona is not enhanced.

[2021-05-07 18:49:00 #12 type] 
Type domain.User is not enhanced.

[2021-05-07 18:49:00 #13 type.registry] 
New type java.util.ArrayList<java.lang.String>

[2021-05-07 18:49:00 #14 type.registry] 
New type java.util.HashMap<domain.User,java.lang.Double>

[2021-05-07 18:49:00 #15 type.registry] 
New type domain.Apostua

[2021-05-07 18:49:00 #16 type.registry] 
New type java.util.ArrayList<domain.Apostua>

[2021-05-07 18:49:00 #17 type] 
Type domain.Apostua is not enhanced.

[2021-05-07 18:49:00 #18 type.registry] 
New type java.util.ArrayList<domain.Question>

[2021-05-07 18:49:00 #19 type.registry] 
New type domain.Langile

[2021-05-07 18:49:00 #20 type] 
Type domain.Langile is not enhanced.

[2021-05-07 18:49:00 #21 type.registry] 
New type java.util.ArrayList<java.lang.Object>

[2021-05-07 18:49:00 #22 type.registry] 
New type java.util.Vector<java.lang.Object>

[2021-05-07 18:49:00 #23 type.registry] 
New type java.util.HashMap<java.lang.Object,java.lang.Object>

------------------------------------------------------------------------------------------------------------------------

[2021-05-07 18:56:56 #1 store] 
Database 'C:\Users\julen\eclipse-workspace\Bets21-master\src\main\resources\bets.temp' is opened by 7752@DESKTOP-OT7AHR9

[2021-05-07 18:56:56 #2 type.registry] 
New type domain.Question

[2021-05-07 18:56:56 #3 type] 
Type domain.Question is not enhanced.

[2021-05-07 18:56:56 #4 type.registry] 
New type domain.Event

[2021-05-07 18:56:56 #5 type.registry] 
New type java.util.HashMap<java.lang.String,java.lang.Double>

[2021-05-07 18:56:56 #6 type.registry] 
New type domain.Pertsona

[2021-05-07 18:56:56 #7 type.registry] 
New type domain.User

[2021-05-07 18:56:56 #8 type.registry] 
New type java.util.ArrayList<domain.User>

[2021-05-07 18:56:56 #9 type] 
Type domain.Event is not enhanced.

[2021-05-07 18:56:56 #10 type.registry] 
New type java.util.Vector<domain.Question>

[2021-05-07 18:56:56 #11 type] 
Type domain.Pertsona is not enhanced.

[2021-05-07 18:56:56 #12 type] 
Type domain.User is not enhanced.

[2021-05-07 18:56:56 #13 type.registry] 
New type java.util.ArrayList<java.lang.String>

[2021-05-07 18:56:56 #14 type.registry] 
New type java.util.HashMap<domain.User,java.lang.Double>

[2021-05-07 18:56:56 #15 type.registry] 
New type domain.Apostua

[2021-05-07 18:56:56 #16 type.registry] 
New type java.util.ArrayList<domain.Apostua>

[2021-05-07 18:56:56 #17 type] 
Type domain.Apostua is not enhanced.

[2021-05-07 18:56:56 #18 type.registry] 
New type java.util.ArrayList<domain.Question>

[2021-05-07 18:56:56 #19 type.registry] 
New type domain.Langile

[2021-05-07 18:56:56 #20 type] 
Type domain.Langile is not enhanced.

[2021-05-07 18:56:56 #21 type.registry] 
New type java.util.ArrayList<java.lang.Object>

[2021-05-07 18:56:56 #22 type.registry] 
New type java.util.Vector<java.lang.Object>

[2021-05-07 18:56:56 #23 type.registry] 
New type java.util.HashMap<java.lang.Object,java.lang.Object>

------------------------------------------------------------------------------------------------------------------------

[2021-05-07 18:59:46 #1 store] 
Database 'C:\Users\julen\eclipse-workspace\Bets21-master\src\main\resources\bets.temp' is opened by 11856@DESKTOP-OT7AHR9

[2021-05-07 18:59:46 #2 type.registry] 
New type domain.Question

[2021-05-07 18:59:46 #3 type] 
Type domain.Question is not enhanced.

[2021-05-07 18:59:46 #4 type.registry] 
New type domain.Event

[2021-05-07 18:59:46 #5 type.registry] 
New type java.util.HashMap<java.lang.String,java.lang.Double>

[2021-05-07 18:59:46 #6 type.registry] 
New type domain.Pertsona

[2021-05-07 18:59:46 #7 type.registry] 
New type domain.User

[2021-05-07 18:59:46 #8 type.registry] 
New type java.util.ArrayList<domain.User>

[2021-05-07 18:59:46 #9 type] 
Type domain.Event is not enhanced.

[2021-05-07 18:59:46 #10 type.registry] 
New type java.util.Vector<domain.Question>

[2021-05-07 18:59:46 #11 type] 
Type domain.Pertsona is not enhanced.

[2021-05-07 18:59:46 #12 type] 
Type domain.User is not enhanced.

[2021-05-07 18:59:46 #13 type.registry] 
New type java.util.ArrayList<java.lang.String>

[2021-05-07 18:59:46 #14 type.registry] 
New type java.util.HashMap<domain.User,java.lang.Double>

[2021-05-07 18:59:46 #15 type.registry] 
New type domain.Apostua

[2021-05-07 18:59:46 #16 type.registry] 
New type java.util.ArrayList<domain.Apostua>

[2021-05-07 18:59:46 #17 type] 
Type domain.Apostua is not enhanced.

[2021-05-07 18:59:46 #18 type.registry] 
New type java.util.ArrayList<domain.Question>

[2021-05-07 18:59:46 #19 type.registry] 
New type domain.Langile

[2021-05-07 18:59:46 #20 type] 
Type domain.Langile is not enhanced.

[2021-05-07 18:59:46 #21 type.registry] 
New type java.util.ArrayList<java.lang.Object>

[2021-05-07 18:59:46 #22 type.registry] 
New type java.util.Vector<java.lang.Object>

[2021-05-07 18:59:46 #23 type.registry] 
New type java.util.HashMap<java.lang.Object,java.lang.Object>

------------------------------------------------------------------------------------------------------------------------

[2021-05-07 19:02:16 #1 store] 
Database 'C:\Users\julen\eclipse-workspace\Bets21-master\src\main\resources\bets.temp' is opened by 4548@DESKTOP-OT7AHR9

[2021-05-07 19:02:16 #2 type.registry] 
New type domain.Question

[2021-05-07 19:02:16 #3 type] 
Type domain.Question is not enhanced.

[2021-05-07 19:02:16 #4 type.registry] 
New type domain.Event

[2021-05-07 19:02:16 #5 type.registry] 
New type java.util.HashMap<java.lang.String,java.lang.Double>

[2021-05-07 19:02:16 #6 type.registry] 
New type domain.Pertsona

[2021-05-07 19:02:16 #7 type.registry] 
New type domain.User

[2021-05-07 19:02:16 #8 type.registry] 
New type java.util.ArrayList<domain.User>

[2021-05-07 19:02:16 #9 type] 
Type domain.Event is not enhanced.

[2021-05-07 19:02:16 #10 type.registry] 
New type java.util.Vector<domain.Question>

[2021-05-07 19:02:16 #11 type] 
Type domain.Pertsona is not enhanced.

[2021-05-07 19:02:16 #12 type] 
Type domain.User is not enhanced.

[2021-05-07 19:02:16 #13 type.registry] 
New type java.util.ArrayList<java.lang.String>

[2021-05-07 19:02:16 #14 type.registry] 
New type java.util.HashMap<domain.User,java.lang.Double>

[2021-05-07 19:02:16 #15 type.registry] 
New type domain.Apostua

[2021-05-07 19:02:16 #16 type.registry] 
New type java.util.ArrayList<domain.Apostua>

[2021-05-07 19:02:16 #17 type] 
Type domain.Apostua is not enhanced.

[2021-05-07 19:02:16 #18 type.registry] 
New type java.util.ArrayList<domain.Question>

[2021-05-07 19:02:16 #19 type.registry] 
New type domain.Langile

[2021-05-07 19:02:16 #20 type] 
Type domain.Langile is not enhanced.

[2021-05-07 19:02:16 #21 type.registry] 
New type java.util.ArrayList<java.lang.Object>

[2021-05-07 19:02:16 #22 type.registry] 
New type java.util.Vector<java.lang.Object>

[2021-05-07 19:02:16 #23 type.registry] 
New type java.util.HashMap<java.lang.Object,java.lang.Object>

------------------------------------------------------------------------------------------------------------------------

[2021-05-07 19:03:42 #1 store] 
Database 'C:\Users\julen\eclipse-workspace\Bets21-master\src\main\resources\bets.temp' is opened by 4980@DESKTOP-OT7AHR9

[2021-05-07 19:03:43 #2 type.registry] 
New type domain.Question

[2021-05-07 19:03:43 #3 type] 
Type domain.Question is not enhanced.

[2021-05-07 19:03:43 #4 type.registry] 
New type domain.Event

[2021-05-07 19:03:43 #5 type.registry] 
New type java.util.HashMap<java.lang.String,java.lang.Double>

[2021-05-07 19:03:43 #6 type.registry] 
New type domain.Pertsona

[2021-05-07 19:03:43 #7 type.registry] 
New type domain.User

[2021-05-07 19:03:43 #8 type.registry] 
New type java.util.ArrayList<domain.User>

[2021-05-07 19:03:43 #9 type] 
Type domain.Event is not enhanced.

[2021-05-07 19:03:43 #10 type.registry] 
New type java.util.Vector<domain.Question>

[2021-05-07 19:03:43 #11 type] 
Type domain.Pertsona is not enhanced.

[2021-05-07 19:03:43 #12 type] 
Type domain.User is not enhanced.

[2021-05-07 19:03:43 #13 type.registry] 
New type java.util.ArrayList<java.lang.String>

[2021-05-07 19:03:43 #14 type.registry] 
New type java.util.HashMap<domain.User,java.lang.Double>

[2021-05-07 19:03:43 #15 type.registry] 
New type domain.Apostua

[2021-05-07 19:03:43 #16 type.registry] 
New type java.util.ArrayList<domain.Apostua>

[2021-05-07 19:03:43 #17 type] 
Type domain.Apostua is not enhanced.

[2021-05-07 19:03:43 #18 type.registry] 
New type java.util.ArrayList<domain.Question>

[2021-05-07 19:03:43 #19 type.registry] 
New type domain.Langile

[2021-05-07 19:03:43 #20 type] 
Type domain.Langile is not enhanced.

[2021-05-07 19:03:43 #21 type.registry] 
New type java.util.ArrayList<java.lang.Object>

[2021-05-07 19:03:43 #22 type.registry] 
New type java.util.Vector<java.lang.Object>

[2021-05-07 19:03:43 #23 type.registry] 
New type java.util.HashMap<java.lang.Object,java.lang.Object>

------------------------------------------------------------------------------------------------------------------------

[2021-05-07 19:06:19 #1 store] 
Database 'C:\Users\julen\eclipse-workspace\Bets21-master\src\main\resources\bets.temp' is opened by 12284@DESKTOP-OT7AHR9

[2021-05-07 19:06:19 #2 type.registry] 
New type domain.Question

[2021-05-07 19:06:19 #3 type] 
Type domain.Question is not enhanced.

[2021-05-07 19:06:19 #4 type.registry] 
New type domain.Event

[2021-05-07 19:06:19 #5 type.registry] 
New type java.util.HashMap<java.lang.String,java.lang.Double>

[2021-05-07 19:06:19 #6 type.registry] 
New type domain.Pertsona

[2021-05-07 19:06:19 #7 type.registry] 
New type domain.User

[2021-05-07 19:06:19 #8 type.registry] 
New type java.util.ArrayList<domain.User>

[2021-05-07 19:06:19 #9 type] 
Type domain.Event is not enhanced.

[2021-05-07 19:06:19 #10 type.registry] 
New type java.util.Vector<domain.Question>

[2021-05-07 19:06:19 #11 type] 
Type domain.Pertsona is not enhanced.

[2021-05-07 19:06:19 #12 type] 
Type domain.User is not enhanced.

[2021-05-07 19:06:19 #13 type.registry] 
New type java.util.ArrayList<java.lang.String>

[2021-05-07 19:06:19 #14 type.registry] 
New type java.util.HashMap<domain.User,java.lang.Double>

[2021-05-07 19:06:19 #15 type.registry] 
New type domain.Apostua

[2021-05-07 19:06:19 #16 type.registry] 
New type java.util.ArrayList<domain.Apostua>

[2021-05-07 19:06:19 #17 type] 
Type domain.Apostua is not enhanced.

[2021-05-07 19:06:19 #18 type.registry] 
New type java.util.ArrayList<domain.Question>

[2021-05-07 19:06:19 #19 type.registry] 
New type domain.Langile

[2021-05-07 19:06:19 #20 type] 
Type domain.Langile is not enhanced.

[2021-05-07 19:06:19 #21 type.registry] 
New type java.util.ArrayList<java.lang.Object>

[2021-05-07 19:06:19 #22 type.registry] 
New type java.util.Vector<java.lang.Object>

[2021-05-07 19:06:19 #23 type.registry] 
New type java.util.HashMap<java.lang.Object,java.lang.Object>

------------------------------------------------------------------------------------------------------------------------

[2021-05-07 19:09:15 #1 store] 
Database 'C:\Users\julen\eclipse-workspace\Bets21-master\src\main\resources\bets.temp' is opened by 3800@DESKTOP-OT7AHR9

[2021-05-07 19:09:15 #2 type.registry] 
New type domain.Question

[2021-05-07 19:09:15 #3 type] 
Type domain.Question is not enhanced.

[2021-05-07 19:09:15 #4 type.registry] 
New type domain.Event

[2021-05-07 19:09:15 #5 type.registry] 
New type java.util.HashMap<java.lang.String,java.lang.Double>

[2021-05-07 19:09:15 #6 type.registry] 
New type domain.Pertsona

[2021-05-07 19:09:15 #7 type.registry] 
New type domain.User

[2021-05-07 19:09:15 #8 type.registry] 
New type java.util.ArrayList<domain.User>

[2021-05-07 19:09:15 #9 type] 
Type domain.Event is not enhanced.

[2021-05-07 19:09:15 #10 type.registry] 
New type java.util.Vector<domain.Question>

[2021-05-07 19:09:15 #11 type] 
Type domain.Pertsona is not enhanced.

[2021-05-07 19:09:15 #12 type] 
Type domain.User is not enhanced.

[2021-05-07 19:09:15 #13 type.registry] 
New type java.util.ArrayList<java.lang.String>

[2021-05-07 19:09:15 #14 type.registry] 
New type java.util.HashMap<domain.User,java.lang.Double>

[2021-05-07 19:09:15 #15 type.registry] 
New type domain.Apostua

[2021-05-07 19:09:15 #16 type.registry] 
New type java.util.ArrayList<domain.Apostua>

[2021-05-07 19:09:15 #17 type] 
Type domain.Apostua is not enhanced.

[2021-05-07 19:09:15 #18 type.registry] 
New type java.util.ArrayList<domain.Question>

[2021-05-07 19:09:15 #19 type.registry] 
New type domain.Langile

[2021-05-07 19:09:15 #20 type] 
Type domain.Langile is not enhanced.

[2021-05-07 19:09:15 #21 type.registry] 
New type java.util.ArrayList<java.lang.Object>

[2021-05-07 19:09:15 #22 type.registry] 
New type java.util.Vector<java.lang.Object>

[2021-05-07 19:09:15 #23 type.registry] 
New type java.util.HashMap<java.lang.Object,java.lang.Object>

------------------------------------------------------------------------------------------------------------------------

[2021-05-07 19:09:50 #1 store] 
Database 'C:\Users\julen\eclipse-workspace\Bets21-master\src\main\resources\bets.temp' is opened by 3764@DESKTOP-OT7AHR9

[2021-05-07 19:09:50 #2 type.registry] 
New type domain.Question

[2021-05-07 19:09:50 #3 type] 
Type domain.Question is not enhanced.

[2021-05-07 19:09:50 #4 type.registry] 
New type domain.Event

[2021-05-07 19:09:50 #5 type.registry] 
New type java.util.HashMap<java.lang.String,java.lang.Double>

[2021-05-07 19:09:50 #6 type.registry] 
New type domain.Pertsona

[2021-05-07 19:09:50 #7 type.registry] 
New type domain.User

[2021-05-07 19:09:50 #8 type.registry] 
New type java.util.ArrayList<domain.User>

[2021-05-07 19:09:50 #9 type] 
Type domain.Event is not enhanced.

[2021-05-07 19:09:50 #10 type.registry] 
New type java.util.Vector<domain.Question>

[2021-05-07 19:09:50 #11 type] 
Type domain.Pertsona is not enhanced.

[2021-05-07 19:09:50 #12 type] 
Type domain.User is not enhanced.

[2021-05-07 19:09:50 #13 type.registry] 
New type java.util.ArrayList<java.lang.String>

[2021-05-07 19:09:50 #14 type.registry] 
New type java.util.HashMap<domain.User,java.lang.Double>

[2021-05-07 19:09:50 #15 type.registry] 
New type domain.Apostua

[2021-05-07 19:09:50 #16 type.registry] 
New type java.util.ArrayList<domain.Apostua>

[2021-05-07 19:09:50 #17 type] 
Type domain.Apostua is not enhanced.

[2021-05-07 19:09:50 #18 type.registry] 
New type java.util.ArrayList<domain.Question>

[2021-05-07 19:09:50 #19 type.registry] 
New type domain.Langile

[2021-05-07 19:09:50 #20 type] 
Type domain.Langile is not enhanced.

[2021-05-07 19:09:50 #21 type.registry] 
New type java.util.ArrayList<java.lang.Object>

[2021-05-07 19:09:50 #22 type.registry] 
New type java.util.Vector<java.lang.Object>

[2021-05-07 19:09:50 #23 type.registry] 
New type java.util.HashMap<java.lang.Object,java.lang.Object>

------------------------------------------------------------------------------------------------------------------------

[2021-05-07 19:12:19 #1 store] 
Database 'C:\Users\julen\eclipse-workspace\Bets21-master\src\main\resources\bets.temp' is opened by 2720@DESKTOP-OT7AHR9

[2021-05-07 19:12:20 #2 type.registry] 
New type domain.Question

[2021-05-07 19:12:20 #3 type] 
Type domain.Question is not enhanced.

[2021-05-07 19:12:20 #4 type.registry] 
New type domain.Event

[2021-05-07 19:12:20 #5 type.registry] 
New type java.util.HashMap<java.lang.String,java.lang.Double>

[2021-05-07 19:12:20 #6 type.registry] 
New type domain.Pertsona

[2021-05-07 19:12:20 #7 type.registry] 
New type domain.User

[2021-05-07 19:12:20 #8 type.registry] 
New type java.util.ArrayList<domain.User>

[2021-05-07 19:12:20 #9 type] 
Type domain.Event is not enhanced.

[2021-05-07 19:12:20 #10 type.registry] 
New type java.util.Vector<domain.Question>

[2021-05-07 19:12:20 #11 type] 
Type domain.Pertsona is not enhanced.

[2021-05-07 19:12:20 #12 type] 
Type domain.User is not enhanced.

[2021-05-07 19:12:20 #13 type.registry] 
New type java.util.ArrayList<java.lang.String>

[2021-05-07 19:12:20 #14 type.registry] 
New type java.util.HashMap<domain.User,java.lang.Double>

[2021-05-07 19:12:20 #15 type.registry] 
New type domain.Apostua

[2021-05-07 19:12:20 #16 type.registry] 
New type java.util.ArrayList<domain.Apostua>

[2021-05-07 19:12:20 #17 type] 
Type domain.Apostua is not enhanced.

[2021-05-07 19:12:20 #18 type.registry] 
New type java.util.ArrayList<domain.Question>

[2021-05-07 19:12:20 #19 type.registry] 
New type domain.Langile

[2021-05-07 19:12:20 #20 type] 
Type domain.Langile is not enhanced.

[2021-05-07 19:12:20 #21 type.registry] 
New type java.util.ArrayList<java.lang.Object>

[2021-05-07 19:12:20 #22 type.registry] 
New type java.util.Vector<java.lang.Object>

[2021-05-07 19:12:20 #23 type.registry] 
New type java.util.HashMap<java.lang.Object,java.lang.Object>

------------------------------------------------------------------------------------------------------------------------

[2021-05-07 19:17:33 #1 store] 
Database 'C:\Users\julen\eclipse-workspace\Bets21-master\src\main\resources\bets.temp' is opened by 5040@DESKTOP-OT7AHR9

[2021-05-07 19:17:33 #2 type.registry] 
New type domain.Question

[2021-05-07 19:17:33 #3 type] 
Type domain.Question is not enhanced.

[2021-05-07 19:17:33 #4 type.registry] 
New type domain.Event

[2021-05-07 19:17:34 #5 type.registry] 
New type java.util.HashMap<java.lang.String,java.lang.Double>

[2021-05-07 19:17:34 #6 type.registry] 
New type domain.Pertsona

[2021-05-07 19:17:34 #7 type.registry] 
New type domain.User

[2021-05-07 19:17:34 #8 type.registry] 
New type java.util.ArrayList<domain.User>

[2021-05-07 19:17:34 #9 type] 
Type domain.Event is not enhanced.

[2021-05-07 19:17:34 #10 type.registry] 
New type java.util.Vector<domain.Question>

[2021-05-07 19:17:34 #11 type] 
Type domain.Pertsona is not enhanced.

[2021-05-07 19:17:34 #12 type] 
Type domain.User is not enhanced.

[2021-05-07 19:17:34 #13 type.registry] 
New type java.util.ArrayList<java.lang.String>

[2021-05-07 19:17:34 #14 type.registry] 
New type java.util.HashMap<domain.User,java.lang.Double>

[2021-05-07 19:17:34 #15 type.registry] 
New type domain.Apostua

[2021-05-07 19:17:34 #16 type.registry] 
New type java.util.ArrayList<domain.Apostua>

[2021-05-07 19:17:34 #17 type] 
Type domain.Apostua is not enhanced.

[2021-05-07 19:17:34 #18 type.registry] 
New type java.util.ArrayList<domain.Question>

[2021-05-07 19:17:34 #19 type.registry] 
New type domain.Langile

[2021-05-07 19:17:34 #20 type] 
Type domain.Langile is not enhanced.

[2021-05-07 19:17:34 #21 type.registry] 
New type java.util.ArrayList<java.lang.Object>

[2021-05-07 19:17:34 #22 type.registry] 
New type java.util.Vector<java.lang.Object>

[2021-05-07 19:17:34 #23 type.registry] 
New type java.util.HashMap<java.lang.Object,java.lang.Object>

