------------------------------------------------------------------------------------------------------------------------

[2021-04-06 15:57:26 #1 store] 
Database 'C:\Users\julen\eclipse-workspace\Bets21-master\src\main\resources\bets.temp' is opened by 4052@DESKTOP-OT7AHR9

[2021-04-06 15:57:26 #2 type.registry] 
New type domain.Question

[2021-04-06 15:57:26 #3 type] 
Type domain.Question is not enhanced.

[2021-04-06 15:57:26 #4 type.registry] 
New type domain.Event

[2021-04-06 15:57:26 #5 type.registry] 
New type java.util.HashMap<java.lang.String,java.lang.Double>

[2021-04-06 15:57:26 #6 type] 
Type domain.Event is not enhanced.

[2021-04-06 15:57:26 #7 type.registry] 
New type java.util.Vector<domain.Question>

[2021-04-06 15:57:26 #8 type.registry] 
New type domain.Pertsona

[2021-04-06 15:57:26 #9 type.registry] 
New type domain.Langile

[2021-04-06 15:57:26 #10 type] 
Type domain.Pertsona is not enhanced.

[2021-04-06 15:57:26 #11 type] 
Type domain.Langile is not enhanced.

[2021-04-06 15:57:26 #12 type.registry] 
New type domain.User

[2021-04-06 15:57:26 #13 type] 
Type domain.User is not enhanced.

[2021-04-06 15:57:26 #14 type.registry] 
New type java.util.ArrayList<java.lang.String>

[2021-04-06 15:57:26 #15 type.registry] 
New type java.util.Vector<java.lang.Object>

[2021-04-06 15:57:26 #16 type.registry] 
New type java.util.HashMap<java.lang.Object,java.lang.Object>

[2021-04-06 15:57:26 #17 type.registry] 
New type java.util.ArrayList<java.lang.Object>

------------------------------------------------------------------------------------------------------------------------

[2021-04-06 16:09:33 #1 store] 
Database 'C:\Users\julen\eclipse-workspace\Bets21-master\src\main\resources\bets.temp' is opened by 12372@DESKTOP-OT7AHR9

[2021-04-06 16:09:33 #2 type.registry] 
New type domain.Question

[2021-04-06 16:09:33 #3 type] 
Type domain.Question is not enhanced.

[2021-04-06 16:09:33 #4 type.registry] 
New type domain.Event

[2021-04-06 16:09:33 #5 type.registry] 
New type java.util.HashMap<java.lang.String,java.lang.Double>

[2021-04-06 16:09:33 #6 type] 
Type domain.Event is not enhanced.

[2021-04-06 16:09:33 #7 type.registry] 
New type java.util.Vector<domain.Question>

[2021-04-06 16:09:33 #8 type.registry] 
New type domain.Pertsona

[2021-04-06 16:09:33 #9 type.registry] 
New type domain.Langile

[2021-04-06 16:09:33 #10 type] 
Type domain.Pertsona is not enhanced.

[2021-04-06 16:09:33 #11 type] 
Type domain.Langile is not enhanced.

[2021-04-06 16:09:33 #12 type.registry] 
New type domain.User

[2021-04-06 16:09:33 #13 type] 
Type domain.User is not enhanced.

[2021-04-06 16:09:33 #14 type.registry] 
New type java.util.ArrayList<java.lang.String>

[2021-04-06 16:09:33 #15 type.registry] 
New type java.util.Vector<java.lang.Object>

[2021-04-06 16:09:33 #16 type.registry] 
New type java.util.HashMap<java.lang.Object,java.lang.Object>

[2021-04-06 16:09:33 #17 type.registry] 
New type java.util.ArrayList<java.lang.Object>

------------------------------------------------------------------------------------------------------------------------

[2021-04-06 16:10:49 #1 store] 
Database 'C:\Users\julen\eclipse-workspace\Bets21-master\src\main\resources\bets.temp' is opened by 10132@DESKTOP-OT7AHR9

[2021-04-06 16:10:49 #2 type.registry] 
New type domain.Question

[2021-04-06 16:10:49 #3 type] 
Type domain.Question is not enhanced.

[2021-04-06 16:10:50 #4 type.registry] 
New type domain.Event

[2021-04-06 16:10:50 #5 type.registry] 
New type java.util.HashMap<java.lang.String,java.lang.Double>

[2021-04-06 16:10:50 #6 type] 
Type domain.Event is not enhanced.

[2021-04-06 16:10:50 #7 type.registry] 
New type java.util.Vector<domain.Question>

[2021-04-06 16:10:50 #8 type.registry] 
New type domain.Pertsona

[2021-04-06 16:10:50 #9 type.registry] 
New type domain.Langile

[2021-04-06 16:10:50 #10 type] 
Type domain.Pertsona is not enhanced.

[2021-04-06 16:10:50 #11 type] 
Type domain.Langile is not enhanced.

[2021-04-06 16:10:50 #12 type.registry] 
New type domain.User

[2021-04-06 16:10:50 #13 type] 
Type domain.User is not enhanced.

[2021-04-06 16:10:50 #14 type.registry] 
New type java.util.ArrayList<java.lang.String>

[2021-04-06 16:10:50 #15 type.registry] 
New type java.util.Vector<java.lang.Object>

[2021-04-06 16:10:50 #16 type.registry] 
New type java.util.HashMap<java.lang.Object,java.lang.Object>

[2021-04-06 16:10:50 #17 type.registry] 
New type java.util.ArrayList<java.lang.Object>

------------------------------------------------------------------------------------------------------------------------

[2021-04-06 16:19:50 #1 store] 
Database 'C:\Users\julen\eclipse-workspace\Bets21-master\src\main\resources\bets.temp' is opened by 5488@DESKTOP-OT7AHR9

[2021-04-06 16:19:50 #2 type.registry] 
New type domain.Question

[2021-04-06 16:19:50 #3 type] 
Type domain.Question is not enhanced.

[2021-04-06 16:19:50 #4 type.registry] 
New type domain.Event

[2021-04-06 16:19:50 #5 type.registry] 
New type java.util.HashMap<java.lang.String,java.lang.Double>

[2021-04-06 16:19:50 #6 type] 
Type domain.Event is not enhanced.

[2021-04-06 16:19:50 #7 type.registry] 
New type java.util.Vector<domain.Question>

[2021-04-06 16:19:51 #8 type.registry] 
New type domain.Pertsona

[2021-04-06 16:19:51 #9 type.registry] 
New type domain.Langile

[2021-04-06 16:19:51 #10 type] 
Type domain.Pertsona is not enhanced.

[2021-04-06 16:19:51 #11 type] 
Type domain.Langile is not enhanced.

[2021-04-06 16:19:51 #12 type.registry] 
New type domain.User

[2021-04-06 16:19:51 #13 type] 
Type domain.User is not enhanced.

[2021-04-06 16:19:51 #14 type.registry] 
New type java.util.ArrayList<java.lang.String>

[2021-04-06 16:19:51 #15 type.registry] 
New type java.util.Vector<java.lang.Object>

[2021-04-06 16:19:51 #16 type.registry] 
New type java.util.HashMap<java.lang.Object,java.lang.Object>

[2021-04-06 16:19:51 #17 type.registry] 
New type java.util.ArrayList<java.lang.Object>

------------------------------------------------------------------------------------------------------------------------

[2021-04-06 16:23:25 #1 store] 
Database 'C:\Users\julen\eclipse-workspace\Bets21-master\src\main\resources\bets.temp' is opened by 12144@DESKTOP-OT7AHR9

[2021-04-06 16:23:26 #2 type.registry] 
New type domain.Question

[2021-04-06 16:23:26 #3 type] 
Type domain.Question is not enhanced.

[2021-04-06 16:23:26 #4 type.registry] 
New type domain.Event

[2021-04-06 16:23:26 #5 type.registry] 
New type java.util.HashMap<java.lang.String,java.lang.Double>

[2021-04-06 16:23:26 #6 type] 
Type domain.Event is not enhanced.

[2021-04-06 16:23:26 #7 type.registry] 
New type java.util.Vector<domain.Question>

[2021-04-06 16:23:26 #8 type.registry] 
New type domain.Pertsona

[2021-04-06 16:23:26 #9 type.registry] 
New type domain.Langile

[2021-04-06 16:23:26 #10 type] 
Type domain.Pertsona is not enhanced.

[2021-04-06 16:23:26 #11 type] 
Type domain.Langile is not enhanced.

[2021-04-06 16:23:26 #12 type.registry] 
New type domain.User

[2021-04-06 16:23:26 #13 type] 
Type domain.User is not enhanced.

[2021-04-06 16:23:26 #14 type.registry] 
New type java.util.ArrayList<java.lang.String>

[2021-04-06 16:23:26 #15 type.registry] 
New type java.util.Vector<java.lang.Object>

[2021-04-06 16:23:26 #16 type.registry] 
New type java.util.HashMap<java.lang.Object,java.lang.Object>

[2021-04-06 16:23:26 #17 type.registry] 
New type java.util.ArrayList<java.lang.Object>

------------------------------------------------------------------------------------------------------------------------

[2021-04-06 16:24:24 #1 store] 
Database 'C:\Users\julen\eclipse-workspace\Bets21-master\src\main\resources\bets.temp' is opened by 1936@DESKTOP-OT7AHR9

[2021-04-06 16:24:24 #2 type.registry] 
New type domain.Question

[2021-04-06 16:24:24 #3 type] 
Type domain.Question is not enhanced.

[2021-04-06 16:24:24 #4 type.registry] 
New type domain.Event

[2021-04-06 16:24:24 #5 type.registry] 
New type java.util.HashMap<java.lang.String,java.lang.Double>

[2021-04-06 16:24:24 #6 type] 
Type domain.Event is not enhanced.

[2021-04-06 16:24:24 #7 type.registry] 
New type java.util.Vector<domain.Question>

[2021-04-06 16:24:24 #8 type.registry] 
New type domain.Pertsona

[2021-04-06 16:24:24 #9 type.registry] 
New type domain.Langile

[2021-04-06 16:24:24 #10 type] 
Type domain.Pertsona is not enhanced.

[2021-04-06 16:24:24 #11 type] 
Type domain.Langile is not enhanced.

[2021-04-06 16:24:24 #12 type.registry] 
New type domain.User

[2021-04-06 16:24:24 #13 type] 
Type domain.User is not enhanced.

[2021-04-06 16:24:24 #14 type.registry] 
New type java.util.ArrayList<java.lang.String>

[2021-04-06 16:24:24 #15 type.registry] 
New type java.util.Vector<java.lang.Object>

[2021-04-06 16:24:24 #16 type.registry] 
New type java.util.HashMap<java.lang.Object,java.lang.Object>

[2021-04-06 16:24:24 #17 type.registry] 
New type java.util.ArrayList<java.lang.Object>

------------------------------------------------------------------------------------------------------------------------

[2021-04-06 16:25:36 #1 store] 
Database 'C:\Users\julen\eclipse-workspace\Bets21-master\src\main\resources\bets.temp' is opened by 2648@DESKTOP-OT7AHR9

[2021-04-06 16:25:37 #2 type.registry] 
New type domain.Question

[2021-04-06 16:25:37 #3 type] 
Type domain.Question is not enhanced.

[2021-04-06 16:25:37 #4 type.registry] 
New type domain.Event

[2021-04-06 16:25:37 #5 type.registry] 
New type java.util.HashMap<java.lang.String,java.lang.Double>

[2021-04-06 16:25:37 #6 type] 
Type domain.Event is not enhanced.

[2021-04-06 16:25:37 #7 type.registry] 
New type java.util.Vector<domain.Question>

[2021-04-06 16:25:37 #8 type.registry] 
New type domain.Pertsona

[2021-04-06 16:25:37 #9 type.registry] 
New type domain.Langile

[2021-04-06 16:25:37 #10 type] 
Type domain.Pertsona is not enhanced.

[2021-04-06 16:25:37 #11 type] 
Type domain.Langile is not enhanced.

[2021-04-06 16:25:37 #12 type.registry] 
New type domain.User

[2021-04-06 16:25:37 #13 type] 
Type domain.User is not enhanced.

[2021-04-06 16:25:37 #14 type.registry] 
New type java.util.ArrayList<java.lang.String>

[2021-04-06 16:25:37 #15 type.registry] 
New type java.util.Vector<java.lang.Object>

[2021-04-06 16:25:37 #16 type.registry] 
New type java.util.HashMap<java.lang.Object,java.lang.Object>

[2021-04-06 16:25:37 #17 type.registry] 
New type java.util.ArrayList<java.lang.Object>

------------------------------------------------------------------------------------------------------------------------

[2021-04-06 16:26:45 #1 store] 
Database 'C:\Users\julen\eclipse-workspace\Bets21-master\src\main\resources\bets.temp' is opened by 1924@DESKTOP-OT7AHR9

[2021-04-06 16:26:45 #2 type.registry] 
New type domain.Question

[2021-04-06 16:26:45 #3 type] 
Type domain.Question is not enhanced.

[2021-04-06 16:26:45 #4 type.registry] 
New type domain.Event

[2021-04-06 16:26:45 #5 type.registry] 
New type java.util.HashMap<java.lang.String,java.lang.Double>

[2021-04-06 16:26:45 #6 type] 
Type domain.Event is not enhanced.

[2021-04-06 16:26:45 #7 type.registry] 
New type java.util.Vector<domain.Question>

[2021-04-06 16:26:45 #8 type.registry] 
New type domain.Pertsona

[2021-04-06 16:26:45 #9 type.registry] 
New type domain.Langile

[2021-04-06 16:26:45 #10 type] 
Type domain.Pertsona is not enhanced.

[2021-04-06 16:26:45 #11 type] 
Type domain.Langile is not enhanced.

[2021-04-06 16:26:45 #12 type.registry] 
New type domain.User

[2021-04-06 16:26:45 #13 type] 
Type domain.User is not enhanced.

[2021-04-06 16:26:45 #14 type.registry] 
New type java.util.ArrayList<java.lang.String>

[2021-04-06 16:26:45 #15 type.registry] 
New type java.util.Vector<java.lang.Object>

[2021-04-06 16:26:45 #16 type.registry] 
New type java.util.HashMap<java.lang.Object,java.lang.Object>

[2021-04-06 16:26:45 #17 type.registry] 
New type java.util.ArrayList<java.lang.Object>

------------------------------------------------------------------------------------------------------------------------

[2021-04-06 16:28:57 #1 store] 
Database 'C:\Users\julen\eclipse-workspace\Bets21-master\src\main\resources\bets.temp' is opened by 13760@DESKTOP-OT7AHR9

[2021-04-06 16:28:58 #2 type.registry] 
New type domain.Question

[2021-04-06 16:28:58 #3 type] 
Type domain.Question is not enhanced.

[2021-04-06 16:28:58 #4 type.registry] 
New type domain.Event

[2021-04-06 16:28:58 #5 type.registry] 
New type java.util.HashMap<java.lang.String,java.lang.Double>

[2021-04-06 16:28:58 #6 type] 
Type domain.Event is not enhanced.

[2021-04-06 16:28:58 #7 type.registry] 
New type java.util.Vector<domain.Question>

[2021-04-06 16:28:58 #8 type.registry] 
New type domain.Pertsona

[2021-04-06 16:28:58 #9 type.registry] 
New type domain.Langile

[2021-04-06 16:28:58 #10 type] 
Type domain.Pertsona is not enhanced.

[2021-04-06 16:28:58 #11 type] 
Type domain.Langile is not enhanced.

[2021-04-06 16:28:58 #12 type.registry] 
New type domain.User

[2021-04-06 16:28:58 #13 type] 
Type domain.User is not enhanced.

[2021-04-06 16:28:58 #14 type.registry] 
New type java.util.ArrayList<java.lang.String>

[2021-04-06 16:28:58 #15 type.registry] 
New type java.util.Vector<java.lang.Object>

[2021-04-06 16:28:58 #16 type.registry] 
New type java.util.HashMap<java.lang.Object,java.lang.Object>

[2021-04-06 16:28:58 #17 type.registry] 
New type java.util.ArrayList<java.lang.Object>

------------------------------------------------------------------------------------------------------------------------

[2021-04-06 16:29:29 #1 store] 
Database 'C:\Users\julen\eclipse-workspace\Bets21-master\src\main\resources\bets.temp' is opened by 708@DESKTOP-OT7AHR9

[2021-04-06 16:29:29 #2 type.registry] 
New type domain.Question

[2021-04-06 16:29:29 #3 type] 
Type domain.Question is not enhanced.

[2021-04-06 16:29:29 #4 type.registry] 
New type domain.Event

[2021-04-06 16:29:29 #5 type.registry] 
New type java.util.HashMap<java.lang.String,java.lang.Double>

[2021-04-06 16:29:29 #6 type] 
Type domain.Event is not enhanced.

[2021-04-06 16:29:29 #7 type.registry] 
New type java.util.Vector<domain.Question>

[2021-04-06 16:29:29 #8 type.registry] 
New type domain.Pertsona

[2021-04-06 16:29:29 #9 type.registry] 
New type domain.Langile

[2021-04-06 16:29:29 #10 type] 
Type domain.Pertsona is not enhanced.

[2021-04-06 16:29:29 #11 type] 
Type domain.Langile is not enhanced.

[2021-04-06 16:29:29 #12 type.registry] 
New type domain.User

[2021-04-06 16:29:29 #13 type] 
Type domain.User is not enhanced.

[2021-04-06 16:29:29 #14 type.registry] 
New type java.util.ArrayList<java.lang.String>

[2021-04-06 16:29:29 #15 type.registry] 
New type java.util.Vector<java.lang.Object>

[2021-04-06 16:29:29 #16 type.registry] 
New type java.util.HashMap<java.lang.Object,java.lang.Object>

[2021-04-06 16:29:29 #17 type.registry] 
New type java.util.ArrayList<java.lang.Object>

------------------------------------------------------------------------------------------------------------------------

[2021-04-06 16:30:28 #1 store] 
Database 'C:\Users\julen\eclipse-workspace\Bets21-master\src\main\resources\bets.temp' is opened by 11336@DESKTOP-OT7AHR9

[2021-04-06 16:30:29 #2 type.registry] 
New type domain.Question

[2021-04-06 16:30:29 #3 type] 
Type domain.Question is not enhanced.

[2021-04-06 16:30:29 #4 type.registry] 
New type domain.Event

[2021-04-06 16:30:29 #5 type.registry] 
New type java.util.HashMap<java.lang.String,java.lang.Double>

[2021-04-06 16:30:29 #6 type] 
Type domain.Event is not enhanced.

[2021-04-06 16:30:29 #7 type.registry] 
New type java.util.Vector<domain.Question>

[2021-04-06 16:30:29 #8 type.registry] 
New type domain.Pertsona

[2021-04-06 16:30:29 #9 type.registry] 
New type domain.Langile

[2021-04-06 16:30:29 #10 type] 
Type domain.Pertsona is not enhanced.

[2021-04-06 16:30:29 #11 type] 
Type domain.Langile is not enhanced.

[2021-04-06 16:30:29 #12 type.registry] 
New type domain.User

[2021-04-06 16:30:29 #13 type] 
Type domain.User is not enhanced.

[2021-04-06 16:30:29 #14 type.registry] 
New type java.util.ArrayList<java.lang.String>

[2021-04-06 16:30:29 #15 type.registry] 
New type java.util.Vector<java.lang.Object>

[2021-04-06 16:30:29 #16 type.registry] 
New type java.util.HashMap<java.lang.Object,java.lang.Object>

[2021-04-06 16:30:29 #17 type.registry] 
New type java.util.ArrayList<java.lang.Object>

------------------------------------------------------------------------------------------------------------------------

[2021-04-06 16:31:46 #1 store] 
Database 'C:\Users\julen\eclipse-workspace\Bets21-master\src\main\resources\bets.temp' is opened by 11904@DESKTOP-OT7AHR9

[2021-04-06 16:31:46 #2 type.registry] 
New type domain.Question

[2021-04-06 16:31:46 #3 type] 
Type domain.Question is not enhanced.

[2021-04-06 16:31:46 #4 type.registry] 
New type domain.Event

[2021-04-06 16:31:46 #5 type.registry] 
New type java.util.HashMap<java.lang.String,java.lang.Double>

[2021-04-06 16:31:46 #6 type] 
Type domain.Event is not enhanced.

[2021-04-06 16:31:46 #7 type.registry] 
New type java.util.Vector<domain.Question>

[2021-04-06 16:31:46 #8 type.registry] 
New type domain.Pertsona

[2021-04-06 16:31:46 #9 type.registry] 
New type domain.Langile

[2021-04-06 16:31:46 #10 type] 
Type domain.Pertsona is not enhanced.

[2021-04-06 16:31:46 #11 type] 
Type domain.Langile is not enhanced.

[2021-04-06 16:31:46 #12 type.registry] 
New type domain.User

[2021-04-06 16:31:46 #13 type] 
Type domain.User is not enhanced.

[2021-04-06 16:31:46 #14 type.registry] 
New type java.util.ArrayList<java.lang.String>

[2021-04-06 16:31:46 #15 type.registry] 
New type java.util.Vector<java.lang.Object>

[2021-04-06 16:31:46 #16 type.registry] 
New type java.util.HashMap<java.lang.Object,java.lang.Object>

[2021-04-06 16:31:46 #17 type.registry] 
New type java.util.ArrayList<java.lang.Object>

------------------------------------------------------------------------------------------------------------------------

[2021-04-06 16:32:32 #1 store] 
Database 'C:\Users\julen\eclipse-workspace\Bets21-master\src\main\resources\bets.temp' is opened by 3544@DESKTOP-OT7AHR9

[2021-04-06 16:32:33 #2 type.registry] 
New type domain.Question

[2021-04-06 16:32:33 #3 type] 
Type domain.Question is not enhanced.

[2021-04-06 16:32:33 #4 type.registry] 
New type domain.Event

[2021-04-06 16:32:33 #5 type.registry] 
New type java.util.HashMap<java.lang.String,java.lang.Double>

[2021-04-06 16:32:33 #6 type] 
Type domain.Event is not enhanced.

[2021-04-06 16:32:33 #7 type.registry] 
New type java.util.Vector<domain.Question>

[2021-04-06 16:32:33 #8 type.registry] 
New type domain.Pertsona

[2021-04-06 16:32:33 #9 type.registry] 
New type domain.Langile

[2021-04-06 16:32:33 #10 type] 
Type domain.Pertsona is not enhanced.

[2021-04-06 16:32:33 #11 type] 
Type domain.Langile is not enhanced.

[2021-04-06 16:32:33 #12 type.registry] 
New type domain.User

[2021-04-06 16:32:33 #13 type] 
Type domain.User is not enhanced.

[2021-04-06 16:32:33 #14 type.registry] 
New type java.util.ArrayList<java.lang.String>

[2021-04-06 16:32:33 #15 type.registry] 
New type java.util.Vector<java.lang.Object>

[2021-04-06 16:32:33 #16 type.registry] 
New type java.util.HashMap<java.lang.Object,java.lang.Object>

[2021-04-06 16:32:33 #17 type.registry] 
New type java.util.ArrayList<java.lang.Object>

------------------------------------------------------------------------------------------------------------------------

[2021-04-06 16:33:58 #1 store] 
Database 'C:\Users\julen\eclipse-workspace\Bets21-master\src\main\resources\bets.temp' is opened by 9496@DESKTOP-OT7AHR9

[2021-04-06 16:33:58 #2 type.registry] 
New type domain.Question

[2021-04-06 16:33:58 #3 type] 
Type domain.Question is not enhanced.

[2021-04-06 16:33:58 #4 type.registry] 
New type domain.Event

[2021-04-06 16:33:58 #5 type.registry] 
New type java.util.HashMap<java.lang.String,java.lang.Double>

[2021-04-06 16:33:58 #6 type] 
Type domain.Event is not enhanced.

[2021-04-06 16:33:58 #7 type.registry] 
New type java.util.Vector<domain.Question>

[2021-04-06 16:33:58 #8 type.registry] 
New type domain.Pertsona

[2021-04-06 16:33:58 #9 type.registry] 
New type domain.Langile

[2021-04-06 16:33:58 #10 type] 
Type domain.Pertsona is not enhanced.

[2021-04-06 16:33:58 #11 type] 
Type domain.Langile is not enhanced.

[2021-04-06 16:33:58 #12 type.registry] 
New type domain.User

[2021-04-06 16:33:58 #13 type] 
Type domain.User is not enhanced.

[2021-04-06 16:33:58 #14 type.registry] 
New type java.util.ArrayList<java.lang.String>

[2021-04-06 16:33:58 #15 type.registry] 
New type java.util.Vector<java.lang.Object>

[2021-04-06 16:33:58 #16 type.registry] 
New type java.util.HashMap<java.lang.Object,java.lang.Object>

[2021-04-06 16:33:59 #17 type.registry] 
New type java.util.ArrayList<java.lang.Object>

------------------------------------------------------------------------------------------------------------------------

[2021-04-06 16:34:41 #1 store] 
Database 'C:\Users\julen\eclipse-workspace\Bets21-master\src\main\resources\bets.temp' is opened by 5272@DESKTOP-OT7AHR9

[2021-04-06 16:34:41 #2 type.registry] 
New type domain.Question

[2021-04-06 16:34:41 #3 type] 
Type domain.Question is not enhanced.

[2021-04-06 16:34:41 #4 type.registry] 
New type domain.Event

[2021-04-06 16:34:42 #5 type.registry] 
New type java.util.HashMap<java.lang.String,java.lang.Double>

[2021-04-06 16:34:42 #6 type] 
Type domain.Event is not enhanced.

[2021-04-06 16:34:42 #7 type.registry] 
New type java.util.Vector<domain.Question>

[2021-04-06 16:34:42 #8 type.registry] 
New type domain.Pertsona

[2021-04-06 16:34:42 #9 type.registry] 
New type domain.Langile

[2021-04-06 16:34:42 #10 type] 
Type domain.Pertsona is not enhanced.

[2021-04-06 16:34:42 #11 type] 
Type domain.Langile is not enhanced.

[2021-04-06 16:34:42 #12 type.registry] 
New type domain.User

[2021-04-06 16:34:42 #13 type] 
Type domain.User is not enhanced.

[2021-04-06 16:34:42 #14 type.registry] 
New type java.util.ArrayList<java.lang.String>

[2021-04-06 16:34:42 #15 type.registry] 
New type java.util.Vector<java.lang.Object>

[2021-04-06 16:34:42 #16 type.registry] 
New type java.util.HashMap<java.lang.Object,java.lang.Object>

[2021-04-06 16:34:42 #17 type.registry] 
New type java.util.ArrayList<java.lang.Object>

------------------------------------------------------------------------------------------------------------------------

[2021-04-06 16:35:28 #1 store] 
Database 'C:\Users\julen\eclipse-workspace\Bets21-master\src\main\resources\bets.temp' is opened by 7644@DESKTOP-OT7AHR9

[2021-04-06 16:35:28 #2 type.registry] 
New type domain.Question

[2021-04-06 16:35:28 #3 type] 
Type domain.Question is not enhanced.

[2021-04-06 16:35:28 #4 type.registry] 
New type domain.Event

[2021-04-06 16:35:28 #5 type.registry] 
New type java.util.HashMap<java.lang.String,java.lang.Double>

[2021-04-06 16:35:28 #6 type] 
Type domain.Event is not enhanced.

[2021-04-06 16:35:28 #7 type.registry] 
New type java.util.Vector<domain.Question>

[2021-04-06 16:35:28 #8 type.registry] 
New type domain.Pertsona

[2021-04-06 16:35:28 #9 type.registry] 
New type domain.Langile

[2021-04-06 16:35:28 #10 type] 
Type domain.Pertsona is not enhanced.

[2021-04-06 16:35:28 #11 type] 
Type domain.Langile is not enhanced.

[2021-04-06 16:35:28 #12 type.registry] 
New type domain.User

[2021-04-06 16:35:28 #13 type] 
Type domain.User is not enhanced.

[2021-04-06 16:35:28 #14 type.registry] 
New type java.util.ArrayList<java.lang.String>

[2021-04-06 16:35:28 #15 type.registry] 
New type java.util.Vector<java.lang.Object>

[2021-04-06 16:35:28 #16 type.registry] 
New type java.util.HashMap<java.lang.Object,java.lang.Object>

[2021-04-06 16:35:28 #17 type.registry] 
New type java.util.ArrayList<java.lang.Object>

------------------------------------------------------------------------------------------------------------------------

[2021-04-06 16:35:57 #1 store] 
Database 'C:\Users\julen\eclipse-workspace\Bets21-master\src\main\resources\bets.temp' is opened by 10968@DESKTOP-OT7AHR9

[2021-04-06 16:35:57 #2 type.registry] 
New type domain.Question

[2021-04-06 16:35:57 #3 type] 
Type domain.Question is not enhanced.

[2021-04-06 16:35:57 #4 type.registry] 
New type domain.Event

[2021-04-06 16:35:57 #5 type.registry] 
New type java.util.HashMap<java.lang.String,java.lang.Double>

[2021-04-06 16:35:57 #6 type] 
Type domain.Event is not enhanced.

[2021-04-06 16:35:57 #7 type.registry] 
New type java.util.Vector<domain.Question>

[2021-04-06 16:35:57 #8 type.registry] 
New type domain.Pertsona

[2021-04-06 16:35:57 #9 type.registry] 
New type domain.Langile

[2021-04-06 16:35:57 #10 type] 
Type domain.Pertsona is not enhanced.

[2021-04-06 16:35:57 #11 type] 
Type domain.Langile is not enhanced.

[2021-04-06 16:35:57 #12 type.registry] 
New type domain.User

[2021-04-06 16:35:57 #13 type] 
Type domain.User is not enhanced.

[2021-04-06 16:35:57 #14 type.registry] 
New type java.util.ArrayList<java.lang.String>

[2021-04-06 16:35:57 #15 type.registry] 
New type java.util.Vector<java.lang.Object>

[2021-04-06 16:35:58 #16 type.registry] 
New type java.util.HashMap<java.lang.Object,java.lang.Object>

[2021-04-06 16:35:58 #17 type.registry] 
New type java.util.ArrayList<java.lang.Object>

------------------------------------------------------------------------------------------------------------------------

[2021-04-06 16:36:50 #1 store] 
Database 'C:\Users\julen\eclipse-workspace\Bets21-master\src\main\resources\bets.temp' is opened by 1296@DESKTOP-OT7AHR9

[2021-04-06 16:36:50 #2 type.registry] 
New type domain.Question

[2021-04-06 16:36:50 #3 type] 
Type domain.Question is not enhanced.

[2021-04-06 16:36:50 #4 type.registry] 
New type domain.Event

[2021-04-06 16:36:50 #5 type.registry] 
New type java.util.HashMap<java.lang.String,java.lang.Double>

[2021-04-06 16:36:50 #6 type] 
Type domain.Event is not enhanced.

[2021-04-06 16:36:50 #7 type.registry] 
New type java.util.Vector<domain.Question>

[2021-04-06 16:36:50 #8 type.registry] 
New type domain.Pertsona

[2021-04-06 16:36:50 #9 type.registry] 
New type domain.Langile

[2021-04-06 16:36:50 #10 type] 
Type domain.Pertsona is not enhanced.

[2021-04-06 16:36:50 #11 type] 
Type domain.Langile is not enhanced.

[2021-04-06 16:36:50 #12 type.registry] 
New type domain.User

[2021-04-06 16:36:50 #13 type] 
Type domain.User is not enhanced.

[2021-04-06 16:36:50 #14 type.registry] 
New type java.util.ArrayList<java.lang.String>

[2021-04-06 16:36:50 #15 type.registry] 
New type java.util.Vector<java.lang.Object>

[2021-04-06 16:36:50 #16 type.registry] 
New type java.util.HashMap<java.lang.Object,java.lang.Object>

[2021-04-06 16:36:50 #17 type.registry] 
New type java.util.ArrayList<java.lang.Object>

------------------------------------------------------------------------------------------------------------------------

[2021-04-06 16:38:41 #1 store] 
Database 'C:\Users\julen\eclipse-workspace\Bets21-master\src\main\resources\bets.temp' is opened by 1216@DESKTOP-OT7AHR9

[2021-04-06 16:38:41 #2 type.registry] 
New type domain.Question

[2021-04-06 16:38:41 #3 type] 
Type domain.Question is not enhanced.

[2021-04-06 16:38:41 #4 type.registry] 
New type domain.Event

[2021-04-06 16:38:41 #5 type.registry] 
New type java.util.HashMap<java.lang.String,java.lang.Double>

[2021-04-06 16:38:41 #6 type] 
Type domain.Event is not enhanced.

[2021-04-06 16:38:41 #7 type.registry] 
New type java.util.Vector<domain.Question>

[2021-04-06 16:38:41 #8 type.registry] 
New type domain.Pertsona

[2021-04-06 16:38:41 #9 type.registry] 
New type domain.Langile

[2021-04-06 16:38:41 #10 type] 
Type domain.Pertsona is not enhanced.

[2021-04-06 16:38:41 #11 type] 
Type domain.Langile is not enhanced.

[2021-04-06 16:38:41 #12 type.registry] 
New type domain.User

[2021-04-06 16:38:41 #13 type] 
Type domain.User is not enhanced.

[2021-04-06 16:38:41 #14 type.registry] 
New type java.util.ArrayList<java.lang.String>

[2021-04-06 16:38:41 #15 type.registry] 
New type java.util.Vector<java.lang.Object>

[2021-04-06 16:38:41 #16 type.registry] 
New type java.util.HashMap<java.lang.Object,java.lang.Object>

[2021-04-06 16:38:41 #17 type.registry] 
New type java.util.ArrayList<java.lang.Object>

------------------------------------------------------------------------------------------------------------------------

[2021-04-06 16:39:12 #1 store] 
Database 'C:\Users\julen\eclipse-workspace\Bets21-master\src\main\resources\bets.temp' is opened by 8296@DESKTOP-OT7AHR9

[2021-04-06 16:39:12 #2 type.registry] 
New type domain.Question

[2021-04-06 16:39:12 #3 type] 
Type domain.Question is not enhanced.

[2021-04-06 16:39:12 #4 type.registry] 
New type domain.Event

[2021-04-06 16:39:12 #5 type.registry] 
New type java.util.HashMap<java.lang.String,java.lang.Double>

[2021-04-06 16:39:12 #6 type] 
Type domain.Event is not enhanced.

[2021-04-06 16:39:12 #7 type.registry] 
New type java.util.Vector<domain.Question>

[2021-04-06 16:39:12 #8 type.registry] 
New type domain.Pertsona

[2021-04-06 16:39:12 #9 type.registry] 
New type domain.Langile

[2021-04-06 16:39:12 #10 type] 
Type domain.Pertsona is not enhanced.

[2021-04-06 16:39:12 #11 type] 
Type domain.Langile is not enhanced.

[2021-04-06 16:39:12 #12 type.registry] 
New type domain.User

[2021-04-06 16:39:12 #13 type] 
Type domain.User is not enhanced.

[2021-04-06 16:39:12 #14 type.registry] 
New type java.util.ArrayList<java.lang.String>

[2021-04-06 16:39:12 #15 type.registry] 
New type java.util.Vector<java.lang.Object>

[2021-04-06 16:39:12 #16 type.registry] 
New type java.util.HashMap<java.lang.Object,java.lang.Object>

[2021-04-06 16:39:12 #17 type.registry] 
New type java.util.ArrayList<java.lang.Object>

------------------------------------------------------------------------------------------------------------------------

[2021-04-06 16:39:50 #1 store] 
Database 'C:\Users\julen\eclipse-workspace\Bets21-master\src\main\resources\bets.temp' is opened by 3144@DESKTOP-OT7AHR9

[2021-04-06 16:39:50 #2 type.registry] 
New type domain.Question

[2021-04-06 16:39:50 #3 type] 
Type domain.Question is not enhanced.

[2021-04-06 16:39:50 #4 type.registry] 
New type domain.Event

[2021-04-06 16:39:50 #5 type.registry] 
New type java.util.HashMap<java.lang.String,java.lang.Double>

[2021-04-06 16:39:50 #6 type] 
Type domain.Event is not enhanced.

[2021-04-06 16:39:50 #7 type.registry] 
New type java.util.Vector<domain.Question>

[2021-04-06 16:39:50 #8 type.registry] 
New type domain.Pertsona

[2021-04-06 16:39:50 #9 type.registry] 
New type domain.Langile

[2021-04-06 16:39:50 #10 type] 
Type domain.Pertsona is not enhanced.

[2021-04-06 16:39:50 #11 type] 
Type domain.Langile is not enhanced.

[2021-04-06 16:39:50 #12 type.registry] 
New type domain.User

[2021-04-06 16:39:50 #13 type] 
Type domain.User is not enhanced.

[2021-04-06 16:39:50 #14 type.registry] 
New type java.util.ArrayList<java.lang.String>

[2021-04-06 16:39:50 #15 type.registry] 
New type java.util.Vector<java.lang.Object>

[2021-04-06 16:39:50 #16 type.registry] 
New type java.util.HashMap<java.lang.Object,java.lang.Object>

[2021-04-06 16:39:50 #17 type.registry] 
New type java.util.ArrayList<java.lang.Object>

------------------------------------------------------------------------------------------------------------------------

[2021-04-06 16:42:05 #1 store] 
Database 'C:\Users\julen\eclipse-workspace\Bets21-master\src\main\resources\bets.temp' is opened by 11436@DESKTOP-OT7AHR9

[2021-04-06 16:42:05 #2 type.registry] 
New type domain.Question

[2021-04-06 16:42:05 #3 type] 
Type domain.Question is not enhanced.

[2021-04-06 16:42:05 #4 type.registry] 
New type domain.Event

[2021-04-06 16:42:05 #5 type.registry] 
New type java.util.HashMap<java.lang.String,java.lang.Double>

[2021-04-06 16:42:05 #6 type] 
Type domain.Event is not enhanced.

[2021-04-06 16:42:05 #7 type.registry] 
New type java.util.Vector<domain.Question>

[2021-04-06 16:42:05 #8 type.registry] 
New type domain.Pertsona

[2021-04-06 16:42:05 #9 type.registry] 
New type domain.Langile

[2021-04-06 16:42:05 #10 type] 
Type domain.Pertsona is not enhanced.

[2021-04-06 16:42:05 #11 type] 
Type domain.Langile is not enhanced.

[2021-04-06 16:42:05 #12 type.registry] 
New type domain.User

[2021-04-06 16:42:05 #13 type] 
Type domain.User is not enhanced.

[2021-04-06 16:42:05 #14 type.registry] 
New type java.util.ArrayList<java.lang.String>

[2021-04-06 16:42:05 #15 type.registry] 
New type java.util.Vector<java.lang.Object>

[2021-04-06 16:42:05 #16 type.registry] 
New type java.util.HashMap<java.lang.Object,java.lang.Object>

[2021-04-06 16:42:05 #17 type.registry] 
New type java.util.ArrayList<java.lang.Object>

------------------------------------------------------------------------------------------------------------------------

[2021-04-06 16:42:33 #1 store] 
Database 'C:\Users\julen\eclipse-workspace\Bets21-master\src\main\resources\bets.temp' is opened by 2640@DESKTOP-OT7AHR9

[2021-04-06 16:42:34 #2 type.registry] 
New type domain.Question

[2021-04-06 16:42:34 #3 type] 
Type domain.Question is not enhanced.

[2021-04-06 16:42:34 #4 type.registry] 
New type domain.Event

[2021-04-06 16:42:34 #5 type.registry] 
New type java.util.HashMap<java.lang.String,java.lang.Double>

[2021-04-06 16:42:34 #6 type] 
Type domain.Event is not enhanced.

[2021-04-06 16:42:34 #7 type.registry] 
New type java.util.Vector<domain.Question>

[2021-04-06 16:42:34 #8 type.registry] 
New type domain.Pertsona

[2021-04-06 16:42:34 #9 type.registry] 
New type domain.Langile

[2021-04-06 16:42:34 #10 type] 
Type domain.Pertsona is not enhanced.

[2021-04-06 16:42:34 #11 type] 
Type domain.Langile is not enhanced.

[2021-04-06 16:42:34 #12 type.registry] 
New type domain.User

[2021-04-06 16:42:34 #13 type] 
Type domain.User is not enhanced.

[2021-04-06 16:42:34 #14 type.registry] 
New type java.util.ArrayList<java.lang.String>

[2021-04-06 16:42:34 #15 type.registry] 
New type java.util.Vector<java.lang.Object>

[2021-04-06 16:42:34 #16 type.registry] 
New type java.util.HashMap<java.lang.Object,java.lang.Object>

[2021-04-06 16:42:34 #17 type.registry] 
New type java.util.ArrayList<java.lang.Object>

